#
# There is insufficient memory for the Java Runtime Environment to continue.
# Native memory allocation (malloc) failed to allocate 1027696 bytes for Chunk::new
# Possible reasons:
#   The system is out of physical RAM or swap space
#   The process is running with CompressedOops enabled, and the Java Heap may be blocking the growth of the native heap
# Possible solutions:
#   Reduce memory load on the system
#   Increase physical memory or swap space
#   Check if swap backing store is full
#   Decrease Java heap size (-Xmx/-Xms)
#   Decrease number of Java threads
#   Decrease Java thread stack sizes (-Xss)
#   Set larger code cache with -XX:ReservedCodeCacheSize=
#   JVM is running with Unscaled Compressed Oops mode in which the Java heap is
#     placed in the first 4GB address space. The Java Heap base address is the
#     maximum limit for the native heap growth. Please use -XX:HeapBaseMinAddress
#     to set the Java Heap base and to place the Java Heap above 4GB virtual address.
# This output file may be truncated or incomplete.
#
#  Out of Memory Error (t:/workspace/open/src/hotspot/share/memory/arena.cpp:197), pid=16892, tid=12796
#
# JRE version: Java(TM) SE Runtime Environment (12.0.2+10) (build 12.0.2+10)
# Java VM: Java HotSpot(TM) 64-Bit Server VM (12.0.2+10, mixed mode, sharing, tiered, compressed oops, g1 gc, windows-amd64)
# No core dump will be written. Minidumps are not enabled by default on client versions of Windows
#

---------------  S U M M A R Y ------------

Command Line: --add-opens=java.base/java.util=ALL-UNNAMED --add-opens=java.base/java.lang=ALL-UNNAMED --add-opens=java.base/java.lang.invoke=ALL-UNNAMED --add-opens=java.prefs/java.util.prefs=ALL-UNNAMED -Xmx2048m -Dfile.encoding=UTF-8 -Duser.country=ID -Duser.language=en -Duser.variant org.gradle.launcher.daemon.bootstrap.GradleDaemon 6.5

Host: Intel(R) Core(TM) i5-8250U CPU @ 1.60GHz, 4 cores, 7G,  Windows 10 , 64 bit Build 19041 (10.0.19041.662)
Time: Wed Mar 31 15:13:33 2021 SE Asia Standard Time elapsed time: 12 seconds (0d 0h 0m 12s)

---------------  T H R E A D  ---------------

Current thread (0x00000251b1571800):  JavaThread "C2 CompilerThread0" daemon [_thread_in_native, id=12796, stack(0x000000cf36600000,0x000000cf36700000)]


Current CompileTask:
C2:  12347 5645       4       sun.reflect.generics.parser.SignatureParser::parsePackageNameAndSimpleClassTypeSignature (119 bytes)

Stack: [0x000000cf36600000,0x000000cf36700000]
Native frames: (J=compiled Java code, j=interpreted, Vv=VM code, C=native code)
V  [jvm.dll+0x63aa2a]
V  [jvm.dll+0x78ce1e]
V  [jvm.dll+0x78e4c1]
V  [jvm.dll+0x78eb13]
V  [jvm.dll+0x2627e8]
V  [jvm.dll+0xc55cc]
V  [jvm.dll+0xc5b4c]
V  [jvm.dll+0x2d4034]
V  [jvm.dll+0x5569ad]
V  [jvm.dll+0x2246f7]
V  [jvm.dll+0x21e313]
V  [jvm.dll+0x21b2b6]
V  [jvm.dll+0x199a20]
V  [jvm.dll+0x22a744]
V  [jvm.dll+0x228d98]
V  [jvm.dll+0x7512a0]
V  [jvm.dll+0x74a2c8]
V  [jvm.dll+0x639b16]
C  [ucrtbase.dll+0x214c2]
C  [KERNEL32.DLL+0x17034]
C  [ntdll.dll+0x4d0d1]


---------------  P R O C E S S  ---------------

Threads class SMR info:
_java_thread_list=0x00000251b66a4ba0, length=127, elements={
0x0000025193084000, 0x00000251b1557000, 0x00000251b1559000, 0x00000251b156e800,
0x00000251b156f800, 0x00000251b1571800, 0x00000251b1578000, 0x00000251b1586800,
0x00000251b1fbc000, 0x00000251b1fc2800, 0x00000251b32ec800, 0x00000251b3974800,
0x00000251b2263000, 0x00000251b2a9c800, 0x00000251b3882800, 0x00000251b2bdc000,
0x00000251b3351000, 0x00000251b3699800, 0x00000251b2d80000, 0x00000251b3bbc000,
0x00000251b3cc1800, 0x00000251b3cc3000, 0x00000251b3cc4000, 0x00000251b3cc6800,
0x00000251b3cc5000, 0x00000251b3cc5800, 0x00000251b3cc8000, 0x00000251b3cc7000,
0x00000251b3cc2800, 0x00000251b3e1d800, 0x00000251b3e1f800, 0x00000251b3e20000,
0x00000251b3e21000, 0x00000251b3e22800, 0x00000251b3e1d000, 0x00000251b3e29000,
0x00000251b3e25000, 0x00000251b3e23800, 0x00000251b3e2a000, 0x00000251b3e24000,
0x00000251b3e26800, 0x00000251b3e27800, 0x00000251b3e26000, 0x00000251b3e28800,
0x00000251b21f5800, 0x00000251b21f6800, 0x00000251b21f9800, 0x00000251b21f7000,
0x00000251b21f8000, 0x00000251b21f4000, 0x00000251b21f9000, 0x00000251b21fa800,
0x00000251b21f4800, 0x00000251b2200000, 0x00000251b21fd000, 0x00000251b21fb000,
0x00000251b21fe800, 0x00000251b21fc000, 0x00000251b21ff800, 0x00000251b2201000,
0x00000251b21fd800, 0x00000251b2202800, 0x00000251b2202000, 0x00000251b64fb000,
0x00000251b64f8800, 0x00000251b64fa800, 0x00000251b64f7000, 0x00000251b64f8000,
0x00000251b64f9800, 0x00000251b64fe800, 0x00000251b6500000, 0x00000251b64fc000,
0x00000251b64ff000, 0x00000251b64fd800, 0x00000251b6501000, 0x00000251b6501800,
0x00000251b6502800, 0x00000251b64fc800, 0x00000251b6503800, 0x00000251b6504000,
0x00000251b6505800, 0x00000251b6505000, 0x00000251b22b8000, 0x00000251b22b8800,
0x00000251b22bb000, 0x00000251b22b7000, 0x00000251b22bc000, 0x00000251b22b9800,
0x00000251b22ba000, 0x00000251b22b6000, 0x00000251b22bc800, 0x00000251b22c2800,
0x00000251b22be800, 0x00000251b22bd800, 0x00000251b22c1800, 0x00000251b22c3000,
0x00000251b22c5000, 0x00000251b22c4000, 0x00000251b22bf000, 0x00000251b22c0000,
0x00000251b22c0800, 0x00000251b69e7000, 0x00000251b69e5800, 0x00000251b69e8000,
0x00000251b69e6800, 0x00000251b69e2800, 0x00000251b69e9000, 0x00000251b69e3000,
0x00000251b69e9800, 0x00000251b69e4000, 0x00000251b69ea800, 0x00000251b69e4800,
0x00000251b69ed800, 0x00000251b69eb800, 0x00000251b69ec000, 0x00000251b69ee800,
0x00000251b69ef800, 0x00000251b69f0000, 0x00000251b69f1000, 0x00000251b69ed000,
0x00000251b60e8800, 0x00000251b60ec000, 0x00000251b60e7000, 0x00000251b60e6000,
0x00000251b60ec800, 0x00000251b60e9800, 0x00000251b60eb000
}

Java Threads: ( => current thread )
  0x0000025193084000 JavaThread "main" [_thread_blocked, id=9880, stack(0x000000cf35b00000,0x000000cf35c00000)]
  0x00000251b1557000 JavaThread "Reference Handler" daemon [_thread_blocked, id=18420, stack(0x000000cf36200000,0x000000cf36300000)]
  0x00000251b1559000 JavaThread "Finalizer" daemon [_thread_blocked, id=15136, stack(0x000000cf36300000,0x000000cf36400000)]
  0x00000251b156e800 JavaThread "Signal Dispatcher" daemon [_thread_blocked, id=9212, stack(0x000000cf36400000,0x000000cf36500000)]
  0x00000251b156f800 JavaThread "Attach Listener" daemon [_thread_blocked, id=10916, stack(0x000000cf36500000,0x000000cf36600000)]
=>0x00000251b1571800 JavaThread "C2 CompilerThread0" daemon [_thread_in_native, id=12796, stack(0x000000cf36600000,0x000000cf36700000)]
  0x00000251b1578000 JavaThread "C1 CompilerThread0" daemon [_thread_blocked, id=8764, stack(0x000000cf36700000,0x000000cf36800000)]
  0x00000251b1586800 JavaThread "Sweeper thread" daemon [_thread_blocked, id=19128, stack(0x000000cf36800000,0x000000cf36900000)]
  0x00000251b1fbc000 JavaThread "Common-Cleaner" daemon [_thread_blocked, id=10112, stack(0x000000cf36900000,0x000000cf36a00000)]
  0x00000251b1fc2800 JavaThread "Service Thread" daemon [_thread_blocked, id=12980, stack(0x000000cf36a00000,0x000000cf36b00000)]
  0x00000251b32ec800 JavaThread "Daemon health stats" [_thread_blocked, id=21468, stack(0x000000cf36f00000,0x000000cf37000000)]
  0x00000251b3974800 JavaThread "Incoming local TCP Connector on port 51425" [_thread_in_native, id=18736, stack(0x000000cf37100000,0x000000cf37200000)]
  0x00000251b2263000 JavaThread "Daemon periodic checks" [_thread_blocked, id=12044, stack(0x000000cf37200000,0x000000cf37300000)]
  0x00000251b2a9c800 JavaThread "Daemon" [_thread_blocked, id=14412, stack(0x000000cf37300000,0x000000cf37400000)]
  0x00000251b3882800 JavaThread "Handler for socket connection from /127.0.0.1:51425 to /127.0.0.1:51426" [_thread_in_native, id=14264, stack(0x000000cf37400000,0x000000cf37500000)]
  0x00000251b2bdc000 JavaThread "Cancel handler" [_thread_blocked, id=19816, stack(0x000000cf37500000,0x000000cf37600000)]
  0x00000251b3351000 JavaThread "Daemon worker" [_thread_in_Java, id=15412, stack(0x000000cf37600000,0x000000cf37700000)]
  0x00000251b3699800 JavaThread "Asynchronous log dispatcher for DefaultDaemonConnection: socket connection from /127.0.0.1:51425 to /127.0.0.1:51426" [_thread_blocked, id=21220, stack(0x000000cf37700000,0x000000cf37800000)]
  0x00000251b2d80000 JavaThread "Stdin handler" [_thread_blocked, id=20228, stack(0x000000cf37800000,0x000000cf37900000)]
  0x00000251b3bbc000 JavaThread "Thread-8" [_thread_blocked, id=12612, stack(0x000000cf37900000,0x000000cf37a00000)]
  0x00000251b3cc1800 JavaThread "Cache worker for journal cache (C:\Users\User\.gradle\caches\journal-1)" [_thread_blocked, id=22488, stack(0x000000cf37b00000,0x000000cf37c00000)]
  0x00000251b3cc3000 JavaThread "File lock request listener" [_thread_in_native, id=3736, stack(0x000000cf37c00000,0x000000cf37d00000)]
  0x00000251b3cc4000 JavaThread "Cache worker for file hash cache (C:\Users\User\.gradle\caches\6.5\fileHashes)" [_thread_blocked, id=1108, stack(0x000000cf37d00000,0x000000cf37e00000)]
  0x00000251b3cc6800 JavaThread "Cache worker for file hash cache (C:\Users\User\Documents\Semester 4\ImageOpener\.gradle\6.5\fileHashes)" [_thread_blocked, id=7380, stack(0x000000cf37f00000,0x000000cf38000000)]
  0x00000251b3cc5000 JavaThread "Cache worker for checksums cache (C:\Users\User\Documents\Semester 4\ImageOpener\.gradle\checksums)" [_thread_blocked, id=12460, stack(0x000000cf38000000,0x000000cf38100000)]
  0x00000251b3cc5800 JavaThread "Cache worker for cache directory md-supplier (C:\Users\User\.gradle\caches\6.5\md-supplier)" [_thread_blocked, id=14152, stack(0x000000cf38100000,0x000000cf38200000)]
  0x00000251b3cc8000 JavaThread "Cache worker for cache directory md-rule (C:\Users\User\.gradle\caches\6.5\md-rule)" [_thread_blocked, id=12960, stack(0x000000cf38200000,0x000000cf38300000)]
  0x00000251b3cc7000 JavaThread "Cache worker for execution history cache (C:\Users\User\.gradle\caches\6.5\executionHistory)" [_thread_blocked, id=11564, stack(0x000000cf38300000,0x000000cf38400000)]
  0x00000251b3cc2800 JavaThread "jar transforms" [_thread_blocked, id=4824, stack(0x000000cf38400000,0x000000cf38500000)]
  0x00000251b3e1d800 JavaThread "Cache worker for file content cache (C:\Users\User\.gradle\caches\6.5\fileContent)" [_thread_blocked, id=15216, stack(0x000000cf38500000,0x000000cf38600000)]
  0x00000251b3e1f800 JavaThread "Build operations" [_thread_blocked, id=17432, stack(0x000000cf37e00000,0x000000cf37f00000)]
  0x00000251b3e20000 JavaThread "Build operations Thread 2" [_thread_blocked, id=2140, stack(0x000000cf38600000,0x000000cf38700000)]
  0x00000251b3e21000 JavaThread "Build operations Thread 3" [_thread_blocked, id=11204, stack(0x000000cf38700000,0x000000cf38800000)]
  0x00000251b3e22800 JavaThread "Build operations Thread 4" [_thread_blocked, id=5272, stack(0x000000cf38800000,0x000000cf38900000)]
  0x00000251b3e1d000 JavaThread "jar transforms Thread 2" [_thread_blocked, id=8896, stack(0x000000cf38900000,0x000000cf38a00000)]
  0x00000251b3e29000 JavaThread "jar transforms Thread 3" [_thread_blocked, id=16360, stack(0x000000cf38a00000,0x000000cf38b00000)]
  0x00000251b3e25000 JavaThread "jar transforms Thread 4" [_thread_blocked, id=13596, stack(0x000000cf38b00000,0x000000cf38c00000)]
  0x00000251b3e23800 JavaThread "jar transforms Thread 5" [_thread_blocked, id=21364, stack(0x000000cf38c00000,0x000000cf38d00000)]
  0x00000251b3e2a000 JavaThread "jar transforms Thread 6" [_thread_blocked, id=10720, stack(0x000000cf38d00000,0x000000cf38e00000)]
  0x00000251b3e24000 JavaThread "jar transforms Thread 7" [_thread_blocked, id=10056, stack(0x000000cf38e00000,0x000000cf38f00000)]
  0x00000251b3e26800 JavaThread "jar transforms Thread 8" [_thread_blocked, id=15336, stack(0x000000cf38f00000,0x000000cf39000000)]
  0x00000251b3e27800 JavaThread "jar transforms Thread 9" [_thread_blocked, id=10964, stack(0x000000cf39000000,0x000000cf39100000)]
  0x00000251b3e26000 JavaThread "jar transforms Thread 10" [_thread_blocked, id=9884, stack(0x000000cf39100000,0x000000cf39200000)]
  0x00000251b3e28800 JavaThread "jar transforms Thread 11" [_thread_blocked, id=11708, stack(0x000000cf39200000,0x000000cf39300000)]
  0x00000251b21f5800 JavaThread "jar transforms Thread 12" [_thread_blocked, id=12312, stack(0x000000cf39300000,0x000000cf39400000)]
  0x00000251b21f6800 JavaThread "jar transforms Thread 13" [_thread_blocked, id=13720, stack(0x000000cf39400000,0x000000cf39500000)]
  0x00000251b21f9800 JavaThread "jar transforms Thread 14" [_thread_blocked, id=14476, stack(0x000000cf39500000,0x000000cf39600000)]
  0x00000251b21f7000 JavaThread "jar transforms Thread 15" [_thread_blocked, id=13924, stack(0x000000cf39600000,0x000000cf39700000)]
  0x00000251b21f8000 JavaThread "jar transforms Thread 16" [_thread_blocked, id=15540, stack(0x000000cf39700000,0x000000cf39800000)]
  0x00000251b21f4000 JavaThread "jar transforms Thread 17" [_thread_blocked, id=13456, stack(0x000000cf39800000,0x000000cf39900000)]
  0x00000251b21f9000 JavaThread "jar transforms Thread 18" [_thread_blocked, id=22172, stack(0x000000cf39900000,0x000000cf39a00000)]
  0x00000251b21fa800 JavaThread "jar transforms Thread 19" [_thread_blocked, id=11128, stack(0x000000cf39a00000,0x000000cf39b00000)]
  0x00000251b21f4800 JavaThread "jar transforms Thread 20" [_thread_blocked, id=11496, stack(0x000000cf39b00000,0x000000cf39c00000)]
  0x00000251b2200000 JavaThread "jar transforms Thread 21" [_thread_blocked, id=6376, stack(0x000000cf39c00000,0x000000cf39d00000)]
  0x00000251b21fd000 JavaThread "jar transforms Thread 22" [_thread_blocked, id=5512, stack(0x000000cf39d00000,0x000000cf39e00000)]
  0x00000251b21fb000 JavaThread "jar transforms Thread 23" [_thread_blocked, id=10980, stack(0x000000cf39e00000,0x000000cf39f00000)]
  0x00000251b21fe800 JavaThread "jar transforms Thread 24" [_thread_blocked, id=9956, stack(0x000000cf39f00000,0x000000cf3a000000)]
  0x00000251b21fc000 JavaThread "jar transforms Thread 25" [_thread_blocked, id=23168, stack(0x000000cf3a000000,0x000000cf3a100000)]
  0x00000251b21ff800 JavaThread "jar transforms Thread 26" [_thread_blocked, id=12068, stack(0x000000cf3a100000,0x000000cf3a200000)]
  0x00000251b2201000 JavaThread "jar transforms Thread 27" [_thread_blocked, id=22848, stack(0x000000cf3a200000,0x000000cf3a300000)]
  0x00000251b21fd800 JavaThread "jar transforms Thread 28" [_thread_blocked, id=7980, stack(0x000000cf3a300000,0x000000cf3a400000)]
  0x00000251b2202800 JavaThread "jar transforms Thread 29" [_thread_blocked, id=21660, stack(0x000000cf3a400000,0x000000cf3a500000)]
  0x00000251b2202000 JavaThread "jar transforms Thread 30" [_thread_blocked, id=14232, stack(0x000000cf3a500000,0x000000cf3a600000)]
  0x00000251b64fb000 JavaThread "jar transforms Thread 31" [_thread_blocked, id=23068, stack(0x000000cf3a600000,0x000000cf3a700000)]
  0x00000251b64f8800 JavaThread "jar transforms Thread 32" [_thread_blocked, id=21552, stack(0x000000cf3a700000,0x000000cf3a800000)]
  0x00000251b64fa800 JavaThread "jar transforms Thread 33" [_thread_blocked, id=12372, stack(0x000000cf3a800000,0x000000cf3a900000)]
  0x00000251b64f7000 JavaThread "jar transforms Thread 34" [_thread_blocked, id=10948, stack(0x000000cf3a900000,0x000000cf3aa00000)]
  0x00000251b64f8000 JavaThread "jar transforms Thread 35" [_thread_blocked, id=3984, stack(0x000000cf3aa00000,0x000000cf3ab00000)]
  0x00000251b64f9800 JavaThread "jar transforms Thread 36" [_thread_blocked, id=12628, stack(0x000000cf3ab00000,0x000000cf3ac00000)]
  0x00000251b64fe800 JavaThread "jar transforms Thread 37" [_thread_blocked, id=20780, stack(0x000000cf3ac00000,0x000000cf3ad00000)]
  0x00000251b6500000 JavaThread "jar transforms Thread 38" [_thread_blocked, id=16124, stack(0x000000cf3ad00000,0x000000cf3ae00000)]
  0x00000251b64fc000 JavaThread "jar transforms Thread 39" [_thread_blocked, id=20800, stack(0x000000cf3ae00000,0x000000cf3af00000)]
  0x00000251b64ff000 JavaThread "jar transforms Thread 40" [_thread_blocked, id=14612, stack(0x000000cf3af00000,0x000000cf3b000000)]
  0x00000251b64fd800 JavaThread "jar transforms Thread 41" [_thread_blocked, id=8224, stack(0x000000cf3b000000,0x000000cf3b100000)]
  0x00000251b6501000 JavaThread "jar transforms Thread 42" [_thread_blocked, id=16712, stack(0x000000cf3b100000,0x000000cf3b200000)]
  0x00000251b6501800 JavaThread "jar transforms Thread 43" [_thread_blocked, id=22348, stack(0x000000cf3b200000,0x000000cf3b300000)]
  0x00000251b6502800 JavaThread "jar transforms Thread 44" [_thread_blocked, id=17740, stack(0x000000cf3b300000,0x000000cf3b400000)]
  0x00000251b64fc800 JavaThread "jar transforms Thread 45" [_thread_blocked, id=23484, stack(0x000000cf3b400000,0x000000cf3b500000)]
  0x00000251b6503800 JavaThread "jar transforms Thread 46" [_thread_blocked, id=9756, stack(0x000000cf3b500000,0x000000cf3b600000)]
  0x00000251b6504000 JavaThread "jar transforms Thread 47" [_thread_blocked, id=18668, stack(0x000000cf3b600000,0x000000cf3b700000)]
  0x00000251b6505800 JavaThread "jar transforms Thread 48" [_thread_blocked, id=12880, stack(0x000000cf3b700000,0x000000cf3b800000)]
  0x00000251b6505000 JavaThread "jar transforms Thread 49" [_thread_blocked, id=5680, stack(0x000000cf3b800000,0x000000cf3b900000)]
  0x00000251b22b8000 JavaThread "jar transforms Thread 50" [_thread_blocked, id=20816, stack(0x000000cf3b900000,0x000000cf3ba00000)]
  0x00000251b22b8800 JavaThread "jar transforms Thread 51" [_thread_blocked, id=12184, stack(0x000000cf3ba00000,0x000000cf3bb00000)]
  0x00000251b22bb000 JavaThread "jar transforms Thread 52" [_thread_blocked, id=12904, stack(0x000000cf3bb00000,0x000000cf3bc00000)]
  0x00000251b22b7000 JavaThread "jar transforms Thread 53" [_thread_blocked, id=16048, stack(0x000000cf3bc00000,0x000000cf3bd00000)]
  0x00000251b22bc000 JavaThread "jar transforms Thread 54" [_thread_blocked, id=2668, stack(0x000000cf3bd00000,0x000000cf3be00000)]
  0x00000251b22b9800 JavaThread "jar transforms Thread 55" [_thread_blocked, id=17084, stack(0x000000cf3be00000,0x000000cf3bf00000)]
  0x00000251b22ba000 JavaThread "jar transforms Thread 56" [_thread_blocked, id=16308, stack(0x000000cf3bf00000,0x000000cf3c000000)]
  0x00000251b22b6000 JavaThread "jar transforms Thread 57" [_thread_blocked, id=16468, stack(0x000000cf3c000000,0x000000cf3c100000)]
  0x00000251b22bc800 JavaThread "jar transforms Thread 58" [_thread_blocked, id=12924, stack(0x000000cf3c100000,0x000000cf3c200000)]
  0x00000251b22c2800 JavaThread "jar transforms Thread 59" [_thread_blocked, id=15852, stack(0x000000cf3c200000,0x000000cf3c300000)]
  0x00000251b22be800 JavaThread "jar transforms Thread 60" [_thread_blocked, id=18168, stack(0x000000cf3c300000,0x000000cf3c400000)]
  0x00000251b22bd800 JavaThread "jar transforms Thread 61" [_thread_blocked, id=20172, stack(0x000000cf3c400000,0x000000cf3c500000)]
  0x00000251b22c1800 JavaThread "jar transforms Thread 62" [_thread_blocked, id=340, stack(0x000000cf3c500000,0x000000cf3c600000)]
  0x00000251b22c3000 JavaThread "jar transforms Thread 63" [_thread_blocked, id=13140, stack(0x000000cf3c600000,0x000000cf3c700000)]
  0x00000251b22c5000 JavaThread "jar transforms Thread 64" [_thread_blocked, id=21636, stack(0x000000cf3c700000,0x000000cf3c800000)]
  0x00000251b22c4000 JavaThread "jar transforms Thread 65" [_thread_blocked, id=17188, stack(0x000000cf3c800000,0x000000cf3c900000)]
  0x00000251b22bf000 JavaThread "jar transforms Thread 66" [_thread_blocked, id=19308, stack(0x000000cf3c900000,0x000000cf3ca00000)]
  0x00000251b22c0000 JavaThread "jar transforms Thread 67" [_thread_blocked, id=14544, stack(0x000000cf3ca00000,0x000000cf3cb00000)]
  0x00000251b22c0800 JavaThread "jar transforms Thread 68" [_thread_blocked, id=14564, stack(0x000000cf3cb00000,0x000000cf3cc00000)]
  0x00000251b69e7000 JavaThread "jar transforms Thread 69" [_thread_blocked, id=4120, stack(0x000000cf3cc00000,0x000000cf3cd00000)]
  0x00000251b69e5800 JavaThread "jar transforms Thread 70" [_thread_blocked, id=6284, stack(0x000000cf3cd00000,0x000000cf3ce00000)]
  0x00000251b69e8000 JavaThread "jar transforms Thread 71" [_thread_blocked, id=2892, stack(0x000000cf3ce00000,0x000000cf3cf00000)]
  0x00000251b69e6800 JavaThread "jar transforms Thread 72" [_thread_blocked, id=5712, stack(0x000000cf3cf00000,0x000000cf3d000000)]
  0x00000251b69e2800 JavaThread "jar transforms Thread 73" [_thread_blocked, id=13840, stack(0x000000cf3d000000,0x000000cf3d100000)]
  0x00000251b69e9000 JavaThread "jar transforms Thread 74" [_thread_blocked, id=15520, stack(0x000000cf3d100000,0x000000cf3d200000)]
  0x00000251b69e3000 JavaThread "jar transforms Thread 75" [_thread_blocked, id=13144, stack(0x000000cf3d200000,0x000000cf3d300000)]
  0x00000251b69e9800 JavaThread "jar transforms Thread 76" [_thread_blocked, id=13284, stack(0x000000cf3d300000,0x000000cf3d400000)]
  0x00000251b69e4000 JavaThread "jar transforms Thread 77" [_thread_blocked, id=18300, stack(0x000000cf3d400000,0x000000cf3d500000)]
  0x00000251b69ea800 JavaThread "jar transforms Thread 78" [_thread_blocked, id=8064, stack(0x000000cf3d500000,0x000000cf3d600000)]
  0x00000251b69e4800 JavaThread "jar transforms Thread 79" [_thread_blocked, id=11960, stack(0x000000cf3d600000,0x000000cf3d700000)]
  0x00000251b69ed800 JavaThread "jar transforms Thread 80" [_thread_blocked, id=11184, stack(0x000000cf3d700000,0x000000cf3d800000)]
  0x00000251b69eb800 JavaThread "jar transforms Thread 81" [_thread_blocked, id=8568, stack(0x000000cf3d800000,0x000000cf3d900000)]
  0x00000251b69ec000 JavaThread "jar transforms Thread 82" [_thread_blocked, id=22472, stack(0x000000cf3d900000,0x000000cf3da00000)]
  0x00000251b69ee800 JavaThread "jar transforms Thread 83" [_thread_blocked, id=21908, stack(0x000000cf3da00000,0x000000cf3db00000)]
  0x00000251b69ef800 JavaThread "jar transforms Thread 84" [_thread_blocked, id=11336, stack(0x000000cf3db00000,0x000000cf3dc00000)]
  0x00000251b69f0000 JavaThread "jar transforms Thread 85" [_thread_blocked, id=4428, stack(0x000000cf3dc00000,0x000000cf3dd00000)]
  0x00000251b69f1000 JavaThread "jar transforms Thread 86" [_thread_blocked, id=21100, stack(0x000000cf3dd00000,0x000000cf3de00000)]
  0x00000251b69ed000 JavaThread "jar transforms Thread 87" [_thread_blocked, id=20508, stack(0x000000cf3de00000,0x000000cf3df00000)]
  0x00000251b60e8800 JavaThread "jar transforms Thread 88" [_thread_blocked, id=18548, stack(0x000000cf3df00000,0x000000cf3e000000)]
  0x00000251b60ec000 JavaThread "jar transforms Thread 89" [_thread_blocked, id=19132, stack(0x000000cf3e000000,0x000000cf3e100000)]
  0x00000251b60e7000 JavaThread "jar transforms Thread 90" [_thread_blocked, id=16216, stack(0x000000cf3e100000,0x000000cf3e200000)]
  0x00000251b60e6000 JavaThread "jar transforms Thread 91" [_thread_blocked, id=20648, stack(0x000000cf3e200000,0x000000cf3e300000)]
  0x00000251b60ec800 JavaThread "jar transforms Thread 92" [_thread_blocked, id=19828, stack(0x000000cf3e300000,0x000000cf3e400000)]
  0x00000251b60e9800 JavaThread "C2 CompilerThread1" daemon [_thread_in_native, id=14536, stack(0x000000cf3e400000,0x000000cf3e500000)]
  0x00000251b60eb000 JavaThread "Cache worker for Build Output Cleanup Cache (C:\Users\User\Documents\Semester 4\ImageOpener\.gradle\buildOutputCleanup)" [_thread_blocked, id=18224, stack(0x000000cf3e500000,0x000000cf3e600000)]

Other Threads:
  0x00000251b1553800 VMThread "VM Thread" [stack: 0x000000cf36100000,0x000000cf36200000] [id=3788]
  0x00000251b1fc4800 WatcherThread [stack: 0x000000cf36b00000,0x000000cf36c00000] [id=16756]
  0x00000251930c3800 GCTaskThread "GC Thread#0" [stack: 0x000000cf35c00000,0x000000cf35d00000] [id=7856]
  0x00000251b23df800 GCTaskThread "GC Thread#1" [stack: 0x000000cf36d00000,0x000000cf36e00000] [id=2792]
  0x00000251b2862000 GCTaskThread "GC Thread#2" [stack: 0x000000cf36e00000,0x000000cf36f00000] [id=16760]
  0x00000251b3be8000 GCTaskThread "GC Thread#3" [stack: 0x000000cf37a00000,0x000000cf37b00000] [id=19496]
  0x00000251930d2000 ConcurrentGCThread "G1 Main Marker" [stack: 0x000000cf35d00000,0x000000cf35e00000] [id=16064]
  0x00000251930d4000 ConcurrentGCThread "G1 Conc#0" [stack: 0x000000cf35e00000,0x000000cf35f00000] [id=9928]
  0x0000025193152800 ConcurrentGCThread "G1 Refine#0" [stack: 0x000000cf35f00000,0x000000cf36000000] [id=16020]
  0x0000025193153800 ConcurrentGCThread "G1 Young RemSet Sampling" [stack: 0x000000cf36000000,0x000000cf36100000] [id=22396]

Threads with active compile tasks:
C2 CompilerThread0  5645       4       sun.reflect.generics.parser.SignatureParser::parsePackageNameAndSimpleClassTypeSignature (119 bytes)
C2 CompilerThread1  5709 %     4       org.gradle.internal.instantiation.generator.AbstractClassGenerator::inspectType @ 107 (560 bytes)

VM state:not at safepoint (normal execution)

VM Mutex/Monitor currently owned by a thread: None

Heap address: 0x0000000080000000, size: 2048 MB, Compressed Oops mode: 32-bit
Narrow klass base: 0x0000000800000000, Narrow klass shift: 3
Compressed class space size: 1073741824 Address: 0x0000000801190000

Heap:
 garbage-first heap   total 100352K, used 51631K [0x0000000080000000, 0x0000000100000000)
  region size 1024K, 7 young (7168K), 2 survivors (2048K)
 Metaspace       used 56149K, capacity 57625K, committed 57936K, reserved 1099776K
  class space    used 7535K, capacity 8078K, committed 8192K, reserved 1048576K
Heap Regions: E=young(eden), S=young(survivor), O=old, HS=humongous(starts), HC=humongous(continues), CS=collection set, F=free, A=archive, TAMS=top-at-mark-start (previous, next)
|   0|0x0000000080000000, 0x0000000080100000, 0x0000000080100000|100%| O|  |TAMS 0x0000000080100000, 0x0000000080000000| Untracked 
|   1|0x0000000080100000, 0x0000000080200000, 0x0000000080200000|100%| O|  |TAMS 0x0000000080200000, 0x0000000080100000| Untracked 
|   2|0x0000000080200000, 0x0000000080300000, 0x0000000080300000|100%| O|  |TAMS 0x0000000080300000, 0x0000000080200000| Untracked 
|   3|0x0000000080300000, 0x0000000080400000, 0x0000000080400000|100%|HS|  |TAMS 0x0000000080400000, 0x0000000080300000| Complete 
|   4|0x0000000080400000, 0x0000000080500000, 0x0000000080500000|100%|HC|  |TAMS 0x0000000080500000, 0x0000000080400000| Complete 
|   5|0x0000000080500000, 0x0000000080600000, 0x0000000080600000|100%|HC|  |TAMS 0x0000000080600000, 0x0000000080500000| Complete 
|   6|0x0000000080600000, 0x0000000080700000, 0x0000000080700000|100%| O|  |TAMS 0x0000000080700000, 0x0000000080600000| Untracked 
|   7|0x0000000080700000, 0x0000000080800000, 0x0000000080800000|100%| O|  |TAMS 0x0000000080800000, 0x0000000080700000| Untracked 
|   8|0x0000000080800000, 0x0000000080900000, 0x0000000080900000|100%| O|  |TAMS 0x0000000080900000, 0x0000000080800000| Untracked 
|   9|0x0000000080900000, 0x0000000080a00000, 0x0000000080a00000|100%| O|  |TAMS 0x0000000080a00000, 0x0000000080900000| Untracked 
|  10|0x0000000080a00000, 0x0000000080b00000, 0x0000000080b00000|100%| O|  |TAMS 0x0000000080b00000, 0x0000000080a00000| Untracked 
|  11|0x0000000080b00000, 0x0000000080c00000, 0x0000000080c00000|100%| O|  |TAMS 0x0000000080c00000, 0x0000000080b00000| Untracked 
|  12|0x0000000080c00000, 0x0000000080c86600, 0x0000000080d00000| 52%| O|  |TAMS 0x0000000080c86600, 0x0000000080c00000| Untracked 
|  13|0x0000000080d00000, 0x0000000080e00000, 0x0000000080e00000|100%| O|  |TAMS 0x0000000080e00000, 0x0000000080d00000| Untracked 
|  14|0x0000000080e00000, 0x0000000080f00000, 0x0000000080f00000|100%| O|  |TAMS 0x0000000080f00000, 0x0000000080e00000| Untracked 
|  15|0x0000000080f00000, 0x0000000081000000, 0x0000000081000000|100%| O|  |TAMS 0x0000000081000000, 0x0000000080f00000| Untracked 
|  16|0x0000000081000000, 0x0000000081100000, 0x0000000081100000|100%| O|  |TAMS 0x0000000081100000, 0x0000000081000000| Untracked 
|  17|0x0000000081100000, 0x0000000081200000, 0x0000000081200000|100%| O|  |TAMS 0x0000000081200000, 0x0000000081100000| Untracked 
|  18|0x0000000081200000, 0x0000000081300000, 0x0000000081300000|100%| O|  |TAMS 0x0000000081300000, 0x0000000081200000| Untracked 
|  19|0x0000000081300000, 0x0000000081400000, 0x0000000081400000|100%| O|  |TAMS 0x0000000081400000, 0x0000000081300000| Untracked 
|  20|0x0000000081400000, 0x0000000081500000, 0x0000000081500000|100%| O|  |TAMS 0x0000000081500000, 0x0000000081400000| Untracked 
|  21|0x0000000081500000, 0x0000000081600000, 0x0000000081600000|100%| O|  |TAMS 0x0000000081600000, 0x0000000081500000| Untracked 
|  22|0x0000000081600000, 0x0000000081700000, 0x0000000081700000|100%| O|  |TAMS 0x0000000081700000, 0x0000000081600000| Untracked 
|  23|0x0000000081700000, 0x0000000081800000, 0x0000000081800000|100%|HS|  |TAMS 0x0000000081800000, 0x0000000081700000| Complete 
|  24|0x0000000081800000, 0x0000000081900000, 0x0000000081900000|100%|HS|  |TAMS 0x0000000081900000, 0x0000000081800000| Complete 
|  25|0x0000000081900000, 0x0000000081a00000, 0x0000000081a00000|100%|HC|  |TAMS 0x0000000081a00000, 0x0000000081900000| Complete 
|  26|0x0000000081a00000, 0x0000000081b00000, 0x0000000081b00000|100%| O|  |TAMS 0x0000000081b00000, 0x0000000081a00000| Untracked 
|  27|0x0000000081b00000, 0x0000000081c00000, 0x0000000081c00000|100%| O|  |TAMS 0x0000000081c00000, 0x0000000081b00000| Untracked 
|  28|0x0000000081c00000, 0x0000000081d00000, 0x0000000081d00000|100%| O|  |TAMS 0x0000000081d00000, 0x0000000081c00000| Untracked 
|  29|0x0000000081d00000, 0x0000000081e00000, 0x0000000081e00000|100%| O|  |TAMS 0x0000000081e00000, 0x0000000081d00000| Untracked 
|  30|0x0000000081e00000, 0x0000000081f00000, 0x0000000081f00000|100%| O|  |TAMS 0x0000000081f00000, 0x0000000081e00000| Untracked 
|  31|0x0000000081f00000, 0x0000000082000000, 0x0000000082000000|100%| O|  |TAMS 0x0000000082000000, 0x0000000081f00000| Untracked 
|  32|0x0000000082000000, 0x0000000082100000, 0x0000000082100000|100%| O|  |TAMS 0x0000000082100000, 0x0000000082000000| Untracked 
|  33|0x0000000082100000, 0x0000000082200000, 0x0000000082200000|100%| O|  |TAMS 0x0000000082200000, 0x0000000082100000| Untracked 
|  34|0x0000000082200000, 0x0000000082300000, 0x0000000082300000|100%| O|  |TAMS 0x0000000082300000, 0x0000000082200000| Untracked 
|  35|0x0000000082300000, 0x0000000082400000, 0x0000000082400000|100%| O|  |TAMS 0x0000000082400000, 0x0000000082300000| Untracked 
|  36|0x0000000082400000, 0x0000000082500000, 0x0000000082500000|100%| O|  |TAMS 0x0000000082500000, 0x0000000082400000| Untracked 
|  37|0x0000000082500000, 0x0000000082600000, 0x0000000082600000|100%| O|  |TAMS 0x0000000082600000, 0x0000000082500000| Untracked 
|  38|0x0000000082600000, 0x0000000082700000, 0x0000000082700000|100%| O|  |TAMS 0x0000000082700000, 0x0000000082600000| Untracked 
|  39|0x0000000082700000, 0x0000000082800000, 0x0000000082800000|100%| O|  |TAMS 0x0000000082800000, 0x0000000082700000| Untracked 
|  40|0x0000000082800000, 0x0000000082900000, 0x0000000082900000|100%| O|  |TAMS 0x0000000082800000, 0x0000000082800000| Untracked 
|  41|0x0000000082900000, 0x0000000082a00000, 0x0000000082a00000|100%| O|  |TAMS 0x0000000082a00000, 0x0000000082900000| Untracked 
|  42|0x0000000082a00000, 0x0000000082b00000, 0x0000000082b00000|100%| O|  |TAMS 0x0000000082a00000, 0x0000000082a00000| Untracked 
|  43|0x0000000082b00000, 0x0000000082c00000, 0x0000000082c00000|100%| O|  |TAMS 0x0000000082b00000, 0x0000000082b00000| Untracked 
|  44|0x0000000082c00000, 0x0000000082d00000, 0x0000000082d00000|100%| O|  |TAMS 0x0000000082c00000, 0x0000000082c00000| Untracked 
|  45|0x0000000082d00000, 0x0000000082d14400, 0x0000000082e00000|  7%| O|  |TAMS 0x0000000082d00000, 0x0000000082d00000| Untracked 
|  46|0x0000000082e00000, 0x0000000082e00000, 0x0000000082f00000|  0%| F|  |TAMS 0x0000000082e00000, 0x0000000082e00000| Untracked 
|  47|0x0000000082f00000, 0x0000000082f00000, 0x0000000083000000|  0%| F|  |TAMS 0x0000000082f00000, 0x0000000082f00000| Untracked 
|  48|0x0000000083000000, 0x0000000083000000, 0x0000000083100000|  0%| F|  |TAMS 0x0000000083000000, 0x0000000083000000| Untracked 
|  49|0x0000000083100000, 0x0000000083100000, 0x0000000083200000|  0%| F|  |TAMS 0x0000000083100000, 0x0000000083100000| Untracked 
|  50|0x0000000083200000, 0x0000000083200000, 0x0000000083300000|  0%| F|  |TAMS 0x0000000083200000, 0x0000000083200000| Untracked 
|  51|0x0000000083300000, 0x0000000083300000, 0x0000000083400000|  0%| F|  |TAMS 0x0000000083300000, 0x0000000083300000| Untracked 
|  52|0x0000000083400000, 0x0000000083400000, 0x0000000083500000|  0%| F|  |TAMS 0x0000000083400000, 0x0000000083400000| Untracked 
|  53|0x0000000083500000, 0x0000000083500000, 0x0000000083600000|  0%| F|  |TAMS 0x0000000083500000, 0x0000000083500000| Untracked 
|  54|0x0000000083600000, 0x0000000083600000, 0x0000000083700000|  0%| F|  |TAMS 0x0000000083600000, 0x0000000083600000| Untracked 
|  55|0x0000000083700000, 0x0000000083700000, 0x0000000083800000|  0%| F|  |TAMS 0x0000000083700000, 0x0000000083700000| Untracked 
|  56|0x0000000083800000, 0x0000000083800000, 0x0000000083900000|  0%| F|  |TAMS 0x0000000083800000, 0x0000000083800000| Untracked 
|  57|0x0000000083900000, 0x0000000083900000, 0x0000000083a00000|  0%| F|  |TAMS 0x0000000083900000, 0x0000000083900000| Untracked 
|  58|0x0000000083a00000, 0x0000000083a00000, 0x0000000083b00000|  0%| F|  |TAMS 0x0000000083a00000, 0x0000000083a00000| Untracked 
|  59|0x0000000083b00000, 0x0000000083b00000, 0x0000000083c00000|  0%| F|  |TAMS 0x0000000083b00000, 0x0000000083b00000| Untracked 
|  60|0x0000000083c00000, 0x0000000083c00000, 0x0000000083d00000|  0%| F|  |TAMS 0x0000000083c00000, 0x0000000083c00000| Untracked 
|  61|0x0000000083d00000, 0x0000000083d00000, 0x0000000083e00000|  0%| F|  |TAMS 0x0000000083d00000, 0x0000000083d00000| Untracked 
|  62|0x0000000083e00000, 0x0000000083e00000, 0x0000000083f00000|  0%| F|  |TAMS 0x0000000083e00000, 0x0000000083e00000| Untracked 
|  63|0x0000000083f00000, 0x0000000083f00000, 0x0000000084000000|  0%| F|  |TAMS 0x0000000083f00000, 0x0000000083f00000| Untracked 
|  64|0x0000000084000000, 0x0000000084000000, 0x0000000084100000|  0%| F|  |TAMS 0x0000000084000000, 0x0000000084000000| Untracked 
|  65|0x0000000084100000, 0x0000000084100000, 0x0000000084200000|  0%| F|  |TAMS 0x0000000084100000, 0x0000000084100000| Untracked 
|  66|0x0000000084200000, 0x0000000084200000, 0x0000000084300000|  0%| F|  |TAMS 0x0000000084200000, 0x0000000084200000| Untracked 
|  67|0x0000000084300000, 0x0000000084300000, 0x0000000084400000|  0%| F|  |TAMS 0x0000000084300000, 0x0000000084300000| Untracked 
|  68|0x0000000084400000, 0x0000000084400000, 0x0000000084500000|  0%| F|  |TAMS 0x0000000084400000, 0x0000000084400000| Untracked 
|  69|0x0000000084500000, 0x00000000845d12c0, 0x0000000084600000| 81%| S|CS|TAMS 0x0000000084500000, 0x0000000084500000| Complete 
|  70|0x0000000084600000, 0x0000000084700000, 0x0000000084700000|100%| S|CS|TAMS 0x0000000084600000, 0x0000000084600000| Complete 
|  71|0x0000000084700000, 0x0000000084700000, 0x0000000084800000|  0%| F|  |TAMS 0x0000000084700000, 0x0000000084700000| Untracked 
|  72|0x0000000084800000, 0x0000000084800000, 0x0000000084900000|  0%| F|  |TAMS 0x0000000084800000, 0x0000000084800000| Untracked 
|  73|0x0000000084900000, 0x0000000084900000, 0x0000000084a00000|  0%| F|  |TAMS 0x0000000084900000, 0x0000000084900000| Untracked 
|  74|0x0000000084a00000, 0x0000000084a00000, 0x0000000084b00000|  0%| F|  |TAMS 0x0000000084a00000, 0x0000000084a00000| Untracked 
|  75|0x0000000084b00000, 0x0000000084b00000, 0x0000000084c00000|  0%| F|  |TAMS 0x0000000084b00000, 0x0000000084b00000| Untracked 
|  76|0x0000000084c00000, 0x0000000084c00000, 0x0000000084d00000|  0%| F|  |TAMS 0x0000000084c00000, 0x0000000084c00000| Untracked 
|  77|0x0000000084d00000, 0x0000000084d00000, 0x0000000084e00000|  0%| F|  |TAMS 0x0000000084d00000, 0x0000000084d00000| Untracked 
|  78|0x0000000084e00000, 0x0000000084e00000, 0x0000000084f00000|  0%| F|  |TAMS 0x0000000084e00000, 0x0000000084e00000| Untracked 
|  79|0x0000000084f00000, 0x0000000084f00000, 0x0000000085000000|  0%| F|  |TAMS 0x0000000084f00000, 0x0000000084f00000| Untracked 
|  80|0x0000000085000000, 0x0000000085000000, 0x0000000085100000|  0%| F|  |TAMS 0x0000000085000000, 0x0000000085000000| Untracked 
|  81|0x0000000085100000, 0x0000000085100000, 0x0000000085200000|  0%| F|  |TAMS 0x0000000085100000, 0x0000000085100000| Untracked 
|  82|0x0000000085200000, 0x0000000085200000, 0x0000000085300000|  0%| F|  |TAMS 0x0000000085200000, 0x0000000085200000| Untracked 
|  83|0x0000000085300000, 0x0000000085300000, 0x0000000085400000|  0%| F|  |TAMS 0x0000000085300000, 0x0000000085300000| Untracked 
|  84|0x0000000085400000, 0x0000000085400000, 0x0000000085500000|  0%| F|  |TAMS 0x0000000085400000, 0x0000000085400000| Untracked 
|  85|0x0000000085500000, 0x0000000085500000, 0x0000000085600000|  0%| F|  |TAMS 0x0000000085500000, 0x0000000085500000| Untracked 
|  86|0x0000000085600000, 0x0000000085600000, 0x0000000085700000|  0%| F|  |TAMS 0x0000000085600000, 0x0000000085600000| Untracked 
|  87|0x0000000085700000, 0x0000000085700000, 0x0000000085800000|  0%| F|  |TAMS 0x0000000085700000, 0x0000000085700000| Untracked 
|  88|0x0000000085800000, 0x0000000085800000, 0x0000000085900000|  0%| F|  |TAMS 0x0000000085800000, 0x0000000085800000| Untracked 
|  89|0x0000000085900000, 0x0000000085900000, 0x0000000085a00000|  0%| F|  |TAMS 0x0000000085900000, 0x0000000085900000| Untracked 
|  90|0x0000000085a00000, 0x0000000085a00000, 0x0000000085b00000|  0%| F|  |TAMS 0x0000000085a00000, 0x0000000085a00000| Untracked 
| 116|0x0000000087400000, 0x0000000087400000, 0x0000000087500000|  0%| F|  |TAMS 0x0000000087400000, 0x0000000087400000| Untracked 
| 117|0x0000000087500000, 0x0000000087500000, 0x0000000087600000|  0%| F|  |TAMS 0x0000000087500000, 0x0000000087500000| Untracked 
| 118|0x0000000087600000, 0x0000000087700000, 0x0000000087700000|100%| E|  |TAMS 0x0000000087600000, 0x0000000087600000| Complete 
| 119|0x0000000087700000, 0x0000000087800000, 0x0000000087800000|100%| E|CS|TAMS 0x0000000087700000, 0x0000000087700000| Complete 
| 120|0x0000000087800000, 0x0000000087900000, 0x0000000087900000|100%| E|CS|TAMS 0x0000000087800000, 0x0000000087800000| Complete 
| 121|0x0000000087900000, 0x0000000087a00000, 0x0000000087a00000|100%| E|CS|TAMS 0x0000000087900000, 0x0000000087900000| Complete 
| 151|0x0000000089700000, 0x0000000089800000, 0x0000000089800000|100%| E|CS|TAMS 0x0000000089700000, 0x0000000089700000| Complete 

Card table byte_map: [0x00000251aa890000,0x00000251aac90000] _byte_map_base: 0x00000251aa490000

Marking Bits (Prev, Next): (CMBitMap*) 0x00000251930c45f8, (CMBitMap*) 0x00000251930c4638
 Prev Bits: [0x00000251ab090000, 0x00000251ad090000)
 Next Bits: [0x00000251ad090000, 0x00000251af090000)

Polling page: 0x0000025191030000

Metaspace:

Usage:
  Non-class:     48.45 MB capacity,    47.49 MB ( 98%) used,   849.36 KB (  2%) free+waste,   134.50 KB ( <1%) overhead. 
      Class:      7.89 MB capacity,     7.36 MB ( 93%) used,   475.73 KB (  6%) free+waste,    65.44 KB ( <1%) overhead. 
       Both:     56.34 MB capacity,    54.85 MB ( 97%) used,     1.29 MB (  2%) free+waste,   199.94 KB ( <1%) overhead. 

Virtual space:
  Non-class space:       50.00 MB reserved,      48.58 MB ( 97%) committed 
      Class space:        1.00 GB reserved,       8.00 MB ( <1%) committed 
             Both:        1.05 GB reserved,      56.58 MB (  5%) committed 

Chunk freelists:
   Non-Class:  512 bytes
       Class:  2.13 KB
        Both:  2.63 KB

CodeHeap 'non-profiled nmethods': size=120064Kb used=3169Kb max_used=3169Kb free=116894Kb
 bounds [0x00000251a2f50000, 0x00000251a3270000, 0x00000251aa490000]
CodeHeap 'profiled nmethods': size=120000Kb used=12609Kb max_used=12609Kb free=107390Kb
 bounds [0x000002519ba20000, 0x000002519c680000, 0x00000251a2f50000]
CodeHeap 'non-nmethods': size=5696Kb used=2278Kb max_used=2311Kb free=3417Kb
 bounds [0x000002519b490000, 0x000002519b700000, 0x000002519ba20000]
 total_blobs=7814 nmethods=5455 adapters=756
 compilation: enabled
              stopped_count=0, restarted_count=0
 full_count=0

Compilation events (10 events):
Event: 12.324 Thread 0x00000251b1578000 nmethod 5705 0x000002519c66fd10 code [0x000002519c66fee0, 0x000002519c670210]
Event: 12.331 Thread 0x00000251b1578000 5707       3       com.google.common.collect.AbstractMapBasedMultimap$WrappedCollection$WrappedIterator::next (14 bytes)
Event: 12.332 Thread 0x00000251b1578000 nmethod 5707 0x000002519c670310 code [0x000002519c670500, 0x000002519c6709b0]
Event: 12.332 Thread 0x00000251b1578000 5708       3       org.objectweb.asm.ByteVector::putInt (74 bytes)
Event: 12.332 Thread 0x00000251b1578000 nmethod 5708 0x000002519c670b90 code [0x000002519c670d60, 0x000002519c671030]
Event: 12.335 Thread 0x00000251b60e9800 nmethod 5655 0x00000251a3265610 code [0x00000251a3265820, 0x00000251a3266e98]
Event: 12.335 Thread 0x00000251b60e9800 5706       4       java.util.HashMap::<init> (98 bytes)
Event: 12.337 Thread 0x00000251b60e9800 nmethod 5706 0x00000251a3267910 code [0x00000251a3267ac0, 0x00000251a3267c18]
Event: 12.337 Thread 0x00000251b60e9800 5653       4       java.util.StringJoiner::<init> (56 bytes)
Event: 12.343 Thread 0x00000251b60e9800 nmethod 5653 0x00000251a3267d10 code [0x00000251a3267ec0, 0x00000251a3268298]

GC Heap History (10 events):
Event: 9.871 GC heap before
{Heap before GC invocations=14 (full 0):
 garbage-first heap   total 82944K, used 62195K [0x0000000080000000, 0x0000000100000000)
  region size 1024K, 28 young (28672K), 2 survivors (2048K)
 Metaspace       used 44970K, capacity 46191K, committed 46416K, reserved 1089536K
  class space    used 5990K, capacity 6391K, committed 6400K, reserved 1048576K
}
Event: 9.877 GC heap after
{Heap after GC invocations=15 (full 0):
 garbage-first heap   total 82944K, used 40585K [0x0000000080000000, 0x0000000100000000)
  region size 1024K, 4 young (4096K), 4 survivors (4096K)
 Metaspace       used 44970K, capacity 46191K, committed 46416K, reserved 1089536K
  class space    used 5990K, capacity 6391K, committed 6400K, reserved 1048576K
}
Event: 10.410 GC heap before
{Heap before GC invocations=15 (full 0):
 garbage-first heap   total 82944K, used 64137K [0x0000000080000000, 0x0000000100000000)
  region size 1024K, 27 young (27648K), 4 survivors (4096K)
 Metaspace       used 47275K, capacity 48487K, committed 48592K, reserved 1091584K
  class space    used 6290K, capacity 6699K, committed 6784K, reserved 1048576K
}
Event: 10.419 GC heap after
{Heap after GC invocations=16 (full 0):
 garbage-first heap   total 82944K, used 41563K [0x0000000080000000, 0x0000000100000000)
  region size 1024K, 2 young (2048K), 2 survivors (2048K)
 Metaspace       used 47275K, capacity 48487K, committed 48592K, reserved 1091584K
  class space    used 6290K, capacity 6699K, committed 6784K, reserved 1048576K
}
Event: 11.092 GC heap before
{Heap before GC invocations=17 (full 0):
 garbage-first heap   total 82944K, used 65115K [0x0000000080000000, 0x0000000100000000)
  region size 1024K, 24 young (24576K), 2 survivors (2048K)
 Metaspace       used 50642K, capacity 51945K, committed 52048K, reserved 1093632K
  class space    used 6673K, capacity 7128K, committed 7168K, reserved 1048576K
}
Event: 11.100 GC heap after
{Heap after GC invocations=18 (full 0):
 garbage-first heap   total 82944K, used 43175K [0x0000000080000000, 0x0000000100000000)
  region size 1024K, 2 young (2048K), 2 survivors (2048K)
 Metaspace       used 50642K, capacity 51945K, committed 52048K, reserved 1093632K
  class space    used 6673K, capacity 7128K, committed 7168K, reserved 1048576K
}
Event: 11.474 GC heap before
{Heap before GC invocations=18 (full 0):
 garbage-first heap   total 82944K, used 65703K [0x0000000080000000, 0x0000000100000000)
  region size 1024K, 24 young (24576K), 2 survivors (2048K)
 Metaspace       used 52061K, capacity 53393K, committed 53584K, reserved 1095680K
  class space    used 6858K, capacity 7336K, committed 7424K, reserved 1048576K
}
Event: 11.482 GC heap after
{Heap after GC invocations=19 (full 0):
 garbage-first heap   total 100352K, used 45638K [0x0000000080000000, 0x0000000100000000)
  region size 1024K, 3 young (3072K), 3 survivors (3072K)
 Metaspace       used 52061K, capacity 53393K, committed 53584K, reserved 1095680K
  class space    used 6858K, capacity 7336K, committed 7424K, reserved 1048576K
}
Event: 12.276 GC heap before
{Heap before GC invocations=20 (full 0):
 garbage-first heap   total 100352K, used 73286K [0x0000000080000000, 0x0000000100000000)
  region size 1024K, 30 young (30720K), 3 survivors (3072K)
 Metaspace       used 55675K, capacity 57063K, committed 57296K, reserved 1099776K
  class space    used 7458K, capacity 7937K, committed 8064K, reserved 1048576K
}
Event: 12.285 GC heap after
{Heap after GC invocations=21 (full 0):
 garbage-first heap   total 100352K, used 47535K [0x0000000080000000, 0x0000000100000000)
  region size 1024K, 2 young (2048K), 2 survivors (2048K)
 Metaspace       used 55675K, capacity 57063K, committed 57296K, reserved 1099776K
  class space    used 7458K, capacity 7937K, committed 8064K, reserved 1048576K
}

Deoptimization events (10 events):
Event: 10.660 Thread 0x00000251b3351000 Uncommon trap: reason=unstable_if action=reinterpret pc=0x00000251a2f967a0 method=java.lang.String.getBytes([BIB)V @ 5 c2
Event: 10.660 Thread 0x00000251b3351000 Uncommon trap: reason=unstable_if action=reinterpret pc=0x00000251a2f98430 method=java.lang.String.substring(II)Ljava/lang/String; @ 31 c2
Event: 10.667 Thread 0x00000251b3351000 Uncommon trap: reason=unstable_if action=reinterpret pc=0x00000251a2f59354 method=java.lang.StringLatin1.canEncode(I)Z @ 4 c2
Event: 10.725 Thread 0x00000251b3351000 Uncommon trap: reason=class_check action=maybe_recompile pc=0x00000251a309a5e0 method=java.io.BufferedInputStream.read1([BII)I @ 39 c2
Event: 10.725 Thread 0x00000251b3351000 Uncommon trap: reason=class_check action=maybe_recompile pc=0x00000251a3094294 method=java.io.BufferedInputStream.read1([BII)I @ 39 c2
Event: 10.918 Thread 0x00000251b3351000 Uncommon trap: reason=unstable_if action=reinterpret pc=0x00000251a3165b28 method=java.util.zip.ZipFile$ZipFileInflaterInputStream.close()V @ 4 c2
Event: 10.990 Thread 0x00000251b3351000 Uncommon trap: reason=unstable_if action=reinterpret pc=0x00000251a31aba74 method=org.gradle.internal.instantiation.generator.AbstractClassGenerator$InjectionAnnotationValidator.validateMethod(Ljava/lang/reflect/Method;Lorg/gradle/internal/reflect/Propert
Event: 12.004 Thread 0x00000251b3351000 Uncommon trap: reason=unstable_if action=reinterpret pc=0x00000251a3246574 method=java.security.SecureClassLoader$CodeSourceKey.hashCode()I @ 9 c2
Event: 12.179 Thread 0x00000251b3351000 Uncommon trap: reason=class_check action=make_not_entrant pc=0x00000251a325897c method=java.util.ArrayList.toArray([Ljava/lang/Object;)[Ljava/lang/Object; @ 21 c2
Event: 12.331 Thread 0x00000251b3351000 Uncommon trap: reason=unstable_if action=reinterpret pc=0x00000251a323c960 method=org.objectweb.asm.ByteVector.putInt(I)Lorg/objectweb/asm/ByteVector; @ 13 c2

Classes redefined (0 events):
No events

Internal exceptions (10 events):
Event: 11.291 Thread 0x00000251b3351000 Exception <a 'java/lang/NoSuchMethodError'{0x00000000842ef970}: java.lang.invoke.DirectMethodHandle$Holder.invokeSpecial(Ljava/lang/Object;Ljava/lang/Object;ILjava/lang/Object;Ljava/lang/Object;)Ljava/lang/Object;> (0x00000000842ef970) thrown at [t:/works
Event: 11.292 Thread 0x00000251b3351000 Exception <a 'java/lang/NoSuchMethodError'{0x00000000842f7178}: java.lang.invoke.DirectMethodHandle$Holder.invokeStatic(Ljava/lang/Object;Ljava/lang/Object;ILjava/lang/Object;)Ljava/lang/Object;> (0x00000000842f7178) thrown at [t:/workspace/open/src/hotsp
Event: 11.293 Thread 0x00000251b3351000 Exception <a 'java/lang/NoSuchMethodError'{0x00000000842fad58}: java.lang.invoke.Invokers$Holder.linkToTargetMethod(Ljava/lang/Object;ILjava/lang/Object;Ljava/lang/Object;)Ljava/lang/Object;> (0x00000000842fad58) thrown at [t:/workspace/open/src/hotspot/s
Event: 12.004 Thread 0x00000251b3351000 Implicit null exception at 0x00000251a3246384 to 0x00000251a3246566
Event: 12.226 Thread 0x00000251b3351000 Exception <a 'java/lang/ClassNotFoundException'{0x00000000849490a0}: com/android/build/gradle/internal/api/ApkVariantOutputImpl_DecoratedBeanInfo> (0x00000000849490a0) thrown at [t:/workspace/open/src/hotspot/share/classfile/systemDictionary.cpp, line 235
Event: 12.226 Thread 0x00000251b3351000 Exception <a 'java/lang/ClassNotFoundException'{0x000000008495b8f0}: com/android/build/gradle/internal/api/ApkVariantOutputImplBeanInfo> (0x000000008495b8f0) thrown at [t:/workspace/open/src/hotspot/share/classfile/systemDictionary.cpp, line 235]
Event: 12.227 Thread 0x00000251b3351000 Exception <a 'java/lang/ClassNotFoundException'{0x000000008496e708}: com/android/build/gradle/internal/api/BaseVariantOutputImplBeanInfo> (0x000000008496e708) thrown at [t:/workspace/open/src/hotspot/share/classfile/systemDictionary.cpp, line 235]
Event: 12.227 Thread 0x00000251b3351000 Exception <a 'java/lang/ClassNotFoundException'{0x0000000084981758}: com/android/build/gradle/internal/api/BaseVariantOutputImplCustomizer> (0x0000000084981758) thrown at [t:/workspace/open/src/hotspot/share/classfile/systemDictionary.cpp, line 235]
Event: 12.231 Thread 0x00000251b3351000 Exception <a 'java/lang/ClassNotFoundException'{0x00000000849a6c70}: com/android/build/gradle/internal/api/ApkVariantOutputImplCustomizer> (0x00000000849a6c70) thrown at [t:/workspace/open/src/hotspot/share/classfile/systemDictionary.cpp, line 235]
Event: 12.232 Thread 0x00000251b3351000 Exception <a 'java/lang/ClassNotFoundException'{0x00000000849c7e28}: com/android/build/gradle/internal/api/ApkVariantOutputImpl_DecoratedCustomizer> (0x00000000849c7e28) thrown at [t:/workspace/open/src/hotspot/share/classfile/systemDictionary.cpp, line 2

Events (10 events):
Event: 12.334 loading class org/gradle/api/tasks/compile/AbstractCompile$BackwardCompatibilityOutputDirectoryConvention
Event: 12.334 loading class org/gradle/api/tasks/compile/AbstractCompile$BackwardCompatibilityOutputDirectoryConvention done
Event: 12.334 loading class org/gradle/api/tasks/compile/JavaCompile
Event: 12.334 loading class org/gradle/api/tasks/compile/JavaCompile done
Event: 12.335 loading class org/gradle/api/tasks/compile/DebugOptions
Event: 12.335 loading class org/gradle/api/tasks/compile/DebugOptions done
Event: 12.336 loading class org/gradle/api/tasks/compile/ForkOptions
Event: 12.336 loading class org/gradle/api/tasks/compile/ForkOptions done
Event: 12.336 loading class org/gradle/api/tasks/compile/BaseForkOptions
Event: 12.336 loading class org/gradle/api/tasks/compile/BaseForkOptions done


Dynamic libraries:
0x00007ff6b8d20000 - 0x00007ff6b8d2f000 	C:\Program Files\Java\jdk-12.0.2\bin\java.exe
0x00007ffce4e90000 - 0x00007ffce5086000 	C:\WINDOWS\SYSTEM32\ntdll.dll
0x00007ffce3550000 - 0x00007ffce360d000 	C:\WINDOWS\System32\KERNEL32.DLL
0x00007ffce25d0000 - 0x00007ffce2899000 	C:\WINDOWS\System32\KERNELBASE.dll
0x00007ffcdfe70000 - 0x00007ffcdff00000 	C:\WINDOWS\SYSTEM32\apphelp.dll
0x00007ffce28a0000 - 0x00007ffce29a0000 	C:\WINDOWS\System32\ucrtbase.dll
0x00007ffcc8d30000 - 0x00007ffcc8d48000 	C:\Program Files\Java\jdk-12.0.2\bin\jli.dll
0x00007ffccb810000 - 0x00007ffccb826000 	C:\Program Files\Java\jdk-12.0.2\bin\VCRUNTIME140.dll
0x00007ffce2ef0000 - 0x00007ffce2f9c000 	C:\WINDOWS\System32\ADVAPI32.dll
0x00007ffce3ca0000 - 0x00007ffce3d3e000 	C:\WINDOWS\System32\msvcrt.dll
0x00007ffce3720000 - 0x00007ffce37bc000 	C:\WINDOWS\System32\sechost.dll
0x00007ffce4aa0000 - 0x00007ffce4bcb000 	C:\WINDOWS\System32\RPCRT4.dll
0x00007ffce41b0000 - 0x00007ffce4350000 	C:\WINDOWS\System32\USER32.dll
0x00007ffce2bd0000 - 0x00007ffce2bf2000 	C:\WINDOWS\System32\win32u.dll
0x00007ffcd00b0000 - 0x00007ffcd034b000 	C:\WINDOWS\WinSxS\amd64_microsoft.windows.common-controls_6595b64144ccf1df_6.0.19041.488_none_ca04af081b815d21\COMCTL32.dll
0x00007ffce3400000 - 0x00007ffce342a000 	C:\WINDOWS\System32\GDI32.dll
0x00007ffce2d50000 - 0x00007ffce2e59000 	C:\WINDOWS\System32\gdi32full.dll
0x00007ffce2c00000 - 0x00007ffce2c9d000 	C:\WINDOWS\System32\msvcp_win.dll
0x00007ffcd8e60000 - 0x00007ffcd8e6a000 	C:\WINDOWS\SYSTEM32\VERSION.dll
0x00007ffce3f30000 - 0x00007ffce3f60000 	C:\WINDOWS\System32\IMM32.DLL
0x00007ffcb7650000 - 0x00007ffcb76fa000 	C:\Program Files\Java\jdk-12.0.2\bin\msvcp140.dll
0x00007ffc82770000 - 0x00007ffc832e7000 	C:\Program Files\Java\jdk-12.0.2\bin\server\jvm.dll
0x00007ffce3820000 - 0x00007ffce3828000 	C:\WINDOWS\System32\PSAPI.DLL
0x00007ffccde90000 - 0x00007ffccdeb7000 	C:\WINDOWS\SYSTEM32\WINMM.dll
0x00007ffccb5b0000 - 0x00007ffccb5b9000 	C:\WINDOWS\SYSTEM32\WSOCK32.dll
0x00007ffce4de0000 - 0x00007ffce4e4b000 	C:\WINDOWS\System32\WS2_32.dll
0x00007ffce0500000 - 0x00007ffce0512000 	C:\WINDOWS\SYSTEM32\kernel.appcore.dll
0x00007ffcc8d10000 - 0x00007ffcc8d21000 	C:\Program Files\Java\jdk-12.0.2\bin\verify.dll
0x00007ffcd9d00000 - 0x00007ffcd9ee4000 	C:\WINDOWS\SYSTEM32\DBGHELP.DLL
0x00007ffcc9b20000 - 0x00007ffcc9b4c000 	C:\WINDOWS\SYSTEM32\dbgcore.DLL
0x00007ffce29a0000 - 0x00007ffce2a20000 	C:\WINDOWS\System32\bcryptPrimitives.dll
0x00007ffcc8bc0000 - 0x00007ffcc8be6000 	C:\Program Files\Java\jdk-12.0.2\bin\java.dll
0x00007ffcc8090000 - 0x00007ffcc80a7000 	C:\Program Files\Java\jdk-12.0.2\bin\zip.dll
0x00007ffcde1a0000 - 0x00007ffcde1aa000 	C:\Program Files\Java\jdk-12.0.2\bin\jimage.dll
0x00007ffce4350000 - 0x00007ffce4a92000 	C:\WINDOWS\System32\SHELL32.dll
0x00007ffce0720000 - 0x00007ffce0eb5000 	C:\WINDOWS\SYSTEM32\windows.storage.dll
0x00007ffce30a0000 - 0x00007ffce33f6000 	C:\WINDOWS\System32\combase.dll
0x00007ffce1fd0000 - 0x00007ffce1ffc000 	C:\WINDOWS\SYSTEM32\Wldp.dll
0x00007ffce3670000 - 0x00007ffce371e000 	C:\WINDOWS\System32\SHCORE.dll
0x00007ffce40c0000 - 0x00007ffce4115000 	C:\WINDOWS\System32\shlwapi.dll
0x00007ffce2500000 - 0x00007ffce2526000 	C:\WINDOWS\SYSTEM32\profapi.dll
0x00007ffcc7b60000 - 0x00007ffcc7b79000 	C:\Program Files\Java\jdk-12.0.2\bin\net.dll
0x00007ffcdcfb0000 - 0x00007ffcdd0b0000 	C:\WINDOWS\SYSTEM32\WINHTTP.dll
0x00007ffcd1b60000 - 0x00007ffcd1d4d000 	C:\WINDOWS\SYSTEM32\urlmon.dll
0x00007ffcd1f30000 - 0x00007ffcd21e0000 	C:\WINDOWS\SYSTEM32\iertutil.dll
0x00007ffce1d50000 - 0x00007ffce1dba000 	C:\WINDOWS\system32\mswsock.dll
0x00007ffcc76e0000 - 0x00007ffcc76f3000 	C:\Program Files\Java\jdk-12.0.2\bin\nio.dll
0x00007ffccb2a0000 - 0x00007ffccb2c7000 	C:\Users\User\.gradle\native\f6784746aeab05261644944871eae4fe03e0ef1612fff0a4a95f87b438bc6780\windows-amd64\native-platform.dll
0x00007ffcde120000 - 0x00007ffcde129000 	C:\Program Files\Java\jdk-12.0.2\bin\management.dll
0x00007ffccfe40000 - 0x00007ffccfe4c000 	C:\Program Files\Java\jdk-12.0.2\bin\management_ext.dll
0x00007ffce1f20000 - 0x00007ffce1f38000 	C:\WINDOWS\SYSTEM32\CRYPTSP.dll
0x00007ffce1680000 - 0x00007ffce16b4000 	C:\WINDOWS\system32\rsaenh.dll
0x00007ffce2ec0000 - 0x00007ffce2ee7000 	C:\WINDOWS\System32\bcrypt.dll
0x00007ffce24c0000 - 0x00007ffce24ee000 	C:\WINDOWS\SYSTEM32\USERENV.dll
0x00007ffce1f40000 - 0x00007ffce1f4c000 	C:\WINDOWS\SYSTEM32\CRYPTBASE.dll
0x00007ffce1a40000 - 0x00007ffce1a7b000 	C:\WINDOWS\SYSTEM32\IPHLPAPI.DLL
0x00007ffce40b0000 - 0x00007ffce40b8000 	C:\WINDOWS\System32\NSI.dll
0x00007ffcd96c0000 - 0x00007ffcd96d7000 	C:\WINDOWS\SYSTEM32\dhcpcsvc6.DLL
0x00007ffcd96a0000 - 0x00007ffcd96bd000 	C:\WINDOWS\SYSTEM32\dhcpcsvc.DLL
0x00007ffce1a80000 - 0x00007ffce1b4b000 	C:\WINDOWS\SYSTEM32\DNSAPI.dll
0x00007ffcdcfa0000 - 0x00007ffcdcfab000 	C:\WINDOWS\SYSTEM32\WINNSI.DLL

dbghelp: loaded successfully - version: 4.0.5 - missing functions: none
symbol engine: initialized successfully - sym options: 0x614 - pdb path: .;C:\Program Files\Java\jdk-12.0.2\bin;C:\WINDOWS\SYSTEM32;C:\WINDOWS\WinSxS\amd64_microsoft.windows.common-controls_6595b64144ccf1df_6.0.19041.488_none_ca04af081b815d21;C:\Program Files\Java\jdk-12.0.2\bin\server;C:\Users\User\.gradle\native\f6784746aeab05261644944871eae4fe03e0ef1612fff0a4a95f87b438bc6780\windows-amd64

VM Arguments:
jvm_args: --add-opens=java.base/java.util=ALL-UNNAMED --add-opens=java.base/java.lang=ALL-UNNAMED --add-opens=java.base/java.lang.invoke=ALL-UNNAMED --add-opens=java.prefs/java.util.prefs=ALL-UNNAMED -Xmx2048m -Dfile.encoding=UTF-8 -Duser.country=ID -Duser.language=en -Duser.variant 
java_command: org.gradle.launcher.daemon.bootstrap.GradleDaemon 6.5
java_class_path (initial): C:\Users\User\.gradle\wrapper\dists\gradle-6.5-bin\6nifqtx7604sqp1q6g8wikw7p\gradle-6.5\lib\gradle-launcher-6.5.jar
Launcher Type: SUN_STANDARD

[Global flags]
     intx CICompilerCount                          = 3                                         {product} {ergonomic}
     uint ConcGCThreads                            = 1                                         {product} {ergonomic}
     uint G1ConcRefinementThreads                  = 4                                         {product} {ergonomic}
   size_t G1HeapRegionSize                         = 1048576                                   {product} {ergonomic}
    uintx GCDrainStackTargetSize                   = 64                                        {product} {ergonomic}
   size_t InitialHeapSize                          = 132120576                                 {product} {ergonomic}
   size_t MarkStackSize                            = 4194304                                   {product} {ergonomic}
   size_t MaxHeapSize                              = 2147483648                                {product} {command line}
   size_t MaxNewSize                               = 1287651328                                {product} {ergonomic}
   size_t MinHeapDeltaBytes                        = 1048576                                   {product} {ergonomic}
    uintx NonNMethodCodeHeapSize                   = 5830732                                {pd product} {ergonomic}
    uintx NonProfiledCodeHeapSize                  = 122913754                              {pd product} {ergonomic}
    uintx ProfiledCodeHeapSize                     = 122913754                              {pd product} {ergonomic}
    uintx ReservedCodeCacheSize                    = 251658240                              {pd product} {ergonomic}
     bool SegmentedCodeCache                       = true                                      {product} {ergonomic}
     bool UseCompressedClassPointers               = true                                 {lp64_product} {ergonomic}
     bool UseCompressedOops                        = true                                 {lp64_product} {ergonomic}
     bool UseG1GC                                  = true                                      {product} {ergonomic}
     bool UseLargePagesIndividualAllocation        = false                                  {pd product} {ergonomic}

Logging:
Log output configuration:
 #0: stdout all=warning uptime,level,tags
 #1: stderr all=off uptime,level,tags

Environment Variables:
JAVA_HOME=C:\Program Files\Java\jdk-12.0.2
PATH=C:\Program Files (x86)\Intel\Intel(R) Management Engine Components\iCLS\;C:\Program Files\Intel\Intel(R) Management Engine Components\iCLS\;C:\WINDOWS\system32;C:\WINDOWS;C:\WINDOWS\System32\Wbem;C:\WINDOWS\System32\WindowsPowerShell\v1.0\;C:\WINDOWS\System32\OpenSSH\;C:\Program Files (x86)\Intel\Intel(R) Management Engine Components\DAL;C:\Program Files\Intel\Intel(R) Management Engine Components\DAL;C:\Program Files (x86)\Intel\Intel(R) Management Engine Components\IPT;C:\Program Files\Intel\Intel(R) Management Engine Components\IPT;C:\Program Files\Intel\WiFi\bin\;C:\Program Files\Common Files\Intel\WirelessCommon\;C:\Program Files\Java\jdk-12.0.1\bin;C:\Program Files\dotnet\;C:\Program Files\Microsoft SQL Server\130\Tools\Binn\;C:\Program Files\kotlinc\bin;C:\Program Files\dart-sass;C:\Program Files\Java\jdk-12.0.2\bin;C:\cmder;C:\Users\User\Downloads\Compressed\opencv\build\x64\vc15\bin;C:\ProgramData\chocolatey\bin;C:\ProgramData\ComposerSetup\bin;C:\Program Files\Git\cmd;C:\Program Files\MongoDB\Server\4.4\bin;C:\Users\User\AppData\Local\Programs\Python\Python37\Scripts\;C:\Users\User\AppData\Local\Programs\Python\Python37\;C:\Users\User\AppData\Local\Microsoft\WindowsApps;C:\Users\User\AppData\Local\Programs\Microsoft VS Code\bin;C:\Users\User\AppData\Roaming\Composer\vendor\bin;C:\Program Files (x86)\Inno Setup 6;C:\tools\dart-sdk\bin;C:\Users\User\AppData\Roaming\Pub\Cache\bin;C:\Users\User\AppData\Local\GitHubDesktop\bin
USERNAME=User
OS=Windows_NT
PROCESSOR_IDENTIFIER=Intel64 Family 6 Model 142 Stepping 10, GenuineIntel



---------------  S Y S T E M  ---------------

OS: Windows 10 , 64 bit Build 19041 (10.0.19041.662)

CPU:total 4 (initial active 4) (4 cores per cpu, 2 threads per core) family 6 model 142 stepping 10, cmov, cx8, fxsr, mmx, sse, sse2, sse3, ssse3, sse4.1, sse4.2, popcnt, avx, avx2, aes, clmul, erms, 3dnowpref, lzcnt, ht, tsc, tscinvbit, bmi1, bmi2, adx, fma

Memory: 4k page, system-wide physical 8048M (660M free)
TotalPageFile size 22188M (AvailPageFile size 5M)
current process WorkingSet (physical memory assigned to process): 292M, peak: 292M
current process commit charge ("private bytes"): 322M, peak: 322M

vm_info: Java HotSpot(TM) 64-Bit Server VM (12.0.2+10) for windows-amd64 JRE (12.0.2+10), built on Jul 16 2019 01:56:17 by "mach5one" with MS VC++ 15.5 (VS2017)

END.
