#
# There is insufficient memory for the Java Runtime Environment to continue.
# Native memory allocation (malloc) failed to allocate 1025696 bytes for Chunk::new
# Possible reasons:
#   The system is out of physical RAM or swap space
#   The process is running with CompressedOops enabled, and the Java Heap may be blocking the growth of the native heap
# Possible solutions:
#   Reduce memory load on the system
#   Increase physical memory or swap space
#   Check if swap backing store is full
#   Decrease Java heap size (-Xmx/-Xms)
#   Decrease number of Java threads
#   Decrease Java thread stack sizes (-Xss)
#   Set larger code cache with -XX:ReservedCodeCacheSize=
#   JVM is running with Unscaled Compressed Oops mode in which the Java heap is
#     placed in the first 4GB address space. The Java Heap base address is the
#     maximum limit for the native heap growth. Please use -XX:HeapBaseMinAddress
#     to set the Java Heap base and to place the Java Heap above 4GB virtual address.
# This output file may be truncated or incomplete.
#
#  Out of Memory Error (t:/workspace/open/src/hotspot/share/memory/arena.cpp:197), pid=13140, tid=3440
#
# JRE version: Java(TM) SE Runtime Environment (12.0.2+10) (build 12.0.2+10)
# Java VM: Java HotSpot(TM) 64-Bit Server VM (12.0.2+10, mixed mode, sharing, tiered, compressed oops, g1 gc, windows-amd64)
# No core dump will be written. Minidumps are not enabled by default on client versions of Windows
#

---------------  S U M M A R Y ------------

Command Line: --add-opens=java.base/java.util=ALL-UNNAMED --add-opens=java.base/java.lang=ALL-UNNAMED --add-opens=java.base/java.lang.invoke=ALL-UNNAMED --add-opens=java.prefs/java.util.prefs=ALL-UNNAMED -Xmx2048m -Dfile.encoding=UTF-8 -Duser.country=ID -Duser.language=en -Duser.variant org.gradle.launcher.daemon.bootstrap.GradleDaemon 6.5

Host: Intel(R) Core(TM) i5-8250U CPU @ 1.60GHz, 4 cores, 7G,  Windows 10 , 64 bit Build 19041 (10.0.19041.662)
Time: Wed Mar 31 15:26:26 2021 SE Asia Standard Time elapsed time: 3 seconds (0d 0h 0m 3s)

---------------  T H R E A D  ---------------

Current thread (0x000001f0d4fc5000):  JavaThread "C2 CompilerThread1" daemon [_thread_in_native, id=3440, stack(0x000000a8c7900000,0x000000a8c7a00000)]


Current CompileTask:
C2:   3813 2158   !   4       java.net.URLClassLoader$1::run (63 bytes)

Stack: [0x000000a8c7900000,0x000000a8c7a00000]
Native frames: (J=compiled Java code, j=interpreted, Vv=VM code, C=native code)
V  [jvm.dll+0x63aa2a]
V  [jvm.dll+0x78ce1e]
V  [jvm.dll+0x78e4c1]
V  [jvm.dll+0x78eb13]
V  [jvm.dll+0x2627e8]
V  [jvm.dll+0xc55cc]
V  [jvm.dll+0xc5b4c]
V  [jvm.dll+0x2d4034]
V  [jvm.dll+0x5569ad]
V  [jvm.dll+0x2246f7]
V  [jvm.dll+0x21e313]
V  [jvm.dll+0x21b2b6]
V  [jvm.dll+0x199a20]
V  [jvm.dll+0x22a744]
V  [jvm.dll+0x228d98]
V  [jvm.dll+0x7512a0]
V  [jvm.dll+0x74a2c8]
V  [jvm.dll+0x639b16]
C  [ucrtbase.dll+0x214c2]
C  [KERNEL32.DLL+0x17034]
C  [ntdll.dll+0x4d0d1]


---------------  P R O C E S S  ---------------

Threads class SMR info:
_java_thread_list=0x000001f0d6c560d0, length=27, elements={
0x000001f0b41b1000, 0x000001f0d2679000, 0x000001f0d267a800, 0x000001f0d2692000,
0x000001f0d2693000, 0x000001f0d2696000, 0x000001f0d26a0000, 0x000001f0d26a2000,
0x000001f0d30e4800, 0x000001f0d30e8800, 0x000001f0d40f9000, 0x000001f0d45f3800,
0x000001f0d5043800, 0x000001f0d448f000, 0x000001f0d4b05000, 0x000001f0d437f800,
0x000001f0d46b8800, 0x000001f0d4000800, 0x000001f0d48e1800, 0x000001f0d3ce3800,
0x000001f0d4fc2800, 0x000001f0d4fc3800, 0x000001f0d4fc7800, 0x000001f0d4fc6000,
0x000001f0d4fc5000, 0x000001f0d4fc6800, 0x000001f0d4fc8800
}

Java Threads: ( => current thread )
  0x000001f0b41b1000 JavaThread "main" [_thread_blocked, id=11960, stack(0x000000a8c5600000,0x000000a8c5700000)]
  0x000001f0d2679000 JavaThread "Reference Handler" daemon [_thread_blocked, id=21100, stack(0x000000a8c5d00000,0x000000a8c5e00000)]
  0x000001f0d267a800 JavaThread "Finalizer" daemon [_thread_blocked, id=20508, stack(0x000000a8c5e00000,0x000000a8c5f00000)]
  0x000001f0d2692000 JavaThread "Signal Dispatcher" daemon [_thread_blocked, id=18548, stack(0x000000a8c5f00000,0x000000a8c6000000)]
  0x000001f0d2693000 JavaThread "Attach Listener" daemon [_thread_blocked, id=19132, stack(0x000000a8c6000000,0x000000a8c6100000)]
  0x000001f0d2696000 JavaThread "C2 CompilerThread0" daemon [_thread_blocked, id=16216, stack(0x000000a8c6100000,0x000000a8c6200000)]
  0x000001f0d26a0000 JavaThread "C1 CompilerThread0" daemon [_thread_blocked, id=20648, stack(0x000000a8c6200000,0x000000a8c6300000)]
  0x000001f0d26a2000 JavaThread "Sweeper thread" daemon [_thread_blocked, id=19828, stack(0x000000a8c6300000,0x000000a8c6400000)]
  0x000001f0d30e4800 JavaThread "Common-Cleaner" daemon [_thread_blocked, id=14536, stack(0x000000a8c6400000,0x000000a8c6500000)]
  0x000001f0d30e8800 JavaThread "Service Thread" daemon [_thread_blocked, id=18224, stack(0x000000a8c6500000,0x000000a8c6600000)]
  0x000001f0d40f9000 JavaThread "Daemon health stats" [_thread_blocked, id=8972, stack(0x000000a8c6a00000,0x000000a8c6b00000)]
  0x000001f0d45f3800 JavaThread "Incoming local TCP Connector on port 51520" [_thread_in_native, id=16572, stack(0x000000a8c6c00000,0x000000a8c6d00000)]
  0x000001f0d5043800 JavaThread "Daemon periodic checks" [_thread_blocked, id=11280, stack(0x000000a8c6d00000,0x000000a8c6e00000)]
  0x000001f0d448f000 JavaThread "Daemon" [_thread_blocked, id=16820, stack(0x000000a8c6e00000,0x000000a8c6f00000)]
  0x000001f0d4b05000 JavaThread "Handler for socket connection from /127.0.0.1:51520 to /127.0.0.1:51521" [_thread_in_native, id=8100, stack(0x000000a8c6f00000,0x000000a8c7000000)]
  0x000001f0d437f800 JavaThread "Cancel handler" [_thread_blocked, id=11088, stack(0x000000a8c7000000,0x000000a8c7100000)]
  0x000001f0d46b8800 JavaThread "Daemon worker" [_thread_in_vm, id=2612, stack(0x000000a8c7100000,0x000000a8c7200000)]
  0x000001f0d4000800 JavaThread "Asynchronous log dispatcher for DefaultDaemonConnection: socket connection from /127.0.0.1:51520 to /127.0.0.1:51521" [_thread_blocked, id=12328, stack(0x000000a8c7200000,0x000000a8c7300000)]
  0x000001f0d48e1800 JavaThread "Stdin handler" [_thread_blocked, id=11472, stack(0x000000a8c7300000,0x000000a8c7400000)]
  0x000001f0d3ce3800 JavaThread "Thread-8" [_thread_blocked, id=20628, stack(0x000000a8c7400000,0x000000a8c7500000)]
  0x000001f0d4fc2800 JavaThread "Cache worker for journal cache (C:\Users\User\.gradle\caches\journal-1)" [_thread_blocked, id=23148, stack(0x000000a8c7500000,0x000000a8c7600000)]
  0x000001f0d4fc3800 JavaThread "File lock request listener" [_thread_in_native, id=20424, stack(0x000000a8c7600000,0x000000a8c7700000)]
  0x000001f0d4fc7800 JavaThread "Cache worker for file hash cache (C:\Users\User\.gradle\caches\6.5\fileHashes)" [_thread_blocked, id=19952, stack(0x000000a8c7800000,0x000000a8c7900000)]
  0x000001f0d4fc6000 JavaThread "Cache worker for file hash cache (C:\Users\User\Documents\Semester 4\ImageOpener\.gradle\6.5\fileHashes)" [_thread_blocked, id=2860, stack(0x000000a8c7a00000,0x000000a8c7b00000)]
=>0x000001f0d4fc5000 JavaThread "C2 CompilerThread1" daemon [_thread_in_native, id=3440, stack(0x000000a8c7900000,0x000000a8c7a00000)]
  0x000001f0d4fc6800 JavaThread "Cache worker for checksums cache (C:\Users\User\Documents\Semester 4\ImageOpener\.gradle\checksums)" [_thread_blocked, id=6988, stack(0x000000a8c7b00000,0x000000a8c7c00000)]
  0x000001f0d4fc8800 JavaThread "Cache worker for cache directory md-supplier (C:\Users\User\.gradle\caches\6.5\md-supplier)" [_thread_blocked, id=6972, stack(0x000000a8c7c00000,0x000000a8c7d00000)]

Other Threads:
  0x000001f0d2673000 VMThread "VM Thread" [stack: 0x000000a8c5c00000,0x000000a8c5d00000] [id=4428]
  0x000001f0d30eb000 WatcherThread [stack: 0x000000a8c6600000,0x000000a8c6700000] [id=12796]
  0x000001f0b41f2000 GCTaskThread "GC Thread#0" [stack: 0x000000a8c5700000,0x000000a8c5800000] [id=11184]
  0x000001f0d3467000 GCTaskThread "GC Thread#1" [stack: 0x000000a8c6800000,0x000000a8c6900000] [id=17840]
  0x000001f0d3351000 GCTaskThread "GC Thread#2" [stack: 0x000000a8c6900000,0x000000a8c6a00000] [id=11260]
  0x000001f0d3f40000 GCTaskThread "GC Thread#3" [stack: 0x000000a8c7700000,0x000000a8c7800000] [id=12640]
  0x000001f0b4200000 ConcurrentGCThread "G1 Main Marker" [stack: 0x000000a8c5800000,0x000000a8c5900000] [id=8568]
  0x000001f0b4201800 ConcurrentGCThread "G1 Conc#0" [stack: 0x000000a8c5900000,0x000000a8c5a00000] [id=22472]
  0x000001f0d2500800 ConcurrentGCThread "G1 Refine#0" [stack: 0x000000a8c5a00000,0x000000a8c5b00000] [id=21908]
  0x000001f0d2501800 ConcurrentGCThread "G1 Young RemSet Sampling" [stack: 0x000000a8c5b00000,0x000000a8c5c00000] [id=11336]

Threads with active compile tasks:
C2 CompilerThread1  2158   !   4       java.net.URLClassLoader$1::run (63 bytes)

VM state:not at safepoint (normal execution)

VM Mutex/Monitor currently owned by a thread: None

Heap address: 0x0000000080000000, size: 2048 MB, Compressed Oops mode: 32-bit
Narrow klass base: 0x0000000800000000, Narrow klass shift: 3
Compressed class space size: 1073741824 Address: 0x0000000801190000

Heap:
 garbage-first heap   total 155648K, used 23477K [0x0000000080000000, 0x0000000100000000)
  region size 1024K, 11 young (11264K), 5 survivors (5120K)
 Metaspace       used 19213K, capacity 19822K, committed 19968K, reserved 1067008K
  class space    used 2752K, capacity 2970K, committed 3072K, reserved 1048576K
Heap Regions: E=young(eden), S=young(survivor), O=old, HS=humongous(starts), HC=humongous(continues), CS=collection set, F=free, A=archive, TAMS=top-at-mark-start (previous, next)
|   0|0x0000000080000000, 0x0000000080100000, 0x0000000080100000|100%| O|  |TAMS 0x0000000080000000, 0x0000000080000000| Untracked 
|   1|0x0000000080100000, 0x0000000080200000, 0x0000000080200000|100%| O|  |TAMS 0x0000000080100000, 0x0000000080100000| Untracked 
|   2|0x0000000080200000, 0x0000000080300000, 0x0000000080300000|100%| O|  |TAMS 0x0000000080200000, 0x0000000080200000| Untracked 
|   3|0x0000000080300000, 0x0000000080400000, 0x0000000080400000|100%|HS|  |TAMS 0x0000000080300000, 0x0000000080300000| Complete 
|   4|0x0000000080400000, 0x0000000080500000, 0x0000000080500000|100%|HC|  |TAMS 0x0000000080400000, 0x0000000080400000| Complete 
|   5|0x0000000080500000, 0x0000000080600000, 0x0000000080600000|100%|HC|  |TAMS 0x0000000080500000, 0x0000000080500000| Complete 
|   6|0x0000000080600000, 0x0000000080700000, 0x0000000080700000|100%| O|  |TAMS 0x0000000080600000, 0x0000000080600000| Untracked 
|   7|0x0000000080700000, 0x0000000080800000, 0x0000000080800000|100%| O|  |TAMS 0x0000000080700000, 0x0000000080700000| Untracked 
|   8|0x0000000080800000, 0x0000000080900000, 0x0000000080900000|100%| O|  |TAMS 0x0000000080800000, 0x0000000080800000| Untracked 
|   9|0x0000000080900000, 0x0000000080a00000, 0x0000000080a00000|100%| O|  |TAMS 0x0000000080900000, 0x0000000080900000| Untracked 
|  10|0x0000000080a00000, 0x0000000080b00000, 0x0000000080b00000|100%| O|  |TAMS 0x0000000080a00000, 0x0000000080a00000| Untracked 
|  11|0x0000000080b00000, 0x0000000080c00000, 0x0000000080c00000|100%| O|  |TAMS 0x0000000080b00000, 0x0000000080b00000| Untracked 
|  12|0x0000000080c00000, 0x0000000080d00000, 0x0000000080d00000|100%| O|  |TAMS 0x0000000080c00000, 0x0000000080c00000| Untracked 
|  13|0x0000000080d00000, 0x0000000080d09200, 0x0000000080e00000|  3%| O|  |TAMS 0x0000000080d00000, 0x0000000080d00000| Untracked 
|  14|0x0000000080e00000, 0x0000000080e00000, 0x0000000080f00000|  0%| F|  |TAMS 0x0000000080e00000, 0x0000000080e00000| Untracked 
|  15|0x0000000080f00000, 0x0000000080f00000, 0x0000000081000000|  0%| F|  |TAMS 0x0000000080f00000, 0x0000000080f00000| Untracked 
|  16|0x0000000081000000, 0x0000000081000000, 0x0000000081100000|  0%| F|  |TAMS 0x0000000081000000, 0x0000000081000000| Untracked 
|  17|0x0000000081100000, 0x0000000081100000, 0x0000000081200000|  0%| F|  |TAMS 0x0000000081100000, 0x0000000081100000| Untracked 
|  18|0x0000000081200000, 0x0000000081200000, 0x0000000081300000|  0%| F|  |TAMS 0x0000000081200000, 0x0000000081200000| Untracked 
|  19|0x0000000081300000, 0x0000000081300000, 0x0000000081400000|  0%| F|  |TAMS 0x0000000081300000, 0x0000000081300000| Untracked 
|  20|0x0000000081400000, 0x0000000081400000, 0x0000000081500000|  0%| F|  |TAMS 0x0000000081400000, 0x0000000081400000| Untracked 
|  21|0x0000000081500000, 0x0000000081500000, 0x0000000081600000|  0%| F|  |TAMS 0x0000000081500000, 0x0000000081500000| Untracked 
|  22|0x0000000081600000, 0x0000000081600000, 0x0000000081700000|  0%| F|  |TAMS 0x0000000081600000, 0x0000000081600000| Untracked 
|  23|0x0000000081700000, 0x0000000081700000, 0x0000000081800000|  0%| F|  |TAMS 0x0000000081700000, 0x0000000081700000| Untracked 
|  24|0x0000000081800000, 0x0000000081800000, 0x0000000081900000|  0%| F|  |TAMS 0x0000000081800000, 0x0000000081800000| Untracked 
|  25|0x0000000081900000, 0x0000000081900000, 0x0000000081a00000|  0%| F|  |TAMS 0x0000000081900000, 0x0000000081900000| Untracked 
|  26|0x0000000081a00000, 0x0000000081a00000, 0x0000000081b00000|  0%| F|  |TAMS 0x0000000081a00000, 0x0000000081a00000| Untracked 
|  27|0x0000000081b00000, 0x0000000081b00000, 0x0000000081c00000|  0%| F|  |TAMS 0x0000000081b00000, 0x0000000081b00000| Untracked 
|  28|0x0000000081c00000, 0x0000000081c00000, 0x0000000081d00000|  0%| F|  |TAMS 0x0000000081c00000, 0x0000000081c00000| Untracked 
|  29|0x0000000081d00000, 0x0000000081d00000, 0x0000000081e00000|  0%| F|  |TAMS 0x0000000081d00000, 0x0000000081d00000| Untracked 
|  30|0x0000000081e00000, 0x0000000081e00000, 0x0000000081f00000|  0%| F|  |TAMS 0x0000000081e00000, 0x0000000081e00000| Untracked 
|  31|0x0000000081f00000, 0x0000000081f00000, 0x0000000082000000|  0%| F|  |TAMS 0x0000000081f00000, 0x0000000081f00000| Untracked 
|  32|0x0000000082000000, 0x0000000082000000, 0x0000000082100000|  0%| F|  |TAMS 0x0000000082000000, 0x0000000082000000| Untracked 
|  33|0x0000000082100000, 0x0000000082100000, 0x0000000082200000|  0%| F|  |TAMS 0x0000000082100000, 0x0000000082100000| Untracked 
|  34|0x0000000082200000, 0x0000000082200000, 0x0000000082300000|  0%| F|  |TAMS 0x0000000082200000, 0x0000000082200000| Untracked 
|  35|0x0000000082300000, 0x0000000082300000, 0x0000000082400000|  0%| F|  |TAMS 0x0000000082300000, 0x0000000082300000| Untracked 
|  36|0x0000000082400000, 0x0000000082400000, 0x0000000082500000|  0%| F|  |TAMS 0x0000000082400000, 0x0000000082400000| Untracked 
|  37|0x0000000082500000, 0x0000000082500000, 0x0000000082600000|  0%| F|  |TAMS 0x0000000082500000, 0x0000000082500000| Untracked 
|  38|0x0000000082600000, 0x0000000082600000, 0x0000000082700000|  0%| F|  |TAMS 0x0000000082600000, 0x0000000082600000| Untracked 
|  39|0x0000000082700000, 0x0000000082700000, 0x0000000082800000|  0%| F|  |TAMS 0x0000000082700000, 0x0000000082700000| Untracked 
|  40|0x0000000082800000, 0x0000000082800000, 0x0000000082900000|  0%| F|  |TAMS 0x0000000082800000, 0x0000000082800000| Untracked 
|  41|0x0000000082900000, 0x0000000082900000, 0x0000000082a00000|  0%| F|  |TAMS 0x0000000082900000, 0x0000000082900000| Untracked 
|  42|0x0000000082a00000, 0x0000000082a00000, 0x0000000082b00000|  0%| F|  |TAMS 0x0000000082a00000, 0x0000000082a00000| Untracked 
|  43|0x0000000082b00000, 0x0000000082b00000, 0x0000000082c00000|  0%| F|  |TAMS 0x0000000082b00000, 0x0000000082b00000| Untracked 
|  44|0x0000000082c00000, 0x0000000082c00000, 0x0000000082d00000|  0%| F|  |TAMS 0x0000000082c00000, 0x0000000082c00000| Untracked 
|  45|0x0000000082d00000, 0x0000000082d00000, 0x0000000082e00000|  0%| F|  |TAMS 0x0000000082d00000, 0x0000000082d00000| Untracked 
|  46|0x0000000082e00000, 0x0000000082e00000, 0x0000000082f00000|  0%| F|  |TAMS 0x0000000082e00000, 0x0000000082e00000| Untracked 
|  47|0x0000000082f00000, 0x0000000082f00000, 0x0000000083000000|  0%| F|  |TAMS 0x0000000082f00000, 0x0000000082f00000| Untracked 
|  48|0x0000000083000000, 0x0000000083000000, 0x0000000083100000|  0%| F|  |TAMS 0x0000000083000000, 0x0000000083000000| Untracked 
|  49|0x0000000083100000, 0x0000000083100000, 0x0000000083200000|  0%| F|  |TAMS 0x0000000083100000, 0x0000000083100000| Untracked 
|  50|0x0000000083200000, 0x0000000083200000, 0x0000000083300000|  0%| F|  |TAMS 0x0000000083200000, 0x0000000083200000| Untracked 
|  51|0x0000000083300000, 0x0000000083300000, 0x0000000083400000|  0%| F|  |TAMS 0x0000000083300000, 0x0000000083300000| Untracked 
|  52|0x0000000083400000, 0x0000000083400000, 0x0000000083500000|  0%| F|  |TAMS 0x0000000083400000, 0x0000000083400000| Untracked 
|  53|0x0000000083500000, 0x0000000083500000, 0x0000000083600000|  0%| F|  |TAMS 0x0000000083500000, 0x0000000083500000| Untracked 
|  54|0x0000000083600000, 0x0000000083600000, 0x0000000083700000|  0%| F|  |TAMS 0x0000000083600000, 0x0000000083600000| Untracked 
|  55|0x0000000083700000, 0x0000000083700000, 0x0000000083800000|  0%| F|  |TAMS 0x0000000083700000, 0x0000000083700000| Untracked 
|  56|0x0000000083800000, 0x0000000083800000, 0x0000000083900000|  0%| F|  |TAMS 0x0000000083800000, 0x0000000083800000| Untracked 
|  57|0x0000000083900000, 0x0000000083900000, 0x0000000083a00000|  0%| F|  |TAMS 0x0000000083900000, 0x0000000083900000| Untracked 
|  58|0x0000000083a00000, 0x0000000083a00000, 0x0000000083b00000|  0%| F|  |TAMS 0x0000000083a00000, 0x0000000083a00000| Untracked 
|  59|0x0000000083b00000, 0x0000000083b00000, 0x0000000083c00000|  0%| F|  |TAMS 0x0000000083b00000, 0x0000000083b00000| Untracked 
|  60|0x0000000083c00000, 0x0000000083c00000, 0x0000000083d00000|  0%| F|  |TAMS 0x0000000083c00000, 0x0000000083c00000| Untracked 
|  61|0x0000000083d00000, 0x0000000083d00000, 0x0000000083e00000|  0%| F|  |TAMS 0x0000000083d00000, 0x0000000083d00000| Untracked 
|  62|0x0000000083e00000, 0x0000000083e00000, 0x0000000083f00000|  0%| F|  |TAMS 0x0000000083e00000, 0x0000000083e00000| Untracked 
|  63|0x0000000083f00000, 0x0000000083f00000, 0x0000000084000000|  0%| F|  |TAMS 0x0000000083f00000, 0x0000000083f00000| Untracked 
|  64|0x0000000084000000, 0x0000000084000000, 0x0000000084100000|  0%| F|  |TAMS 0x0000000084000000, 0x0000000084000000| Untracked 
|  65|0x0000000084100000, 0x0000000084100000, 0x0000000084200000|  0%| F|  |TAMS 0x0000000084100000, 0x0000000084100000| Untracked 
|  66|0x0000000084200000, 0x00000000842e4440, 0x0000000084300000| 89%| S|CS|TAMS 0x0000000084200000, 0x0000000084200000| Complete 
|  67|0x0000000084300000, 0x0000000084400000, 0x0000000084400000|100%| S|CS|TAMS 0x0000000084300000, 0x0000000084300000| Complete 
|  68|0x0000000084400000, 0x0000000084500000, 0x0000000084500000|100%| S|CS|TAMS 0x0000000084400000, 0x0000000084400000| Complete 
|  69|0x0000000084500000, 0x0000000084600000, 0x0000000084600000|100%| S|CS|TAMS 0x0000000084500000, 0x0000000084500000| Complete 
|  70|0x0000000084600000, 0x0000000084700000, 0x0000000084700000|100%| S|CS|TAMS 0x0000000084600000, 0x0000000084600000| Complete 
|  71|0x0000000084700000, 0x0000000084700000, 0x0000000084800000|  0%| F|  |TAMS 0x0000000084700000, 0x0000000084700000| Untracked 
|  72|0x0000000084800000, 0x0000000084800000, 0x0000000084900000|  0%| F|  |TAMS 0x0000000084800000, 0x0000000084800000| Untracked 
|  73|0x0000000084900000, 0x0000000084900000, 0x0000000084a00000|  0%| F|  |TAMS 0x0000000084900000, 0x0000000084900000| Untracked 
|  74|0x0000000084a00000, 0x0000000084a00000, 0x0000000084b00000|  0%| F|  |TAMS 0x0000000084a00000, 0x0000000084a00000| Untracked 
|  75|0x0000000084b00000, 0x0000000084b00000, 0x0000000084c00000|  0%| F|  |TAMS 0x0000000084b00000, 0x0000000084b00000| Untracked 
|  76|0x0000000084c00000, 0x0000000084c00000, 0x0000000084d00000|  0%| F|  |TAMS 0x0000000084c00000, 0x0000000084c00000| Untracked 
|  77|0x0000000084d00000, 0x0000000084d00000, 0x0000000084e00000|  0%| F|  |TAMS 0x0000000084d00000, 0x0000000084d00000| Untracked 
|  78|0x0000000084e00000, 0x0000000084e00000, 0x0000000084f00000|  0%| F|  |TAMS 0x0000000084e00000, 0x0000000084e00000| Untracked 
|  79|0x0000000084f00000, 0x0000000084f00000, 0x0000000085000000|  0%| F|  |TAMS 0x0000000084f00000, 0x0000000084f00000| Untracked 
|  80|0x0000000085000000, 0x0000000085000000, 0x0000000085100000|  0%| F|  |TAMS 0x0000000085000000, 0x0000000085000000| Untracked 
|  81|0x0000000085100000, 0x0000000085100000, 0x0000000085200000|  0%| F|  |TAMS 0x0000000085100000, 0x0000000085100000| Untracked 
|  82|0x0000000085200000, 0x0000000085200000, 0x0000000085300000|  0%| F|  |TAMS 0x0000000085200000, 0x0000000085200000| Untracked 
|  83|0x0000000085300000, 0x0000000085300000, 0x0000000085400000|  0%| F|  |TAMS 0x0000000085300000, 0x0000000085300000| Untracked 
|  84|0x0000000085400000, 0x0000000085400000, 0x0000000085500000|  0%| F|  |TAMS 0x0000000085400000, 0x0000000085400000| Untracked 
|  85|0x0000000085500000, 0x0000000085500000, 0x0000000085600000|  0%| F|  |TAMS 0x0000000085500000, 0x0000000085500000| Untracked 
|  86|0x0000000085600000, 0x0000000085600000, 0x0000000085700000|  0%| F|  |TAMS 0x0000000085600000, 0x0000000085600000| Untracked 
|  87|0x0000000085700000, 0x0000000085700000, 0x0000000085800000|  0%| F|  |TAMS 0x0000000085700000, 0x0000000085700000| Untracked 
|  88|0x0000000085800000, 0x0000000085800000, 0x0000000085900000|  0%| F|  |TAMS 0x0000000085800000, 0x0000000085800000| Untracked 
|  89|0x0000000085900000, 0x0000000085900000, 0x0000000085a00000|  0%| F|  |TAMS 0x0000000085900000, 0x0000000085900000| Untracked 
|  90|0x0000000085a00000, 0x0000000085a00000, 0x0000000085b00000|  0%| F|  |TAMS 0x0000000085a00000, 0x0000000085a00000| Untracked 
|  91|0x0000000085b00000, 0x0000000085b00000, 0x0000000085c00000|  0%| F|  |TAMS 0x0000000085b00000, 0x0000000085b00000| Untracked 
|  92|0x0000000085c00000, 0x0000000085c00000, 0x0000000085d00000|  0%| F|  |TAMS 0x0000000085c00000, 0x0000000085c00000| Untracked 
|  93|0x0000000085d00000, 0x0000000085d00000, 0x0000000085e00000|  0%| F|  |TAMS 0x0000000085d00000, 0x0000000085d00000| Untracked 
|  94|0x0000000085e00000, 0x0000000085e00000, 0x0000000085f00000|  0%| F|  |TAMS 0x0000000085e00000, 0x0000000085e00000| Untracked 
|  95|0x0000000085f00000, 0x0000000085f00000, 0x0000000086000000|  0%| F|  |TAMS 0x0000000085f00000, 0x0000000085f00000| Untracked 
|  96|0x0000000086000000, 0x0000000086000000, 0x0000000086100000|  0%| F|  |TAMS 0x0000000086000000, 0x0000000086000000| Untracked 
|  97|0x0000000086100000, 0x0000000086100000, 0x0000000086200000|  0%| F|  |TAMS 0x0000000086100000, 0x0000000086100000| Untracked 
|  98|0x0000000086200000, 0x0000000086200000, 0x0000000086300000|  0%| F|  |TAMS 0x0000000086200000, 0x0000000086200000| Untracked 
|  99|0x0000000086300000, 0x0000000086300000, 0x0000000086400000|  0%| F|  |TAMS 0x0000000086300000, 0x0000000086300000| Untracked 
| 100|0x0000000086400000, 0x0000000086400000, 0x0000000086500000|  0%| F|  |TAMS 0x0000000086400000, 0x0000000086400000| Untracked 
| 101|0x0000000086500000, 0x0000000086500000, 0x0000000086600000|  0%| F|  |TAMS 0x0000000086500000, 0x0000000086500000| Untracked 
| 102|0x0000000086600000, 0x0000000086600000, 0x0000000086700000|  0%| F|  |TAMS 0x0000000086600000, 0x0000000086600000| Untracked 
| 103|0x0000000086700000, 0x0000000086700000, 0x0000000086800000|  0%| F|  |TAMS 0x0000000086700000, 0x0000000086700000| Untracked 
| 104|0x0000000086800000, 0x0000000086800000, 0x0000000086900000|  0%| F|  |TAMS 0x0000000086800000, 0x0000000086800000| Untracked 
| 105|0x0000000086900000, 0x0000000086900000, 0x0000000086a00000|  0%| F|  |TAMS 0x0000000086900000, 0x0000000086900000| Untracked 
| 106|0x0000000086a00000, 0x0000000086a00000, 0x0000000086b00000|  0%| F|  |TAMS 0x0000000086a00000, 0x0000000086a00000| Untracked 
| 107|0x0000000086b00000, 0x0000000086b00000, 0x0000000086c00000|  0%| F|  |TAMS 0x0000000086b00000, 0x0000000086b00000| Untracked 
| 108|0x0000000086c00000, 0x0000000086c00000, 0x0000000086d00000|  0%| F|  |TAMS 0x0000000086c00000, 0x0000000086c00000| Untracked 
| 109|0x0000000086d00000, 0x0000000086d00000, 0x0000000086e00000|  0%| F|  |TAMS 0x0000000086d00000, 0x0000000086d00000| Untracked 
| 110|0x0000000086e00000, 0x0000000086e00000, 0x0000000086f00000|  0%| F|  |TAMS 0x0000000086e00000, 0x0000000086e00000| Untracked 
| 111|0x0000000086f00000, 0x0000000086f00000, 0x0000000087000000|  0%| F|  |TAMS 0x0000000086f00000, 0x0000000086f00000| Untracked 
| 112|0x0000000087000000, 0x0000000087000000, 0x0000000087100000|  0%| F|  |TAMS 0x0000000087000000, 0x0000000087000000| Untracked 
| 113|0x0000000087100000, 0x0000000087100000, 0x0000000087200000|  0%| F|  |TAMS 0x0000000087100000, 0x0000000087100000| Untracked 
| 114|0x0000000087200000, 0x0000000087200000, 0x0000000087300000|  0%| F|  |TAMS 0x0000000087200000, 0x0000000087200000| Untracked 
| 115|0x0000000087300000, 0x0000000087300000, 0x0000000087400000|  0%| F|  |TAMS 0x0000000087300000, 0x0000000087300000| Untracked 
| 116|0x0000000087400000, 0x0000000087400000, 0x0000000087500000|  0%| F|  |TAMS 0x0000000087400000, 0x0000000087400000| Untracked 
| 117|0x0000000087500000, 0x0000000087500000, 0x0000000087600000|  0%| F|  |TAMS 0x0000000087500000, 0x0000000087500000| Untracked 
| 118|0x0000000087600000, 0x0000000087600000, 0x0000000087700000|  0%| F|  |TAMS 0x0000000087600000, 0x0000000087600000| Untracked 
| 119|0x0000000087700000, 0x0000000087700000, 0x0000000087800000|  0%| F|  |TAMS 0x0000000087700000, 0x0000000087700000| Untracked 
| 120|0x0000000087800000, 0x0000000087800000, 0x0000000087900000|  0%| F|  |TAMS 0x0000000087800000, 0x0000000087800000| Untracked 
| 121|0x0000000087900000, 0x0000000087900000, 0x0000000087a00000|  0%| F|  |TAMS 0x0000000087900000, 0x0000000087900000| Untracked 
| 122|0x0000000087a00000, 0x0000000087a00000, 0x0000000087b00000|  0%| F|  |TAMS 0x0000000087a00000, 0x0000000087a00000| Untracked 
| 123|0x0000000087b00000, 0x0000000087b00000, 0x0000000087c00000|  0%| F|  |TAMS 0x0000000087b00000, 0x0000000087b00000| Untracked 
| 124|0x0000000087c00000, 0x0000000087c00000, 0x0000000087d00000|  0%| F|  |TAMS 0x0000000087c00000, 0x0000000087c00000| Untracked 
| 125|0x0000000087d00000, 0x0000000087d00000, 0x0000000087e00000|  0%| F|  |TAMS 0x0000000087d00000, 0x0000000087d00000| Untracked 
| 126|0x0000000087e00000, 0x0000000087e00000, 0x0000000087f00000|  0%| F|  |TAMS 0x0000000087e00000, 0x0000000087e00000| Untracked 
| 127|0x0000000087f00000, 0x0000000087f00000, 0x0000000088000000|  0%| F|  |TAMS 0x0000000087f00000, 0x0000000087f00000| Untracked 
| 128|0x0000000088000000, 0x0000000088000000, 0x0000000088100000|  0%| F|  |TAMS 0x0000000088000000, 0x0000000088000000| Untracked 
| 129|0x0000000088100000, 0x0000000088100000, 0x0000000088200000|  0%| F|  |TAMS 0x0000000088100000, 0x0000000088100000| Untracked 
| 130|0x0000000088200000, 0x0000000088200000, 0x0000000088300000|  0%| F|  |TAMS 0x0000000088200000, 0x0000000088200000| Untracked 
| 131|0x0000000088300000, 0x0000000088300000, 0x0000000088400000|  0%| F|  |TAMS 0x0000000088300000, 0x0000000088300000| Untracked 
| 132|0x0000000088400000, 0x0000000088400000, 0x0000000088500000|  0%| F|  |TAMS 0x0000000088400000, 0x0000000088400000| Untracked 
| 133|0x0000000088500000, 0x0000000088500000, 0x0000000088600000|  0%| F|  |TAMS 0x0000000088500000, 0x0000000088500000| Untracked 
| 134|0x0000000088600000, 0x0000000088600000, 0x0000000088700000|  0%| F|  |TAMS 0x0000000088600000, 0x0000000088600000| Untracked 
| 135|0x0000000088700000, 0x0000000088700000, 0x0000000088800000|  0%| F|  |TAMS 0x0000000088700000, 0x0000000088700000| Untracked 
| 136|0x0000000088800000, 0x0000000088800000, 0x0000000088900000|  0%| F|  |TAMS 0x0000000088800000, 0x0000000088800000| Untracked 
| 137|0x0000000088900000, 0x0000000088900000, 0x0000000088a00000|  0%| F|  |TAMS 0x0000000088900000, 0x0000000088900000| Untracked 
| 138|0x0000000088a00000, 0x0000000088a00000, 0x0000000088b00000|  0%| F|  |TAMS 0x0000000088a00000, 0x0000000088a00000| Untracked 
| 139|0x0000000088b00000, 0x0000000088b00000, 0x0000000088c00000|  0%| F|  |TAMS 0x0000000088b00000, 0x0000000088b00000| Untracked 
| 140|0x0000000088c00000, 0x0000000088c00000, 0x0000000088d00000|  0%| F|  |TAMS 0x0000000088c00000, 0x0000000088c00000| Untracked 
| 141|0x0000000088d00000, 0x0000000088d00000, 0x0000000088e00000|  0%| F|  |TAMS 0x0000000088d00000, 0x0000000088d00000| Untracked 
| 142|0x0000000088e00000, 0x0000000088e00000, 0x0000000088f00000|  0%| F|  |TAMS 0x0000000088e00000, 0x0000000088e00000| Untracked 
| 143|0x0000000088f00000, 0x0000000088f00000, 0x0000000089000000|  0%| F|  |TAMS 0x0000000088f00000, 0x0000000088f00000| Untracked 
| 144|0x0000000089000000, 0x0000000089000000, 0x0000000089100000|  0%| F|  |TAMS 0x0000000089000000, 0x0000000089000000| Untracked 
| 145|0x0000000089100000, 0x0000000089100000, 0x0000000089200000|  0%| F|  |TAMS 0x0000000089100000, 0x0000000089100000| Untracked 
| 146|0x0000000089200000, 0x0000000089293a08, 0x0000000089300000| 57%| E|  |TAMS 0x0000000089200000, 0x0000000089200000| Complete 
| 147|0x0000000089300000, 0x0000000089400000, 0x0000000089400000|100%| E|CS|TAMS 0x0000000089300000, 0x0000000089300000| Complete 
| 148|0x0000000089400000, 0x0000000089500000, 0x0000000089500000|100%| E|CS|TAMS 0x0000000089400000, 0x0000000089400000| Complete 
| 149|0x0000000089500000, 0x0000000089600000, 0x0000000089600000|100%| E|CS|TAMS 0x0000000089500000, 0x0000000089500000| Complete 
| 150|0x0000000089600000, 0x0000000089700000, 0x0000000089700000|100%| E|CS|TAMS 0x0000000089600000, 0x0000000089600000| Complete 
| 151|0x0000000089700000, 0x0000000089800000, 0x0000000089800000|100%| E|CS|TAMS 0x0000000089700000, 0x0000000089700000| Complete 

Card table byte_map: [0x000001f0cb9c0000,0x000001f0cbdc0000] _byte_map_base: 0x000001f0cb5c0000

Marking Bits (Prev, Next): (CMBitMap*) 0x000001f0b41f2fe8, (CMBitMap*) 0x000001f0b41f3028
 Prev Bits: [0x000001f0cc1c0000, 0x000001f0ce1c0000)
 Next Bits: [0x000001f0ce1c0000, 0x000001f0d01c0000)

Polling page: 0x000001f0b1f30000

Metaspace:

Usage:
  Non-class:     16.52 MB capacity,    16.12 MB ( 98%) used,   369.09 KB (  2%) free+waste,    42.13 KB ( <1%) overhead. 
      Class:      2.90 MB capacity,     2.69 MB ( 93%) used,   192.51 KB (  6%) free+waste,    22.75 KB ( <1%) overhead. 
       Both:     19.42 MB capacity,    18.81 MB ( 97%) used,   561.59 KB (  3%) free+waste,    64.88 KB ( <1%) overhead. 

Virtual space:
  Non-class space:       18.00 MB reserved,      16.75 MB ( 93%) committed 
      Class space:        1.00 GB reserved,       3.00 MB ( <1%) committed 
             Both:        1.02 GB reserved,      19.75 MB (  2%) committed 

Chunk freelists:
   Non-Class:  5.50 KB
       Class:  768 bytes
        Both:  6.25 KB

CodeHeap 'non-profiled nmethods': size=120064Kb used=1014Kb max_used=1014Kb free=119049Kb
 bounds [0x000001f0c4080000, 0x000001f0c42f0000, 0x000001f0cb5c0000]
CodeHeap 'profiled nmethods': size=120000Kb used=4476Kb max_used=4476Kb free=115523Kb
 bounds [0x000001f0bcb50000, 0x000001f0bcfc0000, 0x000001f0c4080000]
CodeHeap 'non-nmethods': size=5696Kb used=1166Kb max_used=1200Kb free=4529Kb
 bounds [0x000001f0bc5c0000, 0x000001f0bc830000, 0x000001f0bcb50000]
 total_blobs=3243 nmethods=2026 adapters=401
 compilation: enabled
              stopped_count=0, restarted_count=0
 full_count=0

Compilation events (10 events):
Event: 3.739 Thread 0x000001f0d26a0000 2223       3       java.util.concurrent.ConcurrentHashMap::<init> (5 bytes)
Event: 3.739 Thread 0x000001f0d26a0000 nmethod 2223 0x000001f0bcfa6510 code [0x000001f0bcfa66e0, 0x000001f0bcfa6918]
Event: 3.762 Thread 0x000001f0d26a0000 2224       3       java.util.concurrent.ConcurrentHashMap::tableSizeFor (32 bytes)
Event: 3.762 Thread 0x000001f0d26a0000 nmethod 2224 0x000001f0bcfa6a10 code [0x000001f0bcfa6be0, 0x000001f0bcfa6e30]
Event: 3.776 Thread 0x000001f0d2696000 2225       4       java.lang.Integer::stringSize (47 bytes)
Event: 3.778 Thread 0x000001f0d2696000 nmethod 2225 0x000001f0c417ba10 code [0x000001f0c417bba0, 0x000001f0c417bc78]
Event: 3.778 Thread 0x000001f0d2696000 2226       4       java.lang.Integer::getChars (131 bytes)
Event: 3.786 Thread 0x000001f0d2696000 nmethod 2226 0x000001f0c417bd10 code [0x000001f0c417bec0, 0x000001f0c417c298]
Event: 3.796 Thread 0x000001f0d26a0000 2227       3       java.lang.invoke.DirectMethodHandle::preparedLambdaForm (6 bytes)
Event: 3.797 Thread 0x000001f0d26a0000 nmethod 2227 0x000001f0bcfa6f10 code [0x000001f0bcfa70e0, 0x000001f0bcfa7250]

GC Heap History (10 events):
Event: 0.505 GC heap before
{Heap before GC invocations=0 (full 0):
 garbage-first heap   total 129024K, used 20480K [0x0000000080000000, 0x0000000100000000)
  region size 1024K, 14 young (14336K), 0 survivors (0K)
 Metaspace       used 1878K, capacity 5353K, committed 5504K, reserved 1056768K
  class space    used 213K, capacity 549K, committed 640K, reserved 1048576K
}
Event: 0.510 GC heap after
{Heap after GC invocations=1 (full 0):
 garbage-first heap   total 129024K, used 8072K [0x0000000080000000, 0x0000000100000000)
  region size 1024K, 2 young (2048K), 2 survivors (2048K)
 Metaspace       used 1878K, capacity 5353K, committed 5504K, reserved 1056768K
  class space    used 213K, capacity 549K, committed 640K, reserved 1048576K
}
Event: 0.837 GC heap before
{Heap before GC invocations=1 (full 0):
 garbage-first heap   total 129024K, used 19336K [0x0000000080000000, 0x0000000100000000)
  region size 1024K, 13 young (13312K), 2 survivors (2048K)
 Metaspace       used 3833K, capacity 6665K, committed 7040K, reserved 1056768K
  class space    used 500K, capacity 774K, committed 896K, reserved 1048576K
}
Event: 0.840 GC heap after
{Heap after GC invocations=2 (full 0):
 garbage-first heap   total 129024K, used 8814K [0x0000000080000000, 0x0000000100000000)
  region size 1024K, 1 young (1024K), 1 survivors (1024K)
 Metaspace       used 3833K, capacity 6665K, committed 7040K, reserved 1056768K
  class space    used 500K, capacity 774K, committed 896K, reserved 1048576K
}
Event: 1.254 GC heap before
{Heap before GC invocations=2 (full 0):
 garbage-first heap   total 129024K, used 39534K [0x0000000080000000, 0x0000000100000000)
  region size 1024K, 31 young (31744K), 1 survivors (1024K)
 Metaspace       used 4095K, capacity 6817K, committed 7040K, reserved 1056768K
  class space    used 529K, capacity 846K, committed 896K, reserved 1048576K
}
Event: 1.257 GC heap after
{Heap after GC invocations=3 (full 0):
 garbage-first heap   total 129024K, used 13291K [0x0000000080000000, 0x0000000100000000)
  region size 1024K, 4 young (4096K), 4 survivors (4096K)
 Metaspace       used 4095K, capacity 6817K, committed 7040K, reserved 1056768K
  class space    used 529K, capacity 846K, committed 896K, reserved 1048576K
}
Event: 2.683 GC heap before
{Heap before GC invocations=3 (full 0):
 garbage-first heap   total 129024K, used 55275K [0x0000000080000000, 0x0000000100000000)
  region size 1024K, 46 young (47104K), 4 survivors (4096K)
 Metaspace       used 11760K, capacity 12154K, committed 12288K, reserved 1060864K
  class space    used 1653K, capacity 1788K, committed 1792K, reserved 1048576K
}
Event: 2.690 GC heap after
{Heap after GC invocations=4 (full 0):
 garbage-first heap   total 129024K, used 16420K [0x0000000080000000, 0x0000000100000000)
  region size 1024K, 3 young (3072K), 3 survivors (3072K)
 Metaspace       used 11760K, capacity 12154K, committed 12288K, reserved 1060864K
  class space    used 1653K, capacity 1788K, committed 1792K, reserved 1048576K
}
Event: 3.740 GC heap before
{Heap before GC invocations=4 (full 0):
 garbage-first heap   total 129024K, used 69668K [0x0000000080000000, 0x0000000100000000)
  region size 1024K, 55 young (56320K), 3 survivors (3072K)
 Metaspace       used 18741K, capacity 19279K, committed 19328K, reserved 1064960K
  class space    used 2692K, capacity 2895K, committed 2944K, reserved 1048576K
}
Event: 3.755 GC heap after
{Heap after GC invocations=5 (full 0):
 garbage-first heap   total 155648K, used 18357K [0x0000000080000000, 0x0000000100000000)
  region size 1024K, 5 young (5120K), 5 survivors (5120K)
 Metaspace       used 18741K, capacity 19279K, committed 19328K, reserved 1064960K
  class space    used 2692K, capacity 2895K, committed 2944K, reserved 1048576K
}

Deoptimization events (10 events):
Event: 2.841 Thread 0x000001f0d46b8800 Uncommon trap: reason=unstable_if action=reinterpret pc=0x000001f0c40b5da0 method=java.util.HashMap.getNode(ILjava/lang/Object;)Ljava/util/HashMap$Node; @ 129 c2
Event: 2.842 Thread 0x000001f0d46b8800 Uncommon trap: reason=bimorphic_or_optimized_type_check action=maybe_recompile pc=0x000001f0c40e4b24 method=java.util.HashMap.putVal(ILjava/lang/Object;Ljava/lang/Object;ZZ)Ljava/lang/Object; @ 203 c2
Event: 2.906 Thread 0x000001f0d46b8800 Uncommon trap: reason=intrinsic_or_type_checked_inlining action=make_not_entrant pc=0x000001f0c414a408 method=java.util.Arrays.copyOf([Ljava/lang/Object;ILjava/lang/Class;)[Ljava/lang/Object; @ 35 c2
Event: 2.973 Thread 0x000001f0d46b8800 Uncommon trap: reason=unstable_if action=reinterpret pc=0x000001f0c40f6b0c method=java.util.concurrent.ConcurrentHashMap.get(Ljava/lang/Object;)Ljava/lang/Object; @ 76 c2
Event: 3.046 Thread 0x000001f0d46b8800 Uncommon trap: reason=unstable_if action=reinterpret pc=0x000001f0c4140174 method=java.util.HashMap.getNode(ILjava/lang/Object;)Ljava/util/HashMap$Node; @ 129 c2
Event: 3.320 Thread 0x000001f0d46b8800 Uncommon trap: reason=speculate_null_check action=make_not_entrant pc=0x000001f0c4168104 method=java.net.URLClassLoader.findClass(Ljava/lang/String;)Ljava/lang/Class; @ 33 c2
Event: 3.487 Thread 0x000001f0d46b8800 Uncommon trap: reason=unstable_if action=reinterpret pc=0x000001f0c409e968 method=java.net.URI.match(CJJ)Z @ 19 c2
Event: 3.487 Thread 0x000001f0d46b8800 Uncommon trap: reason=unstable_if action=reinterpret pc=0x000001f0c40c92bc method=java.net.URI.match(CJJ)Z @ 19 c2
Event: 3.602 Thread 0x000001f0d46b8800 Uncommon trap: reason=unstable_if action=reinterpret pc=0x000001f0c415ab74 method=java.util.HashMap.hash(Ljava/lang/Object;)I @ 1 c2
Event: 3.630 Thread 0x000001f0d46b8800 Uncommon trap: reason=unstable_if action=reinterpret pc=0x000001f0c4112ddc method=java.util.HashMap.hash(Ljava/lang/Object;)I @ 1 c2

Classes redefined (0 events):
No events

Internal exceptions (10 events):
Event: 3.405 Thread 0x000001f0d46b8800 Exception <a 'java/lang/NoSuchMethodError'{0x00000000858c7610}: java.lang.invoke.Invokers$Holder.linkToTargetMethod(Ljava/lang/Object;ILjava/lang/Object;)Ljava/lang/Object;> (0x00000000858c7610) thrown at [t:/workspace/open/src/hotspot/share/interpreter/l
Event: 3.602 Thread 0x000001f0d46b8800 Implicit null exception at 0x000001f0c415a985 to 0x000001f0c415ab62
Event: 3.630 Thread 0x000001f0d46b8800 Implicit null exception at 0x000001f0c4112d4f to 0x000001f0c4112dcd
Event: 3.697 Thread 0x000001f0d46b8800 Exception <a 'java/lang/NoSuchMethodError'{0x00000000849d9f00}: java.lang.invoke.DirectMethodHandle$Holder.invokeSpecialIFC(Ljava/lang/Object;Ljava/lang/Object;Ljava/lang/Object;Ljava/lang/Object;)Ljava/lang/Object;> (0x00000000849d9f00) thrown at [t:/wor
Event: 3.715 Thread 0x000001f0d46b8800 Exception <a 'java/lang/NoSuchMethodError'{0x00000000848a13b0}: java.lang.invoke.DirectMethodHandle$Holder.invokeSpecial(Ljava/lang/Object;Ljava/lang/Object;Ljava/lang/Object;Ljava/lang/Object;Ljava/lang/Object;Ljava/lang/Object;Ljava/lang/Object;Ljava/la
Event: 3.718 Thread 0x000001f0d46b8800 Exception <a 'java/lang/NoSuchMethodError'{0x00000000848b2070}: java.lang.invoke.DirectMethodHandle$Holder.invokeSpecial(Ljava/lang/Object;Ljava/lang/Object;Ljava/lang/Object;Ljava/lang/Object;Ljava/lang/Object;Ljava/lang/Object;Ljava/lang/Object;Ljava/la
Event: 3.720 Thread 0x000001f0d46b8800 Exception <a 'java/lang/NoSuchMethodError'{0x00000000848b6960}: java.lang.invoke.Invokers$Holder.linkToTargetMethod(Ljava/lang/Object;Ljava/lang/Object;Ljava/lang/Object;Ljava/lang/Object;Ljava/lang/Object;Ljava/lang/Object;Ljava/lang/Object;Ljava/lang/Ob
Event: 3.735 Thread 0x000001f0d46b8800 Exception <a 'java/lang/NoSuchMethodError'{0x00000000847c1628}: java.lang.invoke.DirectMethodHandle$Holder.invokeSpecial(Ljava/lang/Object;Ljava/lang/Object;Ljava/lang/Object;Ljava/lang/Object;Ljava/lang/Object;Ljava/lang/Object;Ljava/lang/Object;Ljava/la
Event: 3.737 Thread 0x000001f0d46b8800 Exception <a 'java/lang/NoSuchMethodError'{0x00000000847d2558}: java.lang.invoke.Invokers$Holder.linkToTargetMethod(Ljava/lang/Object;Ljava/lang/Object;Ljava/lang/Object;Ljava/lang/Object;Ljava/lang/Object;Ljava/lang/Object;Ljava/lang/Object;Ljava/lang/Ob
Event: 3.767 Thread 0x000001f0d46b8800 Exception <a 'java/lang/NoSuchMethodError'{0x000000008974cac0}: java.lang.invoke.DirectMethodHandle$Holder.invokeStaticInit(Ljava/lang/Object;Ljava/lang/Object;Ljava/lang/Object;Ljava/lang/Object;)Ljava/lang/Object;> (0x000000008974cac0) thrown at [t:/wor

Events (10 events):
Event: 3.808 loading class org/gradle/api/internal/artifacts/mvnsettings/DefaultLocalMavenRepositoryLocator
Event: 3.808 loading class org/gradle/api/internal/artifacts/mvnsettings/DefaultLocalMavenRepositoryLocator done
Event: 3.809 loading class org/gradle/api/internal/artifacts/mvnsettings/DefaultLocalMavenRepositoryLocator$SystemPropertyAccess
Event: 3.809 loading class org/gradle/api/internal/artifacts/mvnsettings/DefaultLocalMavenRepositoryLocator$SystemPropertyAccess done
Event: 3.809 loading class org/apache/maven/settings/building/SettingsBuildingException
Event: 3.809 loading class org/apache/maven/settings/building/SettingsBuildingException done
Event: 3.810 loading class org/gradle/api/internal/artifacts/mvnsettings/DefaultLocalMavenRepositoryLocator$CurrentSystemPropertyAccess
Event: 3.810 loading class org/gradle/api/internal/artifacts/mvnsettings/DefaultLocalMavenRepositoryLocator$CurrentSystemPropertyAccess done
Event: 3.811 loading class org/gradle/internal/resource/local/FileResourceConnector
Event: 3.811 loading class org/gradle/internal/resource/local/FileResourceConnector done


Dynamic libraries:
0x00007ff6b8d20000 - 0x00007ff6b8d2f000 	C:\Program Files\Java\jdk-12.0.2\bin\java.exe
0x00007ffce4e90000 - 0x00007ffce5086000 	C:\WINDOWS\SYSTEM32\ntdll.dll
0x00007ffce3550000 - 0x00007ffce360d000 	C:\WINDOWS\System32\KERNEL32.DLL
0x00007ffce25d0000 - 0x00007ffce2899000 	C:\WINDOWS\System32\KERNELBASE.dll
0x00007ffcdfe70000 - 0x00007ffcdff00000 	C:\WINDOWS\SYSTEM32\apphelp.dll
0x00007ffce28a0000 - 0x00007ffce29a0000 	C:\WINDOWS\System32\ucrtbase.dll
0x00007ffcd9fe0000 - 0x00007ffcd9ff8000 	C:\Program Files\Java\jdk-12.0.2\bin\jli.dll
0x00007ffcde0b0000 - 0x00007ffcde0c6000 	C:\Program Files\Java\jdk-12.0.2\bin\VCRUNTIME140.dll
0x00007ffce2ef0000 - 0x00007ffce2f9c000 	C:\WINDOWS\System32\ADVAPI32.dll
0x00007ffce3ca0000 - 0x00007ffce3d3e000 	C:\WINDOWS\System32\msvcrt.dll
0x00007ffce3720000 - 0x00007ffce37bc000 	C:\WINDOWS\System32\sechost.dll
0x00007ffce4aa0000 - 0x00007ffce4bcb000 	C:\WINDOWS\System32\RPCRT4.dll
0x00007ffce41b0000 - 0x00007ffce4350000 	C:\WINDOWS\System32\USER32.dll
0x00007ffce2bd0000 - 0x00007ffce2bf2000 	C:\WINDOWS\System32\win32u.dll
0x00007ffcd00b0000 - 0x00007ffcd034b000 	C:\WINDOWS\WinSxS\amd64_microsoft.windows.common-controls_6595b64144ccf1df_6.0.19041.488_none_ca04af081b815d21\COMCTL32.dll
0x00007ffce3400000 - 0x00007ffce342a000 	C:\WINDOWS\System32\GDI32.dll
0x00007ffce2d50000 - 0x00007ffce2e59000 	C:\WINDOWS\System32\gdi32full.dll
0x00007ffce2c00000 - 0x00007ffce2c9d000 	C:\WINDOWS\System32\msvcp_win.dll
0x00007ffcd8e60000 - 0x00007ffcd8e6a000 	C:\WINDOWS\SYSTEM32\VERSION.dll
0x00007ffce3f30000 - 0x00007ffce3f60000 	C:\WINDOWS\System32\IMM32.DLL
0x00007ffcb7650000 - 0x00007ffcb76fa000 	C:\Program Files\Java\jdk-12.0.2\bin\msvcp140.dll
0x00007ffc82770000 - 0x00007ffc832e7000 	C:\Program Files\Java\jdk-12.0.2\bin\server\jvm.dll
0x00007ffce3820000 - 0x00007ffce3828000 	C:\WINDOWS\System32\PSAPI.DLL
0x00007ffccde90000 - 0x00007ffccdeb7000 	C:\WINDOWS\SYSTEM32\WINMM.dll
0x00007ffccb5b0000 - 0x00007ffccb5b9000 	C:\WINDOWS\SYSTEM32\WSOCK32.dll
0x00007ffce4de0000 - 0x00007ffce4e4b000 	C:\WINDOWS\System32\WS2_32.dll
0x00007ffce0500000 - 0x00007ffce0512000 	C:\WINDOWS\SYSTEM32\kernel.appcore.dll
0x00007ffcd9fc0000 - 0x00007ffcd9fd1000 	C:\Program Files\Java\jdk-12.0.2\bin\verify.dll
0x00007ffcd9d00000 - 0x00007ffcd9ee4000 	C:\WINDOWS\SYSTEM32\DBGHELP.DLL
0x00007ffcc9b20000 - 0x00007ffcc9b4c000 	C:\WINDOWS\SYSTEM32\dbgcore.DLL
0x00007ffce29a0000 - 0x00007ffce2a20000 	C:\WINDOWS\System32\bcryptPrimitives.dll
0x00007ffcc8d20000 - 0x00007ffcc8d46000 	C:\Program Files\Java\jdk-12.0.2\bin\java.dll
0x00007ffcc8b50000 - 0x00007ffcc8b67000 	C:\Program Files\Java\jdk-12.0.2\bin\zip.dll
0x00007ffcde1a0000 - 0x00007ffcde1aa000 	C:\Program Files\Java\jdk-12.0.2\bin\jimage.dll
0x00007ffce4350000 - 0x00007ffce4a92000 	C:\WINDOWS\System32\SHELL32.dll
0x00007ffce0720000 - 0x00007ffce0eb5000 	C:\WINDOWS\SYSTEM32\windows.storage.dll
0x00007ffce30a0000 - 0x00007ffce33f6000 	C:\WINDOWS\System32\combase.dll
0x00007ffce1fd0000 - 0x00007ffce1ffc000 	C:\WINDOWS\SYSTEM32\Wldp.dll
0x00007ffce3670000 - 0x00007ffce371e000 	C:\WINDOWS\System32\SHCORE.dll
0x00007ffce40c0000 - 0x00007ffce4115000 	C:\WINDOWS\System32\shlwapi.dll
0x00007ffce2500000 - 0x00007ffce2526000 	C:\WINDOWS\SYSTEM32\profapi.dll
0x00007ffcc8b30000 - 0x00007ffcc8b49000 	C:\Program Files\Java\jdk-12.0.2\bin\net.dll
0x00007ffcdcfb0000 - 0x00007ffcdd0b0000 	C:\WINDOWS\SYSTEM32\WINHTTP.dll
0x00007ffcd1b60000 - 0x00007ffcd1d4d000 	C:\WINDOWS\SYSTEM32\urlmon.dll
0x00007ffcd1f30000 - 0x00007ffcd21e0000 	C:\WINDOWS\SYSTEM32\iertutil.dll
0x00007ffce1d50000 - 0x00007ffce1dba000 	C:\WINDOWS\system32\mswsock.dll
0x00007ffcc8090000 - 0x00007ffcc80a3000 	C:\Program Files\Java\jdk-12.0.2\bin\nio.dll
0x00007ffccb2a0000 - 0x00007ffccb2c7000 	C:\Users\User\.gradle\native\f6784746aeab05261644944871eae4fe03e0ef1612fff0a4a95f87b438bc6780\windows-amd64\native-platform.dll
0x00007ffcde120000 - 0x00007ffcde129000 	C:\Program Files\Java\jdk-12.0.2\bin\management.dll
0x00007ffccfe40000 - 0x00007ffccfe4c000 	C:\Program Files\Java\jdk-12.0.2\bin\management_ext.dll
0x00007ffce1f20000 - 0x00007ffce1f38000 	C:\WINDOWS\SYSTEM32\CRYPTSP.dll
0x00007ffce1680000 - 0x00007ffce16b4000 	C:\WINDOWS\system32\rsaenh.dll
0x00007ffce2ec0000 - 0x00007ffce2ee7000 	C:\WINDOWS\System32\bcrypt.dll
0x00007ffce24c0000 - 0x00007ffce24ee000 	C:\WINDOWS\SYSTEM32\USERENV.dll
0x00007ffce1f40000 - 0x00007ffce1f4c000 	C:\WINDOWS\SYSTEM32\CRYPTBASE.dll
0x00007ffce1a40000 - 0x00007ffce1a7b000 	C:\WINDOWS\SYSTEM32\IPHLPAPI.DLL
0x00007ffce40b0000 - 0x00007ffce40b8000 	C:\WINDOWS\System32\NSI.dll
0x00007ffcd96c0000 - 0x00007ffcd96d7000 	C:\WINDOWS\SYSTEM32\dhcpcsvc6.DLL
0x00007ffcd96a0000 - 0x00007ffcd96bd000 	C:\WINDOWS\SYSTEM32\dhcpcsvc.DLL
0x00007ffce1a80000 - 0x00007ffce1b4b000 	C:\WINDOWS\SYSTEM32\DNSAPI.dll
0x00007ffcdcfa0000 - 0x00007ffcdcfab000 	C:\WINDOWS\SYSTEM32\WINNSI.DLL

dbghelp: loaded successfully - version: 4.0.5 - missing functions: none
symbol engine: initialized successfully - sym options: 0x614 - pdb path: .;C:\Program Files\Java\jdk-12.0.2\bin;C:\WINDOWS\SYSTEM32;C:\WINDOWS\WinSxS\amd64_microsoft.windows.common-controls_6595b64144ccf1df_6.0.19041.488_none_ca04af081b815d21;C:\Program Files\Java\jdk-12.0.2\bin\server;C:\Users\User\.gradle\native\f6784746aeab05261644944871eae4fe03e0ef1612fff0a4a95f87b438bc6780\windows-amd64

VM Arguments:
jvm_args: --add-opens=java.base/java.util=ALL-UNNAMED --add-opens=java.base/java.lang=ALL-UNNAMED --add-opens=java.base/java.lang.invoke=ALL-UNNAMED --add-opens=java.prefs/java.util.prefs=ALL-UNNAMED -Xmx2048m -Dfile.encoding=UTF-8 -Duser.country=ID -Duser.language=en -Duser.variant 
java_command: org.gradle.launcher.daemon.bootstrap.GradleDaemon 6.5
java_class_path (initial): C:\Users\User\.gradle\wrapper\dists\gradle-6.5-bin\6nifqtx7604sqp1q6g8wikw7p\gradle-6.5\lib\gradle-launcher-6.5.jar
Launcher Type: SUN_STANDARD

[Global flags]
     intx CICompilerCount                          = 3                                         {product} {ergonomic}
     uint ConcGCThreads                            = 1                                         {product} {ergonomic}
     uint G1ConcRefinementThreads                  = 4                                         {product} {ergonomic}
   size_t G1HeapRegionSize                         = 1048576                                   {product} {ergonomic}
    uintx GCDrainStackTargetSize                   = 64                                        {product} {ergonomic}
   size_t InitialHeapSize                          = 132120576                                 {product} {ergonomic}
   size_t MarkStackSize                            = 4194304                                   {product} {ergonomic}
   size_t MaxHeapSize                              = 2147483648                                {product} {command line}
   size_t MaxNewSize                               = 1287651328                                {product} {ergonomic}
   size_t MinHeapDeltaBytes                        = 1048576                                   {product} {ergonomic}
    uintx NonNMethodCodeHeapSize                   = 5830732                                {pd product} {ergonomic}
    uintx NonProfiledCodeHeapSize                  = 122913754                              {pd product} {ergonomic}
    uintx ProfiledCodeHeapSize                     = 122913754                              {pd product} {ergonomic}
    uintx ReservedCodeCacheSize                    = 251658240                              {pd product} {ergonomic}
     bool SegmentedCodeCache                       = true                                      {product} {ergonomic}
     bool UseCompressedClassPointers               = true                                 {lp64_product} {ergonomic}
     bool UseCompressedOops                        = true                                 {lp64_product} {ergonomic}
     bool UseG1GC                                  = true                                      {product} {ergonomic}
     bool UseLargePagesIndividualAllocation        = false                                  {pd product} {ergonomic}

Logging:
Log output configuration:
 #0: stdout all=warning uptime,level,tags
 #1: stderr all=off uptime,level,tags

Environment Variables:
JAVA_HOME=C:\Program Files\Java\jdk-12.0.2
PATH=C:\Program Files (x86)\Intel\Intel(R) Management Engine Components\iCLS\;C:\Program Files\Intel\Intel(R) Management Engine Components\iCLS\;C:\WINDOWS\system32;C:\WINDOWS;C:\WINDOWS\System32\Wbem;C:\WINDOWS\System32\WindowsPowerShell\v1.0\;C:\WINDOWS\System32\OpenSSH\;C:\Program Files (x86)\Intel\Intel(R) Management Engine Components\DAL;C:\Program Files\Intel\Intel(R) Management Engine Components\DAL;C:\Program Files (x86)\Intel\Intel(R) Management Engine Components\IPT;C:\Program Files\Intel\Intel(R) Management Engine Components\IPT;C:\Program Files\Intel\WiFi\bin\;C:\Program Files\Common Files\Intel\WirelessCommon\;C:\Program Files\Java\jdk-12.0.1\bin;C:\Program Files\dotnet\;C:\Program Files\Microsoft SQL Server\130\Tools\Binn\;C:\Program Files\kotlinc\bin;C:\Program Files\dart-sass;C:\Program Files\Java\jdk-12.0.2\bin;C:\cmder;C:\Users\User\Downloads\Compressed\opencv\build\x64\vc15\bin;C:\ProgramData\chocolatey\bin;C:\ProgramData\ComposerSetup\bin;C:\Program Files\Git\cmd;C:\Program Files\MongoDB\Server\4.4\bin;C:\Users\User\AppData\Local\Programs\Python\Python37\Scripts\;C:\Users\User\AppData\Local\Programs\Python\Python37\;C:\Users\User\AppData\Local\Microsoft\WindowsApps;C:\Users\User\AppData\Local\Programs\Microsoft VS Code\bin;C:\Users\User\AppData\Roaming\Composer\vendor\bin;C:\Program Files (x86)\Inno Setup 6;C:\tools\dart-sdk\bin;C:\Users\User\AppData\Roaming\Pub\Cache\bin;C:\Users\User\AppData\Local\GitHubDesktop\bin
USERNAME=User
OS=Windows_NT
PROCESSOR_IDENTIFIER=Intel64 Family 6 Model 142 Stepping 10, GenuineIntel



---------------  S Y S T E M  ---------------

OS: Windows 10 , 64 bit Build 19041 (10.0.19041.662)

CPU:total 4 (initial active 4) (4 cores per cpu, 2 threads per core) family 6 model 142 stepping 10, cmov, cx8, fxsr, mmx, sse, sse2, sse3, ssse3, sse4.1, sse4.2, popcnt, avx, avx2, aes, clmul, erms, 3dnowpref, lzcnt, ht, tsc, tscinvbit, bmi1, bmi2, adx, fma

Memory: 4k page, system-wide physical 8048M (655M free)
TotalPageFile size 22188M (AvailPageFile size 6M)
current process WorkingSet (physical memory assigned to process): 185M, peak: 185M
current process commit charge ("private bytes"): 291M, peak: 292M

vm_info: Java HotSpot(TM) 64-Bit Server VM (12.0.2+10) for windows-amd64 JRE (12.0.2+10), built on Jul 16 2019 01:56:17 by "mach5one" with MS VC++ 15.5 (VS2017)

END.
