#
# There is insufficient memory for the Java Runtime Environment to continue.
# Native memory allocation (malloc) failed to allocate 1498576 bytes for Chunk::new
# Possible reasons:
#   The system is out of physical RAM or swap space
#   The process is running with CompressedOops enabled, and the Java Heap may be blocking the growth of the native heap
# Possible solutions:
#   Reduce memory load on the system
#   Increase physical memory or swap space
#   Check if swap backing store is full
#   Decrease Java heap size (-Xmx/-Xms)
#   Decrease number of Java threads
#   Decrease Java thread stack sizes (-Xss)
#   Set larger code cache with -XX:ReservedCodeCacheSize=
#   JVM is running with Unscaled Compressed Oops mode in which the Java heap is
#     placed in the first 4GB address space. The Java Heap base address is the
#     maximum limit for the native heap growth. Please use -XX:HeapBaseMinAddress
#     to set the Java Heap base and to place the Java Heap above 4GB virtual address.
# This output file may be truncated or incomplete.
#
#  Out of Memory Error (t:/workspace/open/src/hotspot/share/memory/arena.cpp:197), pid=21584, tid=1844
#
# JRE version: Java(TM) SE Runtime Environment (12.0.2+10) (build 12.0.2+10)
# Java VM: Java HotSpot(TM) 64-Bit Server VM (12.0.2+10, mixed mode, sharing, tiered, compressed oops, g1 gc, windows-amd64)
# No core dump will be written. Minidumps are not enabled by default on client versions of Windows
#

---------------  S U M M A R Y ------------

Command Line: --add-opens=java.base/java.util=ALL-UNNAMED --add-opens=java.base/java.lang=ALL-UNNAMED --add-opens=java.base/java.lang.invoke=ALL-UNNAMED --add-opens=java.prefs/java.util.prefs=ALL-UNNAMED -Xmx2048m -Dfile.encoding=UTF-8 -Duser.country=ID -Duser.language=en -Duser.variant org.gradle.launcher.daemon.bootstrap.GradleDaemon 6.5

Host: Intel(R) Core(TM) i5-8250U CPU @ 1.60GHz, 4 cores, 7G,  Windows 10 , 64 bit Build 19041 (10.0.19041.662)
Time: Wed Mar 31 15:32:01 2021 SE Asia Standard Time elapsed time: 3 seconds (0d 0h 0m 3s)

---------------  T H R E A D  ---------------

Current thread (0x0000016c203d6800):  JavaThread "C2 CompilerThread1" daemon [_thread_in_native, id=1844, stack(0x0000000433e00000,0x0000000433f00000)]


Current CompileTask:
C2:   3337 2199   !   4       java.net.URLClassLoader::findClass (47 bytes)

Stack: [0x0000000433e00000,0x0000000433f00000]
Native frames: (J=compiled Java code, j=interpreted, Vv=VM code, C=native code)
V  [jvm.dll+0x63aa2a]
V  [jvm.dll+0x78ce1e]
V  [jvm.dll+0x78e4c1]
V  [jvm.dll+0x78eb13]
V  [jvm.dll+0x2627e8]
V  [jvm.dll+0xc55cc]
V  [jvm.dll+0xc5b4c]
V  [jvm.dll+0x2d4034]
V  [jvm.dll+0x5569ad]
V  [jvm.dll+0x2246f7]
V  [jvm.dll+0x21e313]
V  [jvm.dll+0x21b2b6]
V  [jvm.dll+0x199a20]
V  [jvm.dll+0x22a744]
V  [jvm.dll+0x228d98]
V  [jvm.dll+0x7512a0]
V  [jvm.dll+0x74a2c8]
V  [jvm.dll+0x639b16]
C  [ucrtbase.dll+0x214c2]
C  [KERNEL32.DLL+0x17034]
C  [ntdll.dll+0x4d0d1]


---------------  P R O C E S S  ---------------

Threads class SMR info:
_java_thread_list=0x0000016c2291a210, length=29, elements={
0x0000016c7f8d1000, 0x0000016c1ddc8800, 0x0000016c1ddca000, 0x0000016c1dddf800,
0x0000016c1dde0800, 0x0000016c1dde3800, 0x0000016c1ddf0000, 0x0000016c1ddf5000,
0x0000016c1e83b000, 0x0000016c1e83e000, 0x0000016c204a5000, 0x0000016c1ea83000,
0x0000016c1fb89000, 0x0000016c1f558800, 0x0000016c1f55a000, 0x0000016c1fb65800,
0x0000016c1fb66800, 0x0000016c201f1800, 0x0000016c201f2800, 0x0000016c1f5ea000,
0x0000016c205eb800, 0x0000016c205e7000, 0x0000016c205ed800, 0x0000016c203d6800,
0x0000016c205e9000, 0x0000016c205ea800, 0x0000016c205ed000, 0x0000016c205ec000,
0x0000016c205e8000
}

Java Threads: ( => current thread )
  0x0000016c7f8d1000 JavaThread "main" [_thread_blocked, id=21972, stack(0x0000000431b00000,0x0000000431c00000)]
  0x0000016c1ddc8800 JavaThread "Reference Handler" daemon [_thread_blocked, id=20468, stack(0x0000000432200000,0x0000000432300000)]
  0x0000016c1ddca000 JavaThread "Finalizer" daemon [_thread_blocked, id=11380, stack(0x0000000432300000,0x0000000432400000)]
  0x0000016c1dddf800 JavaThread "Signal Dispatcher" daemon [_thread_blocked, id=21160, stack(0x0000000432400000,0x0000000432500000)]
  0x0000016c1dde0800 JavaThread "Attach Listener" daemon [_thread_blocked, id=17504, stack(0x0000000432500000,0x0000000432600000)]
  0x0000016c1dde3800 JavaThread "C2 CompilerThread0" daemon [_thread_in_native, id=8536, stack(0x0000000432600000,0x0000000432700000)]
  0x0000016c1ddf0000 JavaThread "C1 CompilerThread0" daemon [_thread_blocked, id=14632, stack(0x0000000432700000,0x0000000432800000)]
  0x0000016c1ddf5000 JavaThread "Sweeper thread" daemon [_thread_blocked, id=7248, stack(0x0000000432800000,0x0000000432900000)]
  0x0000016c1e83b000 JavaThread "Common-Cleaner" daemon [_thread_blocked, id=9108, stack(0x0000000432900000,0x0000000432a00000)]
  0x0000016c1e83e000 JavaThread "Service Thread" daemon [_thread_blocked, id=22116, stack(0x0000000432a00000,0x0000000432b00000)]
  0x0000016c204a5000 JavaThread "Daemon health stats" [_thread_blocked, id=16800, stack(0x0000000432f00000,0x0000000433000000)]
  0x0000016c1ea83000 JavaThread "Incoming local TCP Connector on port 51562" [_thread_in_native, id=21520, stack(0x0000000433100000,0x0000000433200000)]
  0x0000016c1fb89000 JavaThread "Daemon periodic checks" [_thread_blocked, id=14744, stack(0x0000000433200000,0x0000000433300000)]
  0x0000016c1f558800 JavaThread "Daemon" [_thread_blocked, id=22800, stack(0x0000000433300000,0x0000000433400000)]
  0x0000016c1f55a000 JavaThread "Handler for socket connection from /127.0.0.1:51562 to /127.0.0.1:51563" [_thread_in_native, id=23476, stack(0x0000000433400000,0x0000000433500000)]
  0x0000016c1fb65800 JavaThread "Cancel handler" [_thread_blocked, id=12844, stack(0x0000000433500000,0x0000000433600000)]
  0x0000016c1fb66800 JavaThread "Daemon worker" [_thread_in_vm, id=5780, stack(0x0000000433600000,0x0000000433700000)]
  0x0000016c201f1800 JavaThread "Asynchronous log dispatcher for DefaultDaemonConnection: socket connection from /127.0.0.1:51562 to /127.0.0.1:51563" [_thread_blocked, id=21048, stack(0x0000000433700000,0x0000000433800000)]
  0x0000016c201f2800 JavaThread "Stdin handler" [_thread_blocked, id=5268, stack(0x0000000433800000,0x0000000433900000)]
  0x0000016c1f5ea000 JavaThread "Thread-8" [_thread_blocked, id=9472, stack(0x0000000433900000,0x0000000433a00000)]
  0x0000016c205eb800 JavaThread "Cache worker for journal cache (C:\Users\User\.gradle\caches\journal-1)" [_thread_blocked, id=13020, stack(0x0000000433b00000,0x0000000433c00000)]
  0x0000016c205e7000 JavaThread "File lock request listener" [_thread_in_native, id=22400, stack(0x0000000433c00000,0x0000000433d00000)]
  0x0000016c205ed800 JavaThread "Cache worker for file hash cache (C:\Users\User\.gradle\caches\6.5\fileHashes)" [_thread_blocked, id=22136, stack(0x0000000433d00000,0x0000000433e00000)]
=>0x0000016c203d6800 JavaThread "C2 CompilerThread1" daemon [_thread_in_native, id=1844, stack(0x0000000433e00000,0x0000000433f00000)]
  0x0000016c205e9000 JavaThread "Cache worker for file hash cache (C:\Users\User\Documents\Semester 4\ImageOpener\.gradle\6.5\fileHashes)" [_thread_blocked, id=4816, stack(0x0000000433f00000,0x0000000434000000)]
  0x0000016c205ea800 JavaThread "Cache worker for checksums cache (C:\Users\User\Documents\Semester 4\ImageOpener\.gradle\checksums)" [_thread_blocked, id=13168, stack(0x0000000434000000,0x0000000434100000)]
  0x0000016c205ed000 JavaThread "Cache worker for cache directory md-supplier (C:\Users\User\.gradle\caches\6.5\md-supplier)" [_thread_blocked, id=18500, stack(0x0000000434100000,0x0000000434200000)]
  0x0000016c205ec000 JavaThread "Cache worker for cache directory md-rule (C:\Users\User\.gradle\caches\6.5\md-rule)" [_thread_blocked, id=14344, stack(0x0000000434200000,0x0000000434300000)]
  0x0000016c205e8000 JavaThread "Cache worker for execution history cache (C:\Users\User\.gradle\caches\6.5\executionHistory)" [_thread_blocked, id=21120, stack(0x0000000434300000,0x0000000434400000)]

Other Threads:
  0x0000016c1ddc1800 VMThread "VM Thread" [stack: 0x0000000432100000,0x0000000432200000] [id=1956]
  0x0000016c1e83e800 WatcherThread [stack: 0x0000000432b00000,0x0000000432c00000] [id=440]
  0x0000016c7f913000 GCTaskThread "GC Thread#0" [stack: 0x0000000431c00000,0x0000000431d00000] [id=3892]
  0x0000016c1ec13000 GCTaskThread "GC Thread#1" [stack: 0x0000000432d00000,0x0000000432e00000] [id=16548]
  0x0000016c1e887000 GCTaskThread "GC Thread#2" [stack: 0x0000000432e00000,0x0000000432f00000] [id=11428]
  0x0000016c201d8800 GCTaskThread "GC Thread#3" [stack: 0x0000000433a00000,0x0000000433b00000] [id=7316]
  0x0000016c7f921000 ConcurrentGCThread "G1 Main Marker" [stack: 0x0000000431d00000,0x0000000431e00000] [id=10724]
  0x0000016c7f922800 ConcurrentGCThread "G1 Conc#0" [stack: 0x0000000431e00000,0x0000000431f00000] [id=20688]
  0x0000016c1dc50800 ConcurrentGCThread "G1 Refine#0" [stack: 0x0000000431f00000,0x0000000432000000] [id=8688]
  0x0000016c1dc51800 ConcurrentGCThread "G1 Young RemSet Sampling" [stack: 0x0000000432000000,0x0000000432100000] [id=11376]

Threads with active compile tasks:
C2 CompilerThread0  2121   !   4       java.net.URLClassLoader$1::run (63 bytes)
C2 CompilerThread1  2199   !   4       java.net.URLClassLoader::findClass (47 bytes)

VM state:not at safepoint (normal execution)

VM Mutex/Monitor currently owned by a thread: None

Heap address: 0x0000000080000000, size: 2048 MB, Compressed Oops mode: 32-bit
Narrow klass base: 0x0000000800000000, Narrow klass shift: 3
Compressed class space size: 1073741824 Address: 0x0000000801190000

Heap:
 garbage-first heap   total 155648K, used 18319K [0x0000000080000000, 0x0000000100000000)
  region size 1024K, 5 young (5120K), 4 survivors (4096K)
 Metaspace       used 20661K, capacity 21271K, committed 21552K, reserved 1067008K
  class space    used 2976K, capacity 3174K, committed 3200K, reserved 1048576K
Heap Regions: E=young(eden), S=young(survivor), O=old, HS=humongous(starts), HC=humongous(continues), CS=collection set, F=free, A=archive, TAMS=top-at-mark-start (previous, next)
|   0|0x0000000080000000, 0x0000000080100000, 0x0000000080100000|100%| O|  |TAMS 0x0000000080000000, 0x0000000080100000| Untracked 
|   1|0x0000000080100000, 0x0000000080200000, 0x0000000080200000|100%| O|  |TAMS 0x0000000080100000, 0x0000000080200000| Untracked 
|   2|0x0000000080200000, 0x0000000080300000, 0x0000000080300000|100%| O|  |TAMS 0x0000000080200000, 0x0000000080300000| Untracked 
|   3|0x0000000080300000, 0x0000000080400000, 0x0000000080400000|100%|HS|  |TAMS 0x0000000080300000, 0x0000000080400000| Complete 
|   4|0x0000000080400000, 0x0000000080500000, 0x0000000080500000|100%|HC|  |TAMS 0x0000000080400000, 0x0000000080500000| Complete 
|   5|0x0000000080500000, 0x0000000080600000, 0x0000000080600000|100%|HC|  |TAMS 0x0000000080500000, 0x0000000080600000| Complete 
|   6|0x0000000080600000, 0x0000000080700000, 0x0000000080700000|100%| O|  |TAMS 0x0000000080600000, 0x0000000080700000| Untracked 
|   7|0x0000000080700000, 0x0000000080800000, 0x0000000080800000|100%| O|  |TAMS 0x0000000080700000, 0x0000000080800000| Untracked 
|   8|0x0000000080800000, 0x0000000080900000, 0x0000000080900000|100%| O|  |TAMS 0x0000000080800000, 0x0000000080900000| Untracked 
|   9|0x0000000080900000, 0x0000000080a00000, 0x0000000080a00000|100%| O|  |TAMS 0x0000000080900000, 0x0000000080900000| Untracked 
|  10|0x0000000080a00000, 0x0000000080b00000, 0x0000000080b00000|100%| O|  |TAMS 0x0000000080a00000, 0x0000000080b00000| Untracked 
|  11|0x0000000080b00000, 0x0000000080c00000, 0x0000000080c00000|100%| O|  |TAMS 0x0000000080b00000, 0x0000000080c00000| Untracked 
|  12|0x0000000080c00000, 0x0000000080d00000, 0x0000000080d00000|100%| O|  |TAMS 0x0000000080c00000, 0x0000000080c3b400| Untracked 
|  13|0x0000000080d00000, 0x0000000080e00000, 0x0000000080e00000|100%| O|  |TAMS 0x0000000080d00000, 0x0000000080d00000| Untracked 
|  14|0x0000000080e00000, 0x0000000080ea9400, 0x0000000080f00000| 66%| O|  |TAMS 0x0000000080e00000, 0x0000000080e00000| Untracked 
|  15|0x0000000080f00000, 0x0000000080f00000, 0x0000000081000000|  0%| F|  |TAMS 0x0000000080f00000, 0x0000000080f00000| Untracked 
|  16|0x0000000081000000, 0x0000000081000000, 0x0000000081100000|  0%| F|  |TAMS 0x0000000081000000, 0x0000000081000000| Untracked 
|  17|0x0000000081100000, 0x0000000081100000, 0x0000000081200000|  0%| F|  |TAMS 0x0000000081100000, 0x0000000081100000| Untracked 
|  18|0x0000000081200000, 0x0000000081200000, 0x0000000081300000|  0%| F|  |TAMS 0x0000000081200000, 0x0000000081200000| Untracked 
|  19|0x0000000081300000, 0x0000000081300000, 0x0000000081400000|  0%| F|  |TAMS 0x0000000081300000, 0x0000000081300000| Untracked 
|  20|0x0000000081400000, 0x0000000081400000, 0x0000000081500000|  0%| F|  |TAMS 0x0000000081400000, 0x0000000081400000| Untracked 
|  21|0x0000000081500000, 0x0000000081500000, 0x0000000081600000|  0%| F|  |TAMS 0x0000000081500000, 0x0000000081500000| Untracked 
|  22|0x0000000081600000, 0x0000000081600000, 0x0000000081700000|  0%| F|  |TAMS 0x0000000081600000, 0x0000000081600000| Untracked 
|  23|0x0000000081700000, 0x0000000081700000, 0x0000000081800000|  0%| F|  |TAMS 0x0000000081700000, 0x0000000081700000| Untracked 
|  24|0x0000000081800000, 0x0000000081800000, 0x0000000081900000|  0%| F|  |TAMS 0x0000000081800000, 0x0000000081800000| Untracked 
|  25|0x0000000081900000, 0x0000000081900000, 0x0000000081a00000|  0%| F|  |TAMS 0x0000000081900000, 0x0000000081900000| Untracked 
|  26|0x0000000081a00000, 0x0000000081a00000, 0x0000000081b00000|  0%| F|  |TAMS 0x0000000081a00000, 0x0000000081a00000| Untracked 
|  27|0x0000000081b00000, 0x0000000081b00000, 0x0000000081c00000|  0%| F|  |TAMS 0x0000000081b00000, 0x0000000081b00000| Untracked 
|  28|0x0000000081c00000, 0x0000000081c00000, 0x0000000081d00000|  0%| F|  |TAMS 0x0000000081c00000, 0x0000000081c00000| Untracked 
|  29|0x0000000081d00000, 0x0000000081d00000, 0x0000000081e00000|  0%| F|  |TAMS 0x0000000081d00000, 0x0000000081d00000| Untracked 
|  30|0x0000000081e00000, 0x0000000081e00000, 0x0000000081f00000|  0%| F|  |TAMS 0x0000000081e00000, 0x0000000081e00000| Untracked 
|  31|0x0000000081f00000, 0x0000000081f00000, 0x0000000082000000|  0%| F|  |TAMS 0x0000000081f00000, 0x0000000081f00000| Untracked 
|  32|0x0000000082000000, 0x0000000082000000, 0x0000000082100000|  0%| F|  |TAMS 0x0000000082000000, 0x0000000082000000| Untracked 
|  33|0x0000000082100000, 0x0000000082100000, 0x0000000082200000|  0%| F|  |TAMS 0x0000000082100000, 0x0000000082100000| Untracked 
|  34|0x0000000082200000, 0x0000000082200000, 0x0000000082300000|  0%| F|  |TAMS 0x0000000082200000, 0x0000000082200000| Untracked 
|  35|0x0000000082300000, 0x0000000082300000, 0x0000000082400000|  0%| F|  |TAMS 0x0000000082300000, 0x0000000082300000| Untracked 
|  36|0x0000000082400000, 0x0000000082400000, 0x0000000082500000|  0%| F|  |TAMS 0x0000000082400000, 0x0000000082400000| Untracked 
|  37|0x0000000082500000, 0x0000000082500000, 0x0000000082600000|  0%| F|  |TAMS 0x0000000082500000, 0x0000000082500000| Untracked 
|  38|0x0000000082600000, 0x0000000082600000, 0x0000000082700000|  0%| F|  |TAMS 0x0000000082600000, 0x0000000082600000| Untracked 
|  39|0x0000000082700000, 0x0000000082700000, 0x0000000082800000|  0%| F|  |TAMS 0x0000000082700000, 0x0000000082700000| Untracked 
|  40|0x0000000082800000, 0x0000000082800000, 0x0000000082900000|  0%| F|  |TAMS 0x0000000082800000, 0x0000000082800000| Untracked 
|  41|0x0000000082900000, 0x0000000082900000, 0x0000000082a00000|  0%| F|  |TAMS 0x0000000082900000, 0x0000000082900000| Untracked 
|  42|0x0000000082a00000, 0x0000000082a00000, 0x0000000082b00000|  0%| F|  |TAMS 0x0000000082a00000, 0x0000000082a00000| Untracked 
|  43|0x0000000082b00000, 0x0000000082b00000, 0x0000000082c00000|  0%| F|  |TAMS 0x0000000082b00000, 0x0000000082b00000| Untracked 
|  44|0x0000000082c00000, 0x0000000082c00000, 0x0000000082d00000|  0%| F|  |TAMS 0x0000000082c00000, 0x0000000082c00000| Untracked 
|  45|0x0000000082d00000, 0x0000000082d00000, 0x0000000082e00000|  0%| F|  |TAMS 0x0000000082d00000, 0x0000000082d00000| Untracked 
|  46|0x0000000082e00000, 0x0000000082e00000, 0x0000000082f00000|  0%| F|  |TAMS 0x0000000082e00000, 0x0000000082e00000| Untracked 
|  47|0x0000000082f00000, 0x0000000082f00000, 0x0000000083000000|  0%| F|  |TAMS 0x0000000082f00000, 0x0000000082f00000| Untracked 
|  48|0x0000000083000000, 0x0000000083000000, 0x0000000083100000|  0%| F|  |TAMS 0x0000000083000000, 0x0000000083000000| Untracked 
|  49|0x0000000083100000, 0x0000000083100000, 0x0000000083200000|  0%| F|  |TAMS 0x0000000083100000, 0x0000000083100000| Untracked 
|  50|0x0000000083200000, 0x0000000083200000, 0x0000000083300000|  0%| F|  |TAMS 0x0000000083200000, 0x0000000083200000| Untracked 
|  51|0x0000000083300000, 0x0000000083300000, 0x0000000083400000|  0%| F|  |TAMS 0x0000000083300000, 0x0000000083300000| Untracked 
|  52|0x0000000083400000, 0x0000000083400000, 0x0000000083500000|  0%| F|  |TAMS 0x0000000083400000, 0x0000000083400000| Untracked 
|  53|0x0000000083500000, 0x0000000083500000, 0x0000000083600000|  0%| F|  |TAMS 0x0000000083500000, 0x0000000083500000| Untracked 
|  54|0x0000000083600000, 0x0000000083600000, 0x0000000083700000|  0%| F|  |TAMS 0x0000000083600000, 0x0000000083600000| Untracked 
|  55|0x0000000083700000, 0x0000000083700000, 0x0000000083800000|  0%| F|  |TAMS 0x0000000083700000, 0x0000000083700000| Untracked 
|  56|0x0000000083800000, 0x0000000083800000, 0x0000000083900000|  0%| F|  |TAMS 0x0000000083800000, 0x0000000083800000| Untracked 
|  57|0x0000000083900000, 0x0000000083900000, 0x0000000083a00000|  0%| F|  |TAMS 0x0000000083900000, 0x0000000083900000| Untracked 
|  58|0x0000000083a00000, 0x0000000083a00000, 0x0000000083b00000|  0%| F|  |TAMS 0x0000000083a00000, 0x0000000083a00000| Untracked 
|  59|0x0000000083b00000, 0x0000000083b00000, 0x0000000083c00000|  0%| F|  |TAMS 0x0000000083b00000, 0x0000000083b00000| Untracked 
|  60|0x0000000083c00000, 0x0000000083c00000, 0x0000000083d00000|  0%| F|  |TAMS 0x0000000083c00000, 0x0000000083c00000| Untracked 
|  61|0x0000000083d00000, 0x0000000083d00000, 0x0000000083e00000|  0%| F|  |TAMS 0x0000000083d00000, 0x0000000083d00000| Untracked 
|  62|0x0000000083e00000, 0x0000000083e00000, 0x0000000083f00000|  0%| F|  |TAMS 0x0000000083e00000, 0x0000000083e00000| Untracked 
|  63|0x0000000083f00000, 0x0000000083f00000, 0x0000000084000000|  0%| F|  |TAMS 0x0000000083f00000, 0x0000000083f00000| Untracked 
|  64|0x0000000084000000, 0x0000000084000000, 0x0000000084100000|  0%| F|  |TAMS 0x0000000084000000, 0x0000000084000000| Untracked 
|  65|0x0000000084100000, 0x0000000084100000, 0x0000000084200000|  0%| F|  |TAMS 0x0000000084100000, 0x0000000084100000| Untracked 
|  66|0x0000000084200000, 0x0000000084200000, 0x0000000084300000|  0%| F|  |TAMS 0x0000000084200000, 0x0000000084200000| Untracked 
|  67|0x0000000084300000, 0x0000000084300000, 0x0000000084400000|  0%| F|  |TAMS 0x0000000084300000, 0x0000000084300000| Untracked 
|  68|0x0000000084400000, 0x0000000084400000, 0x0000000084500000|  0%| F|  |TAMS 0x0000000084400000, 0x0000000084400000| Untracked 
|  69|0x0000000084500000, 0x0000000084500000, 0x0000000084600000|  0%| F|  |TAMS 0x0000000084500000, 0x0000000084500000| Untracked 
|  70|0x0000000084600000, 0x0000000084600000, 0x0000000084700000|  0%| F|  |TAMS 0x0000000084600000, 0x0000000084600000| Untracked 
|  71|0x0000000084700000, 0x0000000084700000, 0x0000000084800000|  0%| F|  |TAMS 0x0000000084700000, 0x0000000084700000| Untracked 
|  72|0x0000000084800000, 0x0000000084800000, 0x0000000084900000|  0%| F|  |TAMS 0x0000000084800000, 0x0000000084800000| Untracked 
|  73|0x0000000084900000, 0x0000000084900000, 0x0000000084a00000|  0%| F|  |TAMS 0x0000000084900000, 0x0000000084900000| Untracked 
|  74|0x0000000084a00000, 0x0000000084a00000, 0x0000000084b00000|  0%| F|  |TAMS 0x0000000084a00000, 0x0000000084a00000| Untracked 
|  75|0x0000000084b00000, 0x0000000084b00000, 0x0000000084c00000|  0%| F|  |TAMS 0x0000000084b00000, 0x0000000084b00000| Untracked 
|  76|0x0000000084c00000, 0x0000000084c00000, 0x0000000084d00000|  0%| F|  |TAMS 0x0000000084c00000, 0x0000000084c00000| Untracked 
|  77|0x0000000084d00000, 0x0000000084d00000, 0x0000000084e00000|  0%| F|  |TAMS 0x0000000084d00000, 0x0000000084d00000| Untracked 
|  78|0x0000000084e00000, 0x0000000084e00000, 0x0000000084f00000|  0%| F|  |TAMS 0x0000000084e00000, 0x0000000084e00000| Untracked 
|  79|0x0000000084f00000, 0x0000000084f00000, 0x0000000085000000|  0%| F|  |TAMS 0x0000000084f00000, 0x0000000084f00000| Untracked 
|  80|0x0000000085000000, 0x0000000085000000, 0x0000000085100000|  0%| F|  |TAMS 0x0000000085000000, 0x0000000085000000| Untracked 
|  81|0x0000000085100000, 0x0000000085100000, 0x0000000085200000|  0%| F|  |TAMS 0x0000000085100000, 0x0000000085100000| Untracked 
|  82|0x0000000085200000, 0x0000000085200000, 0x0000000085300000|  0%| F|  |TAMS 0x0000000085200000, 0x0000000085200000| Untracked 
|  83|0x0000000085300000, 0x0000000085300000, 0x0000000085400000|  0%| F|  |TAMS 0x0000000085300000, 0x0000000085300000| Untracked 
|  84|0x0000000085400000, 0x0000000085400000, 0x0000000085500000|  0%| F|  |TAMS 0x0000000085400000, 0x0000000085400000| Untracked 
|  85|0x0000000085500000, 0x0000000085500000, 0x0000000085600000|  0%| F|  |TAMS 0x0000000085500000, 0x0000000085500000| Untracked 
|  86|0x0000000085600000, 0x0000000085600000, 0x0000000085700000|  0%| F|  |TAMS 0x0000000085600000, 0x0000000085600000| Untracked 
|  87|0x0000000085700000, 0x0000000085700000, 0x0000000085800000|  0%| F|  |TAMS 0x0000000085700000, 0x0000000085700000| Untracked 
|  88|0x0000000085800000, 0x0000000085800000, 0x0000000085900000|  0%| F|  |TAMS 0x0000000085800000, 0x0000000085800000| Untracked 
|  89|0x0000000085900000, 0x0000000085900000, 0x0000000085a00000|  0%| F|  |TAMS 0x0000000085900000, 0x0000000085900000| Untracked 
|  90|0x0000000085a00000, 0x0000000085a00000, 0x0000000085b00000|  0%| F|  |TAMS 0x0000000085a00000, 0x0000000085a00000| Untracked 
|  91|0x0000000085b00000, 0x0000000085b00000, 0x0000000085c00000|  0%| F|  |TAMS 0x0000000085b00000, 0x0000000085b00000| Untracked 
|  92|0x0000000085c00000, 0x0000000085c00000, 0x0000000085d00000|  0%| F|  |TAMS 0x0000000085c00000, 0x0000000085c00000| Untracked 
|  93|0x0000000085d00000, 0x0000000085d00000, 0x0000000085e00000|  0%| F|  |TAMS 0x0000000085d00000, 0x0000000085d00000| Untracked 
|  94|0x0000000085e00000, 0x0000000085e00000, 0x0000000085f00000|  0%| F|  |TAMS 0x0000000085e00000, 0x0000000085e00000| Untracked 
|  95|0x0000000085f00000, 0x0000000085f00000, 0x0000000086000000|  0%| F|  |TAMS 0x0000000085f00000, 0x0000000085f00000| Untracked 
|  96|0x0000000086000000, 0x0000000086000000, 0x0000000086100000|  0%| F|  |TAMS 0x0000000086000000, 0x0000000086000000| Untracked 
|  97|0x0000000086100000, 0x0000000086100000, 0x0000000086200000|  0%| F|  |TAMS 0x0000000086100000, 0x0000000086100000| Untracked 
|  98|0x0000000086200000, 0x0000000086200000, 0x0000000086300000|  0%| F|  |TAMS 0x0000000086200000, 0x0000000086200000| Untracked 
|  99|0x0000000086300000, 0x0000000086300000, 0x0000000086400000|  0%| F|  |TAMS 0x0000000086300000, 0x0000000086300000| Untracked 
| 100|0x0000000086400000, 0x0000000086400000, 0x0000000086500000|  0%| F|  |TAMS 0x0000000086400000, 0x0000000086400000| Untracked 
| 101|0x0000000086500000, 0x0000000086500000, 0x0000000086600000|  0%| F|  |TAMS 0x0000000086500000, 0x0000000086500000| Untracked 
| 102|0x0000000086600000, 0x0000000086600000, 0x0000000086700000|  0%| F|  |TAMS 0x0000000086600000, 0x0000000086600000| Untracked 
| 103|0x0000000086700000, 0x0000000086700000, 0x0000000086800000|  0%| F|  |TAMS 0x0000000086700000, 0x0000000086700000| Untracked 
| 104|0x0000000086800000, 0x0000000086800000, 0x0000000086900000|  0%| F|  |TAMS 0x0000000086800000, 0x0000000086800000| Untracked 
| 105|0x0000000086900000, 0x0000000086900000, 0x0000000086a00000|  0%| F|  |TAMS 0x0000000086900000, 0x0000000086900000| Untracked 
| 106|0x0000000086a00000, 0x0000000086a00000, 0x0000000086b00000|  0%| F|  |TAMS 0x0000000086a00000, 0x0000000086a00000| Untracked 
| 107|0x0000000086b00000, 0x0000000086b00000, 0x0000000086c00000|  0%| F|  |TAMS 0x0000000086b00000, 0x0000000086b00000| Untracked 
| 108|0x0000000086c00000, 0x0000000086c00000, 0x0000000086d00000|  0%| F|  |TAMS 0x0000000086c00000, 0x0000000086c00000| Untracked 
| 109|0x0000000086d00000, 0x0000000086d00000, 0x0000000086e00000|  0%| F|  |TAMS 0x0000000086d00000, 0x0000000086d00000| Untracked 
| 110|0x0000000086e00000, 0x0000000086e00000, 0x0000000086f00000|  0%| F|  |TAMS 0x0000000086e00000, 0x0000000086e00000| Untracked 
| 111|0x0000000086f00000, 0x0000000086f00000, 0x0000000087000000|  0%| F|  |TAMS 0x0000000086f00000, 0x0000000086f00000| Untracked 
| 112|0x0000000087000000, 0x0000000087000000, 0x0000000087100000|  0%| F|  |TAMS 0x0000000087000000, 0x0000000087000000| Untracked 
| 113|0x0000000087100000, 0x0000000087100000, 0x0000000087200000|  0%| F|  |TAMS 0x0000000087100000, 0x0000000087100000| Untracked 
| 114|0x0000000087200000, 0x0000000087200000, 0x0000000087300000|  0%| F|  |TAMS 0x0000000087200000, 0x0000000087200000| Untracked 
| 115|0x0000000087300000, 0x0000000087300000, 0x0000000087400000|  0%| F|  |TAMS 0x0000000087300000, 0x0000000087300000| Untracked 
| 116|0x0000000087400000, 0x0000000087400000, 0x0000000087500000|  0%| F|  |TAMS 0x0000000087400000, 0x0000000087400000| Untracked 
| 117|0x0000000087500000, 0x0000000087500000, 0x0000000087600000|  0%| F|  |TAMS 0x0000000087500000, 0x0000000087500000| Untracked 
| 118|0x0000000087600000, 0x0000000087600000, 0x0000000087700000|  0%| F|  |TAMS 0x0000000087600000, 0x0000000087600000| Untracked 
| 119|0x0000000087700000, 0x0000000087700000, 0x0000000087800000|  0%| F|  |TAMS 0x0000000087700000, 0x0000000087700000| Untracked 
| 120|0x0000000087800000, 0x0000000087800000, 0x0000000087900000|  0%| F|  |TAMS 0x0000000087800000, 0x0000000087800000| Untracked 
| 121|0x0000000087900000, 0x0000000087900000, 0x0000000087a00000|  0%| F|  |TAMS 0x0000000087900000, 0x0000000087900000| Untracked 
| 122|0x0000000087a00000, 0x0000000087a3aad0, 0x0000000087b00000| 22%| S|CS|TAMS 0x0000000087a00000, 0x0000000087a00000| Complete 
| 123|0x0000000087b00000, 0x0000000087c00000, 0x0000000087c00000|100%| S|CS|TAMS 0x0000000087b00000, 0x0000000087b00000| Complete 
| 124|0x0000000087c00000, 0x0000000087d00000, 0x0000000087d00000|100%| S|CS|TAMS 0x0000000087c00000, 0x0000000087c00000| Complete 
| 125|0x0000000087d00000, 0x0000000087e00000, 0x0000000087e00000|100%| S|CS|TAMS 0x0000000087d00000, 0x0000000087d00000| Complete 
| 126|0x0000000087e00000, 0x0000000087e00000, 0x0000000087f00000|  0%| F|  |TAMS 0x0000000087e00000, 0x0000000087e00000| Untracked 
| 127|0x0000000087f00000, 0x0000000087f00000, 0x0000000088000000|  0%| F|  |TAMS 0x0000000087f00000, 0x0000000087f00000| Untracked 
| 128|0x0000000088000000, 0x0000000088000000, 0x0000000088100000|  0%| F|  |TAMS 0x0000000088000000, 0x0000000088000000| Untracked 
| 129|0x0000000088100000, 0x0000000088100000, 0x0000000088200000|  0%| F|  |TAMS 0x0000000088100000, 0x0000000088100000| Untracked 
| 130|0x0000000088200000, 0x0000000088200000, 0x0000000088300000|  0%| F|  |TAMS 0x0000000088200000, 0x0000000088200000| Untracked 
| 131|0x0000000088300000, 0x0000000088300000, 0x0000000088400000|  0%| F|  |TAMS 0x0000000088300000, 0x0000000088300000| Untracked 
| 132|0x0000000088400000, 0x0000000088400000, 0x0000000088500000|  0%| F|  |TAMS 0x0000000088400000, 0x0000000088400000| Untracked 
| 133|0x0000000088500000, 0x0000000088500000, 0x0000000088600000|  0%| F|  |TAMS 0x0000000088500000, 0x0000000088500000| Untracked 
| 134|0x0000000088600000, 0x0000000088600000, 0x0000000088700000|  0%| F|  |TAMS 0x0000000088600000, 0x0000000088600000| Untracked 
| 135|0x0000000088700000, 0x0000000088700000, 0x0000000088800000|  0%| F|  |TAMS 0x0000000088700000, 0x0000000088700000| Untracked 
| 136|0x0000000088800000, 0x0000000088800000, 0x0000000088900000|  0%| F|  |TAMS 0x0000000088800000, 0x0000000088800000| Untracked 
| 137|0x0000000088900000, 0x0000000088900000, 0x0000000088a00000|  0%| F|  |TAMS 0x0000000088900000, 0x0000000088900000| Untracked 
| 138|0x0000000088a00000, 0x0000000088a00000, 0x0000000088b00000|  0%| F|  |TAMS 0x0000000088a00000, 0x0000000088a00000| Untracked 
| 139|0x0000000088b00000, 0x0000000088b00000, 0x0000000088c00000|  0%| F|  |TAMS 0x0000000088b00000, 0x0000000088b00000| Untracked 
| 140|0x0000000088c00000, 0x0000000088c00000, 0x0000000088d00000|  0%| F|  |TAMS 0x0000000088c00000, 0x0000000088c00000| Untracked 
| 141|0x0000000088d00000, 0x0000000088d00000, 0x0000000088e00000|  0%| F|  |TAMS 0x0000000088d00000, 0x0000000088d00000| Untracked 
| 142|0x0000000088e00000, 0x0000000088e00000, 0x0000000088f00000|  0%| F|  |TAMS 0x0000000088e00000, 0x0000000088e00000| Untracked 
| 143|0x0000000088f00000, 0x0000000088f00000, 0x0000000089000000|  0%| F|  |TAMS 0x0000000088f00000, 0x0000000088f00000| Untracked 
| 144|0x0000000089000000, 0x0000000089000000, 0x0000000089100000|  0%| F|  |TAMS 0x0000000089000000, 0x0000000089000000| Untracked 
| 145|0x0000000089100000, 0x0000000089100000, 0x0000000089200000|  0%| F|  |TAMS 0x0000000089100000, 0x0000000089100000| Untracked 
| 146|0x0000000089200000, 0x0000000089200000, 0x0000000089300000|  0%| F|  |TAMS 0x0000000089200000, 0x0000000089200000| Untracked 
| 147|0x0000000089300000, 0x0000000089300000, 0x0000000089400000|  0%| F|  |TAMS 0x0000000089300000, 0x0000000089300000| Untracked 
| 148|0x0000000089400000, 0x0000000089400000, 0x0000000089500000|  0%| F|  |TAMS 0x0000000089400000, 0x0000000089400000| Untracked 
| 149|0x0000000089500000, 0x0000000089500000, 0x0000000089600000|  0%| F|  |TAMS 0x0000000089500000, 0x0000000089500000| Untracked 
| 150|0x0000000089600000, 0x0000000089600000, 0x0000000089700000|  0%| F|  |TAMS 0x0000000089600000, 0x0000000089600000| Untracked 
| 151|0x0000000089700000, 0x00000000897b5410, 0x0000000089800000| 70%| E|  |TAMS 0x0000000089700000, 0x0000000089700000| Complete 

Card table byte_map: [0x0000016c17330000,0x0000016c17730000] _byte_map_base: 0x0000016c16f30000

Marking Bits (Prev, Next): (CMBitMap*) 0x0000016c7f914078, (CMBitMap*) 0x0000016c7f9140b8
 Prev Bits: [0x0000016c17b30000, 0x0000016c19b30000)
 Next Bits: [0x0000016c19b30000, 0x0000016c1bb30000)

Polling page: 0x0000016c7d850000

Metaspace:

Usage:
  Non-class:     17.67 MB capacity,    17.27 MB ( 98%) used,   366.51 KB (  2%) free+waste,    44.69 KB ( <1%) overhead. 
      Class:      3.10 MB capacity,     2.91 MB ( 94%) used,   173.96 KB (  5%) free+waste,    23.88 KB ( <1%) overhead. 
       Both:     20.77 MB capacity,    20.18 MB ( 97%) used,   540.47 KB (  3%) free+waste,    68.56 KB ( <1%) overhead. 

Virtual space:
  Non-class space:       18.00 MB reserved,      17.92 MB (>99%) committed 
      Class space:        1.00 GB reserved,       3.13 MB ( <1%) committed 
             Both:        1.02 GB reserved,      21.05 MB (  2%) committed 

Chunk freelists:
   Non-Class:  1.88 KB
       Class:  3.25 KB
        Both:  5.13 KB

CodeHeap 'non-profiled nmethods': size=120064Kb used=939Kb max_used=939Kb free=119124Kb
 bounds [0x0000016c0fdf0000, 0x0000016c10060000, 0x0000016c17330000]
CodeHeap 'profiled nmethods': size=120000Kb used=4714Kb max_used=4714Kb free=115285Kb
 bounds [0x0000016c088c0000, 0x0000016c08d60000, 0x0000016c0fdf0000]
CodeHeap 'non-nmethods': size=5696Kb used=1164Kb max_used=1193Kb free=4531Kb
 bounds [0x0000016c08330000, 0x0000016c085a0000, 0x0000016c088c0000]
 total_blobs=3333 nmethods=2116 adapters=404
 compilation: enabled
              stopped_count=0, restarted_count=0
 full_count=0

Compilation events (10 events):
Event: 3.302 Thread 0x0000016c1ddf0000 2323       3       jdk.internal.reflect.ClassFileAssembler::emitConstantPoolNameAndType (28 bytes)
Event: 3.303 Thread 0x0000016c1ddf0000 nmethod 2323 0x0000016c08d53c90 code [0x0000016c08d53ee0, 0x0000016c08d54650]
Event: 3.303 Thread 0x0000016c1ddf0000 2325       3       java.lang.Class::getComponentType (14 bytes)
Event: 3.303 Thread 0x0000016c1ddf0000 nmethod 2325 0x0000016c08d54a10 code [0x0000016c08d54be0, 0x0000016c08d54df0]
Event: 3.303 Thread 0x0000016c1ddf0000 2324       3       java.util.concurrent.locks.ReentrantLock::lock (9 bytes)
Event: 3.303 Thread 0x0000016c1ddf0000 nmethod 2324 0x0000016c08d54e90 code [0x0000016c08d550a0, 0x0000016c08d55580]
Event: 3.309 Thread 0x0000016c1ddf0000 2326       3       com.google.common.base.Preconditions::checkArgument (28 bytes)
Event: 3.309 Thread 0x0000016c1ddf0000 nmethod 2326 0x0000016c08d55710 code [0x0000016c08d55920, 0x0000016c08d55fe0]
Event: 3.309 Thread 0x0000016c1ddf0000 2327       3       com.google.common.io.BaseEncoding$Alphabet::encode (7 bytes)
Event: 3.309 Thread 0x0000016c1ddf0000 nmethod 2327 0x0000016c08d56210 code [0x0000016c08d563c0, 0x0000016c08d56578]

GC Heap History (10 events):
Event: 0.410 GC heap before
{Heap before GC invocations=0 (full 0):
 garbage-first heap   total 129024K, used 20480K [0x0000000080000000, 0x0000000100000000)
  region size 1024K, 14 young (14336K), 0 survivors (0K)
 Metaspace       used 1877K, capacity 5353K, committed 5504K, reserved 1056768K
  class space    used 213K, capacity 549K, committed 640K, reserved 1048576K
}
Event: 0.414 GC heap after
{Heap after GC invocations=1 (full 0):
 garbage-first heap   total 129024K, used 7778K [0x0000000080000000, 0x0000000100000000)
  region size 1024K, 2 young (2048K), 2 survivors (2048K)
 Metaspace       used 1877K, capacity 5353K, committed 5504K, reserved 1056768K
  class space    used 213K, capacity 549K, committed 640K, reserved 1048576K
}
Event: 0.639 GC heap before
{Heap before GC invocations=1 (full 0):
 garbage-first heap   total 129024K, used 16994K [0x0000000080000000, 0x0000000100000000)
  region size 1024K, 11 young (11264K), 2 survivors (2048K)
 Metaspace       used 3458K, capacity 6448K, committed 6656K, reserved 1056768K
  class space    used 458K, capacity 766K, committed 768K, reserved 1048576K
}
Event: 0.641 GC heap after
{Heap after GC invocations=2 (full 0):
 garbage-first heap   total 129024K, used 8550K [0x0000000080000000, 0x0000000100000000)
  region size 1024K, 1 young (1024K), 1 survivors (1024K)
 Metaspace       used 3458K, capacity 6448K, committed 6656K, reserved 1056768K
  class space    used 458K, capacity 766K, committed 768K, reserved 1048576K
}
Event: 0.982 GC heap before
{Heap before GC invocations=2 (full 0):
 garbage-first heap   total 129024K, used 33126K [0x0000000080000000, 0x0000000100000000)
  region size 1024K, 26 young (26624K), 1 survivors (1024K)
 Metaspace       used 3948K, capacity 6665K, committed 7040K, reserved 1056768K
  class space    used 500K, capacity 774K, committed 896K, reserved 1048576K
}
Event: 0.985 GC heap after
{Heap after GC invocations=3 (full 0):
 garbage-first heap   total 129024K, used 11167K [0x0000000080000000, 0x0000000100000000)
  region size 1024K, 4 young (4096K), 4 survivors (4096K)
 Metaspace       used 3948K, capacity 6665K, committed 7040K, reserved 1056768K
  class space    used 500K, capacity 774K, committed 896K, reserved 1048576K
}
Event: 2.309 GC heap before
{Heap before GC invocations=3 (full 0):
 garbage-first heap   total 129024K, used 49055K [0x0000000080000000, 0x0000000100000000)
  region size 1024K, 41 young (41984K), 4 survivors (4096K)
 Metaspace       used 9895K, capacity 10296K, committed 10624K, reserved 1058816K
  class space    used 1417K, capacity 1551K, committed 1664K, reserved 1048576K
}
Event: 2.316 GC heap after
{Heap after GC invocations=4 (full 0):
 garbage-first heap   total 129024K, used 14993K [0x0000000080000000, 0x0000000100000000)
  region size 1024K, 6 young (6144K), 6 survivors (6144K)
 Metaspace       used 9895K, capacity 10296K, committed 10624K, reserved 1058816K
  class space    used 1417K, capacity 1551K, committed 1664K, reserved 1048576K
}
Event: 3.001 GC heap before
{Heap before GC invocations=4 (full 0):
 garbage-first heap   total 129024K, used 71313K [0x0000000080000000, 0x0000000100000000)
  region size 1024K, 61 young (62464K), 6 survivors (6144K)
 Metaspace       used 17834K, capacity 18421K, committed 18688K, reserved 1064960K
  class space    used 2551K, capacity 2777K, committed 2816K, reserved 1048576K
}
Event: 3.011 GC heap after
{Heap after GC invocations=5 (full 0):
 garbage-first heap   total 155648K, used 17645K [0x0000000080000000, 0x0000000100000000)
  region size 1024K, 6 young (6144K), 6 survivors (6144K)
 Metaspace       used 17834K, capacity 18421K, committed 18688K, reserved 1064960K
  class space    used 2551K, capacity 2777K, committed 2816K, reserved 1048576K
}

Deoptimization events (10 events):
Event: 2.592 Thread 0x0000016c1fb66800 Uncommon trap: reason=bimorphic_or_optimized_type_check action=maybe_recompile pc=0x0000016c0feab87c method=java.util.HashMap.putVal(ILjava/lang/Object;Ljava/lang/Object;ZZ)Ljava/lang/Object; @ 203 c2
Event: 2.594 Thread 0x0000016c1fb66800 Uncommon trap: reason=unstable_if action=reinterpret pc=0x0000016c0fe23aa0 method=java.util.HashMap.getNode(ILjava/lang/Object;)Ljava/util/HashMap$Node; @ 129 c2
Event: 2.594 Thread 0x0000016c1fb66800 Uncommon trap: reason=bimorphic_or_optimized_type_check action=maybe_recompile pc=0x0000016c0feab87c method=java.util.HashMap.putVal(ILjava/lang/Object;Ljava/lang/Object;ZZ)Ljava/lang/Object; @ 203 c2
Event: 2.736 Thread 0x0000016c1fb66800 Uncommon trap: reason=unstable_if action=reinterpret pc=0x0000016c0fe63a20 method=java.util.concurrent.ConcurrentHashMap.get(Ljava/lang/Object;)Ljava/lang/Object; @ 76 c2
Event: 2.800 Thread 0x0000016c1fb66800 Uncommon trap: reason=unstable_if action=reinterpret pc=0x0000016c0fe5ac74 method=java.util.HashMap.getNode(ILjava/lang/Object;)Ljava/util/HashMap$Node; @ 129 c2
Event: 2.971 Thread 0x0000016c1fb66800 Uncommon trap: reason=unstable_if action=reinterpret pc=0x0000016c0fe0e3e8 method=java.net.URI.match(CJJ)Z @ 19 c2
Event: 2.971 Thread 0x0000016c1fb66800 Uncommon trap: reason=unstable_if action=reinterpret pc=0x0000016c0fe391bc method=java.net.URI.match(CJJ)Z @ 19 c2
Event: 3.049 Thread 0x0000016c1fb66800 Uncommon trap: reason=unstable_if action=reinterpret pc=0x0000016c0fec8374 method=java.util.HashMap.hash(Ljava/lang/Object;)I @ 1 c2
Event: 3.056 Thread 0x0000016c1fb66800 Uncommon trap: reason=unstable_if action=reinterpret pc=0x0000016c0febccdc method=java.util.HashMap.hash(Ljava/lang/Object;)I @ 1 c2
Event: 3.180 Thread 0x0000016c1fb66800 Uncommon trap: reason=unstable_if action=reinterpret pc=0x0000016c0fe4aa38 method=java.io.WinNTFileSystem.resolve(Ljava/lang/String;Ljava/lang/String;)Ljava/lang/String; @ 83 c2

Classes redefined (0 events):
No events

Internal exceptions (10 events):
Event: 2.934 Thread 0x0000016c1fb66800 Exception <a 'java/lang/NoSuchMethodError'{0x00000000846b7ff0}: java.lang.invoke.Invokers$Holder.linkToTargetMethod(Ljava/lang/Object;ILjava/lang/Object;)Ljava/lang/Object;> (0x00000000846b7ff0) thrown at [t:/workspace/open/src/hotspot/share/interpreter/l
Event: 3.049 Thread 0x0000016c1fb66800 Implicit null exception at 0x0000016c0fec8185 to 0x0000016c0fec8362
Event: 3.056 Thread 0x0000016c1fb66800 Implicit null exception at 0x0000016c0febcc4f to 0x0000016c0febcccd
Event: 3.089 Thread 0x0000016c1fb66800 Exception <a 'java/lang/NoSuchMethodError'{0x00000000891d05e0}: java.lang.invoke.DirectMethodHandle$Holder.invokeSpecialIFC(Ljava/lang/Object;Ljava/lang/Object;Ljava/lang/Object;Ljava/lang/Object;)Ljava/lang/Object;> (0x00000000891d05e0) thrown at [t:/wor
Event: 3.097 Thread 0x0000016c1fb66800 Exception <a 'java/lang/NoSuchMethodError'{0x0000000089097b58}: java.lang.invoke.DirectMethodHandle$Holder.invokeSpecial(Ljava/lang/Object;Ljava/lang/Object;Ljava/lang/Object;Ljava/lang/Object;Ljava/lang/Object;Ljava/lang/Object;Ljava/lang/Object;Ljava/la
Event: 3.098 Thread 0x0000016c1fb66800 Exception <a 'java/lang/NoSuchMethodError'{0x00000000890a8818}: java.lang.invoke.DirectMethodHandle$Holder.invokeSpecial(Ljava/lang/Object;Ljava/lang/Object;Ljava/lang/Object;Ljava/lang/Object;Ljava/lang/Object;Ljava/lang/Object;Ljava/lang/Object;Ljava/la
Event: 3.098 Thread 0x0000016c1fb66800 Exception <a 'java/lang/NoSuchMethodError'{0x00000000890ad108}: java.lang.invoke.Invokers$Holder.linkToTargetMethod(Ljava/lang/Object;Ljava/lang/Object;Ljava/lang/Object;Ljava/lang/Object;Ljava/lang/Object;Ljava/lang/Object;Ljava/lang/Object;Ljava/lang/Ob
Event: 3.108 Thread 0x0000016c1fb66800 Exception <a 'java/lang/NoSuchMethodError'{0x0000000088fb8770}: java.lang.invoke.DirectMethodHandle$Holder.invokeSpecial(Ljava/lang/Object;Ljava/lang/Object;Ljava/lang/Object;Ljava/lang/Object;Ljava/lang/Object;Ljava/lang/Object;Ljava/lang/Object;Ljava/la
Event: 3.109 Thread 0x0000016c1fb66800 Exception <a 'java/lang/NoSuchMethodError'{0x0000000088fc96a0}: java.lang.invoke.Invokers$Holder.linkToTargetMethod(Ljava/lang/Object;Ljava/lang/Object;Ljava/lang/Object;Ljava/lang/Object;Ljava/lang/Object;Ljava/lang/Object;Ljava/lang/Object;Ljava/lang/Ob
Event: 3.117 Thread 0x0000016c1fb66800 Exception <a 'java/lang/NoSuchMethodError'{0x0000000088e439c0}: java.lang.invoke.DirectMethodHandle$Holder.invokeStaticInit(Ljava/lang/Object;Ljava/lang/Object;Ljava/lang/Object;Ljava/lang/Object;)Ljava/lang/Object;> (0x0000000088e439c0) thrown at [t:/wor

Events (10 events):
Event: 3.333 loading class org/gradle/internal/execution/caching/CachingDisabledReasonCategory
Event: 3.333 loading class org/gradle/internal/execution/caching/CachingDisabledReasonCategory done
Event: 3.333 loading class org/gradle/api/internal/AbstractTask
Event: 3.333 loading class org/gradle/api/internal/AbstractTask done
Event: 3.334 loading class org/gradle/api/internal/TaskInternal
Event: 3.334 loading class org/gradle/api/internal/TaskInternal done
Event: 3.335 loading class org/gradle/internal/reflect/annotations/impl/DefaultTypeAnnotationMetadataStore
Event: 3.335 loading class org/gradle/internal/reflect/annotations/impl/DefaultTypeAnnotationMetadataStore done
Event: 3.336 loading class org/gradle/internal/reflect/annotations/TypeAnnotationMetadata
Event: 3.336 loading class org/gradle/internal/reflect/annotations/TypeAnnotationMetadata done


Dynamic libraries:
0x00007ff6b8d20000 - 0x00007ff6b8d2f000 	C:\Program Files\Java\jdk-12.0.2\bin\java.exe
0x00007ffce4e90000 - 0x00007ffce5086000 	C:\WINDOWS\SYSTEM32\ntdll.dll
0x00007ffce3550000 - 0x00007ffce360d000 	C:\WINDOWS\System32\KERNEL32.DLL
0x00007ffce25d0000 - 0x00007ffce2899000 	C:\WINDOWS\System32\KERNELBASE.dll
0x00007ffcdfe70000 - 0x00007ffcdff00000 	C:\WINDOWS\SYSTEM32\apphelp.dll
0x00007ffce28a0000 - 0x00007ffce29a0000 	C:\WINDOWS\System32\ucrtbase.dll
0x00007ffcde0b0000 - 0x00007ffcde0c8000 	C:\Program Files\Java\jdk-12.0.2\bin\jli.dll
0x00007ffcc8090000 - 0x00007ffcc80a6000 	C:\Program Files\Java\jdk-12.0.2\bin\VCRUNTIME140.dll
0x00007ffce2ef0000 - 0x00007ffce2f9c000 	C:\WINDOWS\System32\ADVAPI32.dll
0x00007ffce3ca0000 - 0x00007ffce3d3e000 	C:\WINDOWS\System32\msvcrt.dll
0x00007ffce3720000 - 0x00007ffce37bc000 	C:\WINDOWS\System32\sechost.dll
0x00007ffce4aa0000 - 0x00007ffce4bcb000 	C:\WINDOWS\System32\RPCRT4.dll
0x00007ffce41b0000 - 0x00007ffce4350000 	C:\WINDOWS\System32\USER32.dll
0x00007ffce2bd0000 - 0x00007ffce2bf2000 	C:\WINDOWS\System32\win32u.dll
0x00007ffcd00b0000 - 0x00007ffcd034b000 	C:\WINDOWS\WinSxS\amd64_microsoft.windows.common-controls_6595b64144ccf1df_6.0.19041.488_none_ca04af081b815d21\COMCTL32.dll
0x00007ffce3400000 - 0x00007ffce342a000 	C:\WINDOWS\System32\GDI32.dll
0x00007ffce2d50000 - 0x00007ffce2e59000 	C:\WINDOWS\System32\gdi32full.dll
0x00007ffce2c00000 - 0x00007ffce2c9d000 	C:\WINDOWS\System32\msvcp_win.dll
0x00007ffcd8e60000 - 0x00007ffcd8e6a000 	C:\WINDOWS\SYSTEM32\VERSION.dll
0x00007ffce3f30000 - 0x00007ffce3f60000 	C:\WINDOWS\System32\IMM32.DLL
0x00007ffcb7850000 - 0x00007ffcb78fa000 	C:\Program Files\Java\jdk-12.0.2\bin\msvcp140.dll
0x00007ffc9d700000 - 0x00007ffc9e277000 	C:\Program Files\Java\jdk-12.0.2\bin\server\jvm.dll
0x00007ffce3820000 - 0x00007ffce3828000 	C:\WINDOWS\System32\PSAPI.DLL
0x00007ffccde90000 - 0x00007ffccdeb7000 	C:\WINDOWS\SYSTEM32\WINMM.dll
0x00007ffccb5b0000 - 0x00007ffccb5b9000 	C:\WINDOWS\SYSTEM32\WSOCK32.dll
0x00007ffce4de0000 - 0x00007ffce4e4b000 	C:\WINDOWS\System32\WS2_32.dll
0x00007ffce0500000 - 0x00007ffce0512000 	C:\WINDOWS\SYSTEM32\kernel.appcore.dll
0x00007ffcc7b60000 - 0x00007ffcc7b71000 	C:\Program Files\Java\jdk-12.0.2\bin\verify.dll
0x00007ffcd9d00000 - 0x00007ffcd9ee4000 	C:\WINDOWS\SYSTEM32\DBGHELP.DLL
0x00007ffcc9b20000 - 0x00007ffcc9b4c000 	C:\WINDOWS\SYSTEM32\dbgcore.DLL
0x00007ffce29a0000 - 0x00007ffce2a20000 	C:\WINDOWS\System32\bcryptPrimitives.dll
0x00007ffcc76d0000 - 0x00007ffcc76f6000 	C:\Program Files\Java\jdk-12.0.2\bin\java.dll
0x00007ffcc76b0000 - 0x00007ffcc76c7000 	C:\Program Files\Java\jdk-12.0.2\bin\zip.dll
0x00007ffcde120000 - 0x00007ffcde12a000 	C:\Program Files\Java\jdk-12.0.2\bin\jimage.dll
0x00007ffce4350000 - 0x00007ffce4a92000 	C:\WINDOWS\System32\SHELL32.dll
0x00007ffce0720000 - 0x00007ffce0eb5000 	C:\WINDOWS\SYSTEM32\windows.storage.dll
0x00007ffce30a0000 - 0x00007ffce33f6000 	C:\WINDOWS\System32\combase.dll
0x00007ffce1fd0000 - 0x00007ffce1ffc000 	C:\WINDOWS\SYSTEM32\Wldp.dll
0x00007ffce3670000 - 0x00007ffce371e000 	C:\WINDOWS\System32\SHCORE.dll
0x00007ffce40c0000 - 0x00007ffce4115000 	C:\WINDOWS\System32\shlwapi.dll
0x00007ffce2500000 - 0x00007ffce2526000 	C:\WINDOWS\SYSTEM32\profapi.dll
0x00007ffcc73d0000 - 0x00007ffcc73e9000 	C:\Program Files\Java\jdk-12.0.2\bin\net.dll
0x00007ffcdcfb0000 - 0x00007ffcdd0b0000 	C:\WINDOWS\SYSTEM32\WINHTTP.dll
0x00007ffcd1b60000 - 0x00007ffcd1d4d000 	C:\WINDOWS\SYSTEM32\urlmon.dll
0x00007ffcd1f30000 - 0x00007ffcd21e0000 	C:\WINDOWS\SYSTEM32\iertutil.dll
0x00007ffce1d50000 - 0x00007ffce1dba000 	C:\WINDOWS\system32\mswsock.dll
0x00007ffcc73b0000 - 0x00007ffcc73c3000 	C:\Program Files\Java\jdk-12.0.2\bin\nio.dll
0x00007ffccb2a0000 - 0x00007ffccb2c7000 	C:\Users\User\.gradle\native\f6784746aeab05261644944871eae4fe03e0ef1612fff0a4a95f87b438bc6780\windows-amd64\native-platform.dll
0x00007ffcd9fc0000 - 0x00007ffcd9fc9000 	C:\Program Files\Java\jdk-12.0.2\bin\management.dll
0x00007ffccfe40000 - 0x00007ffccfe4c000 	C:\Program Files\Java\jdk-12.0.2\bin\management_ext.dll
0x00007ffce1f20000 - 0x00007ffce1f38000 	C:\WINDOWS\SYSTEM32\CRYPTSP.dll
0x00007ffce1680000 - 0x00007ffce16b4000 	C:\WINDOWS\system32\rsaenh.dll
0x00007ffce2ec0000 - 0x00007ffce2ee7000 	C:\WINDOWS\System32\bcrypt.dll
0x00007ffce24c0000 - 0x00007ffce24ee000 	C:\WINDOWS\SYSTEM32\USERENV.dll
0x00007ffce1f40000 - 0x00007ffce1f4c000 	C:\WINDOWS\SYSTEM32\CRYPTBASE.dll
0x00007ffce1a40000 - 0x00007ffce1a7b000 	C:\WINDOWS\SYSTEM32\IPHLPAPI.DLL
0x00007ffce40b0000 - 0x00007ffce40b8000 	C:\WINDOWS\System32\NSI.dll
0x00007ffcd96c0000 - 0x00007ffcd96d7000 	C:\WINDOWS\SYSTEM32\dhcpcsvc6.DLL
0x00007ffcd96a0000 - 0x00007ffcd96bd000 	C:\WINDOWS\SYSTEM32\dhcpcsvc.DLL
0x00007ffce1a80000 - 0x00007ffce1b4b000 	C:\WINDOWS\SYSTEM32\DNSAPI.dll
0x00007ffcdcfa0000 - 0x00007ffcdcfab000 	C:\WINDOWS\SYSTEM32\WINNSI.DLL

dbghelp: loaded successfully - version: 4.0.5 - missing functions: none
symbol engine: initialized successfully - sym options: 0x614 - pdb path: (cannot be retrieved)

VM Arguments:
jvm_args: --add-opens=java.base/java.util=ALL-UNNAMED --add-opens=java.base/java.lang=ALL-UNNAMED --add-opens=java.base/java.lang.invoke=ALL-UNNAMED --add-opens=java.prefs/java.util.prefs=ALL-UNNAMED -Xmx2048m -Dfile.encoding=UTF-8 -Duser.country=ID -Duser.language=en -Duser.variant 
java_command: org.gradle.launcher.daemon.bootstrap.GradleDaemon 6.5
java_class_path (initial): C:\Users\User\.gradle\wrapper\dists\gradle-6.5-bin\6nifqtx7604sqp1q6g8wikw7p\gradle-6.5\lib\gradle-launcher-6.5.jar
Launcher Type: SUN_STANDARD

[Global flags]
     intx CICompilerCount                          = 3                                         {product} {ergonomic}
     uint ConcGCThreads                            = 1                                         {product} {ergonomic}
     uint G1ConcRefinementThreads                  = 4                                         {product} {ergonomic}
   size_t G1HeapRegionSize                         = 1048576                                   {product} {ergonomic}
    uintx GCDrainStackTargetSize                   = 64                                        {product} {ergonomic}
   size_t InitialHeapSize                          = 132120576                                 {product} {ergonomic}
   size_t MarkStackSize                            = 4194304                                   {product} {ergonomic}
   size_t MaxHeapSize                              = 2147483648                                {product} {command line}
   size_t MaxNewSize                               = 1287651328                                {product} {ergonomic}
   size_t MinHeapDeltaBytes                        = 1048576                                   {product} {ergonomic}
    uintx NonNMethodCodeHeapSize                   = 5830732                                {pd product} {ergonomic}
    uintx NonProfiledCodeHeapSize                  = 122913754                              {pd product} {ergonomic}
    uintx ProfiledCodeHeapSize                     = 122913754                              {pd product} {ergonomic}
    uintx ReservedCodeCacheSize                    = 251658240                              {pd product} {ergonomic}
     bool SegmentedCodeCache                       = true                                      {product} {ergonomic}
     bool UseCompressedClassPointers               = true                                 {lp64_product} {ergonomic}
     bool UseCompressedOops                        = true                                 {lp64_product} {ergonomic}
     bool UseG1GC                                  = true                                      {product} {ergonomic}
     bool UseLargePagesIndividualAllocation        = false                                  {pd product} {ergonomic}

Logging:
Log output configuration:
 #0: stdout all=warning uptime,level,tags
 #1: stderr all=off uptime,level,tags

Environment Variables:
JAVA_HOME=C:\Program Files\Java\jdk-12.0.2
PATH=C:\Program Files (x86)\Intel\Intel(R) Management Engine Components\iCLS\;C:\Program Files\Intel\Intel(R) Management Engine Components\iCLS\;C:\WINDOWS\system32;C:\WINDOWS;C:\WINDOWS\System32\Wbem;C:\WINDOWS\System32\WindowsPowerShell\v1.0\;C:\WINDOWS\System32\OpenSSH\;C:\Program Files (x86)\Intel\Intel(R) Management Engine Components\DAL;C:\Program Files\Intel\Intel(R) Management Engine Components\DAL;C:\Program Files (x86)\Intel\Intel(R) Management Engine Components\IPT;C:\Program Files\Intel\Intel(R) Management Engine Components\IPT;C:\Program Files\Intel\WiFi\bin\;C:\Program Files\Common Files\Intel\WirelessCommon\;C:\Program Files\Java\jdk-12.0.1\bin;C:\Program Files\dotnet\;C:\Program Files\Microsoft SQL Server\130\Tools\Binn\;C:\Program Files\kotlinc\bin;C:\Program Files\dart-sass;C:\Program Files\Java\jdk-12.0.2\bin;C:\cmder;C:\Users\User\Downloads\Compressed\opencv\build\x64\vc15\bin;C:\ProgramData\chocolatey\bin;C:\ProgramData\ComposerSetup\bin;C:\Program Files\Git\cmd;C:\Program Files\MongoDB\Server\4.4\bin;C:\Users\User\AppData\Local\Programs\Python\Python37\Scripts\;C:\Users\User\AppData\Local\Programs\Python\Python37\;C:\Users\User\AppData\Local\Microsoft\WindowsApps;C:\Users\User\AppData\Local\Programs\Microsoft VS Code\bin;C:\Users\User\AppData\Roaming\Composer\vendor\bin;C:\Program Files (x86)\Inno Setup 6;C:\tools\dart-sdk\bin;C:\Users\User\AppData\Roaming\Pub\Cache\bin;C:\Users\User\AppData\Local\GitHubDesktop\bin
USERNAME=User
OS=Windows_NT
PROCESSOR_IDENTIFIER=Intel64 Family 6 Model 142 Stepping 10, GenuineIntel



---------------  S Y S T E M  ---------------

OS: Windows 10 , 64 bit Build 19041 (10.0.19041.662)

CPU:total 4 (initial active 4) (4 cores per cpu, 2 threads per core) family 6 model 142 stepping 10, cmov, cx8, fxsr, mmx, sse, sse2, sse3, ssse3, sse4.1, sse4.2, popcnt, avx, avx2, aes, clmul, erms, 3dnowpref, lzcnt, ht, tsc, tscinvbit, bmi1, bmi2, adx, fma

Memory: 4k page, system-wide physical 8048M (590M free)
TotalPageFile size 22188M (AvailPageFile size 5M)
current process WorkingSet (physical memory assigned to process): 228M, peak: 228M
current process commit charge ("private bytes"): 309M, peak: 309M

vm_info: Java HotSpot(TM) 64-Bit Server VM (12.0.2+10) for windows-amd64 JRE (12.0.2+10), built on Jul 16 2019 01:56:17 by "mach5one" with MS VC++ 15.5 (VS2017)

END.
