#
# There is insufficient memory for the Java Runtime Environment to continue.
# Native memory allocation (malloc) failed to allocate 1245776 bytes for Chunk::new
# Possible reasons:
#   The system is out of physical RAM or swap space
#   The process is running with CompressedOops enabled, and the Java Heap may be blocking the growth of the native heap
# Possible solutions:
#   Reduce memory load on the system
#   Increase physical memory or swap space
#   Check if swap backing store is full
#   Decrease Java heap size (-Xmx/-Xms)
#   Decrease number of Java threads
#   Decrease Java thread stack sizes (-Xss)
#   Set larger code cache with -XX:ReservedCodeCacheSize=
#   JVM is running with Unscaled Compressed Oops mode in which the Java heap is
#     placed in the first 4GB address space. The Java Heap base address is the
#     maximum limit for the native heap growth. Please use -XX:HeapBaseMinAddress
#     to set the Java Heap base and to place the Java Heap above 4GB virtual address.
# This output file may be truncated or incomplete.
#
#  Out of Memory Error (t:/workspace/open/src/hotspot/share/memory/arena.cpp:197), pid=16276, tid=5748
#
# JRE version: Java(TM) SE Runtime Environment (12.0.2+10) (build 12.0.2+10)
# Java VM: Java HotSpot(TM) 64-Bit Server VM (12.0.2+10, mixed mode, sharing, tiered, compressed oops, g1 gc, windows-amd64)
# No core dump will be written. Minidumps are not enabled by default on client versions of Windows
#

---------------  S U M M A R Y ------------

Command Line: --add-opens=java.base/java.util=ALL-UNNAMED --add-opens=java.base/java.lang=ALL-UNNAMED --add-opens=java.base/java.lang.invoke=ALL-UNNAMED --add-opens=java.prefs/java.util.prefs=ALL-UNNAMED -Xmx2048m -Dfile.encoding=UTF-8 -Duser.country=ID -Duser.language=en -Duser.variant org.gradle.launcher.daemon.bootstrap.GradleDaemon 6.5

Host: Intel(R) Core(TM) i5-8250U CPU @ 1.60GHz, 4 cores, 7G,  Windows 10 , 64 bit Build 19041 (10.0.19041.662)
Time: Wed Mar 31 15:13:02 2021 SE Asia Standard Time elapsed time: 13 seconds (0d 0h 0m 13s)

---------------  T H R E A D  ---------------

Current thread (0x000001d662e55000):  JavaThread "C2 CompilerThread0" daemon [_thread_in_native, id=5748, stack(0x000000d436300000,0x000000d436400000)]


Current CompileTask:
C2:  13125 5653       4       sun.reflect.generics.parser.SignatureParser::parsePackageNameAndSimpleClassTypeSignature (119 bytes)

Stack: [0x000000d436300000,0x000000d436400000]
Native frames: (J=compiled Java code, j=interpreted, Vv=VM code, C=native code)
V  [jvm.dll+0x63aa2a]
V  [jvm.dll+0x78ce1e]
V  [jvm.dll+0x78e4c1]
V  [jvm.dll+0x78eb13]
V  [jvm.dll+0x2627e8]
V  [jvm.dll+0xc55cc]
V  [jvm.dll+0xc5b4c]
V  [jvm.dll+0x37a632]
V  [jvm.dll+0x1af0e0]
V  [jvm.dll+0x21c312]
V  [jvm.dll+0x21b3da]
V  [jvm.dll+0x199a20]
V  [jvm.dll+0x22a744]
V  [jvm.dll+0x228d98]
V  [jvm.dll+0x7512a0]
V  [jvm.dll+0x74a2c8]
V  [jvm.dll+0x639b16]
C  [ucrtbase.dll+0x214c2]
C  [KERNEL32.DLL+0x17034]
C  [ntdll.dll+0x4d0d1]


---------------  P R O C E S S  ---------------

Threads class SMR info:
_java_thread_list=0x000001d66a340810, length=129, elements={
0x000001d642a02000, 0x000001d662e37000, 0x000001d662e3c000, 0x000001d662e50800,
0x000001d662e51800, 0x000001d662e55000, 0x000001d662e64800, 0x000001d662e6a000,
0x000001d6638b3800, 0x000001d6638eb800, 0x000001d664e77800, 0x000001d6647d2800,
0x000001d6652f7800, 0x000001d665342800, 0x000001d665343000, 0x000001d664ef7000,
0x000001d6650fb000, 0x000001d664c66000, 0x000001d6650fb800, 0x000001d664f45800,
0x000001d664f2c000, 0x000001d664f2d000, 0x000001d664f2f800, 0x000001d6653bf800,
0x000001d664f2d800, 0x000001d664f29800, 0x000001d664f2e800, 0x000001d664f30000,
0x000001d664f2a800, 0x000001d664f2b800, 0x000001d667c3c800, 0x000001d667c3d800,
0x000001d667c3e000, 0x000001d667c3f000, 0x000001d667c39800, 0x000001d667c45000,
0x000001d667c43000, 0x000001d667c40800, 0x000001d667c45800, 0x000001d667c44000,
0x000001d667c40000, 0x000001d667c47000, 0x000001d667c46800, 0x000001d667c42800,
0x000001d667c41800, 0x000001d667c48000, 0x000001d66776f000, 0x000001d667773000,
0x000001d667770800, 0x000001d66776f800, 0x000001d667772000, 0x000001d667771800,
0x000001d66776d000, 0x000001d667774000, 0x000001d66776e000, 0x000001d667777000,
0x000001d667775800, 0x000001d667778000, 0x000001d66777a800, 0x000001d667779800,
0x000001d667774800, 0x000001d66777b000, 0x000001d667778800, 0x000001d66777c000,
0x000001d667776000, 0x000001d664feb000, 0x000001d664fea000, 0x000001d664feb800,
0x000001d664fe6000, 0x000001d664fec800, 0x000001d664fe7000, 0x000001d664fed800,
0x000001d664fe9000, 0x000001d664fe7800, 0x000001d664fe8800, 0x000001d664ff0000,
0x000001d664ff1800, 0x000001d664fee000, 0x000001d664ff2000, 0x000001d664ff3000,
0x000001d664ff4000, 0x000001d664ff4800, 0x000001d664fef000, 0x000001d664ff0800,
0x000001d667fbf800, 0x000001d667fbe800, 0x000001d667fc1000, 0x000001d667fbd800,
0x000001d667fbb800, 0x000001d667fbc000, 0x000001d667fc0000, 0x000001d667fc2800,
0x000001d667fc2000, 0x000001d667fbd000, 0x000001d667fc7800, 0x000001d667fc3800,
0x000001d667fc4800, 0x000001d667fc6800, 0x000001d667fc8800, 0x000001d667fc9000,
0x000001d667fca000, 0x000001d667fc5000, 0x000001d667fc6000, 0x000001d6677b6000,
0x000001d6677bb800, 0x000001d6677bb000, 0x000001d6677ba000, 0x000001d6677bc800,
0x000001d6677b9000, 0x000001d6677b7000, 0x000001d6677bd800, 0x000001d6677b7800,
0x000001d6677be000, 0x000001d6677b8800, 0x000001d6677c4800, 0x000001d6677c0800,
0x000001d6677c2000, 0x000001d6677c3000, 0x000001d6677c0000, 0x000001d6677bf000,
0x000001d6677c1800, 0x000001d6677c4000, 0x000001d667853800, 0x000001d667854800,
0x000001d667851000, 0x000001d667852000, 0x000001d667852800, 0x000001d66784e800,
0x000001d667850800
}

Java Threads: ( => current thread )
  0x000001d642a02000 JavaThread "main" [_thread_blocked, id=8536, stack(0x000000d435800000,0x000000d435900000)]
  0x000001d662e37000 JavaThread "Reference Handler" daemon [_thread_blocked, id=1900, stack(0x000000d435f00000,0x000000d436000000)]
  0x000001d662e3c000 JavaThread "Finalizer" daemon [_thread_blocked, id=17504, stack(0x000000d436000000,0x000000d436100000)]
  0x000001d662e50800 JavaThread "Signal Dispatcher" daemon [_thread_blocked, id=21160, stack(0x000000d436100000,0x000000d436200000)]
  0x000001d662e51800 JavaThread "Attach Listener" daemon [_thread_blocked, id=15224, stack(0x000000d436200000,0x000000d436300000)]
=>0x000001d662e55000 JavaThread "C2 CompilerThread0" daemon [_thread_in_native, id=5748, stack(0x000000d436300000,0x000000d436400000)]
  0x000001d662e64800 JavaThread "C1 CompilerThread0" daemon [_thread_blocked, id=8348, stack(0x000000d436400000,0x000000d436500000)]
  0x000001d662e6a000 JavaThread "Sweeper thread" daemon [_thread_blocked, id=15420, stack(0x000000d436500000,0x000000d436600000)]
  0x000001d6638b3800 JavaThread "Common-Cleaner" daemon [_thread_blocked, id=21432, stack(0x000000d436600000,0x000000d436700000)]
  0x000001d6638eb800 JavaThread "Service Thread" daemon [_thread_blocked, id=14104, stack(0x000000d436700000,0x000000d436800000)]
  0x000001d664e77800 JavaThread "Daemon health stats" [_thread_blocked, id=20088, stack(0x000000d436c00000,0x000000d436d00000)]
  0x000001d6647d2800 JavaThread "Incoming local TCP Connector on port 51406" [_thread_in_native, id=1564, stack(0x000000d436e00000,0x000000d436f00000)]
  0x000001d6652f7800 JavaThread "Daemon periodic checks" [_thread_blocked, id=14052, stack(0x000000d436f00000,0x000000d437000000)]
  0x000001d665342800 JavaThread "Daemon" [_thread_blocked, id=14632, stack(0x000000d437000000,0x000000d437100000)]
  0x000001d665343000 JavaThread "Handler for socket connection from /127.0.0.1:51406 to /127.0.0.1:51407" [_thread_in_native, id=17648, stack(0x000000d437100000,0x000000d437200000)]
  0x000001d664ef7000 JavaThread "Cancel handler" [_thread_blocked, id=8416, stack(0x000000d437200000,0x000000d437300000)]
  0x000001d6650fb000 JavaThread "Daemon worker" [_thread_in_vm, id=16960, stack(0x000000d437300000,0x000000d437400000)]
  0x000001d664c66000 JavaThread "Asynchronous log dispatcher for DefaultDaemonConnection: socket connection from /127.0.0.1:51406 to /127.0.0.1:51407" [_thread_blocked, id=20288, stack(0x000000d437400000,0x000000d437500000)]
  0x000001d6650fb800 JavaThread "Stdin handler" [_thread_blocked, id=8988, stack(0x000000d437500000,0x000000d437600000)]
  0x000001d664f45800 JavaThread "Thread-8" [_thread_blocked, id=12860, stack(0x000000d437600000,0x000000d437700000)]
  0x000001d664f2c000 JavaThread "Cache worker for journal cache (C:\Users\User\.gradle\caches\journal-1)" [_thread_blocked, id=224, stack(0x000000d437800000,0x000000d437900000)]
  0x000001d664f2d000 JavaThread "File lock request listener" [_thread_in_native, id=4448, stack(0x000000d437900000,0x000000d437a00000)]
  0x000001d664f2f800 JavaThread "Cache worker for file hash cache (C:\Users\User\.gradle\caches\6.5\fileHashes)" [_thread_blocked, id=3832, stack(0x000000d437a00000,0x000000d437b00000)]
  0x000001d6653bf800 JavaThread "C2 CompilerThread1" daemon [_thread_in_native, id=20968, stack(0x000000d437b00000,0x000000d437c00000)]
  0x000001d664f2d800 JavaThread "Cache worker for file hash cache (C:\Users\User\Documents\Semester 4\ImageOpener\.gradle\6.5\fileHashes)" [_thread_blocked, id=16592, stack(0x000000d437c00000,0x000000d437d00000)]
  0x000001d664f29800 JavaThread "Cache worker for checksums cache (C:\Users\User\Documents\Semester 4\ImageOpener\.gradle\checksums)" [_thread_blocked, id=15632, stack(0x000000d437d00000,0x000000d437e00000)]
  0x000001d664f2e800 JavaThread "Cache worker for cache directory md-supplier (C:\Users\User\.gradle\caches\6.5\md-supplier)" [_thread_blocked, id=22524, stack(0x000000d437e00000,0x000000d437f00000)]
  0x000001d664f30000 JavaThread "Cache worker for cache directory md-rule (C:\Users\User\.gradle\caches\6.5\md-rule)" [_thread_blocked, id=18344, stack(0x000000d437f00000,0x000000d438000000)]
  0x000001d664f2a800 JavaThread "Cache worker for execution history cache (C:\Users\User\.gradle\caches\6.5\executionHistory)" [_thread_blocked, id=11936, stack(0x000000d438000000,0x000000d438100000)]
  0x000001d664f2b800 JavaThread "jar transforms" [_thread_blocked, id=22800, stack(0x000000d438100000,0x000000d438200000)]
  0x000001d667c3c800 JavaThread "Cache worker for file content cache (C:\Users\User\.gradle\caches\6.5\fileContent)" [_thread_blocked, id=14744, stack(0x000000d438200000,0x000000d438300000)]
  0x000001d667c3d800 JavaThread "Build operations" [_thread_blocked, id=9472, stack(0x000000d438300000,0x000000d438400000)]
  0x000001d667c3e000 JavaThread "Build operations Thread 2" [_thread_blocked, id=5780, stack(0x000000d438400000,0x000000d438500000)]
  0x000001d667c3f000 JavaThread "Build operations Thread 3" [_thread_blocked, id=21048, stack(0x000000d438500000,0x000000d438600000)]
  0x000001d667c39800 JavaThread "Build operations Thread 4" [_thread_blocked, id=23184, stack(0x000000d438600000,0x000000d438700000)]
  0x000001d667c45000 JavaThread "jar transforms Thread 2" [_thread_blocked, id=5492, stack(0x000000d438700000,0x000000d438800000)]
  0x000001d667c43000 JavaThread "jar transforms Thread 3" [_thread_blocked, id=19708, stack(0x000000d438800000,0x000000d438900000)]
  0x000001d667c40800 JavaThread "jar transforms Thread 4" [_thread_blocked, id=18392, stack(0x000000d438900000,0x000000d438a00000)]
  0x000001d667c45800 JavaThread "jar transforms Thread 5" [_thread_blocked, id=13572, stack(0x000000d438a00000,0x000000d438b00000)]
  0x000001d667c44000 JavaThread "jar transforms Thread 6" [_thread_blocked, id=8572, stack(0x000000d438b00000,0x000000d438c00000)]
  0x000001d667c40000 JavaThread "jar transforms Thread 7" [_thread_blocked, id=23476, stack(0x000000d438c00000,0x000000d438d00000)]
  0x000001d667c47000 JavaThread "jar transforms Thread 8" [_thread_blocked, id=10208, stack(0x000000d438d00000,0x000000d438e00000)]
  0x000001d667c46800 JavaThread "jar transforms Thread 9" [_thread_blocked, id=20688, stack(0x000000d438e00000,0x000000d438f00000)]
  0x000001d667c42800 JavaThread "jar transforms Thread 10" [_thread_blocked, id=10724, stack(0x000000d438f00000,0x000000d439000000)]
  0x000001d667c41800 JavaThread "jar transforms Thread 11" [_thread_blocked, id=16888, stack(0x000000d439000000,0x000000d439100000)]
  0x000001d667c48000 JavaThread "jar transforms Thread 12" [_thread_blocked, id=20444, stack(0x000000d439100000,0x000000d439200000)]
  0x000001d66776f000 JavaThread "jar transforms Thread 13" [_thread_blocked, id=21972, stack(0x000000d439200000,0x000000d439300000)]
  0x000001d667773000 JavaThread "jar transforms Thread 14" [_thread_blocked, id=19916, stack(0x000000d439300000,0x000000d439400000)]
  0x000001d667770800 JavaThread "jar transforms Thread 15" [_thread_blocked, id=13388, stack(0x000000d439400000,0x000000d439500000)]
  0x000001d66776f800 JavaThread "jar transforms Thread 16" [_thread_blocked, id=16800, stack(0x000000d439500000,0x000000d439600000)]
  0x000001d667772000 JavaThread "jar transforms Thread 17" [_thread_blocked, id=6848, stack(0x000000d439600000,0x000000d439700000)]
  0x000001d667771800 JavaThread "jar transforms Thread 18" [_thread_blocked, id=17776, stack(0x000000d439700000,0x000000d439800000)]
  0x000001d66776d000 JavaThread "jar transforms Thread 19" [_thread_blocked, id=11400, stack(0x000000d439800000,0x000000d439900000)]
  0x000001d667774000 JavaThread "jar transforms Thread 20" [_thread_blocked, id=19364, stack(0x000000d439900000,0x000000d439a00000)]
  0x000001d66776e000 JavaThread "jar transforms Thread 21" [_thread_blocked, id=18984, stack(0x000000d439a00000,0x000000d439b00000)]
  0x000001d667777000 JavaThread "jar transforms Thread 22" [_thread_blocked, id=12844, stack(0x000000d439b00000,0x000000d439c00000)]
  0x000001d667775800 JavaThread "jar transforms Thread 23" [_thread_blocked, id=16112, stack(0x000000d439c00000,0x000000d439d00000)]
  0x000001d667778000 JavaThread "jar transforms Thread 24" [_thread_blocked, id=3148, stack(0x000000d439d00000,0x000000d439e00000)]
  0x000001d66777a800 JavaThread "jar transforms Thread 25" [_thread_blocked, id=13020, stack(0x000000d439e00000,0x000000d439f00000)]
  0x000001d667779800 JavaThread "jar transforms Thread 26" [_thread_blocked, id=20192, stack(0x000000d439f00000,0x000000d43a000000)]
  0x000001d667774800 JavaThread "jar transforms Thread 27" [_thread_blocked, id=4156, stack(0x000000d43a000000,0x000000d43a100000)]
  0x000001d66777b000 JavaThread "jar transforms Thread 28" [_thread_blocked, id=1844, stack(0x000000d43a100000,0x000000d43a200000)]
  0x000001d667778800 JavaThread "jar transforms Thread 29" [_thread_blocked, id=15344, stack(0x000000d43a200000,0x000000d43a300000)]
  0x000001d66777c000 JavaThread "jar transforms Thread 30" [_thread_blocked, id=4816, stack(0x000000d43a300000,0x000000d43a400000)]
  0x000001d667776000 JavaThread "jar transforms Thread 31" [_thread_blocked, id=18756, stack(0x000000d43a400000,0x000000d43a500000)]
  0x000001d664feb000 JavaThread "jar transforms Thread 32" [_thread_blocked, id=20136, stack(0x000000d43a500000,0x000000d43a600000)]
  0x000001d664fea000 JavaThread "jar transforms Thread 33" [_thread_blocked, id=2628, stack(0x000000d43a600000,0x000000d43a700000)]
  0x000001d664feb800 JavaThread "jar transforms Thread 34" [_thread_blocked, id=1556, stack(0x000000d43a700000,0x000000d43a800000)]
  0x000001d664fe6000 JavaThread "jar transforms Thread 35" [_thread_blocked, id=22212, stack(0x000000d43a800000,0x000000d43a900000)]
  0x000001d664fec800 JavaThread "jar transforms Thread 36" [_thread_blocked, id=21892, stack(0x000000d43a900000,0x000000d43aa00000)]
  0x000001d664fe7000 JavaThread "jar transforms Thread 37" [_thread_blocked, id=4232, stack(0x000000d43aa00000,0x000000d43ab00000)]
  0x000001d664fed800 JavaThread "jar transforms Thread 38" [_thread_blocked, id=17184, stack(0x000000d43ab00000,0x000000d43ac00000)]
  0x000001d664fe9000 JavaThread "jar transforms Thread 39" [_thread_blocked, id=19504, stack(0x000000d43ac00000,0x000000d43ad00000)]
  0x000001d664fe7800 JavaThread "jar transforms Thread 40" [_thread_blocked, id=17820, stack(0x000000d43ad00000,0x000000d43ae00000)]
  0x000001d664fe8800 JavaThread "jar transforms Thread 41" [_thread_blocked, id=18328, stack(0x000000d43ae00000,0x000000d43af00000)]
  0x000001d664ff0000 JavaThread "jar transforms Thread 42" [_thread_blocked, id=2524, stack(0x000000d43af00000,0x000000d43b000000)]
  0x000001d664ff1800 JavaThread "jar transforms Thread 43" [_thread_blocked, id=8360, stack(0x000000d43b000000,0x000000d43b100000)]
  0x000001d664fee000 JavaThread "jar transforms Thread 44" [_thread_blocked, id=22652, stack(0x000000d43b100000,0x000000d43b200000)]
  0x000001d664ff2000 JavaThread "jar transforms Thread 45" [_thread_blocked, id=17176, stack(0x000000d43b200000,0x000000d43b300000)]
  0x000001d664ff3000 JavaThread "jar transforms Thread 46" [_thread_blocked, id=8684, stack(0x000000d43b300000,0x000000d43b400000)]
  0x000001d664ff4000 JavaThread "jar transforms Thread 47" [_thread_blocked, id=21820, stack(0x000000d43b400000,0x000000d43b500000)]
  0x000001d664ff4800 JavaThread "jar transforms Thread 48" [_thread_blocked, id=19900, stack(0x000000d43b500000,0x000000d43b600000)]
  0x000001d664fef000 JavaThread "jar transforms Thread 49" [_thread_blocked, id=13168, stack(0x000000d43b600000,0x000000d43b700000)]
  0x000001d664ff0800 JavaThread "jar transforms Thread 50" [_thread_blocked, id=21888, stack(0x000000d43b700000,0x000000d43b800000)]
  0x000001d667fbf800 JavaThread "jar transforms Thread 51" [_thread_blocked, id=1708, stack(0x000000d43b800000,0x000000d43b900000)]
  0x000001d667fbe800 JavaThread "jar transforms Thread 52" [_thread_blocked, id=12216, stack(0x000000d43b900000,0x000000d43ba00000)]
  0x000001d667fc1000 JavaThread "jar transforms Thread 53" [_thread_blocked, id=2176, stack(0x000000d43ba00000,0x000000d43bb00000)]
  0x000001d667fbd800 JavaThread "jar transforms Thread 54" [_thread_blocked, id=22196, stack(0x000000d43bb00000,0x000000d43bc00000)]
  0x000001d667fbb800 JavaThread "jar transforms Thread 55" [_thread_blocked, id=22964, stack(0x000000d43bc00000,0x000000d43bd00000)]
  0x000001d667fbc000 JavaThread "jar transforms Thread 56" [_thread_blocked, id=5648, stack(0x000000d43bd00000,0x000000d43be00000)]
  0x000001d667fc0000 JavaThread "jar transforms Thread 57" [_thread_blocked, id=4244, stack(0x000000d43be00000,0x000000d43bf00000)]
  0x000001d667fc2800 JavaThread "jar transforms Thread 58" [_thread_blocked, id=12988, stack(0x000000d43bf00000,0x000000d43c000000)]
  0x000001d667fc2000 JavaThread "jar transforms Thread 59" [_thread_blocked, id=10000, stack(0x000000d43c000000,0x000000d43c100000)]
  0x000001d667fbd000 JavaThread "jar transforms Thread 60" [_thread_blocked, id=5804, stack(0x000000d43c100000,0x000000d43c200000)]
  0x000001d667fc7800 JavaThread "jar transforms Thread 61" [_thread_blocked, id=9488, stack(0x000000d43c200000,0x000000d43c300000)]
  0x000001d667fc3800 JavaThread "jar transforms Thread 62" [_thread_blocked, id=9436, stack(0x000000d43c300000,0x000000d43c400000)]
  0x000001d667fc4800 JavaThread "jar transforms Thread 63" [_thread_blocked, id=21156, stack(0x000000d43c400000,0x000000d43c500000)]
  0x000001d667fc6800 JavaThread "jar transforms Thread 64" [_thread_blocked, id=3344, stack(0x000000d43c500000,0x000000d43c600000)]
  0x000001d667fc8800 JavaThread "jar transforms Thread 65" [_thread_blocked, id=22828, stack(0x000000d43c600000,0x000000d43c700000)]
  0x000001d667fc9000 JavaThread "jar transforms Thread 66" [_thread_blocked, id=23284, stack(0x000000d43c700000,0x000000d43c800000)]
  0x000001d667fca000 JavaThread "jar transforms Thread 67" [_thread_blocked, id=19484, stack(0x000000d43c800000,0x000000d43c900000)]
  0x000001d667fc5000 JavaThread "jar transforms Thread 68" [_thread_blocked, id=16188, stack(0x000000d43c900000,0x000000d43ca00000)]
  0x000001d667fc6000 JavaThread "jar transforms Thread 69" [_thread_blocked, id=21688, stack(0x000000d43ca00000,0x000000d43cb00000)]
  0x000001d6677b6000 JavaThread "jar transforms Thread 70" [_thread_blocked, id=22208, stack(0x000000d43cb00000,0x000000d43cc00000)]
  0x000001d6677bb800 JavaThread "jar transforms Thread 71" [_thread_blocked, id=11112, stack(0x000000d43cc00000,0x000000d43cd00000)]
  0x000001d6677bb000 JavaThread "jar transforms Thread 72" [_thread_blocked, id=13932, stack(0x000000d43cd00000,0x000000d43ce00000)]
  0x000001d6677ba000 JavaThread "jar transforms Thread 73" [_thread_blocked, id=20236, stack(0x000000d43ce00000,0x000000d43cf00000)]
  0x000001d6677bc800 JavaThread "jar transforms Thread 74" [_thread_blocked, id=18376, stack(0x000000d43cf00000,0x000000d43d000000)]
  0x000001d6677b9000 JavaThread "jar transforms Thread 75" [_thread_blocked, id=23424, stack(0x000000d43d000000,0x000000d43d100000)]
  0x000001d6677b7000 JavaThread "jar transforms Thread 76" [_thread_blocked, id=7252, stack(0x000000d43d100000,0x000000d43d200000)]
  0x000001d6677bd800 JavaThread "jar transforms Thread 77" [_thread_blocked, id=23488, stack(0x000000d43d200000,0x000000d43d300000)]
  0x000001d6677b7800 JavaThread "jar transforms Thread 78" [_thread_blocked, id=7900, stack(0x000000d43d300000,0x000000d43d400000)]
  0x000001d6677be000 JavaThread "jar transforms Thread 79" [_thread_blocked, id=18924, stack(0x000000d43d400000,0x000000d43d500000)]
  0x000001d6677b8800 JavaThread "jar transforms Thread 80" [_thread_blocked, id=3128, stack(0x000000d43d500000,0x000000d43d600000)]
  0x000001d6677c4800 JavaThread "jar transforms Thread 81" [_thread_blocked, id=18708, stack(0x000000d43d600000,0x000000d43d700000)]
  0x000001d6677c0800 JavaThread "jar transforms Thread 82" [_thread_blocked, id=17012, stack(0x000000d43d700000,0x000000d43d800000)]
  0x000001d6677c2000 JavaThread "jar transforms Thread 83" [_thread_blocked, id=19844, stack(0x000000d43d800000,0x000000d43d900000)]
  0x000001d6677c3000 JavaThread "jar transforms Thread 84" [_thread_blocked, id=10968, stack(0x000000d43d900000,0x000000d43da00000)]
  0x000001d6677c0000 JavaThread "jar transforms Thread 85" [_thread_blocked, id=2436, stack(0x000000d43da00000,0x000000d43db00000)]
  0x000001d6677bf000 JavaThread "jar transforms Thread 86" [_thread_blocked, id=14680, stack(0x000000d43db00000,0x000000d43dc00000)]
  0x000001d6677c1800 JavaThread "jar transforms Thread 87" [_thread_blocked, id=13592, stack(0x000000d43dc00000,0x000000d43dd00000)]
  0x000001d6677c4000 JavaThread "jar transforms Thread 88" [_thread_blocked, id=9332, stack(0x000000d43dd00000,0x000000d43de00000)]
  0x000001d667853800 JavaThread "jar transforms Thread 89" [_thread_blocked, id=4512, stack(0x000000d43de00000,0x000000d43df00000)]
  0x000001d667854800 JavaThread "jar transforms Thread 90" [_thread_blocked, id=21012, stack(0x000000d43df00000,0x000000d43e000000)]
  0x000001d667851000 JavaThread "jar transforms Thread 91" [_thread_blocked, id=12344, stack(0x000000d43e000000,0x000000d43e100000)]
  0x000001d667852000 JavaThread "jar transforms Thread 92" [_thread_blocked, id=22704, stack(0x000000d43e100000,0x000000d43e200000)]
  0x000001d667852800 JavaThread "Cache worker for Build Output Cleanup Cache (C:\Users\User\Documents\Semester 4\ImageOpener\.gradle\buildOutputCleanup)" [_thread_blocked, id=23264, stack(0x000000d43e200000,0x000000d43e300000)]
  0x000001d66784e800 JavaThread "Memory manager" [_thread_blocked, id=23228, stack(0x000000d43e300000,0x000000d43e400000)]
  0x000001d667850800 JavaThread "Cache worker for file content cache (C:\Users\User\Documents\Semester 4\ImageOpener\.gradle\6.5\fileContent)" [_thread_blocked, id=16700, stack(0x000000d43e400000,0x000000d43e500000)]

Other Threads:
  0x000001d662e35000 VMThread "VM Thread" [stack: 0x000000d435e00000,0x000000d435f00000] [id=11380]
  0x000001d6638ec800 WatcherThread [stack: 0x000000d436800000,0x000000d436900000] [id=21692]
  0x000001d642a43000 GCTaskThread "GC Thread#0" [stack: 0x000000d435900000,0x000000d435a00000] [id=11912]
  0x000001d664064000 GCTaskThread "GC Thread#1" [stack: 0x000000d436a00000,0x000000d436b00000] [id=14344]
  0x000001d663d28000 GCTaskThread "GC Thread#2" [stack: 0x000000d436b00000,0x000000d436c00000] [id=18672]
  0x000001d664cf4800 GCTaskThread "GC Thread#3" [stack: 0x000000d437700000,0x000000d437800000] [id=22024]
  0x000001d642a51800 ConcurrentGCThread "G1 Main Marker" [stack: 0x000000d435a00000,0x000000d435b00000] [id=13516]
  0x000001d642a53800 ConcurrentGCThread "G1 Conc#0" [stack: 0x000000d435b00000,0x000000d435c00000] [id=14752]
  0x000001d642ad2800 ConcurrentGCThread "G1 Refine#0" [stack: 0x000000d435c00000,0x000000d435d00000] [id=1296]
  0x000001d642ad3800 ConcurrentGCThread "G1 Young RemSet Sampling" [stack: 0x000000d435d00000,0x000000d435e00000] [id=7800]

Threads with active compile tasks:
C2 CompilerThread0  5653       4       sun.reflect.generics.parser.SignatureParser::parsePackageNameAndSimpleClassTypeSignature (119 bytes)
C2 CompilerThread1  5660   !   4       com.sun.beans.TypeResolver::resolve (261 bytes)

VM state:not at safepoint (normal execution)

VM Mutex/Monitor currently owned by a thread: None

Heap address: 0x0000000080000000, size: 2048 MB, Compressed Oops mode: 32-bit
Narrow klass base: 0x0000000800000000, Narrow klass shift: 3
Compressed class space size: 1073741824 Address: 0x0000000801190000

Heap:
 garbage-first heap   total 95232K, used 49709K [0x0000000080000000, 0x0000000100000000)
  region size 1024K, 8 young (8192K), 4 survivors (4096K)
 Metaspace       used 56961K, capacity 58478K, committed 58576K, reserved 1099776K
  class space    used 7669K, capacity 8192K, committed 8192K, reserved 1048576K
Heap Regions: E=young(eden), S=young(survivor), O=old, HS=humongous(starts), HC=humongous(continues), CS=collection set, F=free, A=archive, TAMS=top-at-mark-start (previous, next)
|   0|0x0000000080000000, 0x0000000080100000, 0x0000000080100000|100%| O|  |TAMS 0x0000000080100000, 0x0000000080100000| Untracked 
|   1|0x0000000080100000, 0x0000000080200000, 0x0000000080200000|100%| O|  |TAMS 0x0000000080200000, 0x0000000080200000| Untracked 
|   2|0x0000000080200000, 0x0000000080300000, 0x0000000080300000|100%| O|  |TAMS 0x0000000080300000, 0x0000000080300000| Untracked 
|   3|0x0000000080300000, 0x0000000080400000, 0x0000000080400000|100%|HS|  |TAMS 0x0000000080400000, 0x0000000080400000| Complete 
|   4|0x0000000080400000, 0x0000000080500000, 0x0000000080500000|100%|HC|  |TAMS 0x0000000080500000, 0x0000000080500000| Complete 
|   5|0x0000000080500000, 0x0000000080600000, 0x0000000080600000|100%|HC|  |TAMS 0x0000000080600000, 0x0000000080600000| Complete 
|   6|0x0000000080600000, 0x0000000080700000, 0x0000000080700000|100%| O|  |TAMS 0x0000000080700000, 0x0000000080700000| Untracked 
|   7|0x0000000080700000, 0x0000000080800000, 0x0000000080800000|100%| O|  |TAMS 0x0000000080800000, 0x0000000080800000| Untracked 
|   8|0x0000000080800000, 0x0000000080900000, 0x0000000080900000|100%| O|  |TAMS 0x0000000080900000, 0x0000000080900000| Untracked 
|   9|0x0000000080900000, 0x0000000080a00000, 0x0000000080a00000|100%| O|  |TAMS 0x0000000080a00000, 0x0000000080a00000| Untracked 
|  10|0x0000000080a00000, 0x0000000080b00000, 0x0000000080b00000|100%| O|  |TAMS 0x0000000080b00000, 0x0000000080b00000| Untracked 
|  11|0x0000000080b00000, 0x0000000080c00000, 0x0000000080c00000|100%| O|  |TAMS 0x0000000080c00000, 0x0000000080c00000| Untracked 
|  12|0x0000000080c00000, 0x0000000080d00000, 0x0000000080d00000|100%| O|  |TAMS 0x0000000080d00000, 0x0000000080d00000| Untracked 
|  13|0x0000000080d00000, 0x0000000080e00000, 0x0000000080e00000|100%| O|  |TAMS 0x0000000080e00000, 0x0000000080e00000| Untracked 
|  14|0x0000000080e00000, 0x0000000080f00000, 0x0000000080f00000|100%| O|  |TAMS 0x0000000080f00000, 0x0000000080f00000| Untracked 
|  15|0x0000000080f00000, 0x0000000080fd7800, 0x0000000081000000| 84%| O|  |TAMS 0x0000000080fd7800, 0x0000000080fd7800| Untracked 
|  16|0x0000000081000000, 0x0000000081100000, 0x0000000081100000|100%| O|  |TAMS 0x0000000081100000, 0x0000000081100000| Untracked 
|  17|0x0000000081100000, 0x0000000081200000, 0x0000000081200000|100%| O|  |TAMS 0x0000000081200000, 0x0000000081200000| Untracked 
|  18|0x0000000081200000, 0x0000000081300000, 0x0000000081300000|100%| O|  |TAMS 0x0000000081300000, 0x0000000081300000| Untracked 
|  19|0x0000000081300000, 0x0000000081400000, 0x0000000081400000|100%| O|  |TAMS 0x0000000081400000, 0x0000000081400000| Untracked 
|  20|0x0000000081400000, 0x0000000081500000, 0x0000000081500000|100%| O|  |TAMS 0x0000000081500000, 0x0000000081500000| Untracked 
|  21|0x0000000081500000, 0x0000000081600000, 0x0000000081600000|100%| O|  |TAMS 0x0000000081600000, 0x0000000081600000| Untracked 
|  22|0x0000000081600000, 0x0000000081700000, 0x0000000081700000|100%| O|  |TAMS 0x0000000081700000, 0x0000000081700000| Untracked 
|  23|0x0000000081700000, 0x0000000081800000, 0x0000000081800000|100%|HS|  |TAMS 0x0000000081800000, 0x0000000081800000| Complete 
|  24|0x0000000081800000, 0x0000000081900000, 0x0000000081900000|100%|HS|  |TAMS 0x0000000081900000, 0x0000000081900000| Complete 
|  25|0x0000000081900000, 0x0000000081a00000, 0x0000000081a00000|100%|HC|  |TAMS 0x0000000081a00000, 0x0000000081a00000| Complete 
|  26|0x0000000081a00000, 0x0000000081b00000, 0x0000000081b00000|100%| O|  |TAMS 0x0000000081b00000, 0x0000000081b00000| Untracked 
|  27|0x0000000081b00000, 0x0000000081c00000, 0x0000000081c00000|100%| O|  |TAMS 0x0000000081c00000, 0x0000000081c00000| Untracked 
|  28|0x0000000081c00000, 0x0000000081d00000, 0x0000000081d00000|100%| O|  |TAMS 0x0000000081d00000, 0x0000000081d00000| Untracked 
|  29|0x0000000081d00000, 0x0000000081e00000, 0x0000000081e00000|100%| O|  |TAMS 0x0000000081e00000, 0x0000000081e00000| Untracked 
|  30|0x0000000081e00000, 0x0000000081f00000, 0x0000000081f00000|100%| O|  |TAMS 0x0000000081f00000, 0x0000000081f00000| Untracked 
|  31|0x0000000081f00000, 0x0000000082000000, 0x0000000082000000|100%| O|  |TAMS 0x0000000082000000, 0x0000000082000000| Untracked 
|  32|0x0000000082000000, 0x0000000082100000, 0x0000000082100000|100%| O|  |TAMS 0x0000000082100000, 0x0000000082100000| Untracked 
|  33|0x0000000082100000, 0x0000000082200000, 0x0000000082200000|100%| O|  |TAMS 0x0000000082200000, 0x0000000082200000| Untracked 
|  34|0x0000000082200000, 0x0000000082300000, 0x0000000082300000|100%| O|  |TAMS 0x0000000082300000, 0x0000000082300000| Untracked 
|  35|0x0000000082300000, 0x0000000082400000, 0x0000000082400000|100%| O|  |TAMS 0x0000000082400000, 0x0000000082400000| Untracked 
|  36|0x0000000082400000, 0x0000000082500000, 0x0000000082500000|100%| O|  |TAMS 0x000000008248e800, 0x0000000082500000| Untracked 
|  37|0x0000000082500000, 0x0000000082600000, 0x0000000082600000|100%| O|  |TAMS 0x0000000082500000, 0x0000000082600000| Untracked 
|  38|0x0000000082600000, 0x0000000082700000, 0x0000000082700000|100%| O|  |TAMS 0x0000000082600000, 0x0000000082700000| Untracked 
|  39|0x0000000082700000, 0x0000000082800000, 0x0000000082800000|100%| O|  |TAMS 0x0000000082700000, 0x0000000082800000| Untracked 
|  40|0x0000000082800000, 0x0000000082900000, 0x0000000082900000|100%| O|  |TAMS 0x0000000082800000, 0x0000000082900000| Untracked 
|  41|0x0000000082900000, 0x0000000082a00000, 0x0000000082a00000|100%| O|  |TAMS 0x0000000082900000, 0x0000000082a00000| Untracked 
|  42|0x0000000082a00000, 0x0000000082a4f600, 0x0000000082b00000| 31%| O|  |TAMS 0x0000000082a00000, 0x0000000082a4f600| Untracked 
|  43|0x0000000082b00000, 0x0000000082b00000, 0x0000000082c00000|  0%| F|  |TAMS 0x0000000082b00000, 0x0000000082b00000| Untracked 
|  44|0x0000000082c00000, 0x0000000082c00000, 0x0000000082d00000|  0%| F|  |TAMS 0x0000000082c00000, 0x0000000082c00000| Untracked 
|  45|0x0000000082d00000, 0x0000000082d00000, 0x0000000082e00000|  0%| F|  |TAMS 0x0000000082d00000, 0x0000000082d00000| Untracked 
|  46|0x0000000082e00000, 0x0000000082e00000, 0x0000000082f00000|  0%| F|  |TAMS 0x0000000082e00000, 0x0000000082e00000| Untracked 
|  47|0x0000000082f00000, 0x0000000082f00000, 0x0000000083000000|  0%| F|  |TAMS 0x0000000082f00000, 0x0000000082f00000| Untracked 
|  48|0x0000000083000000, 0x0000000083000000, 0x0000000083100000|  0%| F|  |TAMS 0x0000000083000000, 0x0000000083000000| Untracked 
|  49|0x0000000083100000, 0x0000000083100000, 0x0000000083200000|  0%| F|  |TAMS 0x0000000083100000, 0x0000000083100000| Untracked 
|  50|0x0000000083200000, 0x0000000083200000, 0x0000000083300000|  0%| F|  |TAMS 0x0000000083200000, 0x0000000083200000| Untracked 
|  51|0x0000000083300000, 0x0000000083300000, 0x0000000083400000|  0%| F|  |TAMS 0x0000000083300000, 0x0000000083300000| Untracked 
|  52|0x0000000083400000, 0x0000000083400000, 0x0000000083500000|  0%| F|  |TAMS 0x0000000083400000, 0x0000000083400000| Untracked 
|  53|0x0000000083500000, 0x0000000083500000, 0x0000000083600000|  0%| F|  |TAMS 0x0000000083500000, 0x0000000083500000| Untracked 
|  54|0x0000000083600000, 0x0000000083600000, 0x0000000083700000|  0%| F|  |TAMS 0x0000000083600000, 0x0000000083600000| Untracked 
|  55|0x0000000083700000, 0x0000000083700000, 0x0000000083800000|  0%| F|  |TAMS 0x0000000083700000, 0x0000000083700000| Untracked 
|  56|0x0000000083800000, 0x0000000083800000, 0x0000000083900000|  0%| F|  |TAMS 0x0000000083800000, 0x0000000083800000| Untracked 
|  57|0x0000000083900000, 0x0000000083900000, 0x0000000083a00000|  0%| F|  |TAMS 0x0000000083900000, 0x0000000083900000| Untracked 
|  58|0x0000000083a00000, 0x0000000083a00000, 0x0000000083b00000|  0%| F|  |TAMS 0x0000000083a00000, 0x0000000083a00000| Untracked 
|  59|0x0000000083b00000, 0x0000000083b00000, 0x0000000083c00000|  0%| F|  |TAMS 0x0000000083b00000, 0x0000000083b00000| Untracked 
|  60|0x0000000083c00000, 0x0000000083c00000, 0x0000000083d00000|  0%| F|  |TAMS 0x0000000083c00000, 0x0000000083c00000| Untracked 
|  61|0x0000000083d00000, 0x0000000083d64900, 0x0000000083e00000| 39%| S|CS|TAMS 0x0000000083d00000, 0x0000000083d00000| Complete 
|  62|0x0000000083e00000, 0x0000000083e00000, 0x0000000083f00000|  0%| F|  |TAMS 0x0000000083e00000, 0x0000000083e00000| Untracked 
|  63|0x0000000083f00000, 0x0000000083f00000, 0x0000000084000000|  0%| F|  |TAMS 0x0000000083f00000, 0x0000000083f00000| Untracked 
|  64|0x0000000084000000, 0x0000000084100000, 0x0000000084100000|100%| S|CS|TAMS 0x0000000084000000, 0x0000000084000000| Complete 
|  65|0x0000000084100000, 0x0000000084200000, 0x0000000084200000|100%| S|CS|TAMS 0x0000000084100000, 0x0000000084100000| Complete 
|  66|0x0000000084200000, 0x0000000084300000, 0x0000000084300000|100%| S|CS|TAMS 0x0000000084200000, 0x0000000084200000| Complete 
|  67|0x0000000084300000, 0x0000000084300000, 0x0000000084400000|  0%| F|  |TAMS 0x0000000084300000, 0x0000000084300000| Untracked 
|  68|0x0000000084400000, 0x0000000084400000, 0x0000000084500000|  0%| F|  |TAMS 0x0000000084400000, 0x0000000084400000| Untracked 
|  69|0x0000000084500000, 0x0000000084500000, 0x0000000084600000|  0%| F|  |TAMS 0x0000000084500000, 0x0000000084500000| Untracked 
|  70|0x0000000084600000, 0x0000000084600000, 0x0000000084700000|  0%| F|  |TAMS 0x0000000084600000, 0x0000000084600000| Untracked 
|  71|0x0000000084700000, 0x0000000084700000, 0x0000000084800000|  0%| F|  |TAMS 0x0000000084700000, 0x0000000084700000| Untracked 
|  72|0x0000000084800000, 0x0000000084800000, 0x0000000084900000|  0%| F|  |TAMS 0x0000000084800000, 0x0000000084800000| Untracked 
|  73|0x0000000084900000, 0x0000000084900000, 0x0000000084a00000|  0%| F|  |TAMS 0x0000000084900000, 0x0000000084900000| Untracked 
|  74|0x0000000084a00000, 0x0000000084a00000, 0x0000000084b00000|  0%| F|  |TAMS 0x0000000084a00000, 0x0000000084a00000| Untracked 
|  75|0x0000000084b00000, 0x0000000084b00000, 0x0000000084c00000|  0%| F|  |TAMS 0x0000000084b00000, 0x0000000084b00000| Untracked 
|  76|0x0000000084c00000, 0x0000000084c00000, 0x0000000084d00000|  0%| F|  |TAMS 0x0000000084c00000, 0x0000000084c00000| Untracked 
|  77|0x0000000084d00000, 0x0000000084d00000, 0x0000000084e00000|  0%| F|  |TAMS 0x0000000084d00000, 0x0000000084d00000| Untracked 
|  78|0x0000000084e00000, 0x0000000084e00000, 0x0000000084f00000|  0%| F|  |TAMS 0x0000000084e00000, 0x0000000084e00000| Untracked 
|  79|0x0000000084f00000, 0x0000000084f00000, 0x0000000085000000|  0%| F|  |TAMS 0x0000000084f00000, 0x0000000084f00000| Untracked 
|  80|0x0000000085000000, 0x0000000085000000, 0x0000000085100000|  0%| F|  |TAMS 0x0000000085000000, 0x0000000085000000| Untracked 
|  81|0x0000000085100000, 0x0000000085100000, 0x0000000085200000|  0%| F|  |TAMS 0x0000000085100000, 0x0000000085100000| Untracked 
|  82|0x0000000085200000, 0x0000000085200000, 0x0000000085300000|  0%| F|  |TAMS 0x0000000085200000, 0x0000000085200000| Untracked 
|  83|0x0000000085300000, 0x0000000085300000, 0x0000000085400000|  0%| F|  |TAMS 0x0000000085300000, 0x0000000085300000| Untracked 
|  84|0x0000000085400000, 0x0000000085400000, 0x0000000085500000|  0%| F|  |TAMS 0x0000000085400000, 0x0000000085400000| Untracked 
|  85|0x0000000085500000, 0x0000000085500000, 0x0000000085600000|  0%| F|  |TAMS 0x0000000085500000, 0x0000000085500000| Untracked 
|  86|0x0000000085600000, 0x0000000085600000, 0x0000000085700000|  0%| F|  |TAMS 0x0000000085600000, 0x0000000085600000| Untracked 
|  87|0x0000000085700000, 0x0000000085700000, 0x0000000085800000|  0%| F|  |TAMS 0x0000000085700000, 0x0000000085700000| Untracked 
|  88|0x0000000085800000, 0x0000000085800000, 0x0000000085900000|  0%| F|  |TAMS 0x0000000085800000, 0x0000000085800000| Untracked 
|  89|0x0000000085900000, 0x000000008597eb50, 0x0000000085a00000| 49%| E|  |TAMS 0x0000000085900000, 0x0000000085900000| Complete 
|  90|0x0000000085a00000, 0x0000000085b00000, 0x0000000085b00000|100%| E|CS|TAMS 0x0000000085a00000, 0x0000000085a00000| Complete 
|  91|0x0000000085b00000, 0x0000000085c00000, 0x0000000085c00000|100%| E|CS|TAMS 0x0000000085b00000, 0x0000000085b00000| Complete 
| 125|0x0000000087d00000, 0x0000000087e00000, 0x0000000087e00000|100%| E|CS|TAMS 0x0000000087d00000, 0x0000000087d00000| Complete 

Card table byte_map: [0x000001d65c010000,0x000001d65c410000] _byte_map_base: 0x000001d65bc10000

Marking Bits (Prev, Next): (CMBitMap*) 0x000001d642a44118, (CMBitMap*) 0x000001d642a44158
 Prev Bits: [0x000001d65c810000, 0x000001d65e810000)
 Next Bits: [0x000001d65e810000, 0x000001d660810000)

Polling page: 0x000001d644290000

Metaspace:

Usage:
  Non-class:     49.11 MB capacity,    48.15 MB ( 98%) used,   844.42 KB (  2%) free+waste,   137.06 KB ( <1%) overhead. 
      Class:      8.00 MB capacity,     7.49 MB ( 94%) used,   453.25 KB (  6%) free+waste,    66.69 KB ( <1%) overhead. 
       Both:     57.11 MB capacity,    55.64 MB ( 97%) used,     1.27 MB (  2%) free+waste,   203.75 KB ( <1%) overhead. 

Virtual space:
  Non-class space:       50.00 MB reserved,      49.20 MB ( 98%) committed 
      Class space:        1.00 GB reserved,       8.00 MB ( <1%) committed 
             Both:        1.05 GB reserved,      57.20 MB (  5%) committed 

Chunk freelists:
   Non-Class:  4.25 KB
       Class:  0 bytes
        Both:  4.25 KB

CodeHeap 'non-profiled nmethods': size=120064Kb used=3464Kb max_used=3464Kb free=116600Kb
 bounds [0x000001d6540a0000, 0x000001d654410000, 0x000001d65b5e0000]
CodeHeap 'profiled nmethods': size=120000Kb used=12751Kb max_used=12751Kb free=107248Kb
 bounds [0x000001d64cb70000, 0x000001d64d7f0000, 0x000001d6540a0000]
CodeHeap 'non-nmethods': size=5696Kb used=2278Kb max_used=2322Kb free=3417Kb
 bounds [0x000001d64c5e0000, 0x000001d64c850000, 0x000001d64cb70000]
 total_blobs=7935 nmethods=5522 adapters=762
 compilation: enabled
              stopped_count=0, restarted_count=0
 full_count=0

Compilation events (10 events):
Event: 13.107 Thread 0x000001d662e64800 5752       3       com.google.common.cache.LocalCache::customWeigher (16 bytes)
Event: 13.107 Thread 0x000001d662e64800 nmethod 5752 0x000001d64d7dbc90 code [0x000001d64d7dbe40, 0x000001d64d7dc038]
Event: 13.118 Thread 0x000001d662e64800 5753       1       java.lang.NamedPackage::packageName (5 bytes)
Event: 13.119 Thread 0x000001d662e64800 nmethod 5753 0x000001d654401590 code [0x000001d654401740, 0x000001d654401878]
Event: 13.119 Thread 0x000001d662e64800 5754       3       com.google.common.collect.ImmutableMap::of (4 bytes)
Event: 13.119 Thread 0x000001d662e64800 nmethod 5754 0x000001d64d7dc110 code [0x000001d64d7dc2c0, 0x000001d64d7dc418]
Event: 13.120 Thread 0x000001d662e64800 5756       3       com.google.common.collect.HashMultimap::create (8 bytes)
Event: 13.121 Thread 0x000001d662e64800 nmethod 5756 0x000001d64d7dc490 code [0x000001d64d7dc720, 0x000001d64d7dd2e0]
Event: 13.121 Thread 0x000001d662e64800 5757       3       com.google.common.collect.CompactHashSet::isEmpty (13 bytes)
Event: 13.121 Thread 0x000001d662e64800 nmethod 5757 0x000001d64d7dd710 code [0x000001d64d7dd8c0, 0x000001d64d7dda98]

GC Heap History (10 events):
Event: 10.712 GC heap before
{Heap before GC invocations=15 (full 0):
 garbage-first heap   total 78848K, used 58224K [0x0000000080000000, 0x0000000100000000)
  region size 1024K, 24 young (24576K), 3 survivors (3072K)
 Metaspace       used 46028K, capacity 47263K, committed 47440K, reserved 1089536K
  class space    used 6137K, capacity 6526K, committed 6528K, reserved 1048576K
}
Event: 10.720 GC heap after
{Heap after GC invocations=16 (full 0):
 garbage-first heap   total 78848K, used 39942K [0x0000000080000000, 0x0000000100000000)
  region size 1024K, 3 young (3072K), 3 survivors (3072K)
 Metaspace       used 46028K, capacity 47263K, committed 47440K, reserved 1089536K
  class space    used 6137K, capacity 6526K, committed 6528K, reserved 1048576K
}
Event: 11.139 GC heap before
{Heap before GC invocations=16 (full 0):
 garbage-first heap   total 78848K, used 54278K [0x0000000080000000, 0x0000000100000000)
  region size 1024K, 18 young (18432K), 3 survivors (3072K)
 Metaspace       used 47645K, capacity 48860K, committed 48976K, reserved 1091584K
  class space    used 6342K, capacity 6758K, committed 6784K, reserved 1048576K
}
Event: 11.146 GC heap after
{Heap after GC invocations=17 (full 0):
 garbage-first heap   total 95232K, used 41348K [0x0000000080000000, 0x0000000100000000)
  region size 1024K, 2 young (2048K), 2 survivors (2048K)
 Metaspace       used 47645K, capacity 48860K, committed 48976K, reserved 1091584K
  class space    used 6342K, capacity 6758K, committed 6784K, reserved 1048576K
}
Event: 11.919 GC heap before
{Heap before GC invocations=18 (full 0):
 garbage-first heap   total 95232K, used 67972K [0x0000000080000000, 0x0000000100000000)
  region size 1024K, 27 young (27648K), 2 survivors (2048K)
 Metaspace       used 50698K, capacity 52117K, committed 52176K, reserved 1093632K
  class space    used 6687K, capacity 7164K, committed 7168K, reserved 1048576K
}
Event: 11.925 GC heap after
{Heap after GC invocations=19 (full 0):
 garbage-first heap   total 95232K, used 43226K [0x0000000080000000, 0x0000000100000000)
  region size 1024K, 4 young (4096K), 4 survivors (4096K)
 Metaspace       used 50698K, capacity 52117K, committed 52176K, reserved 1093632K
  class space    used 6687K, capacity 7164K, committed 7168K, reserved 1048576K
}
Event: 12.487 GC heap before
{Heap before GC invocations=19 (full 0):
 garbage-first heap   total 95232K, used 67802K [0x0000000080000000, 0x0000000100000000)
  region size 1024K, 29 young (29696K), 4 survivors (4096K)
 Metaspace       used 53628K, capacity 55079K, committed 55248K, reserved 1097728K
  class space    used 7152K, capacity 7666K, committed 7680K, reserved 1048576K
}
Event: 12.495 GC heap after
{Heap after GC invocations=20 (full 0):
 garbage-first heap   total 95232K, used 45164K [0x0000000080000000, 0x0000000100000000)
  region size 1024K, 2 young (2048K), 2 survivors (2048K)
 Metaspace       used 53628K, capacity 55079K, committed 55248K, reserved 1097728K
  class space    used 7152K, capacity 7666K, committed 7680K, reserved 1048576K
}
Event: 13.083 GC heap before
{Heap before GC invocations=20 (full 0):
 garbage-first heap   total 95232K, used 71788K [0x0000000080000000, 0x0000000100000000)
  region size 1024K, 28 young (28672K), 2 survivors (2048K)
 Metaspace       used 56656K, capacity 58137K, committed 58320K, reserved 1099776K
  class space    used 7621K, capacity 8121K, committed 8192K, reserved 1048576K
}
Event: 13.090 GC heap after
{Heap after GC invocations=21 (full 0):
 garbage-first heap   total 95232K, used 46637K [0x0000000080000000, 0x0000000100000000)
  region size 1024K, 4 young (4096K), 4 survivors (4096K)
 Metaspace       used 56656K, capacity 58137K, committed 58320K, reserved 1099776K
  class space    used 7621K, capacity 8121K, committed 8192K, reserved 1048576K
}

Deoptimization events (10 events):
Event: 11.722 Thread 0x000001d6650fb000 Uncommon trap: reason=unstable_if action=reinterpret pc=0x000001d654376374 method=org.gradle.internal.instantiation.generator.AbstractClassGenerator$InjectionAnnotationValidator.validateMethod(Ljava/lang/reflect/Method;Lorg/gradle/internal/reflect/Propert
Event: 12.616 Thread 0x000001d6650fb000 Uncommon trap: reason=unstable_if action=reinterpret pc=0x000001d654366e54 method=java.lang.ClassLoader.defineClassSourceLocation(Ljava/security/ProtectionDomain;)Ljava/lang/String; @ 15 c2
Event: 12.630 Thread 0x000001d6650fb000 Uncommon trap: reason=unstable_if action=reinterpret pc=0x000001d6543ba5d4 method=java.lang.Class.getTypeName()Ljava/lang/String; @ 23 c2
Event: 12.755 Thread 0x000001d6650fb000 Uncommon trap: reason=class_check action=make_not_entrant pc=0x000001d6543f357c method=java.util.ArrayList.toArray([Ljava/lang/Object;)[Ljava/lang/Object; @ 21 c2
Event: 12.934 Thread 0x000001d6650fb000 Uncommon trap: reason=unstable_if action=reinterpret pc=0x000001d6543d10e0 method=org.objectweb.asm.ByteVector.putInt(I)Lorg/objectweb/asm/ByteVector; @ 13 c2
Event: 12.955 Thread 0x000001d6650fb000 Uncommon trap: reason=unstable_if action=reinterpret pc=0x000001d654106150 method=java.util.HashMap.resize()[Ljava/util/HashMap$Node; @ 203 c2
Event: 12.955 Thread 0x000001d6650fb000 Uncommon trap: reason=unstable_if action=reinterpret pc=0x000001d65432ed30 method=java.util.HashMap.getNode(ILjava/lang/Object;)Ljava/util/HashMap$Node; @ 84 c2
Event: 12.955 Thread 0x000001d6650fb000 Uncommon trap: reason=unstable_if action=reinterpret pc=0x000001d6543ab1a8 method=java.util.HashMap.getNode(ILjava/lang/Object;)Ljava/util/HashMap$Node; @ 84 c2
Event: 12.955 Thread 0x000001d6650fb000 Uncommon trap: reason=unstable_if action=reinterpret pc=0x000001d65433e0f0 method=java.util.HashMap.getNode(ILjava/lang/Object;)Ljava/util/HashMap$Node; @ 84 c2
Event: 12.978 Thread 0x000001d6650fb000 Uncommon trap: reason=unstable_if action=reinterpret pc=0x000001d6542826b0 method=java.io.WinNTFileSystem.normalize(Ljava/lang/String;)Ljava/lang/String; @ 74 c2

Classes redefined (0 events):
No events

Internal exceptions (10 events):
Event: 12.039 Thread 0x000001d6650fb000 Exception <a 'java/lang/NoSuchMethodError'{0x00000000854062e8}: java.lang.invoke.DirectMethodHandle$Holder.invokeSpecial(Ljava/lang/Object;Ljava/lang/Object;ILjava/lang/Object;Ljava/lang/Object;)Ljava/lang/Object;> (0x00000000854062e8) thrown at [t:/works
Event: 12.040 Thread 0x000001d6650fb000 Exception <a 'java/lang/NoSuchMethodError'{0x000000008540daf0}: java.lang.invoke.DirectMethodHandle$Holder.invokeStatic(Ljava/lang/Object;Ljava/lang/Object;ILjava/lang/Object;)Ljava/lang/Object;> (0x000000008540daf0) thrown at [t:/workspace/open/src/hotsp
Event: 12.040 Thread 0x000001d6650fb000 Exception <a 'java/lang/NoSuchMethodError'{0x00000000854116d0}: java.lang.invoke.Invokers$Holder.linkToTargetMethod(Ljava/lang/Object;ILjava/lang/Object;Ljava/lang/Object;)Ljava/lang/Object;> (0x00000000854116d0) thrown at [t:/workspace/open/src/hotspot/s
Event: 12.616 Thread 0x000001d6650fb000 Implicit null exception at 0x000001d6543640c5 to 0x000001d654366e2e
Event: 12.813 Thread 0x000001d6650fb000 Exception <a 'java/lang/ClassNotFoundException'{0x0000000084e83958}: com/android/build/gradle/internal/api/ApkVariantOutputImpl_DecoratedBeanInfo> (0x0000000084e83958) thrown at [t:/workspace/open/src/hotspot/share/classfile/systemDictionary.cpp, line 235
Event: 12.814 Thread 0x000001d6650fb000 Exception <a 'java/lang/ClassNotFoundException'{0x0000000084e95278}: com/android/build/gradle/internal/api/ApkVariantOutputImplBeanInfo> (0x0000000084e95278) thrown at [t:/workspace/open/src/hotspot/share/classfile/systemDictionary.cpp, line 235]
Event: 12.814 Thread 0x000001d6650fb000 Exception <a 'java/lang/ClassNotFoundException'{0x0000000084ea7160}: com/android/build/gradle/internal/api/BaseVariantOutputImplBeanInfo> (0x0000000084ea7160) thrown at [t:/workspace/open/src/hotspot/share/classfile/systemDictionary.cpp, line 235]
Event: 12.815 Thread 0x000001d6650fb000 Exception <a 'java/lang/ClassNotFoundException'{0x0000000084eb9038}: com/android/build/gradle/internal/api/BaseVariantOutputImplCustomizer> (0x0000000084eb9038) thrown at [t:/workspace/open/src/hotspot/share/classfile/systemDictionary.cpp, line 235]
Event: 12.816 Thread 0x000001d6650fb000 Exception <a 'java/lang/ClassNotFoundException'{0x0000000084edd698}: com/android/build/gradle/internal/api/ApkVariantOutputImplCustomizer> (0x0000000084edd698) thrown at [t:/workspace/open/src/hotspot/share/classfile/systemDictionary.cpp, line 235]
Event: 12.817 Thread 0x000001d6650fb000 Exception <a 'java/lang/ClassNotFoundException'{0x0000000084efd8e8}: com/android/build/gradle/internal/api/ApkVariantOutputImpl_DecoratedCustomizer> (0x0000000084efd8e8) thrown at [t:/workspace/open/src/hotspot/share/classfile/systemDictionary.cpp, line 2

Events (10 events):
Event: 13.116 loading class org/gradle/api/internal/tasks/compile/DefaultJavaCompilerFactory
Event: 13.116 loading class org/gradle/api/internal/tasks/compile/DefaultJavaCompilerFactory done
Event: 13.117 loading class org/gradle/api/internal/tasks/CurrentJvmJavaToolChain
Event: 13.117 loading class org/gradle/api/internal/tasks/CurrentJvmJavaToolChain done
Event: 13.117 loading class org/gradle/api/internal/tasks/AbstractJavaToolChain
Event: 13.117 loading class org/gradle/api/internal/tasks/AbstractJavaToolChain done
Event: 13.118 loading class org/gradle/platform/base/internal/toolchain/ToolProvider
Event: 13.118 loading class org/gradle/platform/base/internal/toolchain/ToolProvider done
Event: 13.122 loading class org/gradle/api/internal/tasks/properties/bean/NestedRuntimeBeanNode$ImplementationPropertyValue
Event: 13.122 loading class org/gradle/api/internal/tasks/properties/bean/NestedRuntimeBeanNode$ImplementationPropertyValue done


Dynamic libraries:
0x00007ff6b8d20000 - 0x00007ff6b8d2f000 	C:\Program Files\Java\jdk-12.0.2\bin\java.exe
0x00007ffce4e90000 - 0x00007ffce5086000 	C:\WINDOWS\SYSTEM32\ntdll.dll
0x00007ffce3550000 - 0x00007ffce360d000 	C:\WINDOWS\System32\KERNEL32.DLL
0x00007ffce25d0000 - 0x00007ffce2899000 	C:\WINDOWS\System32\KERNELBASE.dll
0x00007ffcdfe70000 - 0x00007ffcdff00000 	C:\WINDOWS\SYSTEM32\apphelp.dll
0x00007ffce28a0000 - 0x00007ffce29a0000 	C:\WINDOWS\System32\ucrtbase.dll
0x00007ffccb810000 - 0x00007ffccb826000 	C:\Program Files\Java\jdk-12.0.2\bin\VCRUNTIME140.dll
0x00007ffcc8d30000 - 0x00007ffcc8d48000 	C:\Program Files\Java\jdk-12.0.2\bin\jli.dll
0x00007ffce2ef0000 - 0x00007ffce2f9c000 	C:\WINDOWS\System32\ADVAPI32.dll
0x00007ffce3ca0000 - 0x00007ffce3d3e000 	C:\WINDOWS\System32\msvcrt.dll
0x00007ffce3720000 - 0x00007ffce37bc000 	C:\WINDOWS\System32\sechost.dll
0x00007ffce4aa0000 - 0x00007ffce4bcb000 	C:\WINDOWS\System32\RPCRT4.dll
0x00007ffce41b0000 - 0x00007ffce4350000 	C:\WINDOWS\System32\USER32.dll
0x00007ffce2bd0000 - 0x00007ffce2bf2000 	C:\WINDOWS\System32\win32u.dll
0x00007ffcd00b0000 - 0x00007ffcd034b000 	C:\WINDOWS\WinSxS\amd64_microsoft.windows.common-controls_6595b64144ccf1df_6.0.19041.488_none_ca04af081b815d21\COMCTL32.dll
0x00007ffce3400000 - 0x00007ffce342a000 	C:\WINDOWS\System32\GDI32.dll
0x00007ffce2d50000 - 0x00007ffce2e59000 	C:\WINDOWS\System32\gdi32full.dll
0x00007ffce2c00000 - 0x00007ffce2c9d000 	C:\WINDOWS\System32\msvcp_win.dll
0x00007ffcd8e60000 - 0x00007ffcd8e6a000 	C:\WINDOWS\SYSTEM32\VERSION.dll
0x00007ffce3f30000 - 0x00007ffce3f60000 	C:\WINDOWS\System32\IMM32.DLL
0x00007ffcb7650000 - 0x00007ffcb76fa000 	C:\Program Files\Java\jdk-12.0.2\bin\msvcp140.dll
0x00007ffc82770000 - 0x00007ffc832e7000 	C:\Program Files\Java\jdk-12.0.2\bin\server\jvm.dll
0x00007ffce3820000 - 0x00007ffce3828000 	C:\WINDOWS\System32\PSAPI.DLL
0x00007ffccde90000 - 0x00007ffccdeb7000 	C:\WINDOWS\SYSTEM32\WINMM.dll
0x00007ffccb5b0000 - 0x00007ffccb5b9000 	C:\WINDOWS\SYSTEM32\WSOCK32.dll
0x00007ffce4de0000 - 0x00007ffce4e4b000 	C:\WINDOWS\System32\ws2_32.DLL
0x00007ffce0500000 - 0x00007ffce0512000 	C:\WINDOWS\SYSTEM32\kernel.appcore.dll
0x00007ffcc8d10000 - 0x00007ffcc8d21000 	C:\Program Files\Java\jdk-12.0.2\bin\verify.dll
0x00007ffcd9d00000 - 0x00007ffcd9ee4000 	C:\WINDOWS\SYSTEM32\DBGHELP.DLL
0x00007ffcc9b20000 - 0x00007ffcc9b4c000 	C:\WINDOWS\SYSTEM32\dbgcore.DLL
0x00007ffce29a0000 - 0x00007ffce2a20000 	C:\WINDOWS\System32\bcryptPrimitives.dll
0x00007ffcc8080000 - 0x00007ffcc80a6000 	C:\Program Files\Java\jdk-12.0.2\bin\java.dll
0x00007ffcc7b60000 - 0x00007ffcc7b77000 	C:\Program Files\Java\jdk-12.0.2\bin\zip.dll
0x00007ffcde1a0000 - 0x00007ffcde1aa000 	C:\Program Files\Java\jdk-12.0.2\bin\jimage.dll
0x00007ffce4350000 - 0x00007ffce4a92000 	C:\WINDOWS\System32\SHELL32.dll
0x00007ffce0720000 - 0x00007ffce0eb5000 	C:\WINDOWS\SYSTEM32\windows.storage.dll
0x00007ffce30a0000 - 0x00007ffce33f6000 	C:\WINDOWS\System32\combase.dll
0x00007ffce1fd0000 - 0x00007ffce1ffc000 	C:\WINDOWS\SYSTEM32\Wldp.dll
0x00007ffce3670000 - 0x00007ffce371e000 	C:\WINDOWS\System32\SHCORE.dll
0x00007ffce40c0000 - 0x00007ffce4115000 	C:\WINDOWS\System32\shlwapi.dll
0x00007ffce2500000 - 0x00007ffce2526000 	C:\WINDOWS\SYSTEM32\profapi.dll
0x00007ffcc76e0000 - 0x00007ffcc76f9000 	C:\Program Files\Java\jdk-12.0.2\bin\net.dll
0x00007ffcd1b60000 - 0x00007ffcd1d4d000 	C:\WINDOWS\SYSTEM32\urlmon.dll
0x00007ffcdcfb0000 - 0x00007ffcdd0b0000 	C:\WINDOWS\SYSTEM32\WINHTTP.dll
0x00007ffcd1f30000 - 0x00007ffcd21e0000 	C:\WINDOWS\SYSTEM32\iertutil.dll
0x00007ffce1d50000 - 0x00007ffce1dba000 	C:\WINDOWS\system32\mswsock.dll
0x00007ffcc76c0000 - 0x00007ffcc76d3000 	C:\Program Files\Java\jdk-12.0.2\bin\nio.dll
0x00007ffccb2a0000 - 0x00007ffccb2c7000 	C:\Users\User\.gradle\native\f6784746aeab05261644944871eae4fe03e0ef1612fff0a4a95f87b438bc6780\windows-amd64\native-platform.dll
0x00007ffcde120000 - 0x00007ffcde129000 	C:\Program Files\Java\jdk-12.0.2\bin\management.dll
0x00007ffccfe40000 - 0x00007ffccfe4c000 	C:\Program Files\Java\jdk-12.0.2\bin\management_ext.dll
0x00007ffce1f20000 - 0x00007ffce1f38000 	C:\WINDOWS\SYSTEM32\CRYPTSP.dll
0x00007ffce1680000 - 0x00007ffce16b4000 	C:\WINDOWS\system32\rsaenh.dll
0x00007ffce2ec0000 - 0x00007ffce2ee7000 	C:\WINDOWS\System32\bcrypt.dll
0x00007ffce24c0000 - 0x00007ffce24ee000 	C:\WINDOWS\SYSTEM32\USERENV.dll
0x00007ffce1f40000 - 0x00007ffce1f4c000 	C:\WINDOWS\SYSTEM32\CRYPTBASE.dll
0x00007ffce1a40000 - 0x00007ffce1a7b000 	C:\WINDOWS\SYSTEM32\IPHLPAPI.DLL
0x00007ffce40b0000 - 0x00007ffce40b8000 	C:\WINDOWS\System32\NSI.dll
0x00007ffcd96c0000 - 0x00007ffcd96d7000 	C:\WINDOWS\SYSTEM32\dhcpcsvc6.DLL
0x00007ffcd96a0000 - 0x00007ffcd96bd000 	C:\WINDOWS\SYSTEM32\dhcpcsvc.DLL
0x00007ffce1a80000 - 0x00007ffce1b4b000 	C:\WINDOWS\SYSTEM32\DNSAPI.dll
0x00007ffcdcfa0000 - 0x00007ffcdcfab000 	C:\WINDOWS\SYSTEM32\WINNSI.DLL

dbghelp: loaded successfully - version: 4.0.5 - missing functions: none
symbol engine: initialized successfully - sym options: 0x614 - pdb path: .;C:\Program Files\Java\jdk-12.0.2\bin;C:\WINDOWS\SYSTEM32;C:\WINDOWS\WinSxS\amd64_microsoft.windows.common-controls_6595b64144ccf1df_6.0.19041.488_none_ca04af081b815d21;C:\Program Files\Java\jdk-12.0.2\bin\server;C:\Users\User\.gradle\native\f6784746aeab05261644944871eae4fe03e0ef1612fff0a4a95f87b438bc6780\windows-amd64

VM Arguments:
jvm_args: --add-opens=java.base/java.util=ALL-UNNAMED --add-opens=java.base/java.lang=ALL-UNNAMED --add-opens=java.base/java.lang.invoke=ALL-UNNAMED --add-opens=java.prefs/java.util.prefs=ALL-UNNAMED -Xmx2048m -Dfile.encoding=UTF-8 -Duser.country=ID -Duser.language=en -Duser.variant 
java_command: org.gradle.launcher.daemon.bootstrap.GradleDaemon 6.5
java_class_path (initial): C:\Users\User\.gradle\wrapper\dists\gradle-6.5-bin\6nifqtx7604sqp1q6g8wikw7p\gradle-6.5\lib\gradle-launcher-6.5.jar
Launcher Type: SUN_STANDARD

[Global flags]
     intx CICompilerCount                          = 3                                         {product} {ergonomic}
     uint ConcGCThreads                            = 1                                         {product} {ergonomic}
     uint G1ConcRefinementThreads                  = 4                                         {product} {ergonomic}
   size_t G1HeapRegionSize                         = 1048576                                   {product} {ergonomic}
    uintx GCDrainStackTargetSize                   = 64                                        {product} {ergonomic}
   size_t InitialHeapSize                          = 132120576                                 {product} {ergonomic}
   size_t MarkStackSize                            = 4194304                                   {product} {ergonomic}
   size_t MaxHeapSize                              = 2147483648                                {product} {command line}
   size_t MaxNewSize                               = 1287651328                                {product} {ergonomic}
   size_t MinHeapDeltaBytes                        = 1048576                                   {product} {ergonomic}
    uintx NonNMethodCodeHeapSize                   = 5830732                                {pd product} {ergonomic}
    uintx NonProfiledCodeHeapSize                  = 122913754                              {pd product} {ergonomic}
    uintx ProfiledCodeHeapSize                     = 122913754                              {pd product} {ergonomic}
    uintx ReservedCodeCacheSize                    = 251658240                              {pd product} {ergonomic}
     bool SegmentedCodeCache                       = true                                      {product} {ergonomic}
     bool UseCompressedClassPointers               = true                                 {lp64_product} {ergonomic}
     bool UseCompressedOops                        = true                                 {lp64_product} {ergonomic}
     bool UseG1GC                                  = true                                      {product} {ergonomic}
     bool UseLargePagesIndividualAllocation        = false                                  {pd product} {ergonomic}

Logging:
Log output configuration:
 #0: stdout all=warning uptime,level,tags
 #1: stderr all=off uptime,level,tags

Environment Variables:
JAVA_HOME=C:\Program Files\Java\jdk-12.0.2
PATH=C:\Program Files (x86)\Intel\Intel(R) Management Engine Components\iCLS\;C:\Program Files\Intel\Intel(R) Management Engine Components\iCLS\;C:\WINDOWS\system32;C:\WINDOWS;C:\WINDOWS\System32\Wbem;C:\WINDOWS\System32\WindowsPowerShell\v1.0\;C:\WINDOWS\System32\OpenSSH\;C:\Program Files (x86)\Intel\Intel(R) Management Engine Components\DAL;C:\Program Files\Intel\Intel(R) Management Engine Components\DAL;C:\Program Files (x86)\Intel\Intel(R) Management Engine Components\IPT;C:\Program Files\Intel\Intel(R) Management Engine Components\IPT;C:\Program Files\Intel\WiFi\bin\;C:\Program Files\Common Files\Intel\WirelessCommon\;C:\Program Files\Java\jdk-12.0.1\bin;C:\Program Files\dotnet\;C:\Program Files\Microsoft SQL Server\130\Tools\Binn\;C:\Program Files\kotlinc\bin;C:\Program Files\dart-sass;C:\Program Files\Java\jdk-12.0.2\bin;C:\cmder;C:\Users\User\Downloads\Compressed\opencv\build\x64\vc15\bin;C:\ProgramData\chocolatey\bin;C:\ProgramData\ComposerSetup\bin;C:\Program Files\Git\cmd;C:\Program Files\MongoDB\Server\4.4\bin;C:\Users\User\AppData\Local\Programs\Python\Python37\Scripts\;C:\Users\User\AppData\Local\Programs\Python\Python37\;C:\Users\User\AppData\Local\Microsoft\WindowsApps;C:\Users\User\AppData\Local\Programs\Microsoft VS Code\bin;C:\Users\User\AppData\Roaming\Composer\vendor\bin;C:\Program Files (x86)\Inno Setup 6;C:\tools\dart-sdk\bin;C:\Users\User\AppData\Roaming\Pub\Cache\bin;C:\Users\User\AppData\Local\GitHubDesktop\bin
USERNAME=User
OS=Windows_NT
PROCESSOR_IDENTIFIER=Intel64 Family 6 Model 142 Stepping 10, GenuineIntel



---------------  S Y S T E M  ---------------

OS: Windows 10 , 64 bit Build 19041 (10.0.19041.662)

CPU:total 4 (initial active 4) (4 cores per cpu, 2 threads per core) family 6 model 142 stepping 10, cmov, cx8, fxsr, mmx, sse, sse2, sse3, ssse3, sse4.1, sse4.2, popcnt, avx, avx2, aes, clmul, erms, 3dnowpref, lzcnt, ht, tsc, tscinvbit, bmi1, bmi2, adx, fma

Memory: 4k page, system-wide physical 8048M (423M free)
TotalPageFile size 22188M (AvailPageFile size 10M)
current process WorkingSet (physical memory assigned to process): 302M, peak: 306M
current process commit charge ("private bytes"): 331M, peak: 336M

vm_info: Java HotSpot(TM) 64-Bit Server VM (12.0.2+10) for windows-amd64 JRE (12.0.2+10), built on Jul 16 2019 01:56:17 by "mach5one" with MS VC++ 15.5 (VS2017)

END.
