#
# There is insufficient memory for the Java Runtime Environment to continue.
# Native memory allocation (mmap) failed to map 27262976 bytes for Failed to commit area from 0x0000000087e00000 to 0x0000000089800000 of length 27262976.
# Possible reasons:
#   The system is out of physical RAM or swap space
#   The process is running with CompressedOops enabled, and the Java Heap may be blocking the growth of the native heap
# Possible solutions:
#   Reduce memory load on the system
#   Increase physical memory or swap space
#   Check if swap backing store is full
#   Decrease Java heap size (-Xmx/-Xms)
#   Decrease number of Java threads
#   Decrease Java thread stack sizes (-Xss)
#   Set larger code cache with -XX:ReservedCodeCacheSize=
#   JVM is running with Unscaled Compressed Oops mode in which the Java heap is
#     placed in the first 4GB address space. The Java Heap base address is the
#     maximum limit for the native heap growth. Please use -XX:HeapBaseMinAddress
#     to set the Java Heap base and to place the Java Heap above 4GB virtual address.
# This output file may be truncated or incomplete.
#
#  Out of Memory Error (t:/workspace/open/src/hotspot/os/windows/os_windows.cpp:3264), pid=9100, tid=13740
#
# JRE version: Java(TM) SE Runtime Environment (12.0.2+10) (build 12.0.2+10)
# Java VM: Java HotSpot(TM) 64-Bit Server VM (12.0.2+10, mixed mode, sharing, tiered, compressed oops, g1 gc, windows-amd64)
# No core dump will be written. Minidumps are not enabled by default on client versions of Windows
#

---------------  S U M M A R Y ------------

Command Line: --add-opens=java.base/java.util=ALL-UNNAMED --add-opens=java.base/java.lang=ALL-UNNAMED --add-opens=java.base/java.lang.invoke=ALL-UNNAMED --add-opens=java.prefs/java.util.prefs=ALL-UNNAMED -Xmx2048m -Dfile.encoding=UTF-8 -Duser.country=ID -Duser.language=en -Duser.variant org.gradle.launcher.daemon.bootstrap.GradleDaemon 6.5

Host: Intel(R) Core(TM) i5-8250U CPU @ 1.60GHz, 4 cores, 7G,  Windows 10 , 64 bit Build 19041 (10.0.19041.662)
Time: Wed Mar 31 15:29:44 2021 SE Asia Standard Time elapsed time: 3 seconds (0d 0h 0m 3s)

---------------  T H R E A D  ---------------

Current thread (0x0000029f77986800):  VMThread "VM Thread" [stack: 0x000000d048f00000,0x000000d049000000] [id=13740]

Stack: [0x000000d048f00000,0x000000d049000000]
[error occurred during error reporting (printing stack bounds), id 0xc0000005, EXCEPTION_ACCESS_VIOLATION (0xc0000005) at pc=0x0000029f61150bad]

Native frames: (J=compiled Java code, j=interpreted, Vv=VM code, C=native code)
V  [jvm.dll+0x63aa2a]
V  [jvm.dll+0x78ce1e]
V  [jvm.dll+0x78e4c1]
V  [jvm.dll+0x78ea75]
V  [jvm.dll+0x78ea2b]
V  [jvm.dll+0x63a134]
V  [jvm.dll+0x63a4f8]
C  [ntdll.dll+0xa130f]
C  [ntdll.dll+0x4b5e4]
C  [ntdll.dll+0x9fe3e]
C  0x0000029f61150bad

VM_Operation (0x000000d04a4f9c40): G1CollectForAllocation, mode: safepoint, requested by thread 0x0000029f7a1b0000


---------------  P R O C E S S  ---------------

Threads class SMR info:
_java_thread_list=0x0000029f7a411da0, length=24, elements={
0x0000029f57541800, 0x0000029f7798c000, 0x0000029f7798d800, 0x0000029f779a2800,
0x0000029f779a6000, 0x0000029f779aa800, 0x0000029f779b4800, 0x0000029f779ba800,
0x0000029f78414000, 0x0000029f78461000, 0x0000029f7994e800, 0x0000029f7a174800,
0x0000029f7a2ed800, 0x0000029f794b5000, 0x0000029f794c0800, 0x0000029f79a7b800,
0x0000029f7a1b0000, 0x0000029f7a184800, 0x0000029f79841800, 0x0000029f79a76000,
0x0000029f79b53800, 0x0000029f7a474800, 0x0000029f7a473800, 0x0000029f7a470800
}

Java Threads: ( => current thread )
  0x0000029f57541800 JavaThread "main" [_thread_blocked, id=2876, stack(0x000000d048900000,0x000000d048a00000)]
  0x0000029f7798c000 JavaThread "Reference Handler" daemon [_thread_blocked, id=14640, stack(0x000000d049000000,0x000000d049100000)]
  0x0000029f7798d800 JavaThread "Finalizer" daemon [_thread_blocked, id=7212, stack(0x000000d049100000,0x000000d049200000)]
  0x0000029f779a2800 JavaThread "Signal Dispatcher" daemon [_thread_blocked, id=20224, stack(0x000000d049200000,0x000000d049300000)]
  0x0000029f779a6000 JavaThread "Attach Listener" daemon [_thread_blocked, id=16824, stack(0x000000d049300000,0x000000d049400000)]
  0x0000029f779aa800 JavaThread "C2 CompilerThread0" daemon [_thread_blocked, id=19172, stack(0x000000d049400000,0x000000d049500000)]
  0x0000029f779b4800 JavaThread "C1 CompilerThread0" daemon [_thread_blocked, id=1884, stack(0x000000d049500000,0x000000d049600000)]
  0x0000029f779ba800 JavaThread "Sweeper thread" daemon [_thread_blocked, id=14272, stack(0x000000d049600000,0x000000d049700000)]
  0x0000029f78414000 JavaThread "Common-Cleaner" daemon [_thread_blocked, id=13716, stack(0x000000d049700000,0x000000d049800000)]
  0x0000029f78461000 JavaThread "Service Thread" daemon [_thread_blocked, id=22888, stack(0x000000d049800000,0x000000d049900000)]
  0x0000029f7994e800 JavaThread "Daemon health stats" [_thread_blocked, id=18936, stack(0x000000d049d00000,0x000000d049e00000)]
  0x0000029f7a174800 JavaThread "Incoming local TCP Connector on port 51534" [_thread_in_native, id=15112, stack(0x000000d049f00000,0x000000d04a000000)]
  0x0000029f7a2ed800 JavaThread "Daemon periodic checks" [_thread_blocked, id=2796, stack(0x000000d04a000000,0x000000d04a100000)]
  0x0000029f794b5000 JavaThread "Daemon" [_thread_blocked, id=18640, stack(0x000000d04a100000,0x000000d04a200000)]
  0x0000029f794c0800 JavaThread "Handler for socket connection from /127.0.0.1:51534 to /127.0.0.1:51535" [_thread_in_native, id=19188, stack(0x000000d04a200000,0x000000d04a300000)]
  0x0000029f79a7b800 JavaThread "Cancel handler" [_thread_blocked, id=8308, stack(0x000000d04a300000,0x000000d04a400000)]
  0x0000029f7a1b0000 JavaThread "Daemon worker" [_thread_blocked, id=7784, stack(0x000000d04a400000,0x000000d04a500000)]
  0x0000029f7a184800 JavaThread "C2 CompilerThread1" daemon [_thread_blocked, id=23244, stack(0x000000d04a500000,0x000000d04a600000)]
  0x0000029f79841800 JavaThread "Asynchronous log dispatcher for DefaultDaemonConnection: socket connection from /127.0.0.1:51534 to /127.0.0.1:51535" [_thread_blocked, id=19224, stack(0x000000d04a600000,0x000000d04a700000)]
  0x0000029f79a76000 JavaThread "Stdin handler" [_thread_blocked, id=5924, stack(0x000000d04a700000,0x000000d04a800000)]
  0x0000029f79b53800 JavaThread "Thread-8" [_thread_blocked, id=22344, stack(0x000000d04a800000,0x000000d04a900000)]
  0x0000029f7a474800 JavaThread "Cache worker for journal cache (C:\Users\User\.gradle\caches\journal-1)" [_thread_blocked, id=8356, stack(0x000000d04aa00000,0x000000d04ab00000)]
  0x0000029f7a473800 JavaThread "File lock request listener" [_thread_in_native, id=9908, stack(0x000000d04ab00000,0x000000d04ac00000)]
  0x0000029f7a470800 JavaThread "Cache worker for file hash cache (C:\Users\User\.gradle\caches\6.5\fileHashes)" [_thread_blocked, id=2112, stack(0x000000d04ac00000,0x000000d04ad00000)]

Other Threads:
=>0x0000029f77986800 VMThread "VM Thread" [stack: 0x000000d048f00000,0x000000d049000000] [id=13740]
  0x0000029f78462800 WatcherThread [stack: 0x000000d049900000,0x000000d049a00000] [id=21108]
  0x0000029f57582000 GCTaskThread "GC Thread#0" [stack: 0x000000d048a00000,0x000000d048b00000] [id=8780]
  0x0000029f787ea000 GCTaskThread "GC Thread#1" [stack: 0x000000d049b00000,0x000000d049c00000] [id=20856]
  0x0000029f786d8800 GCTaskThread "GC Thread#2" [stack: 0x000000d049c00000,0x000000d049d00000] [id=10324]
  0x0000029f79a77000 GCTaskThread "GC Thread#3" [stack: 0x000000d04a900000,0x000000d04aa00000] [id=12976]
  0x0000029f57590000 ConcurrentGCThread "G1 Main Marker" [stack: 0x000000d048b00000,0x000000d048c00000] [id=3000]
  0x0000029f57591800 ConcurrentGCThread "G1 Conc#0" [stack: 0x000000d048c00000,0x000000d048d00000] [id=10552]
  0x0000029f57614000 ConcurrentGCThread "G1 Refine#0" [stack: 0x000000d048d00000,0x000000d048e00000] [id=4528]
  0x0000029f77810800 ConcurrentGCThread "G1 Young RemSet Sampling" [stack: 0x000000d048e00000,0x000000d048f00000] [id=3740]

Threads with active compile tasks:
C2 CompilerThread0  2002   !   4       java.net.URLClassLoader::findClass (47 bytes)
C2 CompilerThread1  2095       4       java.lang.reflect.ProxyGenerator$ConstantPool::getValue (87 bytes)

VM state:at safepoint (normal execution)

VM Mutex/Monitor currently owned by a thread:  ([mutex/lock_event])
[0x0000029f5753de20] Threads_lock - owner thread: 0x0000029f77986800
[0x0000029f5753f2f0] Heap_lock - owner thread: 0x0000029f7a1b0000

Heap address: 0x0000000080000000, size: 2048 MB, Compressed Oops mode: 32-bit
Narrow klass base: 0x0000000800000000, Narrow klass shift: 3
Compressed class space size: 1073741824 Address: 0x0000000801190000

Heap:
 garbage-first heap   total 155648K, used 17466K [0x0000000080000000, 0x0000000100000000)
  region size 1024K, 7 young (7168K), 7 survivors (7168K)
 Metaspace       used 16673K, capacity 17239K, committed 17536K, reserved 1064960K
  class space    used 2362K, capacity 2574K, committed 2688K, reserved 1048576K
Heap Regions: E=young(eden), S=young(survivor), O=old, HS=humongous(starts), HC=humongous(continues), CS=collection set, F=free, A=archive, TAMS=top-at-mark-start (previous, next)
|   0|0x0000000080000000, 0x0000000080100000, 0x0000000080100000|100%| O|  |TAMS 0x0000000080000000, 0x0000000080000000| Untracked 
|   1|0x0000000080100000, 0x0000000080200000, 0x0000000080200000|100%| O|  |TAMS 0x0000000080100000, 0x0000000080100000| Untracked 
|   2|0x0000000080200000, 0x0000000080300000, 0x0000000080300000|100%| O|  |TAMS 0x0000000080200000, 0x0000000080200000| Untracked 
|   3|0x0000000080300000, 0x0000000080400000, 0x0000000080400000|100%|HS|  |TAMS 0x0000000080300000, 0x0000000080300000| Complete 
|   4|0x0000000080400000, 0x0000000080500000, 0x0000000080500000|100%|HC|  |TAMS 0x0000000080400000, 0x0000000080400000| Complete 
|   5|0x0000000080500000, 0x0000000080600000, 0x0000000080600000|100%|HC|  |TAMS 0x0000000080500000, 0x0000000080500000| Complete 
|   6|0x0000000080600000, 0x0000000080700000, 0x0000000080700000|100%| O|  |TAMS 0x0000000080600000, 0x0000000080600000| Untracked 
|   7|0x0000000080700000, 0x0000000080800000, 0x0000000080800000|100%| O|  |TAMS 0x0000000080700000, 0x0000000080700000| Untracked 
|   8|0x0000000080800000, 0x0000000080900000, 0x0000000080900000|100%| O|  |TAMS 0x0000000080800000, 0x0000000080800000| Untracked 
|   9|0x0000000080900000, 0x0000000080a00000, 0x0000000080a00000|100%| O|  |TAMS 0x0000000080900000, 0x0000000080900000| Untracked 
|  10|0x0000000080a00000, 0x0000000080a00000, 0x0000000080b00000|  0%| F|  |TAMS 0x0000000080a00000, 0x0000000080a00000| Untracked 
|  11|0x0000000080b00000, 0x0000000080bf3e00, 0x0000000080c00000| 95%| O|  |TAMS 0x0000000080b00000, 0x0000000080b00000| Untracked 
|  12|0x0000000080c00000, 0x0000000080c00000, 0x0000000080d00000|  0%| F|  |TAMS 0x0000000080c00000, 0x0000000080c00000| Untracked 
|  13|0x0000000080d00000, 0x0000000080d00000, 0x0000000080e00000|  0%| F|  |TAMS 0x0000000080d00000, 0x0000000080d00000| Untracked 
|  14|0x0000000080e00000, 0x0000000080e00000, 0x0000000080f00000|  0%| F|  |TAMS 0x0000000080e00000, 0x0000000080e00000| Untracked 
|  15|0x0000000080f00000, 0x0000000080f00000, 0x0000000081000000|  0%| F|  |TAMS 0x0000000080f00000, 0x0000000080f00000| Untracked 
|  16|0x0000000081000000, 0x0000000081000000, 0x0000000081100000|  0%| F|  |TAMS 0x0000000081000000, 0x0000000081000000| Untracked 
|  17|0x0000000081100000, 0x0000000081100000, 0x0000000081200000|  0%| F|  |TAMS 0x0000000081100000, 0x0000000081100000| Untracked 
|  18|0x0000000081200000, 0x0000000081200000, 0x0000000081300000|  0%| F|  |TAMS 0x0000000081200000, 0x0000000081200000| Untracked 
|  19|0x0000000081300000, 0x0000000081300000, 0x0000000081400000|  0%| F|  |TAMS 0x0000000081300000, 0x0000000081300000| Untracked 
|  20|0x0000000081400000, 0x0000000081400000, 0x0000000081500000|  0%| F|  |TAMS 0x0000000081400000, 0x0000000081400000| Untracked 
|  21|0x0000000081500000, 0x0000000081500000, 0x0000000081600000|  0%| F|  |TAMS 0x0000000081500000, 0x0000000081500000| Untracked 
|  22|0x0000000081600000, 0x0000000081600000, 0x0000000081700000|  0%| F|  |TAMS 0x0000000081600000, 0x0000000081600000| Untracked 
|  23|0x0000000081700000, 0x0000000081700000, 0x0000000081800000|  0%| F|  |TAMS 0x0000000081700000, 0x0000000081700000| Untracked 
|  24|0x0000000081800000, 0x0000000081800000, 0x0000000081900000|  0%| F|  |TAMS 0x0000000081800000, 0x0000000081800000| Untracked 
|  25|0x0000000081900000, 0x0000000081900000, 0x0000000081a00000|  0%| F|  |TAMS 0x0000000081900000, 0x0000000081900000| Untracked 
|  26|0x0000000081a00000, 0x0000000081a00000, 0x0000000081b00000|  0%| F|  |TAMS 0x0000000081a00000, 0x0000000081a00000| Untracked 
|  27|0x0000000081b00000, 0x0000000081b00000, 0x0000000081c00000|  0%| F|  |TAMS 0x0000000081b00000, 0x0000000081b00000| Untracked 
|  28|0x0000000081c00000, 0x0000000081c00000, 0x0000000081d00000|  0%| F|  |TAMS 0x0000000081c00000, 0x0000000081c00000| Untracked 
|  29|0x0000000081d00000, 0x0000000081d00000, 0x0000000081e00000|  0%| F|  |TAMS 0x0000000081d00000, 0x0000000081d00000| Untracked 
|  30|0x0000000081e00000, 0x0000000081e00000, 0x0000000081f00000|  0%| F|  |TAMS 0x0000000081e00000, 0x0000000081e00000| Untracked 
|  31|0x0000000081f00000, 0x0000000081f00000, 0x0000000082000000|  0%| F|  |TAMS 0x0000000081f00000, 0x0000000081f00000| Untracked 
|  32|0x0000000082000000, 0x0000000082000000, 0x0000000082100000|  0%| F|  |TAMS 0x0000000082000000, 0x0000000082000000| Untracked 
|  33|0x0000000082100000, 0x0000000082100000, 0x0000000082200000|  0%| F|  |TAMS 0x0000000082100000, 0x0000000082100000| Untracked 
|  34|0x0000000082200000, 0x0000000082200000, 0x0000000082300000|  0%| F|  |TAMS 0x0000000082200000, 0x0000000082200000| Untracked 
|  35|0x0000000082300000, 0x0000000082300000, 0x0000000082400000|  0%| F|  |TAMS 0x0000000082300000, 0x0000000082300000| Untracked 
|  36|0x0000000082400000, 0x0000000082400000, 0x0000000082500000|  0%| F|  |TAMS 0x0000000082400000, 0x0000000082400000| Untracked 
|  37|0x0000000082500000, 0x0000000082500000, 0x0000000082600000|  0%| F|  |TAMS 0x0000000082500000, 0x0000000082500000| Untracked 
|  38|0x0000000082600000, 0x0000000082600000, 0x0000000082700000|  0%| F|  |TAMS 0x0000000082600000, 0x0000000082600000| Untracked 
|  39|0x0000000082700000, 0x0000000082700000, 0x0000000082800000|  0%| F|  |TAMS 0x0000000082700000, 0x0000000082700000| Untracked 
|  40|0x0000000082800000, 0x0000000082800000, 0x0000000082900000|  0%| F|  |TAMS 0x0000000082800000, 0x0000000082800000| Untracked 
|  41|0x0000000082900000, 0x0000000082900000, 0x0000000082a00000|  0%| F|  |TAMS 0x0000000082900000, 0x0000000082900000| Untracked 
|  42|0x0000000082a00000, 0x0000000082a00000, 0x0000000082b00000|  0%| F|  |TAMS 0x0000000082a00000, 0x0000000082a00000| Untracked 
|  43|0x0000000082b00000, 0x0000000082b00000, 0x0000000082c00000|  0%| F|  |TAMS 0x0000000082b00000, 0x0000000082b00000| Untracked 
|  44|0x0000000082c00000, 0x0000000082c00000, 0x0000000082d00000|  0%| F|  |TAMS 0x0000000082c00000, 0x0000000082c00000| Untracked 
|  45|0x0000000082d00000, 0x0000000082d00000, 0x0000000082e00000|  0%| F|  |TAMS 0x0000000082d00000, 0x0000000082d00000| Untracked 
|  46|0x0000000082e00000, 0x0000000082e00000, 0x0000000082f00000|  0%| F|  |TAMS 0x0000000082e00000, 0x0000000082e00000| Untracked 
|  47|0x0000000082f00000, 0x0000000082f00000, 0x0000000083000000|  0%| F|  |TAMS 0x0000000082f00000, 0x0000000082f00000| Untracked 
|  48|0x0000000083000000, 0x0000000083000000, 0x0000000083100000|  0%| F|  |TAMS 0x0000000083000000, 0x0000000083000000| Untracked 
|  49|0x0000000083100000, 0x0000000083100000, 0x0000000083200000|  0%| F|  |TAMS 0x0000000083100000, 0x0000000083100000| Untracked 
|  50|0x0000000083200000, 0x0000000083200000, 0x0000000083300000|  0%| F|  |TAMS 0x0000000083200000, 0x0000000083200000| Untracked 
|  51|0x0000000083300000, 0x0000000083300000, 0x0000000083400000|  0%| F|  |TAMS 0x0000000083300000, 0x0000000083300000| Untracked 
|  52|0x0000000083400000, 0x0000000083400000, 0x0000000083500000|  0%| F|  |TAMS 0x0000000083400000, 0x0000000083400000| Untracked 
|  53|0x0000000083500000, 0x0000000083500000, 0x0000000083600000|  0%| F|  |TAMS 0x0000000083500000, 0x0000000083500000| Untracked 
|  54|0x0000000083600000, 0x0000000083600000, 0x0000000083700000|  0%| F|  |TAMS 0x0000000083600000, 0x0000000083600000| Untracked 
|  55|0x0000000083700000, 0x0000000083700000, 0x0000000083800000|  0%| F|  |TAMS 0x0000000083700000, 0x0000000083700000| Untracked 
|  56|0x0000000083800000, 0x0000000083800000, 0x0000000083900000|  0%| F|  |TAMS 0x0000000083800000, 0x0000000083800000| Untracked 
|  57|0x0000000083900000, 0x0000000083900000, 0x0000000083a00000|  0%| F|  |TAMS 0x0000000083900000, 0x0000000083900000| Untracked 
|  58|0x0000000083a00000, 0x0000000083a00000, 0x0000000083b00000|  0%| F|  |TAMS 0x0000000083a00000, 0x0000000083a00000| Untracked 
|  59|0x0000000083b00000, 0x0000000083b00000, 0x0000000083c00000|  0%| F|  |TAMS 0x0000000083b00000, 0x0000000083b00000| Untracked 
|  60|0x0000000083c00000, 0x0000000083c00000, 0x0000000083d00000|  0%| F|  |TAMS 0x0000000083c00000, 0x0000000083c00000| Untracked 
|  61|0x0000000083d00000, 0x0000000083d00000, 0x0000000083e00000|  0%| F|  |TAMS 0x0000000083d00000, 0x0000000083d00000| Untracked 
|  62|0x0000000083e00000, 0x0000000083e1aaf8, 0x0000000083f00000| 10%| S|CS|TAMS 0x0000000083e00000, 0x0000000083e00000| Complete 
|  63|0x0000000083f00000, 0x0000000084000000, 0x0000000084000000|100%| S|CS|TAMS 0x0000000083f00000, 0x0000000083f00000| Complete 
|  64|0x0000000084000000, 0x0000000084100000, 0x0000000084100000|100%| S|CS|TAMS 0x0000000084000000, 0x0000000084000000| Complete 
|  65|0x0000000084100000, 0x0000000084200000, 0x0000000084200000|100%| S|CS|TAMS 0x0000000084100000, 0x0000000084100000| Complete 
|  66|0x0000000084200000, 0x0000000084300000, 0x0000000084300000|100%| S|CS|TAMS 0x0000000084200000, 0x0000000084200000| Complete 
|  67|0x0000000084300000, 0x0000000084400000, 0x0000000084400000|100%| S|CS|TAMS 0x0000000084300000, 0x0000000084300000| Complete 
|  68|0x0000000084400000, 0x0000000084500000, 0x0000000084500000|100%| S|CS|TAMS 0x0000000084400000, 0x0000000084400000| Complete 
|  69|0x0000000084500000, 0x0000000084500000, 0x0000000084600000|  0%| F|  |TAMS 0x0000000084500000, 0x0000000084500000| Untracked 
|  70|0x0000000084600000, 0x0000000084600000, 0x0000000084700000|  0%| F|  |TAMS 0x0000000084600000, 0x0000000084600000| Untracked 
|  71|0x0000000084700000, 0x0000000084700000, 0x0000000084800000|  0%| F|  |TAMS 0x0000000084700000, 0x0000000084700000| Untracked 
|  72|0x0000000084800000, 0x0000000084800000, 0x0000000084900000|  0%| F|  |TAMS 0x0000000084800000, 0x0000000084800000| Untracked 
|  73|0x0000000084900000, 0x0000000084900000, 0x0000000084a00000|  0%| F|  |TAMS 0x0000000084900000, 0x0000000084900000| Untracked 
|  74|0x0000000084a00000, 0x0000000084a00000, 0x0000000084b00000|  0%| F|  |TAMS 0x0000000084a00000, 0x0000000084a00000| Untracked 
|  75|0x0000000084b00000, 0x0000000084b00000, 0x0000000084c00000|  0%| F|  |TAMS 0x0000000084b00000, 0x0000000084b00000| Untracked 
|  76|0x0000000084c00000, 0x0000000084c00000, 0x0000000084d00000|  0%| F|  |TAMS 0x0000000084c00000, 0x0000000084c00000| Untracked 
|  77|0x0000000084d00000, 0x0000000084d00000, 0x0000000084e00000|  0%| F|  |TAMS 0x0000000084d00000, 0x0000000084d00000| Untracked 
|  78|0x0000000084e00000, 0x0000000084e00000, 0x0000000084f00000|  0%| F|  |TAMS 0x0000000084e00000, 0x0000000084e00000| Untracked 
|  79|0x0000000084f00000, 0x0000000084f00000, 0x0000000085000000|  0%| F|  |TAMS 0x0000000084f00000, 0x0000000084f00000| Untracked 
|  80|0x0000000085000000, 0x0000000085000000, 0x0000000085100000|  0%| F|  |TAMS 0x0000000085000000, 0x0000000085000000| Untracked 
|  81|0x0000000085100000, 0x0000000085100000, 0x0000000085200000|  0%| F|  |TAMS 0x0000000085100000, 0x0000000085100000| Untracked 
|  82|0x0000000085200000, 0x0000000085200000, 0x0000000085300000|  0%| F|  |TAMS 0x0000000085200000, 0x0000000085200000| Untracked 
|  83|0x0000000085300000, 0x0000000085300000, 0x0000000085400000|  0%| F|  |TAMS 0x0000000085300000, 0x0000000085300000| Untracked 
|  84|0x0000000085400000, 0x0000000085400000, 0x0000000085500000|  0%| F|  |TAMS 0x0000000085400000, 0x0000000085400000| Untracked 
|  85|0x0000000085500000, 0x0000000085500000, 0x0000000085600000|  0%| F|  |TAMS 0x0000000085500000, 0x0000000085500000| Untracked 
|  86|0x0000000085600000, 0x0000000085600000, 0x0000000085700000|  0%| F|  |TAMS 0x0000000085600000, 0x0000000085600000| Untracked 
|  87|0x0000000085700000, 0x0000000085700000, 0x0000000085800000|  0%| F|  |TAMS 0x0000000085700000, 0x0000000085700000| Untracked 
|  88|0x0000000085800000, 0x0000000085800000, 0x0000000085900000|  0%| F|  |TAMS 0x0000000085800000, 0x0000000085800000| Untracked 
|  89|0x0000000085900000, 0x0000000085900000, 0x0000000085a00000|  0%| F|  |TAMS 0x0000000085900000, 0x0000000085900000| Untracked 
|  90|0x0000000085a00000, 0x0000000085a00000, 0x0000000085b00000|  0%| F|  |TAMS 0x0000000085a00000, 0x0000000085a00000| Untracked 
|  91|0x0000000085b00000, 0x0000000085b00000, 0x0000000085c00000|  0%| F|  |TAMS 0x0000000085b00000, 0x0000000085b00000| Untracked 
|  92|0x0000000085c00000, 0x0000000085c00000, 0x0000000085d00000|  0%| F|  |TAMS 0x0000000085c00000, 0x0000000085c00000| Untracked 
|  93|0x0000000085d00000, 0x0000000085d00000, 0x0000000085e00000|  0%| F|  |TAMS 0x0000000085d00000, 0x0000000085d00000| Untracked 
|  94|0x0000000085e00000, 0x0000000085e00000, 0x0000000085f00000|  0%| F|  |TAMS 0x0000000085e00000, 0x0000000085e00000| Untracked 
|  95|0x0000000085f00000, 0x0000000085f00000, 0x0000000086000000|  0%| F|  |TAMS 0x0000000085f00000, 0x0000000085f00000| Untracked 
|  96|0x0000000086000000, 0x0000000086000000, 0x0000000086100000|  0%| F|  |TAMS 0x0000000086000000, 0x0000000086000000| Untracked 
|  97|0x0000000086100000, 0x0000000086100000, 0x0000000086200000|  0%| F|  |TAMS 0x0000000086100000, 0x0000000086100000| Untracked 
|  98|0x0000000086200000, 0x0000000086200000, 0x0000000086300000|  0%| F|  |TAMS 0x0000000086200000, 0x0000000086200000| Untracked 
|  99|0x0000000086300000, 0x0000000086300000, 0x0000000086400000|  0%| F|  |TAMS 0x0000000086300000, 0x0000000086300000| Untracked 
| 100|0x0000000086400000, 0x0000000086400000, 0x0000000086500000|  0%| F|  |TAMS 0x0000000086400000, 0x0000000086400000| Untracked 
| 101|0x0000000086500000, 0x0000000086500000, 0x0000000086600000|  0%| F|  |TAMS 0x0000000086500000, 0x0000000086500000| Untracked 
| 102|0x0000000086600000, 0x0000000086600000, 0x0000000086700000|  0%| F|  |TAMS 0x0000000086600000, 0x0000000086600000| Untracked 
| 103|0x0000000086700000, 0x0000000086700000, 0x0000000086800000|  0%| F|  |TAMS 0x0000000086700000, 0x0000000086700000| Untracked 
| 104|0x0000000086800000, 0x0000000086800000, 0x0000000086900000|  0%| F|  |TAMS 0x0000000086800000, 0x0000000086800000| Untracked 
| 105|0x0000000086900000, 0x0000000086900000, 0x0000000086a00000|  0%| F|  |TAMS 0x0000000086900000, 0x0000000086900000| Untracked 
| 106|0x0000000086a00000, 0x0000000086a00000, 0x0000000086b00000|  0%| F|  |TAMS 0x0000000086a00000, 0x0000000086a00000| Untracked 
| 107|0x0000000086b00000, 0x0000000086b00000, 0x0000000086c00000|  0%| F|  |TAMS 0x0000000086b00000, 0x0000000086b00000| Untracked 
| 108|0x0000000086c00000, 0x0000000086c00000, 0x0000000086d00000|  0%| F|  |TAMS 0x0000000086c00000, 0x0000000086c00000| Untracked 
| 109|0x0000000086d00000, 0x0000000086d00000, 0x0000000086e00000|  0%| F|  |TAMS 0x0000000086d00000, 0x0000000086d00000| Untracked 
| 110|0x0000000086e00000, 0x0000000086e00000, 0x0000000086f00000|  0%| F|  |TAMS 0x0000000086e00000, 0x0000000086e00000| Untracked 
| 111|0x0000000086f00000, 0x0000000086f00000, 0x0000000087000000|  0%| F|  |TAMS 0x0000000086f00000, 0x0000000086f00000| Untracked 
| 112|0x0000000087000000, 0x0000000087000000, 0x0000000087100000|  0%| F|  |TAMS 0x0000000087000000, 0x0000000087000000| Untracked 
| 113|0x0000000087100000, 0x0000000087100000, 0x0000000087200000|  0%| F|  |TAMS 0x0000000087100000, 0x0000000087100000| Untracked 
| 114|0x0000000087200000, 0x0000000087200000, 0x0000000087300000|  0%| F|  |TAMS 0x0000000087200000, 0x0000000087200000| Untracked 
| 115|0x0000000087300000, 0x0000000087300000, 0x0000000087400000|  0%| F|  |TAMS 0x0000000087300000, 0x0000000087300000| Untracked 
| 116|0x0000000087400000, 0x0000000087400000, 0x0000000087500000|  0%| F|  |TAMS 0x0000000087400000, 0x0000000087400000| Untracked 
| 117|0x0000000087500000, 0x0000000087500000, 0x0000000087600000|  0%| F|  |TAMS 0x0000000087500000, 0x0000000087500000| Untracked 
| 118|0x0000000087600000, 0x0000000087600000, 0x0000000087700000|  0%| F|  |TAMS 0x0000000087600000, 0x0000000087600000| Untracked 
| 119|0x0000000087700000, 0x0000000087700000, 0x0000000087800000|  0%| F|  |TAMS 0x0000000087700000, 0x0000000087700000| Untracked 
| 120|0x0000000087800000, 0x0000000087800000, 0x0000000087900000|  0%| F|  |TAMS 0x0000000087800000, 0x0000000087800000| Untracked 
| 121|0x0000000087900000, 0x0000000087900000, 0x0000000087a00000|  0%| F|  |TAMS 0x0000000087900000, 0x0000000087900000| Untracked 
| 122|0x0000000087a00000, 0x0000000087a00000, 0x0000000087b00000|  0%| F|  |TAMS 0x0000000087a00000, 0x0000000087a00000| Untracked 
| 123|0x0000000087b00000, 0x0000000087b00000, 0x0000000087c00000|  0%| F|  |TAMS 0x0000000087b00000, 0x0000000087b00000| Untracked 
| 124|0x0000000087c00000, 0x0000000087c00000, 0x0000000087d00000|  0%| F|  |TAMS 0x0000000087c00000, 0x0000000087c00000| Untracked 
| 125|0x0000000087d00000, 0x0000000087d00000, 0x0000000087e00000|  0%| F|  |TAMS 0x0000000087d00000, 0x0000000087d00000| Untracked 

Card table byte_map: [0x0000029f70b70000,0x0000029f70f70000] _byte_map_base: 0x0000029f70770000

Marking Bits (Prev, Next): (CMBitMap*) 0x0000029f57583108, (CMBitMap*) 0x0000029f57583148
 Prev Bits: [0x0000029f71370000, 0x0000029f73370000)
 Next Bits: [0x0000029f73370000, 0x0000029f75370000)

Polling page: 0x0000029f57620000

Metaspace:

Usage:
  Non-class:     14.32 MB capacity,    13.98 MB ( 98%) used,   318.71 KB (  2%) free+waste,    35.31 KB ( <1%) overhead. 
      Class:      2.51 MB capacity,     2.31 MB ( 92%) used,   192.45 KB (  7%) free+waste,    19.31 KB ( <1%) overhead. 
       Both:     16.83 MB capacity,    16.28 MB ( 97%) used,   511.16 KB (  3%) free+waste,    54.63 KB ( <1%) overhead. 

Virtual space:
  Non-class space:       16.00 MB reserved,      14.50 MB ( 91%) committed 
      Class space:        1.00 GB reserved,       2.63 MB ( <1%) committed 
             Both:        1.02 GB reserved,      17.13 MB (  2%) committed 

Chunk freelists:
   Non-Class:  6.88 KB
       Class:  2.25 KB
        Both:  9.13 KB

CodeHeap 'non-profiled nmethods': size=120064Kb used=893Kb max_used=893Kb free=119170Kb
 bounds [0x0000029f68c10000, 0x0000029f68e80000, 0x0000029f70150000]
CodeHeap 'profiled nmethods': size=120000Kb used=4146Kb max_used=4146Kb free=115853Kb
 bounds [0x0000029f616e0000, 0x0000029f61af0000, 0x0000029f68c10000]
CodeHeap 'non-nmethods': size=5696Kb used=1160Kb max_used=1192Kb free=4536Kb
 bounds [0x0000029f61150000, 0x0000029f613c0000, 0x0000029f616e0000]
 total_blobs=3075 nmethods=1896 adapters=392
 compilation: enabled
              stopped_count=0, restarted_count=0
 full_count=0

Compilation events (10 events):
Event: 3.211 Thread 0x0000029f779b4800 2111       3       jdk.internal.misc.Unsafe::getShortUnaligned (12 bytes)
Event: 3.212 Thread 0x0000029f779b4800 nmethod 2111 0x0000029f61aed690 code [0x0000029f61aed860, 0x0000029f61aedb18]
Event: 3.212 Thread 0x0000029f779b4800 2112       3       jdk.internal.misc.Unsafe::getShortUnaligned (33 bytes)
Event: 3.212 Thread 0x0000029f779b4800 nmethod 2112 0x0000029f61aedc10 code [0x0000029f61aede00, 0x0000029f61aee218]
Event: 3.212 Thread 0x0000029f779b4800 2109       3       java.lang.reflect.Constructor::setConstructorAccessor (21 bytes)
Event: 3.212 Thread 0x0000029f779b4800 nmethod 2109 0x0000029f61aee390 code [0x0000029f61aee560, 0x0000029f61aee8d0]
Event: 3.212 Thread 0x0000029f779b4800 2107       3       java.util.concurrent.ConcurrentLinkedQueue::add (6 bytes)
Event: 3.212 Thread 0x0000029f779b4800 nmethod 2107 0x0000029f61aeea10 code [0x0000029f61aeebe0, 0x0000029f61aeedb0]
Event: 3.213 Thread 0x0000029f779b4800 2113       3       java.util.concurrent.locks.ReentrantLock$Sync::<init> (5 bytes)
Event: 3.213 Thread 0x0000029f779b4800 nmethod 2113 0x0000029f61aeee90 code [0x0000029f61aef060, 0x0000029f61aef2f8]

GC Heap History (9 events):
Event: 0.502 GC heap before
{Heap before GC invocations=0 (full 0):
 garbage-first heap   total 129024K, used 20480K [0x0000000080000000, 0x0000000100000000)
  region size 1024K, 14 young (14336K), 0 survivors (0K)
 Metaspace       used 1883K, capacity 5353K, committed 5504K, reserved 1056768K
  class space    used 213K, capacity 549K, committed 640K, reserved 1048576K
}
Event: 0.506 GC heap after
{Heap after GC invocations=1 (full 0):
 garbage-first heap   total 129024K, used 7735K [0x0000000080000000, 0x0000000100000000)
  region size 1024K, 2 young (2048K), 2 survivors (2048K)
 Metaspace       used 1883K, capacity 5353K, committed 5504K, reserved 1056768K
  class space    used 213K, capacity 549K, committed 640K, reserved 1048576K
}
Event: 0.711 GC heap before
{Heap before GC invocations=1 (full 0):
 garbage-first heap   total 129024K, used 15927K [0x0000000080000000, 0x0000000100000000)
  region size 1024K, 10 young (10240K), 2 survivors (2048K)
 Metaspace       used 3242K, capacity 6288K, committed 6400K, reserved 1056768K
  class space    used 426K, capacity 734K, committed 768K, reserved 1048576K
}
Event: 0.714 GC heap after
{Heap after GC invocations=2 (full 0):
 garbage-first heap   total 129024K, used 8515K [0x0000000080000000, 0x0000000100000000)
  region size 1024K, 1 young (1024K), 1 survivors (1024K)
 Metaspace       used 3242K, capacity 6288K, committed 6400K, reserved 1056768K
  class space    used 426K, capacity 734K, committed 768K, reserved 1048576K
}
Event: 1.044 GC heap before
{Heap before GC invocations=2 (full 0):
 garbage-first heap   total 129024K, used 31043K [0x0000000080000000, 0x0000000100000000)
  region size 1024K, 24 young (24576K), 1 survivors (1024K)
 Metaspace       used 3914K, capacity 6665K, committed 7040K, reserved 1056768K
  class space    used 499K, capacity 774K, committed 896K, reserved 1048576K
}
Event: 1.047 GC heap after
{Heap after GC invocations=3 (full 0):
 garbage-first heap   total 129024K, used 10123K [0x0000000080000000, 0x0000000100000000)
  region size 1024K, 3 young (3072K), 3 survivors (3072K)
 Metaspace       used 3914K, capacity 6665K, committed 7040K, reserved 1056768K
  class space    used 499K, capacity 774K, committed 896K, reserved 1048576K
}
Event: 2.451 GC heap before
{Heap before GC invocations=3 (full 0):
 garbage-first heap   total 129024K, used 45963K [0x0000000080000000, 0x0000000100000000)
  region size 1024K, 38 young (38912K), 3 survivors (3072K)
 Metaspace       used 9476K, capacity 9871K, committed 9984K, reserved 1058816K
  class space    used 1327K, capacity 1452K, committed 1536K, reserved 1048576K
}
Event: 2.461 GC heap after
{Heap after GC invocations=4 (full 0):
 garbage-first heap   total 129024K, used 14787K [0x0000000080000000, 0x0000000100000000)
  region size 1024K, 5 young (5120K), 5 survivors (5120K)
 Metaspace       used 9476K, capacity 9871K, committed 9984K, reserved 1058816K
  class space    used 1327K, capacity 1452K, committed 1536K, reserved 1048576K
}
Event: 3.221 GC heap before
{Heap before GC invocations=4 (full 0):
 garbage-first heap   total 129024K, used 68035K [0x0000000080000000, 0x0000000100000000)
  region size 1024K, 57 young (58368K), 5 survivors (5120K)
 Metaspace       used 16673K, capacity 17239K, committed 17536K, reserved 1064960K
  class space    used 2362K, capacity 2574K, committed 2688K, reserved 1048576K
}

Deoptimization events (10 events):
Event: 2.662 Thread 0x0000029f7a1b0000 Uncommon trap: reason=bimorphic_or_optimized_type_check action=maybe_recompile pc=0x0000029f68c73054 method=java.util.AbstractList$Itr.hasNext()Z @ 8 c2
Event: 2.662 Thread 0x0000029f7a1b0000 Uncommon trap: reason=bimorphic_or_optimized_type_check action=maybe_recompile pc=0x0000029f68c7578c method=java.util.AbstractList$Itr.next()Ljava/lang/Object; @ 14 c2
Event: 2.663 Thread 0x0000029f7a1b0000 Uncommon trap: reason=unstable_if action=reinterpret pc=0x0000029f68c70fcc method=java.io.File.getName()Ljava/lang/String; @ 16 c2
Event: 2.663 Thread 0x0000029f7a1b0000 Uncommon trap: reason=unstable_if action=reinterpret pc=0x0000029f68c702bc method=java.lang.String.substring(I)Ljava/lang/String; @ 34 c2
Event: 2.800 Thread 0x0000029f7a1b0000 Uncommon trap: reason=unstable_if action=reinterpret pc=0x0000029f68c5b1f0 method=java.util.HashMap.getNode(ILjava/lang/Object;)Ljava/util/HashMap$Node; @ 129 c2
Event: 2.800 Thread 0x0000029f7a1b0000 Uncommon trap: reason=bimorphic_or_optimized_type_check action=maybe_recompile pc=0x0000029f68cc5c7c method=java.util.HashMap.putVal(ILjava/lang/Object;Ljava/lang/Object;ZZ)Ljava/lang/Object; @ 203 c2
Event: 2.804 Thread 0x0000029f7a1b0000 Uncommon trap: reason=unstable_if action=reinterpret pc=0x0000029f68c46020 method=java.util.HashMap.getNode(ILjava/lang/Object;)Ljava/util/HashMap$Node; @ 129 c2
Event: 2.804 Thread 0x0000029f7a1b0000 Uncommon trap: reason=bimorphic_or_optimized_type_check action=maybe_recompile pc=0x0000029f68cc5c7c method=java.util.HashMap.putVal(ILjava/lang/Object;Ljava/lang/Object;ZZ)Ljava/lang/Object; @ 203 c2
Event: 2.989 Thread 0x0000029f7a1b0000 Uncommon trap: reason=unstable_if action=reinterpret pc=0x0000029f68c7ff1c method=java.util.concurrent.ConcurrentHashMap.get(Ljava/lang/Object;)Ljava/lang/Object; @ 76 c2
Event: 3.123 Thread 0x0000029f7a1b0000 Uncommon trap: reason=unstable_if action=reinterpret pc=0x0000029f68ccc8f4 method=java.util.HashMap.getNode(ILjava/lang/Object;)Ljava/util/HashMap$Node; @ 129 c2

Classes redefined (0 events):
No events

Internal exceptions (10 events):
Event: 2.686 Thread 0x0000029f7a1b0000 Exception <a 'java/lang/NoSuchMethodError'{0x00000000869fa988}: java.lang.invoke.DirectMethodHandle$Holder.invokeSpecialIFC(Ljava/lang/Object;Ljava/lang/Object;Ljava/lang/Object;Ljava/lang/Object;)I> (0x00000000869fa988) thrown at [t:/workspace/open/src/h
Event: 2.688 Thread 0x0000029f7a1b0000 Exception <a 'java/lang/NoSuchMethodError'{0x00000000868082f0}: java.lang.invoke.DirectMethodHandle$Holder.invokeInterface(Ljava/lang/Object;Ljava/lang/Object;Ljava/lang/Object;)Ljava/lang/Object;> (0x00000000868082f0) thrown at [t:/workspace/open/src/hot
Event: 2.688 Thread 0x0000029f7a1b0000 Exception <a 'java/lang/IncompatibleClassChangeError'{0x000000008680b1f8}: Found class java.lang.Object, but interface was expected> (0x000000008680b1f8) thrown at [t:/workspace/open/src/hotspot/share/interpreter/linkResolver.cpp, line 843]
Event: 2.694 Thread 0x0000029f7a1b0000 Exception <a 'java/lang/NoSuchMethodError'{0x000000008688b7f0}: java.lang.invoke.DirectMethodHandle$Holder.invokeSpecial(Ljava/lang/Object;Ljava/lang/Object;Ljava/lang/Object;Ljava/lang/Object;)V> (0x000000008688b7f0) thrown at [t:/workspace/open/src/hots
Event: 2.778 Thread 0x0000029f7a1b0000 Exception <a 'java/lang/NoSuchMethodError'{0x0000000085eb2e10}: java.lang.invoke.DirectMethodHandle$Holder.invokeVirtual(Ljava/lang/Object;Ljava/lang/Object;Ljava/lang/Object;Ljava/lang/Object;)Ljava/lang/Object;> (0x0000000085eb2e10) thrown at [t:/worksp
Event: 3.061 Thread 0x0000029f7a1b0000 Exception <a 'java/lang/NoSuchMethodError'{0x0000000084c3fe30}: java.lang.invoke.DirectMethodHandle$Holder.invokeSpecial(Ljava/lang/Object;Ljava/lang/Object;Ljava/lang/Object;Ljava/lang/Object;Ljava/lang/Object;Ljava/lang/Object;)V> (0x0000000084c3fe30) t
Event: 3.115 Thread 0x0000029f7a1b0000 Exception <a 'java/lang/NoSuchMethodError'{0x0000000084bf15d8}: java.lang.invoke.Invokers$Holder.invoker(Ljava/lang/Object;Ljava/lang/Object;Ljava/lang/Object;)Ljava/lang/Object;> (0x0000000084bf15d8) thrown at [t:/workspace/open/src/hotspot/share/interpr
Event: 3.144 Thread 0x0000029f7a1b0000 Exception <a 'java/lang/NoSuchMethodError'{0x0000000084ae9ac8}: java.lang.invoke.DirectMethodHandle$Holder.invokeSpecial(Ljava/lang/Object;Ljava/lang/Object;Ljava/lang/Object;Ljava/lang/Object;Ljava/lang/Object;Ljava/lang/Object;Ljava/lang/Object;)V> (0x0
Event: 3.145 Thread 0x0000029f7a1b0000 Exception <a 'java/lang/NoSuchMethodError'{0x0000000084af1978}: java.lang.invoke.Invokers$Holder.linkToTargetMethod(Ljava/lang/Object;Ljava/lang/Object;Ljava/lang/Object;Ljava/lang/Object;Ljava/lang/Object;Ljava/lang/Object;)Ljava/lang/Object;> (0x0000000
Event: 3.166 Thread 0x0000029f7a1b0000 Exception <a 'java/lang/NoSuchMethodError'{0x00000000848182d0}: java.lang.invoke.DirectMethodHandle$Holder.invokeVirtual(Ljava/lang/Object;Ljava/lang/Object;Ljava/lang/Object;Ljava/lang/Object;Ljava/lang/Object;Ljava/lang/Object;Ljava/lang/Object;Ljava/la

Events (10 events):
Event: 3.219 loading class org/gradle/api/internal/provider/ManagedFactories$ListPropertyManagedFactory done
Event: 3.220 loading class org/gradle/api/internal/provider/DefaultListProperty
Event: 3.220 loading class org/gradle/api/internal/provider/DefaultListProperty done
Event: 3.220 loading class org/gradle/api/internal/provider/ManagedFactories$MapPropertyManagedFactory
Event: 3.220 loading class org/gradle/api/internal/provider/ManagedFactories$MapPropertyManagedFactory done
Event: 3.220 loading class org/gradle/api/internal/provider/ManagedFactories$PropertyManagedFactory
Event: 3.220 loading class org/gradle/api/internal/provider/ManagedFactories$PropertyManagedFactory done
Event: 3.221 loading class org/gradle/api/internal/provider/DefaultProperty
Event: 3.221 loading class org/gradle/api/internal/provider/DefaultProperty done
Event: 3.221 Executing VM operation: G1CollectForAllocation


Dynamic libraries:
0x00007ff6b8d20000 - 0x00007ff6b8d2f000 	C:\Program Files\Java\jdk-12.0.2\bin\java.exe
0x00007ffce4e90000 - 0x00007ffce5086000 	C:\WINDOWS\SYSTEM32\ntdll.dll
0x00007ffce3550000 - 0x00007ffce360d000 	C:\WINDOWS\System32\KERNEL32.DLL
0x00007ffce25d0000 - 0x00007ffce2899000 	C:\WINDOWS\System32\KERNELBASE.dll
0x00007ffcdfe70000 - 0x00007ffcdff00000 	C:\WINDOWS\SYSTEM32\apphelp.dll
0x00007ffce28a0000 - 0x00007ffce29a0000 	C:\WINDOWS\System32\ucrtbase.dll
0x00007ffcde0b0000 - 0x00007ffcde0c6000 	C:\Program Files\Java\jdk-12.0.2\bin\VCRUNTIME140.dll
0x00007ffcd9fe0000 - 0x00007ffcd9ff8000 	C:\Program Files\Java\jdk-12.0.2\bin\jli.dll
0x00007ffce2ef0000 - 0x00007ffce2f9c000 	C:\WINDOWS\System32\ADVAPI32.dll
0x00007ffce3ca0000 - 0x00007ffce3d3e000 	C:\WINDOWS\System32\msvcrt.dll
0x00007ffce3720000 - 0x00007ffce37bc000 	C:\WINDOWS\System32\sechost.dll
0x00007ffce4aa0000 - 0x00007ffce4bcb000 	C:\WINDOWS\System32\RPCRT4.dll
0x00007ffce41b0000 - 0x00007ffce4350000 	C:\WINDOWS\System32\USER32.dll
0x00007ffce2bd0000 - 0x00007ffce2bf2000 	C:\WINDOWS\System32\win32u.dll
0x00007ffcd00b0000 - 0x00007ffcd034b000 	C:\WINDOWS\WinSxS\amd64_microsoft.windows.common-controls_6595b64144ccf1df_6.0.19041.488_none_ca04af081b815d21\COMCTL32.dll
0x00007ffce3400000 - 0x00007ffce342a000 	C:\WINDOWS\System32\GDI32.dll
0x00007ffce2d50000 - 0x00007ffce2e59000 	C:\WINDOWS\System32\gdi32full.dll
0x00007ffce2c00000 - 0x00007ffce2c9d000 	C:\WINDOWS\System32\msvcp_win.dll
0x00007ffcd8e60000 - 0x00007ffcd8e6a000 	C:\WINDOWS\SYSTEM32\VERSION.dll
0x00007ffce3f30000 - 0x00007ffce3f60000 	C:\WINDOWS\System32\IMM32.DLL
0x00007ffcb7650000 - 0x00007ffcb76fa000 	C:\Program Files\Java\jdk-12.0.2\bin\msvcp140.dll
0x00007ffc82770000 - 0x00007ffc832e7000 	C:\Program Files\Java\jdk-12.0.2\bin\server\jvm.dll
0x00007ffce3820000 - 0x00007ffce3828000 	C:\WINDOWS\System32\PSAPI.DLL
0x00007ffccb5b0000 - 0x00007ffccb5b9000 	C:\WINDOWS\SYSTEM32\WSOCK32.dll
0x00007ffccde90000 - 0x00007ffccdeb7000 	C:\WINDOWS\SYSTEM32\WINMM.dll
0x00007ffce4de0000 - 0x00007ffce4e4b000 	C:\WINDOWS\System32\WS2_32.dll
0x00007ffce0500000 - 0x00007ffce0512000 	C:\WINDOWS\SYSTEM32\kernel.appcore.dll
0x00007ffcd9fc0000 - 0x00007ffcd9fd1000 	C:\Program Files\Java\jdk-12.0.2\bin\verify.dll
0x00007ffcd9d00000 - 0x00007ffcd9ee4000 	C:\WINDOWS\SYSTEM32\DBGHELP.DLL
0x00007ffcc9b20000 - 0x00007ffcc9b4c000 	C:\WINDOWS\SYSTEM32\dbgcore.DLL
0x00007ffce29a0000 - 0x00007ffce2a20000 	C:\WINDOWS\System32\bcryptPrimitives.dll
0x00007ffcc8d20000 - 0x00007ffcc8d46000 	C:\Program Files\Java\jdk-12.0.2\bin\java.dll
0x00007ffcc8c30000 - 0x00007ffcc8c47000 	C:\Program Files\Java\jdk-12.0.2\bin\zip.dll
0x00007ffcde1a0000 - 0x00007ffcde1aa000 	C:\Program Files\Java\jdk-12.0.2\bin\jimage.dll
0x00007ffce4350000 - 0x00007ffce4a92000 	C:\WINDOWS\System32\SHELL32.dll
0x00007ffce0720000 - 0x00007ffce0eb5000 	C:\WINDOWS\SYSTEM32\windows.storage.dll
0x00007ffce30a0000 - 0x00007ffce33f6000 	C:\WINDOWS\System32\combase.dll
0x00007ffce1fd0000 - 0x00007ffce1ffc000 	C:\WINDOWS\SYSTEM32\Wldp.dll
0x00007ffce3670000 - 0x00007ffce371e000 	C:\WINDOWS\System32\SHCORE.dll
0x00007ffce40c0000 - 0x00007ffce4115000 	C:\WINDOWS\System32\shlwapi.dll
0x00007ffce2500000 - 0x00007ffce2526000 	C:\WINDOWS\SYSTEM32\profapi.dll
0x00007ffcc8c10000 - 0x00007ffcc8c29000 	C:\Program Files\Java\jdk-12.0.2\bin\net.dll
0x00007ffcd1b60000 - 0x00007ffcd1d4d000 	C:\WINDOWS\SYSTEM32\urlmon.dll
0x00007ffcdcfb0000 - 0x00007ffcdd0b0000 	C:\WINDOWS\SYSTEM32\WINHTTP.dll
0x00007ffcd1f30000 - 0x00007ffcd21e0000 	C:\WINDOWS\SYSTEM32\iertutil.dll
0x00007ffce1d50000 - 0x00007ffce1dba000 	C:\WINDOWS\system32\mswsock.dll
0x00007ffcc8bf0000 - 0x00007ffcc8c03000 	C:\Program Files\Java\jdk-12.0.2\bin\nio.dll
0x00007ffccb2a0000 - 0x00007ffccb2c7000 	C:\Users\User\.gradle\native\f6784746aeab05261644944871eae4fe03e0ef1612fff0a4a95f87b438bc6780\windows-amd64\native-platform.dll
0x00007ffcde120000 - 0x00007ffcde129000 	C:\Program Files\Java\jdk-12.0.2\bin\management.dll
0x00007ffccfe40000 - 0x00007ffccfe4c000 	C:\Program Files\Java\jdk-12.0.2\bin\management_ext.dll
0x00007ffce1f20000 - 0x00007ffce1f38000 	C:\WINDOWS\SYSTEM32\CRYPTSP.dll
0x00007ffce1680000 - 0x00007ffce16b4000 	C:\WINDOWS\system32\rsaenh.dll
0x00007ffce2ec0000 - 0x00007ffce2ee7000 	C:\WINDOWS\System32\bcrypt.dll
0x00007ffce24c0000 - 0x00007ffce24ee000 	C:\WINDOWS\SYSTEM32\USERENV.dll
0x00007ffce1f40000 - 0x00007ffce1f4c000 	C:\WINDOWS\SYSTEM32\CRYPTBASE.dll
0x00007ffce1a40000 - 0x00007ffce1a7b000 	C:\WINDOWS\SYSTEM32\IPHLPAPI.DLL
0x00007ffce40b0000 - 0x00007ffce40b8000 	C:\WINDOWS\System32\NSI.dll
0x00007ffcd96c0000 - 0x00007ffcd96d7000 	C:\WINDOWS\SYSTEM32\dhcpcsvc6.DLL
0x00007ffcd96a0000 - 0x00007ffcd96bd000 	C:\WINDOWS\SYSTEM32\dhcpcsvc.DLL
0x00007ffce1a80000 - 0x00007ffce1b4b000 	C:\WINDOWS\SYSTEM32\DNSAPI.dll
0x00007ffcdcfa0000 - 0x00007ffcdcfab000 	C:\WINDOWS\SYSTEM32\WINNSI.DLL

dbghelp: loaded successfully - version: 4.0.5 - missing functions: none
symbol engine: initialized successfully - sym options: 0x614 - pdb path: .;C:\Program Files\Java\jdk-12.0.2\bin;C:\WINDOWS\SYSTEM32;C:\WINDOWS\WinSxS\amd64_microsoft.windows.common-controls_6595b64144ccf1df_6.0.19041.488_none_ca04af081b815d21;C:\Program Files\Java\jdk-12.0.2\bin\server;C:\Users\User\.gradle\native\f6784746aeab05261644944871eae4fe03e0ef1612fff0a4a95f87b438bc6780\windows-amd64

VM Arguments:
jvm_args: --add-opens=java.base/java.util=ALL-UNNAMED --add-opens=java.base/java.lang=ALL-UNNAMED --add-opens=java.base/java.lang.invoke=ALL-UNNAMED --add-opens=java.prefs/java.util.prefs=ALL-UNNAMED -Xmx2048m -Dfile.encoding=UTF-8 -Duser.country=ID -Duser.language=en -Duser.variant 
java_command: org.gradle.launcher.daemon.bootstrap.GradleDaemon 6.5
java_class_path (initial): C:\Users\User\.gradle\wrapper\dists\gradle-6.5-bin\6nifqtx7604sqp1q6g8wikw7p\gradle-6.5\lib\gradle-launcher-6.5.jar
Launcher Type: SUN_STANDARD

[Global flags]
     intx CICompilerCount                          = 3                                         {product} {ergonomic}
     uint ConcGCThreads                            = 1                                         {product} {ergonomic}
     uint G1ConcRefinementThreads                  = 4                                         {product} {ergonomic}
   size_t G1HeapRegionSize                         = 1048576                                   {product} {ergonomic}
    uintx GCDrainStackTargetSize                   = 64                                        {product} {ergonomic}
   size_t InitialHeapSize                          = 132120576                                 {product} {ergonomic}
   size_t MarkStackSize                            = 4194304                                   {product} {ergonomic}
   size_t MaxHeapSize                              = 2147483648                                {product} {command line}
   size_t MaxNewSize                               = 1287651328                                {product} {ergonomic}
   size_t MinHeapDeltaBytes                        = 1048576                                   {product} {ergonomic}
    uintx NonNMethodCodeHeapSize                   = 5830732                                {pd product} {ergonomic}
    uintx NonProfiledCodeHeapSize                  = 122913754                              {pd product} {ergonomic}
    uintx ProfiledCodeHeapSize                     = 122913754                              {pd product} {ergonomic}
    uintx ReservedCodeCacheSize                    = 251658240                              {pd product} {ergonomic}
     bool SegmentedCodeCache                       = true                                      {product} {ergonomic}
     bool UseCompressedClassPointers               = true                                 {lp64_product} {ergonomic}
     bool UseCompressedOops                        = true                                 {lp64_product} {ergonomic}
     bool UseG1GC                                  = true                                      {product} {ergonomic}
     bool UseLargePagesIndividualAllocation        = false                                  {pd product} {ergonomic}

Logging:
Log output configuration:
 #0: stdout all=warning uptime,level,tags
 #1: stderr all=off uptime,level,tags

Environment Variables:
JAVA_HOME=C:\Program Files\Java\jdk-12.0.2
PATH=C:\Program Files (x86)\Intel\Intel(R) Management Engine Components\iCLS\;C:\Program Files\Intel\Intel(R) Management Engine Components\iCLS\;C:\WINDOWS\system32;C:\WINDOWS;C:\WINDOWS\System32\Wbem;C:\WINDOWS\System32\WindowsPowerShell\v1.0\;C:\WINDOWS\System32\OpenSSH\;C:\Program Files (x86)\Intel\Intel(R) Management Engine Components\DAL;C:\Program Files\Intel\Intel(R) Management Engine Components\DAL;C:\Program Files (x86)\Intel\Intel(R) Management Engine Components\IPT;C:\Program Files\Intel\Intel(R) Management Engine Components\IPT;C:\Program Files\Intel\WiFi\bin\;C:\Program Files\Common Files\Intel\WirelessCommon\;C:\Program Files\Java\jdk-12.0.1\bin;C:\Program Files\dotnet\;C:\Program Files\Microsoft SQL Server\130\Tools\Binn\;C:\Program Files\kotlinc\bin;C:\Program Files\dart-sass;C:\Program Files\Java\jdk-12.0.2\bin;C:\cmder;C:\Users\User\Downloads\Compressed\opencv\build\x64\vc15\bin;C:\ProgramData\chocolatey\bin;C:\ProgramData\ComposerSetup\bin;C:\Program Files\Git\cmd;C:\Program Files\MongoDB\Server\4.4\bin;C:\Users\User\AppData\Local\Programs\Python\Python37\Scripts\;C:\Users\User\AppData\Local\Programs\Python\Python37\;C:\Users\User\AppData\Local\Microsoft\WindowsApps;C:\Users\User\AppData\Local\Programs\Microsoft VS Code\bin;C:\Users\User\AppData\Roaming\Composer\vendor\bin;C:\Program Files (x86)\Inno Setup 6;C:\tools\dart-sdk\bin;C:\Users\User\AppData\Roaming\Pub\Cache\bin;C:\Users\User\AppData\Local\GitHubDesktop\bin
USERNAME=User
OS=Windows_NT
PROCESSOR_IDENTIFIER=Intel64 Family 6 Model 142 Stepping 10, GenuineIntel



---------------  S Y S T E M  ---------------

OS: Windows 10 , 64 bit Build 19041 (10.0.19041.662)

CPU:total 4 (initial active 4) (4 cores per cpu, 2 threads per core) family 6 model 142 stepping 10, cmov, cx8, fxsr, mmx, sse, sse2, sse3, ssse3, sse4.1, sse4.2, popcnt, avx, avx2, aes, clmul, erms, 3dnowpref, lzcnt, ht, tsc, tscinvbit, bmi1, bmi2, adx, fma

Memory: 4k page, system-wide physical 8048M (784M free)
TotalPageFile size 22188M (AvailPageFile size 20M)
current process WorkingSet (physical memory assigned to process): 178M, peak: 178M
current process commit charge ("private bytes"): 262M, peak: 287M

vm_info: Java HotSpot(TM) 64-Bit Server VM (12.0.2+10) for windows-amd64 JRE (12.0.2+10), built on Jul 16 2019 01:56:17 by "mach5one" with MS VC++ 15.5 (VS2017)

END.
