#
# There is insufficient memory for the Java Runtime Environment to continue.
# Native memory allocation (mmap) failed to map 17825792 bytes for Failed to commit area from 0x0000000084c00000 to 0x0000000085d00000 of length 17825792.
# Possible reasons:
#   The system is out of physical RAM or swap space
#   The process is running with CompressedOops enabled, and the Java Heap may be blocking the growth of the native heap
# Possible solutions:
#   Reduce memory load on the system
#   Increase physical memory or swap space
#   Check if swap backing store is full
#   Decrease Java heap size (-Xmx/-Xms)
#   Decrease number of Java threads
#   Decrease Java thread stack sizes (-Xss)
#   Set larger code cache with -XX:ReservedCodeCacheSize=
#   JVM is running with Unscaled Compressed Oops mode in which the Java heap is
#     placed in the first 4GB address space. The Java Heap base address is the
#     maximum limit for the native heap growth. Please use -XX:HeapBaseMinAddress
#     to set the Java Heap base and to place the Java Heap above 4GB virtual address.
# This output file may be truncated or incomplete.
#
#  Out of Memory Error (t:/workspace/open/src/hotspot/os/windows/os_windows.cpp:3264), pid=15056, tid=16148
#
# JRE version: Java(TM) SE Runtime Environment (12.0.2+10) (build 12.0.2+10)
# Java VM: Java HotSpot(TM) 64-Bit Server VM (12.0.2+10, mixed mode, sharing, tiered, compressed oops, g1 gc, windows-amd64)
# No core dump will be written. Minidumps are not enabled by default on client versions of Windows
#

---------------  S U M M A R Y ------------

Command Line: --add-opens=java.base/java.util=ALL-UNNAMED --add-opens=java.base/java.lang=ALL-UNNAMED --add-opens=java.base/java.lang.invoke=ALL-UNNAMED --add-opens=java.prefs/java.util.prefs=ALL-UNNAMED -Xmx2048m -Dfile.encoding=UTF-8 -Duser.country=ID -Duser.language=en -Duser.variant org.gradle.launcher.daemon.bootstrap.GradleDaemon 6.5

Host: Intel(R) Core(TM) i5-8250U CPU @ 1.60GHz, 4 cores, 7G,  Windows 10 , 64 bit Build 19041 (10.0.19041.662)
Time: Wed Mar 31 15:31:46 2021 SE Asia Standard Time elapsed time: 7 seconds (0d 0h 0m 7s)

---------------  T H R E A D  ---------------

Current thread (0x0000013fbb2b3800):  VMThread "VM Thread" [stack: 0x0000003df3600000,0x0000003df3700000] [id=16148]

Stack: [0x0000003df3600000,0x0000003df3700000]
[error occurred during error reporting (printing stack bounds), id 0xc0000005, EXCEPTION_ACCESS_VIOLATION (0xc0000005) at pc=0x0000013fa5200bad]

Native frames: (J=compiled Java code, j=interpreted, Vv=VM code, C=native code)
V  [jvm.dll+0x63aa2a]
V  [jvm.dll+0x78ce1e]
V  [jvm.dll+0x78e4c1]
V  [jvm.dll+0x78ea75]
V  [jvm.dll+0x78ea2b]
V  [jvm.dll+0x63a134]
V  [jvm.dll+0x63a4f8]
C  [ntdll.dll+0xa130f]
C  [ntdll.dll+0x4b5e4]
C  [ntdll.dll+0x9fe3e]
C  0x0000013fa5200bad

VM_Operation (0x0000003df4cf8bf0): G1CollectForAllocation, mode: safepoint, requested by thread 0x0000013fbd8dd800


---------------  P R O C E S S  ---------------

Threads class SMR info:
_java_thread_list=0x0000013fc0b06190, length=127, elements={
0x0000013f9cdf1800, 0x0000013fbb2bc800, 0x0000013fbb2bd800, 0x0000013fbb2d3800,
0x0000013fbb2d6800, 0x0000013fbb2db000, 0x0000013fbb2e3800, 0x0000013fbb30d000,
0x0000013fbbd47800, 0x0000013fbbd59000, 0x0000013fbd38f800, 0x0000013fbbfb1800,
0x0000013fbcc0f000, 0x0000013fbd487800, 0x0000013fbcb34000, 0x0000013fbd155800,
0x0000013fbc133800, 0x0000013fbd8dd800, 0x0000013fbd35e800, 0x0000013fbd35f000,
0x0000013fbd91e800, 0x0000013fbd429000, 0x0000013fbd42a000, 0x0000013fbd425000,
0x0000013fbd424000, 0x0000013fbd42a800, 0x0000013fbd426000, 0x0000013fbd426800,
0x0000013fbd427800, 0x0000013fbd428800, 0x0000013fc10c5000, 0x0000013fc10c3800,
0x0000013fc10c6000, 0x0000013fc10c0800, 0x0000013fc10c2800, 0x0000013fc10c2000,
0x0000013fc10c7800, 0x0000013fc10ca000, 0x0000013fc10c8800, 0x0000013fc10cb000,
0x0000013fc10cb800, 0x0000013fc10c7000, 0x0000013fc10cc800, 0x0000013fc10ce000,
0x0000013fc10cd800, 0x0000013fc10cf000, 0x0000013fc10c9800, 0x0000013fc05dc800,
0x0000013fc05dd800, 0x0000013fc05d9800, 0x0000013fc05da000, 0x0000013fc05db000,
0x0000013fc05de800, 0x0000013fc05d8800, 0x0000013fc05df000, 0x0000013fc05e0000,
0x0000013fc05e1000, 0x0000013fc05e1800, 0x0000013fc05dc000, 0x0000013fc05e4000,
0x0000013fc05e5800, 0x0000013fc05e6800, 0x0000013fc05e5000, 0x0000013fc05e7800,
0x0000013fc05e2800, 0x0000013fc05e3000, 0x0000013fbd530800, 0x0000013fbd52c000,
0x0000013fbd52d000, 0x0000013fbd52e000, 0x0000013fbd533800, 0x0000013fbd52f800,
0x0000013fbd532000, 0x0000013fbd52e800, 0x0000013fbd537000, 0x0000013fbd535000,
0x0000013fbd536000, 0x0000013fbd531000, 0x0000013fbd537800, 0x0000013fbd538800,
0x0000013fbd532800, 0x0000013fbd539800, 0x0000013fbd53a000, 0x0000013fbd534800,
0x0000013fbd53b000, 0x0000013fc098c800, 0x0000013fc0988000, 0x0000013fc098b800,
0x0000013fc098d000, 0x0000013fc098e000, 0x0000013fc0989000, 0x0000013fc098a000,
0x0000013fc098e800, 0x0000013fc098f800, 0x0000013fc0990800, 0x0000013fc098a800,
0x0000013fc0991000, 0x0000013fc0993000, 0x0000013fc0992000, 0x0000013fc0993800,
0x0000013fc0994800, 0x0000013fc0995800, 0x0000013fc0996000, 0x0000013fc0997000,
0x0000013fc0061800, 0x0000013fc0061000, 0x0000013fc0066800, 0x0000013fc0062800,
0x0000013fc0066000, 0x0000013fc0067800, 0x0000013fc0068000, 0x0000013fc0069000,
0x0000013fc0063800, 0x0000013fc006a000, 0x0000013fc0064000, 0x0000013fc006a800,
0x0000013fc0065000, 0x0000013fc006e000, 0x0000013fc006d000, 0x0000013fc006c800,
0x0000013fc006f000, 0x0000013fc006f800, 0x0000013fc006b800, 0x0000013fbc07f800,
0x0000013fbc07b800, 0x0000013fbc07a800, 0x0000013fbc07d000
}

Java Threads: ( => current thread )
  0x0000013f9cdf1800 JavaThread "main" [_thread_blocked, id=17772, stack(0x0000003df3000000,0x0000003df3100000)]
  0x0000013fbb2bc800 JavaThread "Reference Handler" daemon [_thread_blocked, id=7620, stack(0x0000003df3700000,0x0000003df3800000)]
  0x0000013fbb2bd800 JavaThread "Finalizer" daemon [_thread_blocked, id=13128, stack(0x0000003df3800000,0x0000003df3900000)]
  0x0000013fbb2d3800 JavaThread "Signal Dispatcher" daemon [_thread_blocked, id=15292, stack(0x0000003df3900000,0x0000003df3a00000)]
  0x0000013fbb2d6800 JavaThread "Attach Listener" daemon [_thread_blocked, id=2252, stack(0x0000003df3a00000,0x0000003df3b00000)]
  0x0000013fbb2db000 JavaThread "C2 CompilerThread0" daemon [_thread_blocked, id=21376, stack(0x0000003df3b00000,0x0000003df3c00000)]
  0x0000013fbb2e3800 JavaThread "C1 CompilerThread0" daemon [_thread_blocked, id=9948, stack(0x0000003df3c00000,0x0000003df3d00000)]
  0x0000013fbb30d000 JavaThread "Sweeper thread" daemon [_thread_blocked, id=13916, stack(0x0000003df3d00000,0x0000003df3e00000)]
  0x0000013fbbd47800 JavaThread "Common-Cleaner" daemon [_thread_blocked, id=20640, stack(0x0000003df3e00000,0x0000003df3f00000)]
  0x0000013fbbd59000 JavaThread "Service Thread" daemon [_thread_blocked, id=19768, stack(0x0000003df3f00000,0x0000003df4000000)]
  0x0000013fbd38f800 JavaThread "Daemon health stats" [_thread_blocked, id=15072, stack(0x0000003df4400000,0x0000003df4500000)]
  0x0000013fbbfb1800 JavaThread "Incoming local TCP Connector on port 51555" [_thread_in_native, id=14688, stack(0x0000003df4600000,0x0000003df4700000)]
  0x0000013fbcc0f000 JavaThread "Daemon periodic checks" [_thread_blocked, id=16640, stack(0x0000003df4700000,0x0000003df4800000)]
  0x0000013fbd487800 JavaThread "Daemon" [_thread_blocked, id=6424, stack(0x0000003df4800000,0x0000003df4900000)]
  0x0000013fbcb34000 JavaThread "Handler for socket connection from /127.0.0.1:51555 to /127.0.0.1:51556" [_thread_in_native, id=13812, stack(0x0000003df4900000,0x0000003df4a00000)]
  0x0000013fbd155800 JavaThread "C2 CompilerThread1" daemon [_thread_in_native, id=12896, stack(0x0000003df4a00000,0x0000003df4b00000)]
  0x0000013fbc133800 JavaThread "Cancel handler" [_thread_blocked, id=15500, stack(0x0000003df4b00000,0x0000003df4c00000)]
  0x0000013fbd8dd800 JavaThread "Daemon worker" [_thread_blocked, id=3076, stack(0x0000003df4c00000,0x0000003df4d00000)]
  0x0000013fbd35e800 JavaThread "Asynchronous log dispatcher for DefaultDaemonConnection: socket connection from /127.0.0.1:51555 to /127.0.0.1:51556" [_thread_blocked, id=9672, stack(0x0000003df4d00000,0x0000003df4e00000)]
  0x0000013fbd35f000 JavaThread "Stdin handler" [_thread_blocked, id=19148, stack(0x0000003df4e00000,0x0000003df4f00000)]
  0x0000013fbd91e800 JavaThread "Thread-8" [_thread_blocked, id=9388, stack(0x0000003df4f00000,0x0000003df5000000)]
  0x0000013fbd429000 JavaThread "Cache worker for journal cache (C:\Users\User\.gradle\caches\journal-1)" [_thread_blocked, id=23372, stack(0x0000003df5100000,0x0000003df5200000)]
  0x0000013fbd42a000 JavaThread "File lock request listener" [_thread_in_native, id=664, stack(0x0000003df5200000,0x0000003df5300000)]
  0x0000013fbd425000 JavaThread "Cache worker for file hash cache (C:\Users\User\.gradle\caches\6.5\fileHashes)" [_thread_blocked, id=18424, stack(0x0000003df5300000,0x0000003df5400000)]
  0x0000013fbd424000 JavaThread "Cache worker for file hash cache (C:\Users\User\Documents\Semester 4\ImageOpener\.gradle\6.5\fileHashes)" [_thread_blocked, id=11604, stack(0x0000003df5400000,0x0000003df5500000)]
  0x0000013fbd42a800 JavaThread "Cache worker for checksums cache (C:\Users\User\Documents\Semester 4\ImageOpener\.gradle\checksums)" [_thread_blocked, id=13772, stack(0x0000003df5500000,0x0000003df5600000)]
  0x0000013fbd426000 JavaThread "Cache worker for cache directory md-supplier (C:\Users\User\.gradle\caches\6.5\md-supplier)" [_thread_blocked, id=7204, stack(0x0000003df5600000,0x0000003df5700000)]
  0x0000013fbd426800 JavaThread "Cache worker for cache directory md-rule (C:\Users\User\.gradle\caches\6.5\md-rule)" [_thread_blocked, id=20916, stack(0x0000003df5700000,0x0000003df5800000)]
  0x0000013fbd427800 JavaThread "Cache worker for execution history cache (C:\Users\User\.gradle\caches\6.5\executionHistory)" [_thread_blocked, id=5796, stack(0x0000003df5800000,0x0000003df5900000)]
  0x0000013fbd428800 JavaThread "jar transforms" [_thread_blocked, id=7640, stack(0x0000003df5900000,0x0000003df5a00000)]
  0x0000013fc10c5000 JavaThread "Cache worker for file content cache (C:\Users\User\.gradle\caches\6.5\fileContent)" [_thread_blocked, id=11404, stack(0x0000003df5a00000,0x0000003df5b00000)]
  0x0000013fc10c3800 JavaThread "Build operations" [_thread_blocked, id=9944, stack(0x0000003df5b00000,0x0000003df5c00000)]
  0x0000013fc10c6000 JavaThread "Build operations Thread 2" [_thread_blocked, id=18696, stack(0x0000003df5c00000,0x0000003df5d00000)]
  0x0000013fc10c0800 JavaThread "Build operations Thread 3" [_thread_blocked, id=13776, stack(0x0000003df5d00000,0x0000003df5e00000)]
  0x0000013fc10c2800 JavaThread "Build operations Thread 4" [_thread_blocked, id=12464, stack(0x0000003df5e00000,0x0000003df5f00000)]
  0x0000013fc10c2000 JavaThread "jar transforms Thread 2" [_thread_blocked, id=17764, stack(0x0000003df5f00000,0x0000003df6000000)]
  0x0000013fc10c7800 JavaThread "jar transforms Thread 3" [_thread_blocked, id=11572, stack(0x0000003df6000000,0x0000003df6100000)]
  0x0000013fc10ca000 JavaThread "jar transforms Thread 4" [_thread_blocked, id=17720, stack(0x0000003df6100000,0x0000003df6200000)]
  0x0000013fc10c8800 JavaThread "jar transforms Thread 5" [_thread_blocked, id=3356, stack(0x0000003df6200000,0x0000003df6300000)]
  0x0000013fc10cb000 JavaThread "jar transforms Thread 6" [_thread_blocked, id=18892, stack(0x0000003df6300000,0x0000003df6400000)]
  0x0000013fc10cb800 JavaThread "jar transforms Thread 7" [_thread_blocked, id=12668, stack(0x0000003df6400000,0x0000003df6500000)]
  0x0000013fc10c7000 JavaThread "jar transforms Thread 8" [_thread_blocked, id=21628, stack(0x0000003df6500000,0x0000003df6600000)]
  0x0000013fc10cc800 JavaThread "jar transforms Thread 9" [_thread_blocked, id=13876, stack(0x0000003df6600000,0x0000003df6700000)]
  0x0000013fc10ce000 JavaThread "jar transforms Thread 10" [_thread_blocked, id=15312, stack(0x0000003df6700000,0x0000003df6800000)]
  0x0000013fc10cd800 JavaThread "jar transforms Thread 11" [_thread_blocked, id=22772, stack(0x0000003df6800000,0x0000003df6900000)]
  0x0000013fc10cf000 JavaThread "jar transforms Thread 12" [_thread_blocked, id=15572, stack(0x0000003df6900000,0x0000003df6a00000)]
  0x0000013fc10c9800 JavaThread "jar transforms Thread 13" [_thread_blocked, id=13996, stack(0x0000003df6a00000,0x0000003df6b00000)]
  0x0000013fc05dc800 JavaThread "jar transforms Thread 14" [_thread_blocked, id=18004, stack(0x0000003df6b00000,0x0000003df6c00000)]
  0x0000013fc05dd800 JavaThread "jar transforms Thread 15" [_thread_blocked, id=3996, stack(0x0000003df6c00000,0x0000003df6d00000)]
  0x0000013fc05d9800 JavaThread "jar transforms Thread 16" [_thread_blocked, id=21832, stack(0x0000003df6d00000,0x0000003df6e00000)]
  0x0000013fc05da000 JavaThread "jar transforms Thread 17" [_thread_blocked, id=10136, stack(0x0000003df6e00000,0x0000003df6f00000)]
  0x0000013fc05db000 JavaThread "jar transforms Thread 18" [_thread_blocked, id=20140, stack(0x0000003df6f00000,0x0000003df7000000)]
  0x0000013fc05de800 JavaThread "jar transforms Thread 19" [_thread_blocked, id=11972, stack(0x0000003df7000000,0x0000003df7100000)]
  0x0000013fc05d8800 JavaThread "jar transforms Thread 20" [_thread_blocked, id=1428, stack(0x0000003df7100000,0x0000003df7200000)]
  0x0000013fc05df000 JavaThread "jar transforms Thread 21" [_thread_blocked, id=21824, stack(0x0000003df7200000,0x0000003df7300000)]
  0x0000013fc05e0000 JavaThread "jar transforms Thread 22" [_thread_blocked, id=22764, stack(0x0000003df7300000,0x0000003df7400000)]
  0x0000013fc05e1000 JavaThread "jar transforms Thread 23" [_thread_blocked, id=14396, stack(0x0000003df7400000,0x0000003df7500000)]
  0x0000013fc05e1800 JavaThread "jar transforms Thread 24" [_thread_blocked, id=1164, stack(0x0000003df7500000,0x0000003df7600000)]
  0x0000013fc05dc000 JavaThread "jar transforms Thread 25" [_thread_blocked, id=7188, stack(0x0000003df7600000,0x0000003df7700000)]
  0x0000013fc05e4000 JavaThread "jar transforms Thread 26" [_thread_blocked, id=20948, stack(0x0000003df7700000,0x0000003df7800000)]
  0x0000013fc05e5800 JavaThread "jar transforms Thread 27" [_thread_blocked, id=3644, stack(0x0000003df7800000,0x0000003df7900000)]
  0x0000013fc05e6800 JavaThread "jar transforms Thread 28" [_thread_blocked, id=14908, stack(0x0000003df7900000,0x0000003df7a00000)]
  0x0000013fc05e5000 JavaThread "jar transforms Thread 29" [_thread_blocked, id=19832, stack(0x0000003df7a00000,0x0000003df7b00000)]
  0x0000013fc05e7800 JavaThread "jar transforms Thread 30" [_thread_blocked, id=16404, stack(0x0000003df7b00000,0x0000003df7c00000)]
  0x0000013fc05e2800 JavaThread "jar transforms Thread 31" [_thread_blocked, id=18848, stack(0x0000003df7c00000,0x0000003df7d00000)]
  0x0000013fc05e3000 JavaThread "jar transforms Thread 32" [_thread_blocked, id=17692, stack(0x0000003df7d00000,0x0000003df7e00000)]
  0x0000013fbd530800 JavaThread "jar transforms Thread 33" [_thread_blocked, id=10828, stack(0x0000003df7e00000,0x0000003df7f00000)]
  0x0000013fbd52c000 JavaThread "jar transforms Thread 34" [_thread_blocked, id=19356, stack(0x0000003df7f00000,0x0000003df8000000)]
  0x0000013fbd52d000 JavaThread "jar transforms Thread 35" [_thread_blocked, id=8084, stack(0x0000003df8000000,0x0000003df8100000)]
  0x0000013fbd52e000 JavaThread "jar transforms Thread 36" [_thread_blocked, id=8828, stack(0x0000003df8100000,0x0000003df8200000)]
  0x0000013fbd533800 JavaThread "jar transforms Thread 37" [_thread_blocked, id=21672, stack(0x0000003df8200000,0x0000003df8300000)]
  0x0000013fbd52f800 JavaThread "jar transforms Thread 38" [_thread_blocked, id=21420, stack(0x0000003df8300000,0x0000003df8400000)]
  0x0000013fbd532000 JavaThread "jar transforms Thread 39" [_thread_blocked, id=1188, stack(0x0000003df8400000,0x0000003df8500000)]
  0x0000013fbd52e800 JavaThread "jar transforms Thread 40" [_thread_blocked, id=3948, stack(0x0000003df8500000,0x0000003df8600000)]
  0x0000013fbd537000 JavaThread "jar transforms Thread 41" [_thread_blocked, id=19728, stack(0x0000003df8600000,0x0000003df8700000)]
  0x0000013fbd535000 JavaThread "jar transforms Thread 42" [_thread_blocked, id=14292, stack(0x0000003df8700000,0x0000003df8800000)]
  0x0000013fbd536000 JavaThread "jar transforms Thread 43" [_thread_blocked, id=4712, stack(0x0000003df8800000,0x0000003df8900000)]
  0x0000013fbd531000 JavaThread "jar transforms Thread 44" [_thread_blocked, id=8116, stack(0x0000003df8900000,0x0000003df8a00000)]
  0x0000013fbd537800 JavaThread "jar transforms Thread 45" [_thread_blocked, id=12440, stack(0x0000003df8a00000,0x0000003df8b00000)]
  0x0000013fbd538800 JavaThread "jar transforms Thread 46" [_thread_blocked, id=15040, stack(0x0000003df8b00000,0x0000003df8c00000)]
  0x0000013fbd532800 JavaThread "jar transforms Thread 47" [_thread_blocked, id=4696, stack(0x0000003df8c00000,0x0000003df8d00000)]
  0x0000013fbd539800 JavaThread "jar transforms Thread 48" [_thread_blocked, id=18928, stack(0x0000003df8d00000,0x0000003df8e00000)]
  0x0000013fbd53a000 JavaThread "jar transforms Thread 49" [_thread_blocked, id=22872, stack(0x0000003df8e00000,0x0000003df8f00000)]
  0x0000013fbd534800 JavaThread "jar transforms Thread 50" [_thread_blocked, id=10940, stack(0x0000003df8f00000,0x0000003df9000000)]
  0x0000013fbd53b000 JavaThread "jar transforms Thread 51" [_thread_blocked, id=23452, stack(0x0000003df9000000,0x0000003df9100000)]
  0x0000013fc098c800 JavaThread "jar transforms Thread 52" [_thread_blocked, id=10676, stack(0x0000003df9100000,0x0000003df9200000)]
  0x0000013fc0988000 JavaThread "jar transforms Thread 53" [_thread_blocked, id=4764, stack(0x0000003df9200000,0x0000003df9300000)]
  0x0000013fc098b800 JavaThread "jar transforms Thread 54" [_thread_blocked, id=16292, stack(0x0000003df9300000,0x0000003df9400000)]
  0x0000013fc098d000 JavaThread "jar transforms Thread 55" [_thread_blocked, id=4344, stack(0x0000003df9400000,0x0000003df9500000)]
  0x0000013fc098e000 JavaThread "jar transforms Thread 56" [_thread_blocked, id=3152, stack(0x0000003df9500000,0x0000003df9600000)]
  0x0000013fc0989000 JavaThread "jar transforms Thread 57" [_thread_blocked, id=10044, stack(0x0000003df9600000,0x0000003df9700000)]
  0x0000013fc098a000 JavaThread "jar transforms Thread 58" [_thread_blocked, id=17800, stack(0x0000003df9700000,0x0000003df9800000)]
  0x0000013fc098e800 JavaThread "jar transforms Thread 59" [_thread_blocked, id=18472, stack(0x0000003df9800000,0x0000003df9900000)]
  0x0000013fc098f800 JavaThread "jar transforms Thread 60" [_thread_blocked, id=19568, stack(0x0000003df9900000,0x0000003df9a00000)]
  0x0000013fc0990800 JavaThread "jar transforms Thread 61" [_thread_blocked, id=17632, stack(0x0000003df9a00000,0x0000003df9b00000)]
  0x0000013fc098a800 JavaThread "jar transforms Thread 62" [_thread_blocked, id=8152, stack(0x0000003df9b00000,0x0000003df9c00000)]
  0x0000013fc0991000 JavaThread "jar transforms Thread 63" [_thread_blocked, id=14832, stack(0x0000003df9c00000,0x0000003df9d00000)]
  0x0000013fc0993000 JavaThread "jar transforms Thread 64" [_thread_blocked, id=20884, stack(0x0000003df9d00000,0x0000003df9e00000)]
  0x0000013fc0992000 JavaThread "jar transforms Thread 65" [_thread_blocked, id=5996, stack(0x0000003df9e00000,0x0000003df9f00000)]
  0x0000013fc0993800 JavaThread "jar transforms Thread 66" [_thread_blocked, id=13392, stack(0x0000003df9f00000,0x0000003dfa000000)]
  0x0000013fc0994800 JavaThread "jar transforms Thread 67" [_thread_blocked, id=19932, stack(0x0000003dfa000000,0x0000003dfa100000)]
  0x0000013fc0995800 JavaThread "jar transforms Thread 68" [_thread_blocked, id=15052, stack(0x0000003dfa100000,0x0000003dfa200000)]
  0x0000013fc0996000 JavaThread "jar transforms Thread 69" [_thread_blocked, id=3424, stack(0x0000003dfa200000,0x0000003dfa300000)]
  0x0000013fc0997000 JavaThread "jar transforms Thread 70" [_thread_blocked, id=9060, stack(0x0000003dfa300000,0x0000003dfa400000)]
  0x0000013fc0061800 JavaThread "jar transforms Thread 71" [_thread_blocked, id=10816, stack(0x0000003dfa400000,0x0000003dfa500000)]
  0x0000013fc0061000 JavaThread "jar transforms Thread 72" [_thread_blocked, id=8068, stack(0x0000003dfa500000,0x0000003dfa600000)]
  0x0000013fc0066800 JavaThread "jar transforms Thread 73" [_thread_blocked, id=20104, stack(0x0000003dfa600000,0x0000003dfa700000)]
  0x0000013fc0062800 JavaThread "jar transforms Thread 74" [_thread_blocked, id=13768, stack(0x0000003dfa700000,0x0000003dfa800000)]
  0x0000013fc0066000 JavaThread "jar transforms Thread 75" [_thread_blocked, id=7648, stack(0x0000003dfa800000,0x0000003dfa900000)]
  0x0000013fc0067800 JavaThread "jar transforms Thread 76" [_thread_blocked, id=18672, stack(0x0000003dfa900000,0x0000003dfaa00000)]
  0x0000013fc0068000 JavaThread "jar transforms Thread 77" [_thread_blocked, id=21780, stack(0x0000003dfaa00000,0x0000003dfab00000)]
  0x0000013fc0069000 JavaThread "jar transforms Thread 78" [_thread_blocked, id=16628, stack(0x0000003dfab00000,0x0000003dfac00000)]
  0x0000013fc0063800 JavaThread "jar transforms Thread 79" [_thread_blocked, id=14164, stack(0x0000003dfac00000,0x0000003dfad00000)]
  0x0000013fc006a000 JavaThread "jar transforms Thread 80" [_thread_blocked, id=14052, stack(0x0000003dfad00000,0x0000003dfae00000)]
  0x0000013fc0064000 JavaThread "jar transforms Thread 81" [_thread_blocked, id=22024, stack(0x0000003dfae00000,0x0000003dfaf00000)]
  0x0000013fc006a800 JavaThread "jar transforms Thread 82" [_thread_blocked, id=8228, stack(0x0000003dfaf00000,0x0000003dfb000000)]
  0x0000013fc0065000 JavaThread "jar transforms Thread 83" [_thread_blocked, id=15048, stack(0x0000003dfb000000,0x0000003dfb100000)]
  0x0000013fc006e000 JavaThread "jar transforms Thread 84" [_thread_blocked, id=18904, stack(0x0000003dfb100000,0x0000003dfb200000)]
  0x0000013fc006d000 JavaThread "jar transforms Thread 85" [_thread_blocked, id=20016, stack(0x0000003dfb200000,0x0000003dfb300000)]
  0x0000013fc006c800 JavaThread "jar transforms Thread 86" [_thread_blocked, id=7748, stack(0x0000003dfb300000,0x0000003dfb400000)]
  0x0000013fc006f000 JavaThread "jar transforms Thread 87" [_thread_blocked, id=11132, stack(0x0000003dfb400000,0x0000003dfb500000)]
  0x0000013fc006f800 JavaThread "jar transforms Thread 88" [_thread_blocked, id=20520, stack(0x0000003dfb500000,0x0000003dfb600000)]
  0x0000013fc006b800 JavaThread "jar transforms Thread 89" [_thread_blocked, id=3832, stack(0x0000003dfb600000,0x0000003dfb700000)]
  0x0000013fbc07f800 JavaThread "jar transforms Thread 90" [_thread_blocked, id=6716, stack(0x0000003dfb700000,0x0000003dfb800000)]
  0x0000013fbc07b800 JavaThread "jar transforms Thread 91" [_thread_blocked, id=11360, stack(0x0000003dfb800000,0x0000003dfb900000)]
  0x0000013fbc07a800 JavaThread "jar transforms Thread 92" [_thread_blocked, id=16416, stack(0x0000003dfb900000,0x0000003dfba00000)]
  0x0000013fbc07d000 JavaThread "Cache worker for Build Output Cleanup Cache (C:\Users\User\Documents\Semester 4\ImageOpener\.gradle\buildOutputCleanup)" [_thread_blocked, id=22524, stack(0x0000003dfba00000,0x0000003dfbb00000)]

Other Threads:
=>0x0000013fbb2b3800 VMThread "VM Thread" [stack: 0x0000003df3600000,0x0000003df3700000] [id=16148]
  0x0000013fbbd5a000 WatcherThread [stack: 0x0000003df4000000,0x0000003df4100000] [id=19880]
  0x0000013f9ce31800 GCTaskThread "GC Thread#0" [stack: 0x0000003df3100000,0x0000003df3200000] [id=9352]
  0x0000013fbbf58000 GCTaskThread "GC Thread#1" [stack: 0x0000003df4200000,0x0000003df4300000] [id=15448]
  0x0000013fbc059800 GCTaskThread "GC Thread#2" [stack: 0x0000003df4300000,0x0000003df4400000] [id=23396]
  0x0000013fbdd49800 GCTaskThread "GC Thread#3" [stack: 0x0000003df5000000,0x0000003df5100000] [id=21924]
  0x0000013f9ce3f000 ConcurrentGCThread "G1 Main Marker" [stack: 0x0000003df3200000,0x0000003df3300000] [id=9932]
  0x0000013f9ce41000 ConcurrentGCThread "G1 Conc#0" [stack: 0x0000003df3300000,0x0000003df3400000] [id=772]
  0x0000013f9cec1800 ConcurrentGCThread "G1 Refine#0" [stack: 0x0000003df3400000,0x0000003df3500000] [id=16272]
  0x0000013f9cec2800 ConcurrentGCThread "G1 Young RemSet Sampling" [stack: 0x0000003df3500000,0x0000003df3600000] [id=14860]

Threads with active compile tasks:
C2 CompilerThread0  4744       4       org.objectweb.asm.SymbolTable::addConstantMemberReference (147 bytes)
C2 CompilerThread1  4558   !   4       java.util.jar.Attributes::read (526 bytes)

VM state:at safepoint (normal execution)

VM Mutex/Monitor currently owned by a thread:  ([mutex/lock_event])
[0x0000013f9cdee220] Threads_lock - owner thread: 0x0000013fbb2b3800
[0x0000013f9cdeeb20] Heap_lock - owner thread: 0x0000013fbd8dd800

Heap address: 0x0000000080000000, size: 2048 MB, Compressed Oops mode: 32-bit
Narrow klass base: 0x0000000800000000, Narrow klass shift: 3
Compressed class space size: 1073741824 Address: 0x0000000801190000

Heap:
 garbage-first heap   total 103424K, used 40300K [0x0000000080000000, 0x0000000100000000)
  region size 1024K, 4 young (4096K), 4 survivors (4096K)
 Metaspace       used 46415K, capacity 47610K, committed 47824K, reserved 1091584K
  class space    used 6189K, capacity 6599K, committed 6732K, reserved 1048576K
Heap Regions: E=young(eden), S=young(survivor), O=old, HS=humongous(starts), HC=humongous(continues), CS=collection set, F=free, A=archive, TAMS=top-at-mark-start (previous, next)
|   0|0x0000000080000000, 0x0000000080100000, 0x0000000080100000|100%| O|  |TAMS 0x0000000080100000, 0x0000000080000000| Untracked 
|   1|0x0000000080100000, 0x0000000080200000, 0x0000000080200000|100%| O|  |TAMS 0x0000000080200000, 0x0000000080100000| Untracked 
|   2|0x0000000080200000, 0x0000000080300000, 0x0000000080300000|100%| O|  |TAMS 0x0000000080300000, 0x0000000080200000| Untracked 
|   3|0x0000000080300000, 0x0000000080400000, 0x0000000080400000|100%|HS|  |TAMS 0x0000000080400000, 0x0000000080300000| Complete 
|   4|0x0000000080400000, 0x0000000080500000, 0x0000000080500000|100%|HC|  |TAMS 0x0000000080500000, 0x0000000080400000| Complete 
|   5|0x0000000080500000, 0x0000000080600000, 0x0000000080600000|100%|HC|  |TAMS 0x0000000080600000, 0x0000000080500000| Complete 
|   6|0x0000000080600000, 0x0000000080700000, 0x0000000080700000|100%| O|  |TAMS 0x0000000080700000, 0x0000000080600000| Untracked 
|   7|0x0000000080700000, 0x0000000080800000, 0x0000000080800000|100%| O|  |TAMS 0x0000000080800000, 0x0000000080700000| Untracked 
|   8|0x0000000080800000, 0x0000000080900000, 0x0000000080900000|100%| O|  |TAMS 0x0000000080900000, 0x0000000080800000| Untracked 
|   9|0x0000000080900000, 0x0000000080a00000, 0x0000000080a00000|100%| O|  |TAMS 0x0000000080a00000, 0x0000000080900000| Untracked 
|  10|0x0000000080a00000, 0x0000000080b00000, 0x0000000080b00000|100%| O|  |TAMS 0x0000000080b00000, 0x0000000080a00000| Untracked 
|  11|0x0000000080b00000, 0x0000000080c00000, 0x0000000080c00000|100%| O|  |TAMS 0x0000000080c00000, 0x0000000080b00000| Untracked 
|  12|0x0000000080c00000, 0x0000000080cd1400, 0x0000000080d00000| 81%| O|  |TAMS 0x0000000080cd1400, 0x0000000080c00000| Untracked 
|  13|0x0000000080d00000, 0x0000000080e00000, 0x0000000080e00000|100%| O|  |TAMS 0x0000000080e00000, 0x0000000080d00000| Untracked 
|  14|0x0000000080e00000, 0x0000000080f00000, 0x0000000080f00000|100%| O|  |TAMS 0x0000000080f00000, 0x0000000080e00000| Untracked 
|  15|0x0000000080f00000, 0x0000000081000000, 0x0000000081000000|100%| O|  |TAMS 0x0000000081000000, 0x0000000080f00000| Untracked 
|  16|0x0000000081000000, 0x0000000081100000, 0x0000000081100000|100%| O|  |TAMS 0x0000000081100000, 0x0000000081000000| Untracked 
|  17|0x0000000081100000, 0x0000000081200000, 0x0000000081200000|100%| O|  |TAMS 0x0000000081200000, 0x0000000081100000| Untracked 
|  18|0x0000000081200000, 0x0000000081300000, 0x0000000081300000|100%| O|  |TAMS 0x0000000081300000, 0x0000000081200000| Untracked 
|  19|0x0000000081300000, 0x0000000081400000, 0x0000000081400000|100%| O|  |TAMS 0x0000000081400000, 0x0000000081300000| Untracked 
|  20|0x0000000081400000, 0x0000000081500000, 0x0000000081500000|100%| O|  |TAMS 0x0000000081500000, 0x0000000081400000| Untracked 
|  21|0x0000000081500000, 0x0000000081600000, 0x0000000081600000|100%| O|  |TAMS 0x00000000815a1c00, 0x0000000081500000| Untracked 
|  22|0x0000000081600000, 0x0000000081700000, 0x0000000081700000|100%|HS|  |TAMS 0x0000000081600000, 0x0000000081600000| Complete 
|  23|0x0000000081700000, 0x0000000081800000, 0x0000000081800000|100%|HS|  |TAMS 0x0000000081700000, 0x0000000081700000| Complete 
|  24|0x0000000081800000, 0x0000000081900000, 0x0000000081900000|100%|HC|  |TAMS 0x0000000081800000, 0x0000000081800000| Complete 
|  25|0x0000000081900000, 0x0000000081a00000, 0x0000000081a00000|100%| O|  |TAMS 0x0000000081900000, 0x0000000081900000| Untracked 
|  26|0x0000000081a00000, 0x0000000081b00000, 0x0000000081b00000|100%| O|  |TAMS 0x0000000081a00000, 0x0000000081a00000| Untracked 
|  27|0x0000000081b00000, 0x0000000081c00000, 0x0000000081c00000|100%| O|  |TAMS 0x0000000081b00000, 0x0000000081b00000| Untracked 
|  28|0x0000000081c00000, 0x0000000081d00000, 0x0000000081d00000|100%| O|  |TAMS 0x0000000081c00000, 0x0000000081c00000| Untracked 
|  29|0x0000000081d00000, 0x0000000081e00000, 0x0000000081e00000|100%| O|  |TAMS 0x0000000081d00000, 0x0000000081d00000| Untracked 
|  30|0x0000000081e00000, 0x0000000081f00000, 0x0000000081f00000|100%| O|  |TAMS 0x0000000081e00000, 0x0000000081e00000| Untracked 
|  31|0x0000000081f00000, 0x0000000082000000, 0x0000000082000000|100%| O|  |TAMS 0x0000000081f00000, 0x0000000081f00000| Untracked 
|  32|0x0000000082000000, 0x0000000082100000, 0x0000000082100000|100%| O|  |TAMS 0x0000000082000000, 0x0000000082000000| Untracked 
|  33|0x0000000082100000, 0x0000000082200000, 0x0000000082200000|100%| O|  |TAMS 0x0000000082100000, 0x0000000082100000| Untracked 
|  34|0x0000000082200000, 0x0000000082300000, 0x0000000082300000|100%| O|  |TAMS 0x0000000082200000, 0x0000000082200000| Untracked 
|  35|0x0000000082300000, 0x0000000082389e00, 0x0000000082400000| 53%| O|  |TAMS 0x0000000082300000, 0x0000000082300000| Untracked 
|  36|0x0000000082400000, 0x0000000082400000, 0x0000000082500000|  0%| F|  |TAMS 0x0000000082400000, 0x0000000082400000| Untracked 
|  37|0x0000000082500000, 0x0000000082500000, 0x0000000082600000|  0%| F|  |TAMS 0x0000000082500000, 0x0000000082500000| Untracked 
|  38|0x0000000082600000, 0x0000000082600000, 0x0000000082700000|  0%| F|  |TAMS 0x0000000082600000, 0x0000000082600000| Untracked 
|  39|0x0000000082700000, 0x0000000082700000, 0x0000000082800000|  0%| F|  |TAMS 0x0000000082700000, 0x0000000082700000| Untracked 
|  40|0x0000000082800000, 0x0000000082800000, 0x0000000082900000|  0%| F|  |TAMS 0x0000000082800000, 0x0000000082800000| Untracked 
|  41|0x0000000082900000, 0x0000000082900000, 0x0000000082a00000|  0%| F|  |TAMS 0x0000000082900000, 0x0000000082900000| Untracked 
|  42|0x0000000082a00000, 0x0000000082a00000, 0x0000000082b00000|  0%| F|  |TAMS 0x0000000082a00000, 0x0000000082a00000| Untracked 
|  43|0x0000000082b00000, 0x0000000082b00000, 0x0000000082c00000|  0%| F|  |TAMS 0x0000000082b00000, 0x0000000082b00000| Untracked 
|  44|0x0000000082c00000, 0x0000000082c00000, 0x0000000082d00000|  0%| F|  |TAMS 0x0000000082c00000, 0x0000000082c00000| Untracked 
|  45|0x0000000082d00000, 0x0000000082d00000, 0x0000000082e00000|  0%| F|  |TAMS 0x0000000082d00000, 0x0000000082d00000| Untracked 
|  46|0x0000000082e00000, 0x0000000082e00000, 0x0000000082f00000|  0%| F|  |TAMS 0x0000000082e00000, 0x0000000082e00000| Untracked 
|  47|0x0000000082f00000, 0x0000000082f00000, 0x0000000083000000|  0%| F|  |TAMS 0x0000000082f00000, 0x0000000082f00000| Untracked 
|  48|0x0000000083000000, 0x0000000083000000, 0x0000000083100000|  0%| F|  |TAMS 0x0000000083000000, 0x0000000083000000| Untracked 
|  49|0x0000000083100000, 0x0000000083200000, 0x0000000083200000|100%| S|CS|TAMS 0x0000000083100000, 0x0000000083100000| Complete 
|  50|0x0000000083200000, 0x0000000083300000, 0x0000000083300000|100%| S|CS|TAMS 0x0000000083200000, 0x0000000083200000| Complete 
|  51|0x0000000083300000, 0x0000000083400000, 0x0000000083400000|100%| S|CS|TAMS 0x0000000083300000, 0x0000000083300000| Complete 
|  52|0x0000000083400000, 0x0000000083400000, 0x0000000083500000|  0%| F|  |TAMS 0x0000000083400000, 0x0000000083400000| Untracked 
|  53|0x0000000083500000, 0x0000000083500000, 0x0000000083600000|  0%| F|  |TAMS 0x0000000083500000, 0x0000000083500000| Untracked 
|  54|0x0000000083600000, 0x0000000083700000, 0x0000000083700000|100%| S|CS|TAMS 0x0000000083600000, 0x0000000083600000| Complete 
|  55|0x0000000083700000, 0x0000000083700000, 0x0000000083800000|  0%| F|  |TAMS 0x0000000083700000, 0x0000000083700000| Untracked 
|  56|0x0000000083800000, 0x0000000083800000, 0x0000000083900000|  0%| F|  |TAMS 0x0000000083800000, 0x0000000083800000| Untracked 
|  57|0x0000000083900000, 0x0000000083900000, 0x0000000083a00000|  0%| F|  |TAMS 0x0000000083900000, 0x0000000083900000| Untracked 
|  58|0x0000000083a00000, 0x0000000083a00000, 0x0000000083b00000|  0%| F|  |TAMS 0x0000000083a00000, 0x0000000083a00000| Untracked 
|  59|0x0000000083b00000, 0x0000000083b00000, 0x0000000083c00000|  0%| F|  |TAMS 0x0000000083b00000, 0x0000000083b00000| Untracked 
|  60|0x0000000083c00000, 0x0000000083c00000, 0x0000000083d00000|  0%| F|  |TAMS 0x0000000083c00000, 0x0000000083c00000| Untracked 
|  61|0x0000000083d00000, 0x0000000083d00000, 0x0000000083e00000|  0%| F|  |TAMS 0x0000000083d00000, 0x0000000083d00000| Untracked 
|  62|0x0000000083e00000, 0x0000000083e00000, 0x0000000083f00000|  0%| F|  |TAMS 0x0000000083e00000, 0x0000000083e00000| Untracked 
|  63|0x0000000083f00000, 0x0000000083f00000, 0x0000000084000000|  0%| F|  |TAMS 0x0000000083f00000, 0x0000000083f00000| Untracked 
|  64|0x0000000084000000, 0x0000000084000000, 0x0000000084100000|  0%| F|  |TAMS 0x0000000084000000, 0x0000000084000000| Untracked 
|  65|0x0000000084100000, 0x0000000084100000, 0x0000000084200000|  0%| F|  |TAMS 0x0000000084100000, 0x0000000084100000| Untracked 
|  66|0x0000000084200000, 0x0000000084200000, 0x0000000084300000|  0%| F|  |TAMS 0x0000000084200000, 0x0000000084200000| Untracked 
|  67|0x0000000084300000, 0x0000000084300000, 0x0000000084400000|  0%| F|  |TAMS 0x0000000084300000, 0x0000000084300000| Untracked 
|  68|0x0000000084400000, 0x0000000084400000, 0x0000000084500000|  0%| F|  |TAMS 0x0000000084400000, 0x0000000084400000| Untracked 
|  69|0x0000000084500000, 0x0000000084500000, 0x0000000084600000|  0%| F|  |TAMS 0x0000000084500000, 0x0000000084500000| Untracked 
|  70|0x0000000084600000, 0x0000000084600000, 0x0000000084700000|  0%| F|  |TAMS 0x0000000084600000, 0x0000000084600000| Untracked 
|  71|0x0000000084700000, 0x0000000084700000, 0x0000000084800000|  0%| F|  |TAMS 0x0000000084700000, 0x0000000084700000| Untracked 
|  72|0x0000000084800000, 0x0000000084800000, 0x0000000084900000|  0%| F|  |TAMS 0x0000000084800000, 0x0000000084800000| Untracked 
|  73|0x0000000084900000, 0x0000000084900000, 0x0000000084a00000|  0%| F|  |TAMS 0x0000000084900000, 0x0000000084900000| Untracked 
|  74|0x0000000084a00000, 0x0000000084a00000, 0x0000000084b00000|  0%| F|  |TAMS 0x0000000084a00000, 0x0000000084a00000| Untracked 
|  75|0x0000000084b00000, 0x0000000084b00000, 0x0000000084c00000|  0%| F|  |TAMS 0x0000000084b00000, 0x0000000084b00000| Untracked 
| 121|0x0000000087900000, 0x0000000087900000, 0x0000000087a00000|  0%| F|  |TAMS 0x0000000087900000, 0x0000000087900000| Untracked 
| 122|0x0000000087a00000, 0x0000000087a00000, 0x0000000087b00000|  0%| F|  |TAMS 0x0000000087a00000, 0x0000000087a00000| Untracked 
| 123|0x0000000087b00000, 0x0000000087b00000, 0x0000000087c00000|  0%| F|  |TAMS 0x0000000087b00000, 0x0000000087b00000| Untracked 
| 124|0x0000000087c00000, 0x0000000087c00000, 0x0000000087d00000|  0%| F|  |TAMS 0x0000000087c00000, 0x0000000087c00000| Untracked 
| 125|0x0000000087d00000, 0x0000000087d00000, 0x0000000087e00000|  0%| F|  |TAMS 0x0000000087d00000, 0x0000000087d00000| Untracked 
| 126|0x0000000087e00000, 0x0000000087e00000, 0x0000000087f00000|  0%| F|  |TAMS 0x0000000087e00000, 0x0000000087e00000| Untracked 
| 150|0x0000000089600000, 0x0000000089600000, 0x0000000089700000|  0%| F|  |TAMS 0x0000000089600000, 0x0000000089600000| Untracked 
| 151|0x0000000089700000, 0x0000000089700000, 0x0000000089800000|  0%| F|  |TAMS 0x0000000089700000, 0x0000000089700000| Untracked 

Card table byte_map: [0x0000013fb4600000,0x0000013fb4a00000] _byte_map_base: 0x0000013fb4200000

Marking Bits (Prev, Next): (CMBitMap*) 0x0000013f9ce32708, (CMBitMap*) 0x0000013f9ce32748
 Prev Bits: [0x0000013fb4e00000, 0x0000013fb6e00000)
 Next Bits: [0x0000013fb6e00000, 0x0000013fb8e00000)

Polling page: 0x0000013f9c5d0000

Metaspace:

Usage:
  Non-class:     40.05 MB capacity,    39.28 MB ( 98%) used,   676.99 KB (  2%) free+waste,   108.06 KB ( <1%) overhead. 
      Class:      6.44 MB capacity,     6.04 MB ( 94%) used,   356.81 KB (  5%) free+waste,    52.69 KB ( <1%) overhead. 
       Both:     46.49 MB capacity,    45.33 MB ( 97%) used,     1.01 MB (  2%) free+waste,   160.75 KB ( <1%) overhead. 

Virtual space:
  Non-class space:       42.00 MB reserved,      40.13 MB ( 96%) committed 
      Class space:        1.00 GB reserved,       6.57 MB ( <1%) committed 
             Both:        1.04 GB reserved,      46.70 MB (  4%) committed 

Chunk freelists:
   Non-Class:  2.13 KB
       Class:  3.13 KB
        Both:  5.25 KB

CodeHeap 'non-profiled nmethods': size=120064Kb used=2585Kb max_used=2585Kb free=117478Kb
 bounds [0x0000013faccc0000, 0x0000013facf50000, 0x0000013fb4200000]
CodeHeap 'profiled nmethods': size=120000Kb used=10326Kb max_used=10326Kb free=109674Kb
 bounds [0x0000013fa5790000, 0x0000013fa61b0000, 0x0000013faccc0000]
CodeHeap 'non-nmethods': size=5696Kb used=2255Kb max_used=2305Kb free=3440Kb
 bounds [0x0000013fa5200000, 0x0000013fa5470000, 0x0000013fa5790000]
 total_blobs=6521 nmethods=4492 adapters=728
 compilation: enabled
              stopped_count=0, restarted_count=0
 full_count=0

Compilation events (10 events):
Event: 7.478 Thread 0x0000013fbb2e3800 4741       3       jdk.internal.org.objectweb.asm.ClassReader::<init> (367 bytes)
Event: 7.479 Thread 0x0000013fbb2e3800 nmethod 4741 0x0000013fa61a2390 code [0x0000013fa61a26e0, 0x0000013fa61a3e80]
Event: 7.480 Thread 0x0000013fbb2e3800 4742       3       org.objectweb.asm.SymbolTable::addMergedType (164 bytes)
Event: 7.481 Thread 0x0000013fbb2e3800 nmethod 4742 0x0000013fa61a4610 code [0x0000013fa61a4840, 0x0000013fa61a4f60]
Event: 7.482 Thread 0x0000013fbb2e3800 4743       1       org.gradle.internal.instantiation.generator.AbstractClassGenerator::getRoleHandler (5 bytes)
Event: 7.483 Thread 0x0000013fbb2e3800 nmethod 4743 0x0000013facf44a10 code [0x0000013facf44bc0, 0x0000013facf44cf8]
Event: 7.489 Thread 0x0000013fbb2db000 nmethod 4733 0x0000013facf44d90 code [0x0000013facf44fa0, 0x0000013facf46038]
Event: 7.489 Thread 0x0000013fbb2db000 4744       4       org.objectweb.asm.SymbolTable::addConstantMemberReference (147 bytes)
Event: 7.494 Thread 0x0000013fbb2e3800 4745       3       org.gradle.internal.instantiation.generator.AbstractClassGenerator::assembleProperties (239 bytes)
Event: 7.496 Thread 0x0000013fbb2e3800 nmethod 4745 0x0000013fa61a5390 code [0x0000013fa61a5920, 0x0000013fa61a9020]

GC Heap History (10 events):
Event: 4.893 GC heap after
{Heap after GC invocations=9 (full 0):
 garbage-first heap   total 71680K, used 24012K [0x0000000080000000, 0x0000000100000000)
  region size 1024K, 2 young (2048K), 2 survivors (2048K)
 Metaspace       used 30927K, capacity 31685K, committed 31868K, reserved 1077248K
  class space    used 4200K, capacity 4462K, committed 4556K, reserved 1048576K
}
Event: 5.233 GC heap before
{Heap before GC invocations=9 (full 0):
 garbage-first heap   total 71680K, used 52684K [0x0000000080000000, 0x0000000100000000)
  region size 1024K, 31 young (31744K), 2 survivors (2048K)
 Metaspace       used 33213K, capacity 34109K, committed 34300K, reserved 1079296K
  class space    used 4547K, capacity 4848K, committed 4940K, reserved 1048576K
}
Event: 5.239 GC heap after
{Heap after GC invocations=10 (full 0):
 garbage-first heap   total 86016K, used 24906K [0x0000000080000000, 0x0000000100000000)
  region size 1024K, 3 young (3072K), 3 survivors (3072K)
 Metaspace       used 33213K, capacity 34109K, committed 34300K, reserved 1079296K
  class space    used 4547K, capacity 4848K, committed 4940K, reserved 1048576K
}
Event: 5.781 GC heap before
{Heap before GC invocations=10 (full 0):
 garbage-first heap   total 86016K, used 57674K [0x0000000080000000, 0x0000000100000000)
  region size 1024K, 37 young (37888K), 3 survivors (3072K)
 Metaspace       used 35006K, capacity 35930K, committed 36048K, reserved 1081344K
  class space    used 4765K, capacity 5092K, committed 5196K, reserved 1048576K
}
Event: 5.789 GC heap after
{Heap after GC invocations=11 (full 0):
 garbage-first heap   total 86016K, used 26312K [0x0000000080000000, 0x0000000100000000)
  region size 1024K, 5 young (5120K), 5 survivors (5120K)
 Metaspace       used 35006K, capacity 35930K, committed 36048K, reserved 1081344K
  class space    used 4765K, capacity 5092K, committed 5196K, reserved 1048576K
}
Event: 6.489 GC heap before
{Heap before GC invocations=12 (full 0):
 garbage-first heap   total 86016K, used 64200K [0x0000000080000000, 0x0000000100000000)
  region size 1024K, 40 young (40960K), 5 survivors (5120K)
 Metaspace       used 38084K, capacity 39245K, committed 39376K, reserved 1083392K
  class space    used 5213K, capacity 5613K, committed 5708K, reserved 1048576K
}
Event: 6.500 GC heap after
{Heap after GC invocations=13 (full 0):
 garbage-first heap   total 86016K, used 35320K [0x0000000080000000, 0x0000000100000000)
  region size 1024K, 5 young (5120K), 5 survivors (5120K)
 Metaspace       used 38084K, capacity 39245K, committed 39376K, reserved 1083392K
  class space    used 5213K, capacity 5613K, committed 5708K, reserved 1048576K
}
Event: 7.047 GC heap before
{Heap before GC invocations=13 (full 0):
 garbage-first heap   total 86016K, used 66040K [0x0000000080000000, 0x0000000100000000)
  region size 1024K, 35 young (35840K), 5 survivors (5120K)
 Metaspace       used 43447K, capacity 44617K, committed 44880K, reserved 1087488K
  class space    used 5828K, capacity 6228K, committed 6348K, reserved 1048576K
}
Event: 7.055 GC heap after
{Heap after GC invocations=14 (full 0):
 garbage-first heap   total 86016K, used 37007K [0x0000000080000000, 0x0000000100000000)
  region size 1024K, 2 young (2048K), 2 survivors (2048K)
 Metaspace       used 43447K, capacity 44617K, committed 44880K, reserved 1087488K
  class space    used 5828K, capacity 6228K, committed 6348K, reserved 1048576K
}
Event: 7.498 GC heap before
{Heap before GC invocations=14 (full 0):
 garbage-first heap   total 86016K, used 65679K [0x0000000080000000, 0x0000000100000000)
  region size 1024K, 31 young (31744K), 2 survivors (2048K)
 Metaspace       used 46415K, capacity 47610K, committed 47824K, reserved 1091584K
  class space    used 6189K, capacity 6599K, committed 6732K, reserved 1048576K
}

Deoptimization events (10 events):
Event: 7.159 Thread 0x0000013fbd8dd800 Uncommon trap: reason=unstable_if action=reinterpret pc=0x0000013facd01330 method=java.lang.CharacterDataLatin1.isWhitespace(I)Z @ 14 c2
Event: 7.171 Thread 0x0000013fbd8dd800 Uncommon trap: reason=unstable_if action=reinterpret pc=0x0000013facd17184 method=java.lang.StringUTF16.compress([CII)[B @ 13 c2
Event: 7.207 Thread 0x0000013fbd8dd800 Uncommon trap: reason=unstable_if action=reinterpret pc=0x0000013face93198 method=java.util.jar.JarFile.maybeInstantiateVerifier()V @ 4 c2
Event: 7.209 Thread 0x0000013fbd8dd800 Uncommon trap: reason=unstable_if action=reinterpret pc=0x0000013facd38280 method=java.util.jar.JarFile.maybeInstantiateVerifier()V @ 4 c2
Event: 7.209 Thread 0x0000013fbd8dd800 Uncommon trap: reason=unstable_if action=reinterpret pc=0x0000013facd97da0 method=java.security.CodeSource.getCertificates()[Ljava/security/cert/Certificate; @ 22 c2
Event: 7.210 Thread 0x0000013fbd8dd800 Uncommon trap: reason=unstable_if action=reinterpret pc=0x0000013face2a210 method=java.util.jar.JarFile.maybeInstantiateVerifier()V @ 4 c2
Event: 7.210 Thread 0x0000013fbd8dd800 Uncommon trap: reason=unstable_if action=reinterpret pc=0x0000013facf29568 method=java.security.CodeSource.matchCerts(Ljava/security/CodeSource;Z)Z @ 11 c2
Event: 7.210 Thread 0x0000013fbd8dd800 Uncommon trap: reason=unstable_if action=reinterpret pc=0x0000013facee4c90 method=java.lang.ClassLoader.compareCerts([Ljava/security/cert/Certificate;[Ljava/security/cert/Certificate;)Z @ 1 c2
Event: 7.210 Thread 0x0000013fbd8dd800 Uncommon trap: reason=unstable_if action=reinterpret pc=0x0000013face871a8 method=java.security.CodeSource.getCertificates()[Ljava/security/cert/Certificate; @ 4 c2
Event: 7.245 Thread 0x0000013fbd8dd800 Uncommon trap: reason=unstable_if action=reinterpret pc=0x0000013face37c3c method=java.util.LinkedHashMap.get(Ljava/lang/Object;)Ljava/lang/Object; @ 20 c2

Classes redefined (0 events):
No events

Internal exceptions (10 events):
Event: 6.402 Thread 0x0000013fbd8dd800 Exception <a 'java/lang/NoSuchMethodError'{0x00000000835b5fb8}: java.lang.invoke.DirectMethodHandle$Holder.invokeStatic(Ljava/lang/Object;Ljava/lang/Object;Ljava/lang/Object;Ljava/lang/Object;Ljava/lang/Object;Ljava/lang/Object;Ljava/lang/Object;Ljava/lan
Event: 6.404 Thread 0x0000013fbd8dd800 Exception <a 'java/lang/NoSuchMethodError'{0x00000000835dd208}: java.lang.invoke.DirectMethodHandle$Holder.invokeStatic(Ljava/lang/Object;Ljava/lang/Object;Ljava/lang/Object;Ljava/lang/Object;Ljava/lang/Object;Ljava/lang/Object;Ljava/lang/Object;Ljava/lan
Event: 6.406 Thread 0x0000013fbd8dd800 Exception <a 'java/lang/NoSuchMethodError'{0x0000000083407120}: java.lang.invoke.DirectMethodHandle$Holder.invokeStatic(Ljava/lang/Object;Ljava/lang/Object;Ljava/lang/Object;Ljava/lang/Object;Ljava/lang/Object;Ljava/lang/Object;Ljava/lang/Object;Ljava/lan
Event: 6.408 Thread 0x0000013fbd8dd800 Exception <a 'java/lang/NoSuchMethodError'{0x0000000083431d88}: java.lang.invoke.DirectMethodHandle$Holder.invokeStatic(Ljava/lang/Object;Ljava/lang/Object;Ljava/lang/Object;Ljava/lang/Object;Ljava/lang/Object;Ljava/lang/Object;Ljava/lang/Object;Ljava/lan
Event: 6.461 Thread 0x0000013fbd8dd800 Exception <a 'java/lang/NoSuchMethodError'{0x0000000083283860}: java.lang.invoke.DirectMethodHandle$Holder.invokeStatic(Ljava/lang/Object;Ljava/lang/Object;Ljava/lang/Object;Ljava/lang/Object;I)Ljava/lang/Object;> (0x0000000083283860) thrown at [t:/worksp
Event: 6.462 Thread 0x0000013fbd8dd800 Exception <a 'java/lang/NoSuchMethodError'{0x0000000083287d80}: java.lang.invoke.DirectMethodHandle$Holder.invokeSpecial(Ljava/lang/Object;Ljava/lang/Object;Ljava/lang/Object;Ljava/lang/Object;Ljava/lang/Object;I)Ljava/lang/Object;> (0x0000000083287d80) t
Event: 6.462 Thread 0x0000013fbd8dd800 Exception <a 'java/lang/NoSuchMethodError'{0x000000008328bf50}: java.lang.invoke.Invokers$Holder.linkToTargetMethod(Ljava/lang/Object;Ljava/lang/Object;Ljava/lang/Object;ILjava/lang/Object;)Ljava/lang/Object;> (0x000000008328bf50) thrown at [t:/workspace/
Event: 6.746 Thread 0x0000013fbd8dd800 Exception <a 'java/lang/IncompatibleClassChangeError'{0x0000000084647268}: Found class java.lang.Object, but interface was expected> (0x0000000084647268) thrown at [t:/workspace/open/src/hotspot/share/interpreter/linkResolver.cpp, line 843]
Event: 6.955 Thread 0x0000013fbd8dd800 Exception <a 'java/lang/NoSuchMethodError'{0x0000000083cb3f28}: java.lang.invoke.DirectMethodHandle$Holder.invokeInterface(Ljava/lang/Object;Ljava/lang/Object;Ljava/lang/Object;Ljava/lang/Object;)V> (0x0000000083cb3f28) thrown at [t:/workspace/open/src/ho
Event: 7.103 Thread 0x0000013fbd8dd800 Implicit null exception at 0x0000013face951bd to 0x0000013face953f2

Events (10 events):
Event: 7.493 loading class com/android/build/gradle/api/ApplicationVariant done
Event: 7.493 loading class com/android/build/gradle/internal/api/TestedVariant
Event: 7.493 loading class com/android/build/gradle/internal/api/TestedVariant done
Event: 7.493 loading class com/android/builder/core/LibraryRequest
Event: 7.493 loading class com/android/builder/core/LibraryRequest done
Event: 7.494 loading class com/android/build/api/variant/VariantFilter
Event: 7.494 loading class com/android/build/api/variant/VariantFilter done
Event: 7.495 loading class org/gradle/api/tasks/Internal
Event: 7.495 loading class org/gradle/api/tasks/Internal done
Event: 7.498 Executing VM operation: G1CollectForAllocation


Dynamic libraries:
0x00007ff6b8d20000 - 0x00007ff6b8d2f000 	C:\Program Files\Java\jdk-12.0.2\bin\java.exe
0x00007ffce4e90000 - 0x00007ffce5086000 	C:\WINDOWS\SYSTEM32\ntdll.dll
0x00007ffce3550000 - 0x00007ffce360d000 	C:\WINDOWS\System32\KERNEL32.DLL
0x00007ffce25d0000 - 0x00007ffce2899000 	C:\WINDOWS\System32\KERNELBASE.dll
0x00007ffcdfe70000 - 0x00007ffcdff00000 	C:\WINDOWS\SYSTEM32\apphelp.dll
0x00007ffce28a0000 - 0x00007ffce29a0000 	C:\WINDOWS\System32\ucrtbase.dll
0x00007ffcde0b0000 - 0x00007ffcde0c6000 	C:\Program Files\Java\jdk-12.0.2\bin\VCRUNTIME140.dll
0x00007ffcc7b60000 - 0x00007ffcc7b78000 	C:\Program Files\Java\jdk-12.0.2\bin\jli.dll
0x00007ffce2ef0000 - 0x00007ffce2f9c000 	C:\WINDOWS\System32\ADVAPI32.dll
0x00007ffce3ca0000 - 0x00007ffce3d3e000 	C:\WINDOWS\System32\msvcrt.dll
0x00007ffce3720000 - 0x00007ffce37bc000 	C:\WINDOWS\System32\sechost.dll
0x00007ffce4aa0000 - 0x00007ffce4bcb000 	C:\WINDOWS\System32\RPCRT4.dll
0x00007ffce41b0000 - 0x00007ffce4350000 	C:\WINDOWS\System32\USER32.dll
0x00007ffce2bd0000 - 0x00007ffce2bf2000 	C:\WINDOWS\System32\win32u.dll
0x00007ffcd00b0000 - 0x00007ffcd034b000 	C:\WINDOWS\WinSxS\amd64_microsoft.windows.common-controls_6595b64144ccf1df_6.0.19041.488_none_ca04af081b815d21\COMCTL32.dll
0x00007ffce3400000 - 0x00007ffce342a000 	C:\WINDOWS\System32\GDI32.dll
0x00007ffce2d50000 - 0x00007ffce2e59000 	C:\WINDOWS\System32\gdi32full.dll
0x00007ffce2c00000 - 0x00007ffce2c9d000 	C:\WINDOWS\System32\msvcp_win.dll
0x00007ffcd8e60000 - 0x00007ffcd8e6a000 	C:\WINDOWS\SYSTEM32\VERSION.dll
0x00007ffce3f30000 - 0x00007ffce3f60000 	C:\WINDOWS\System32\IMM32.DLL
0x00007ffcb7850000 - 0x00007ffcb78fa000 	C:\Program Files\Java\jdk-12.0.2\bin\msvcp140.dll
0x00007ffc9d700000 - 0x00007ffc9e277000 	C:\Program Files\Java\jdk-12.0.2\bin\server\jvm.dll
0x00007ffce3820000 - 0x00007ffce3828000 	C:\WINDOWS\System32\PSAPI.DLL
0x00007ffccde90000 - 0x00007ffccdeb7000 	C:\WINDOWS\SYSTEM32\WINMM.dll
0x00007ffccb5b0000 - 0x00007ffccb5b9000 	C:\WINDOWS\SYSTEM32\WSOCK32.dll
0x00007ffce4de0000 - 0x00007ffce4e4b000 	C:\WINDOWS\System32\WS2_32.dll
0x00007ffce0500000 - 0x00007ffce0512000 	C:\WINDOWS\SYSTEM32\kernel.appcore.dll
0x00007ffcc76e0000 - 0x00007ffcc76f1000 	C:\Program Files\Java\jdk-12.0.2\bin\verify.dll
0x00007ffcd9d00000 - 0x00007ffcd9ee4000 	C:\WINDOWS\SYSTEM32\DBGHELP.DLL
0x00007ffcc9b20000 - 0x00007ffcc9b4c000 	C:\WINDOWS\SYSTEM32\dbgcore.DLL
0x00007ffce29a0000 - 0x00007ffce2a20000 	C:\WINDOWS\System32\bcryptPrimitives.dll
0x00007ffcc76b0000 - 0x00007ffcc76d6000 	C:\Program Files\Java\jdk-12.0.2\bin\java.dll
0x00007ffcc73d0000 - 0x00007ffcc73e7000 	C:\Program Files\Java\jdk-12.0.2\bin\zip.dll
0x00007ffcde120000 - 0x00007ffcde12a000 	C:\Program Files\Java\jdk-12.0.2\bin\jimage.dll
0x00007ffce4350000 - 0x00007ffce4a92000 	C:\WINDOWS\System32\SHELL32.dll
0x00007ffce0720000 - 0x00007ffce0eb5000 	C:\WINDOWS\SYSTEM32\windows.storage.dll
0x00007ffce30a0000 - 0x00007ffce33f6000 	C:\WINDOWS\System32\combase.dll
0x00007ffce1fd0000 - 0x00007ffce1ffc000 	C:\WINDOWS\SYSTEM32\Wldp.dll
0x00007ffce3670000 - 0x00007ffce371e000 	C:\WINDOWS\System32\SHCORE.dll
0x00007ffce40c0000 - 0x00007ffce4115000 	C:\WINDOWS\System32\shlwapi.dll
0x00007ffce2500000 - 0x00007ffce2526000 	C:\WINDOWS\SYSTEM32\profapi.dll
0x00007ffcc73b0000 - 0x00007ffcc73c9000 	C:\Program Files\Java\jdk-12.0.2\bin\net.dll
0x00007ffcdcfb0000 - 0x00007ffcdd0b0000 	C:\WINDOWS\SYSTEM32\WINHTTP.dll
0x00007ffcd1b60000 - 0x00007ffcd1d4d000 	C:\WINDOWS\SYSTEM32\urlmon.dll
0x00007ffcd1f30000 - 0x00007ffcd21e0000 	C:\WINDOWS\SYSTEM32\iertutil.dll
0x00007ffce1d50000 - 0x00007ffce1dba000 	C:\WINDOWS\system32\mswsock.dll
0x00007ffcc6a00000 - 0x00007ffcc6a13000 	C:\Program Files\Java\jdk-12.0.2\bin\nio.dll
0x00007ffccb2a0000 - 0x00007ffccb2c7000 	C:\Users\User\.gradle\native\f6784746aeab05261644944871eae4fe03e0ef1612fff0a4a95f87b438bc6780\windows-amd64\native-platform.dll
0x00007ffcd9fc0000 - 0x00007ffcd9fc9000 	C:\Program Files\Java\jdk-12.0.2\bin\management.dll
0x00007ffccfe40000 - 0x00007ffccfe4c000 	C:\Program Files\Java\jdk-12.0.2\bin\management_ext.dll
0x00007ffce1f20000 - 0x00007ffce1f38000 	C:\WINDOWS\SYSTEM32\CRYPTSP.dll
0x00007ffce1680000 - 0x00007ffce16b4000 	C:\WINDOWS\system32\rsaenh.dll
0x00007ffce2ec0000 - 0x00007ffce2ee7000 	C:\WINDOWS\System32\bcrypt.dll
0x00007ffce24c0000 - 0x00007ffce24ee000 	C:\WINDOWS\SYSTEM32\USERENV.dll
0x00007ffce1f40000 - 0x00007ffce1f4c000 	C:\WINDOWS\SYSTEM32\CRYPTBASE.dll
0x00007ffce1a40000 - 0x00007ffce1a7b000 	C:\WINDOWS\SYSTEM32\IPHLPAPI.DLL
0x00007ffce40b0000 - 0x00007ffce40b8000 	C:\WINDOWS\System32\NSI.dll
0x00007ffcd96c0000 - 0x00007ffcd96d7000 	C:\WINDOWS\SYSTEM32\dhcpcsvc6.DLL
0x00007ffcd96a0000 - 0x00007ffcd96bd000 	C:\WINDOWS\SYSTEM32\dhcpcsvc.DLL
0x00007ffce1a80000 - 0x00007ffce1b4b000 	C:\WINDOWS\SYSTEM32\DNSAPI.dll
0x00007ffcdcfa0000 - 0x00007ffcdcfab000 	C:\WINDOWS\SYSTEM32\WINNSI.DLL

dbghelp: loaded successfully - version: 4.0.5 - missing functions: none
symbol engine: initialized successfully - sym options: 0x614 - pdb path: .;C:\Program Files\Java\jdk-12.0.2\bin;C:\WINDOWS\SYSTEM32;C:\WINDOWS\WinSxS\amd64_microsoft.windows.common-controls_6595b64144ccf1df_6.0.19041.488_none_ca04af081b815d21;C:\Program Files\Java\jdk-12.0.2\bin\server;C:\Users\User\.gradle\native\f6784746aeab05261644944871eae4fe03e0ef1612fff0a4a95f87b438bc6780\windows-amd64

VM Arguments:
jvm_args: --add-opens=java.base/java.util=ALL-UNNAMED --add-opens=java.base/java.lang=ALL-UNNAMED --add-opens=java.base/java.lang.invoke=ALL-UNNAMED --add-opens=java.prefs/java.util.prefs=ALL-UNNAMED -Xmx2048m -Dfile.encoding=UTF-8 -Duser.country=ID -Duser.language=en -Duser.variant 
java_command: org.gradle.launcher.daemon.bootstrap.GradleDaemon 6.5
java_class_path (initial): C:\Users\User\.gradle\wrapper\dists\gradle-6.5-bin\6nifqtx7604sqp1q6g8wikw7p\gradle-6.5\lib\gradle-launcher-6.5.jar
Launcher Type: SUN_STANDARD

[Global flags]
     intx CICompilerCount                          = 3                                         {product} {ergonomic}
     uint ConcGCThreads                            = 1                                         {product} {ergonomic}
     uint G1ConcRefinementThreads                  = 4                                         {product} {ergonomic}
   size_t G1HeapRegionSize                         = 1048576                                   {product} {ergonomic}
    uintx GCDrainStackTargetSize                   = 64                                        {product} {ergonomic}
   size_t InitialHeapSize                          = 132120576                                 {product} {ergonomic}
   size_t MarkStackSize                            = 4194304                                   {product} {ergonomic}
   size_t MaxHeapSize                              = 2147483648                                {product} {command line}
   size_t MaxNewSize                               = 1287651328                                {product} {ergonomic}
   size_t MinHeapDeltaBytes                        = 1048576                                   {product} {ergonomic}
    uintx NonNMethodCodeHeapSize                   = 5830732                                {pd product} {ergonomic}
    uintx NonProfiledCodeHeapSize                  = 122913754                              {pd product} {ergonomic}
    uintx ProfiledCodeHeapSize                     = 122913754                              {pd product} {ergonomic}
    uintx ReservedCodeCacheSize                    = 251658240                              {pd product} {ergonomic}
     bool SegmentedCodeCache                       = true                                      {product} {ergonomic}
     bool UseCompressedClassPointers               = true                                 {lp64_product} {ergonomic}
     bool UseCompressedOops                        = true                                 {lp64_product} {ergonomic}
     bool UseG1GC                                  = true                                      {product} {ergonomic}
     bool UseLargePagesIndividualAllocation        = false                                  {pd product} {ergonomic}

Logging:
Log output configuration:
 #0: stdout all=warning uptime,level,tags
 #1: stderr all=off uptime,level,tags

Environment Variables:
JAVA_HOME=C:\Program Files\Java\jdk-12.0.2
PATH=C:\Program Files (x86)\Intel\Intel(R) Management Engine Components\iCLS\;C:\Program Files\Intel\Intel(R) Management Engine Components\iCLS\;C:\WINDOWS\system32;C:\WINDOWS;C:\WINDOWS\System32\Wbem;C:\WINDOWS\System32\WindowsPowerShell\v1.0\;C:\WINDOWS\System32\OpenSSH\;C:\Program Files (x86)\Intel\Intel(R) Management Engine Components\DAL;C:\Program Files\Intel\Intel(R) Management Engine Components\DAL;C:\Program Files (x86)\Intel\Intel(R) Management Engine Components\IPT;C:\Program Files\Intel\Intel(R) Management Engine Components\IPT;C:\Program Files\Intel\WiFi\bin\;C:\Program Files\Common Files\Intel\WirelessCommon\;C:\Program Files\Java\jdk-12.0.1\bin;C:\Program Files\dotnet\;C:\Program Files\Microsoft SQL Server\130\Tools\Binn\;C:\Program Files\kotlinc\bin;C:\Program Files\dart-sass;C:\Program Files\Java\jdk-12.0.2\bin;C:\cmder;C:\Users\User\Downloads\Compressed\opencv\build\x64\vc15\bin;C:\ProgramData\chocolatey\bin;C:\ProgramData\ComposerSetup\bin;C:\Program Files\Git\cmd;C:\Program Files\MongoDB\Server\4.4\bin;C:\Users\User\AppData\Local\Programs\Python\Python37\Scripts\;C:\Users\User\AppData\Local\Programs\Python\Python37\;C:\Users\User\AppData\Local\Microsoft\WindowsApps;C:\Users\User\AppData\Local\Programs\Microsoft VS Code\bin;C:\Users\User\AppData\Roaming\Composer\vendor\bin;C:\Program Files (x86)\Inno Setup 6;C:\tools\dart-sdk\bin;C:\Users\User\AppData\Roaming\Pub\Cache\bin;C:\Users\User\AppData\Local\GitHubDesktop\bin
USERNAME=User
OS=Windows_NT
PROCESSOR_IDENTIFIER=Intel64 Family 6 Model 142 Stepping 10, GenuineIntel



---------------  S Y S T E M  ---------------

OS: Windows 10 , 64 bit Build 19041 (10.0.19041.662)

CPU:total 4 (initial active 4) (4 cores per cpu, 2 threads per core) family 6 model 142 stepping 10, cmov, cx8, fxsr, mmx, sse, sse2, sse3, ssse3, sse4.1, sse4.2, popcnt, avx, avx2, aes, clmul, erms, 3dnowpref, lzcnt, ht, tsc, tscinvbit, bmi1, bmi2, adx, fma

Memory: 4k page, system-wide physical 8048M (571M free)
TotalPageFile size 22188M (AvailPageFile size 25M)
current process WorkingSet (physical memory assigned to process): 265M, peak: 268M
current process commit charge ("private bytes"): 294M, peak: 314M

vm_info: Java HotSpot(TM) 64-Bit Server VM (12.0.2+10) for windows-amd64 JRE (12.0.2+10), built on Jul 16 2019 01:56:17 by "mach5one" with MS VC++ 15.5 (VS2017)

END.
